[2015-10-13 13:22:34] [INFO ] [com.avalon.core.AvalonEngine:207]-- /Users/zero/Documents/workspace/ExampleGateServer
[2015-10-13 13:22:34] [INFO ] [com.avalon.component.ComponentRegistryImpl:70]-- Component add componentcom.avalon.io.netty.NettyServer@2bfc268b
[2015-10-13 13:22:34] [INFO ] [com.avalon.component.ComponentRegistryImpl:70]-- Component add componentcom.avalon.core.AvalonProxy@29e495ff
[2015-10-13 13:22:34] [INFO ] [com.avalon.io.netty.NettyServer:57]-- 初始化Netty 开始
[2015-10-13 13:22:34] [INFO ] [com.avalon.io.netty.NettyServer:89]-- 初始化Netty 线程启动
[2015-10-13 13:22:34] [DEBUG] [io.netty.util.internal.logging.InternalLoggerFactory:71]-- Using SLF4J as the default logging framework
[2015-10-13 13:22:34] [DEBUG] [io.netty.channel.MultithreadEventLoopGroup:76]-- -Dio.netty.eventLoopThreads: 16
[2015-10-13 13:22:34] [DEBUG] [io.netty.util.internal.PlatformDependent0:76]-- java.nio.Buffer.address: available
[2015-10-13 13:22:34] [DEBUG] [io.netty.util.internal.PlatformDependent0:76]-- sun.misc.Unsafe.theUnsafe: available
[2015-10-13 13:22:34] [DEBUG] [io.netty.util.internal.PlatformDependent0:71]-- sun.misc.Unsafe.copyMemory: available
[2015-10-13 13:22:34] [DEBUG] [io.netty.util.internal.PlatformDependent0:76]-- java.nio.Bits.unaligned: true
[2015-10-13 13:22:35] [DEBUG] [io.netty.util.internal.PlatformDependent:76]-- Java version: 8
[2015-10-13 13:22:35] [DEBUG] [io.netty.util.internal.PlatformDependent:76]-- -Dio.netty.noUnsafe: false
[2015-10-13 13:22:35] [DEBUG] [io.netty.util.internal.PlatformDependent:76]-- sun.misc.Unsafe: available
[2015-10-13 13:22:35] [DEBUG] [io.netty.util.internal.PlatformDependent:76]-- -Dio.netty.noJavassist: false
[2015-10-13 13:22:35] [DEBUG] [io.netty.util.internal.PlatformDependent:71]-- Javassist: available
[2015-10-13 13:22:35] [DEBUG] [io.netty.util.internal.PlatformDependent:76]-- -Dio.netty.tmpdir: /var/folders/k1/bfwvf_dd14ggxvb58z56hl6r0000gn/T (java.io.tmpdir)
[2015-10-13 13:22:35] [DEBUG] [io.netty.util.internal.PlatformDependent:76]-- -Dio.netty.bitMode: 64 (sun.arch.data.model)
[2015-10-13 13:22:35] [DEBUG] [io.netty.util.internal.PlatformDependent:76]-- -Dio.netty.noPreferDirect: false
[2015-10-13 13:22:35] [DEBUG] [io.netty.channel.nio.NioEventLoop:76]-- -Dio.netty.noKeySetOptimization: false
[2015-10-13 13:22:35] [DEBUG] [io.netty.channel.nio.NioEventLoop:76]-- -Dio.netty.selectorAutoRebuildThreshold: 512
[2015-10-13 13:22:35] [DEBUG] [io.netty.channel.DefaultChannelId:76]-- -Dio.netty.processId: 877 (auto-detected)
[2015-10-13 13:22:35] [DEBUG] [io.netty.channel.DefaultChannelId:76]-- -Dio.netty.machineId: 10:40:f3:ff:fe:a9:36:64 (auto-detected)
[2015-10-13 13:22:35] [DEBUG] [io.netty.util.internal.ThreadLocalRandom:71]-- -Dio.netty.initialSeedUniquifier: 0x5fbfa4d9050ec8c9 (took 0 ms)
[2015-10-13 13:22:35] [DEBUG] [io.netty.buffer.PooledByteBufAllocator:76]-- -Dio.netty.allocator.numHeapArenas: 8
[2015-10-13 13:22:35] [DEBUG] [io.netty.buffer.PooledByteBufAllocator:76]-- -Dio.netty.allocator.numDirectArenas: 8
[2015-10-13 13:22:35] [DEBUG] [io.netty.buffer.PooledByteBufAllocator:76]-- -Dio.netty.allocator.pageSize: 8192
[2015-10-13 13:22:35] [DEBUG] [io.netty.buffer.PooledByteBufAllocator:76]-- -Dio.netty.allocator.maxOrder: 11
[2015-10-13 13:22:35] [DEBUG] [io.netty.buffer.PooledByteBufAllocator:76]-- -Dio.netty.allocator.chunkSize: 16777216
[2015-10-13 13:22:35] [DEBUG] [io.netty.buffer.PooledByteBufAllocator:76]-- -Dio.netty.allocator.tinyCacheSize: 512
[2015-10-13 13:22:35] [DEBUG] [io.netty.buffer.PooledByteBufAllocator:76]-- -Dio.netty.allocator.smallCacheSize: 256
[2015-10-13 13:22:35] [DEBUG] [io.netty.buffer.PooledByteBufAllocator:76]-- -Dio.netty.allocator.normalCacheSize: 64
[2015-10-13 13:22:35] [DEBUG] [io.netty.buffer.PooledByteBufAllocator:76]-- -Dio.netty.allocator.maxCachedBufferCapacity: 32768
[2015-10-13 13:22:35] [DEBUG] [io.netty.buffer.PooledByteBufAllocator:76]-- -Dio.netty.allocator.cacheTrimInterval: 8192
[2015-10-13 13:22:35] [DEBUG] [io.netty.buffer.ByteBufUtil:76]-- -Dio.netty.allocator.type: pooled
[2015-10-13 13:22:35] [DEBUG] [io.netty.buffer.ByteBufUtil:76]-- -Dio.netty.threadLocalDirectBufferSize: 65536
[2015-10-13 13:22:35] [DEBUG] [io.netty.util.NetUtil:86]-- Loopback interface: lo0 (lo0, 0:0:0:0:0:0:0:1)
[2015-10-13 13:22:35] [DEBUG] [io.netty.util.NetUtil:81]-- /proc/sys/net/core/somaxconn: 128 (non-existent)
[2015-10-13 13:22:35] [INFO ] [io.netty.handler.logging.LoggingHandler:101]-- [id: 0x53736dea] REGISTERED
[2015-10-13 13:22:35] [INFO ] [io.netty.handler.logging.LoggingHandler:101]-- [id: 0x53736dea] BIND: 0.0.0.0/0.0.0.0:12345
[2015-10-13 13:22:35] [INFO ] [io.netty.handler.logging.LoggingHandler:101]-- [id: 0x53736dea, /0:0:0:0:0:0:0:0:12345] ACTIVE
[2015-10-13 13:24:56] [INFO ] [com.avalon.core.AvalonEngine:207]-- /Users/zero/Documents/workspace/ExampleGateServer
[2015-10-13 13:24:56] [INFO ] [com.avalon.component.ComponentRegistryImpl:70]-- Component add componentcom.avalon.io.netty.NettyServer@2f8dad04
[2015-10-13 13:24:56] [INFO ] [com.avalon.component.ComponentRegistryImpl:70]-- Component add componentcom.avalon.core.AvalonProxy@41e1e210
[2015-10-13 13:24:56] [INFO ] [com.avalon.io.netty.NettyServer:57]-- 初始化Netty 开始
[2015-10-13 13:24:56] [INFO ] [com.avalon.io.netty.NettyServer:89]-- 初始化Netty 线程启动
[2015-10-13 13:24:56] [DEBUG] [io.netty.util.internal.logging.InternalLoggerFactory:71]-- Using SLF4J as the default logging framework
[2015-10-13 13:24:56] [DEBUG] [io.netty.channel.MultithreadEventLoopGroup:76]-- -Dio.netty.eventLoopThreads: 16
[2015-10-13 13:24:56] [DEBUG] [io.netty.util.internal.PlatformDependent0:76]-- java.nio.Buffer.address: available
[2015-10-13 13:24:56] [DEBUG] [io.netty.util.internal.PlatformDependent0:76]-- sun.misc.Unsafe.theUnsafe: available
[2015-10-13 13:24:56] [DEBUG] [io.netty.util.internal.PlatformDependent0:71]-- sun.misc.Unsafe.copyMemory: available
[2015-10-13 13:24:56] [DEBUG] [io.netty.util.internal.PlatformDependent0:76]-- java.nio.Bits.unaligned: true
[2015-10-13 13:24:56] [DEBUG] [io.netty.util.internal.PlatformDependent:76]-- Java version: 8
[2015-10-13 13:24:56] [DEBUG] [io.netty.util.internal.PlatformDependent:76]-- -Dio.netty.noUnsafe: false
[2015-10-13 13:24:56] [DEBUG] [io.netty.util.internal.PlatformDependent:76]-- sun.misc.Unsafe: available
[2015-10-13 13:24:56] [DEBUG] [io.netty.util.internal.PlatformDependent:76]-- -Dio.netty.noJavassist: false
[2015-10-13 13:24:56] [DEBUG] [io.netty.util.internal.PlatformDependent:71]-- Javassist: available
[2015-10-13 13:24:56] [DEBUG] [io.netty.util.internal.PlatformDependent:76]-- -Dio.netty.tmpdir: /var/folders/k1/bfwvf_dd14ggxvb58z56hl6r0000gn/T (java.io.tmpdir)
[2015-10-13 13:24:56] [DEBUG] [io.netty.util.internal.PlatformDependent:76]-- -Dio.netty.bitMode: 64 (sun.arch.data.model)
[2015-10-13 13:24:56] [DEBUG] [io.netty.util.internal.PlatformDependent:76]-- -Dio.netty.noPreferDirect: false
[2015-10-13 13:24:56] [DEBUG] [io.netty.channel.nio.NioEventLoop:76]-- -Dio.netty.noKeySetOptimization: false
[2015-10-13 13:24:56] [DEBUG] [io.netty.channel.nio.NioEventLoop:76]-- -Dio.netty.selectorAutoRebuildThreshold: 512
[2015-10-13 13:24:56] [DEBUG] [io.netty.channel.DefaultChannelId:76]-- -Dio.netty.processId: 940 (auto-detected)
[2015-10-13 13:24:56] [DEBUG] [io.netty.channel.DefaultChannelId:76]-- -Dio.netty.machineId: 10:40:f3:ff:fe:a9:36:64 (auto-detected)
[2015-10-13 13:24:56] [DEBUG] [io.netty.util.internal.ThreadLocalRandom:71]-- -Dio.netty.initialSeedUniquifier: 0x4c7bd2980b3fa867 (took 0 ms)
[2015-10-13 13:24:56] [DEBUG] [io.netty.buffer.PooledByteBufAllocator:76]-- -Dio.netty.allocator.numHeapArenas: 8
[2015-10-13 13:24:56] [DEBUG] [io.netty.buffer.PooledByteBufAllocator:76]-- -Dio.netty.allocator.numDirectArenas: 8
[2015-10-13 13:24:56] [DEBUG] [io.netty.buffer.PooledByteBufAllocator:76]-- -Dio.netty.allocator.pageSize: 8192
[2015-10-13 13:24:56] [DEBUG] [io.netty.buffer.PooledByteBufAllocator:76]-- -Dio.netty.allocator.maxOrder: 11
[2015-10-13 13:24:56] [DEBUG] [io.netty.buffer.PooledByteBufAllocator:76]-- -Dio.netty.allocator.chunkSize: 16777216
[2015-10-13 13:24:56] [DEBUG] [io.netty.buffer.PooledByteBufAllocator:76]-- -Dio.netty.allocator.tinyCacheSize: 512
[2015-10-13 13:24:56] [DEBUG] [io.netty.buffer.PooledByteBufAllocator:76]-- -Dio.netty.allocator.smallCacheSize: 256
[2015-10-13 13:24:56] [DEBUG] [io.netty.buffer.PooledByteBufAllocator:76]-- -Dio.netty.allocator.normalCacheSize: 64
[2015-10-13 13:24:56] [DEBUG] [io.netty.buffer.PooledByteBufAllocator:76]-- -Dio.netty.allocator.maxCachedBufferCapacity: 32768
[2015-10-13 13:24:56] [DEBUG] [io.netty.buffer.PooledByteBufAllocator:76]-- -Dio.netty.allocator.cacheTrimInterval: 8192
[2015-10-13 13:24:56] [DEBUG] [io.netty.buffer.ByteBufUtil:76]-- -Dio.netty.allocator.type: pooled
[2015-10-13 13:24:56] [DEBUG] [io.netty.buffer.ByteBufUtil:76]-- -Dio.netty.threadLocalDirectBufferSize: 65536
[2015-10-13 13:24:56] [DEBUG] [io.netty.util.NetUtil:86]-- Loopback interface: lo0 (lo0, 0:0:0:0:0:0:0:1)
[2015-10-13 13:24:56] [DEBUG] [io.netty.util.NetUtil:81]-- /proc/sys/net/core/somaxconn: 128 (non-existent)
[2015-10-13 13:24:56] [INFO ] [io.netty.handler.logging.LoggingHandler:101]-- [id: 0x15011201] REGISTERED
[2015-10-13 13:24:56] [INFO ] [io.netty.handler.logging.LoggingHandler:101]-- [id: 0x15011201] BIND: 0.0.0.0/0.0.0.0:12345
[2015-10-13 13:24:56] [INFO ] [io.netty.handler.logging.LoggingHandler:101]-- [id: 0x15011201, /0:0:0:0:0:0:0:0:12345] ACTIVE
[2015-10-13 13:24:57] [INFO ] [akka.event.slf4j.Slf4jLogger:85]-- Slf4jLogger started
[2015-10-13 13:24:57] [DEBUG] [akka.event.EventStream:82]-- logger log1-Slf4jLogger started
[2015-10-13 13:24:57] [DEBUG] [akka.event.EventStream:82]-- Default Loggers started
[2015-10-13 13:24:57] [INFO ] [akka.remote.Remoting:79]-- Starting remoting
[2015-10-13 13:24:57] [INFO ] [akka.remote.Remoting:79]-- Remoting started; listening on addresses :[akka.tcp://AVALON@10.1.36.96:2551]
[2015-10-13 13:24:57] [INFO ] [com.avalon.core.Avalon:79]-- Server model is gate
[2015-10-13 13:24:57] [WARN ] [akka.remote.ReliableDeliverySupervisor:76]-- Association with remote system [akka.tcp://AVALON@10.1.36.96:2552] has failed, address is now gated for [5000] ms. Reason: [Association failed with [akka.tcp://AVALON@10.1.36.96:2552]] Caused by: [Connection refused: /10.1.36.96:2552]
[2015-10-13 13:24:57] [INFO ] [akka.remote.RemoteActorRefProvider$RemoteDeadLetterActorRef:79]-- Message [akka.cluster.InternalClusterAction$InitJoin$] from Actor[akka://AVALON/system/cluster/core/daemon/firstSeedNodeProcess-1#-1287086439] to Actor[akka://AVALON/deadLetters] was not delivered. [1] dead letters encountered. This logging can be turned off or adjusted with configuration settings 'akka.log-dead-letters' and 'akka.log-dead-letters-during-shutdown'.
[2015-10-13 13:24:58] [INFO ] [akka.remote.RemoteActorRefProvider$RemoteDeadLetterActorRef:79]-- Message [akka.cluster.InternalClusterAction$InitJoin$] from Actor[akka://AVALON/system/cluster/core/daemon/firstSeedNodeProcess-1#-1287086439] to Actor[akka://AVALON/deadLetters] was not delivered. [2] dead letters encountered. This logging can be turned off or adjusted with configuration settings 'akka.log-dead-letters' and 'akka.log-dead-letters-during-shutdown'.
[2015-10-13 13:24:59] [INFO ] [akka.remote.RemoteActorRefProvider$RemoteDeadLetterActorRef:79]-- Message [akka.cluster.InternalClusterAction$InitJoin$] from Actor[akka://AVALON/system/cluster/core/daemon/firstSeedNodeProcess-1#-1287086439] to Actor[akka://AVALON/deadLetters] was not delivered. [3] dead letters encountered. This logging can be turned off or adjusted with configuration settings 'akka.log-dead-letters' and 'akka.log-dead-letters-during-shutdown'.
[2015-10-13 13:25:00] [INFO ] [akka.remote.RemoteActorRefProvider$RemoteDeadLetterActorRef:79]-- Message [akka.cluster.InternalClusterAction$InitJoin$] from Actor[akka://AVALON/system/cluster/core/daemon/firstSeedNodeProcess-1#-1287086439] to Actor[akka://AVALON/deadLetters] was not delivered. [4] dead letters encountered. This logging can be turned off or adjusted with configuration settings 'akka.log-dead-letters' and 'akka.log-dead-letters-during-shutdown'.
[2015-10-13 13:25:01] [INFO ] [akka.remote.RemoteActorRefProvider$RemoteDeadLetterActorRef:79]-- Message [akka.cluster.InternalClusterAction$InitJoin$] from Actor[akka://AVALON/system/cluster/core/daemon/firstSeedNodeProcess-1#-1287086439] to Actor[akka://AVALON/deadLetters] was not delivered. [5] dead letters encountered. This logging can be turned off or adjusted with configuration settings 'akka.log-dead-letters' and 'akka.log-dead-letters-during-shutdown'.
[2015-10-13 13:25:03] [INFO ] [com.avalon.core.cluster.ClusterListener:79]-- Member is Up: Member(address = akka.tcp://AVALON@10.1.36.96:2551, status = Up)
[2015-10-13 13:25:03] [DEBUG] [com.avalon.core.actor.GameEngineActor:82]-- get CheckNodeInfo
[2015-10-13 13:25:03] [DEBUG] [akka.cluster.sharding.ShardRegion:82]-- Coordinator moved from [] to [akka.tcp://AVALON@10.1.36.96:2551]
[2015-10-13 13:25:03] [DEBUG] [com.avalon.core.actor.GameEngineActor:82]-- get Self Node
[2015-10-13 13:25:03] [DEBUG] [com.avalon.core.actor.GameEngineActor:82]-- AddNodeInfo
[2015-10-13 13:25:03] [DEBUG] [com.avalon.core.actor.GameEngineActor:82]-- find same node remove it in other
[2015-10-13 13:25:03] [INFO ] [akka.actor.EmptyLocalActorRef:79]-- Message [akka.cluster.sharding.ShardCoordinator$Internal$Register] from Actor[akka://AVALON/system/sharding/ClusterConnectionSessions#-193204780] to Actor[akka://AVALON/system/sharding/ClusterConnectionSessionsCoordinator/singleton/coordinator] was not delivered. [6] dead letters encountered. This logging can be turned off or adjusted with configuration settings 'akka.log-dead-letters' and 'akka.log-dead-letters-during-shutdown'.
[2015-10-13 13:25:03] [ERROR] [akka.actor.OneForOneStrategy:71]-- requirement failed: default journal plugin is not configured, see 'reference.conf'
akka.actor.ActorInitializationException: exception during creation
	at akka.actor.ActorInitializationException$.apply(Actor.scala:172) ~[akka-actor_2.11-2.4.0.jar:2.4.0]
	at akka.actor.ActorCell.create(ActorCell.scala:605) ~[akka-actor_2.11-2.4.0.jar:2.4.0]
	at akka.actor.ActorCell.invokeAll$1(ActorCell.scala:460) ~[akka-actor_2.11-2.4.0.jar:2.4.0]
	at akka.actor.ActorCell.systemInvoke(ActorCell.scala:482) ~[akka-actor_2.11-2.4.0.jar:2.4.0]
	at akka.dispatch.Mailbox.processAllSystemMessages(Mailbox.scala:282) [akka-actor_2.11-2.4.0.jar:2.4.0]
	at akka.dispatch.Mailbox.run(Mailbox.scala:223) [akka-actor_2.11-2.4.0.jar:2.4.0]
	at akka.dispatch.Mailbox.exec(Mailbox.scala:234) [akka-actor_2.11-2.4.0.jar:2.4.0]
	at scala.concurrent.forkjoin.ForkJoinTask.doExec(ForkJoinTask.java:260) [scala-library-2.11.7.jar:na]
	at scala.concurrent.forkjoin.ForkJoinPool$WorkQueue.runTask(ForkJoinPool.java:1339) [scala-library-2.11.7.jar:na]
	at scala.concurrent.forkjoin.ForkJoinPool.runWorker(ForkJoinPool.java:1979) [scala-library-2.11.7.jar:na]
	at scala.concurrent.forkjoin.ForkJoinWorkerThread.run(ForkJoinWorkerThread.java:107) [scala-library-2.11.7.jar:na]
Caused by: java.lang.IllegalArgumentException: requirement failed: default journal plugin is not configured, see 'reference.conf'
	at scala.Predef$.require(Predef.scala:219) ~[scala-library-2.11.7.jar:na]
	at akka.persistence.Persistence.defaultJournalPluginId$lzycompute(Persistence.scala:141) ~[akka-persistence_2.11-2.4.0.jar:2.4.0]
	at akka.persistence.Persistence.defaultJournalPluginId(Persistence.scala:139) ~[akka-persistence_2.11-2.4.0.jar:2.4.0]
	at akka.persistence.Persistence.journalConfigFor(Persistence.scala:201) ~[akka-persistence_2.11-2.4.0.jar:2.4.0]
	at akka.persistence.Eventsourced$class.$init$(Eventsourced.scala:54) ~[akka-persistence_2.11-2.4.0.jar:2.4.0]
	at akka.cluster.sharding.PersistentShardCoordinator.<init>(ShardCoordinator.scala:682) ~[akka-cluster-sharding_2.11-2.4.0.jar:2.4.0]
	at akka.cluster.sharding.ShardCoordinator$$anonfun$props$1.apply(ShardCoordinator.scala:36) ~[akka-cluster-sharding_2.11-2.4.0.jar:2.4.0]
	at akka.cluster.sharding.ShardCoordinator$$anonfun$props$1.apply(ShardCoordinator.scala:36) ~[akka-cluster-sharding_2.11-2.4.0.jar:2.4.0]
	at akka.actor.TypedCreatorFunctionConsumer.produce(Props.scala:339) ~[akka-actor_2.11-2.4.0.jar:2.4.0]
	at akka.actor.Props.newActor(Props.scala:259) ~[akka-actor_2.11-2.4.0.jar:2.4.0]
	at akka.actor.ActorCell.newActor(ActorCell.scala:561) ~[akka-actor_2.11-2.4.0.jar:2.4.0]
	at akka.actor.ActorCell.create(ActorCell.scala:587) ~[akka-actor_2.11-2.4.0.jar:2.4.0]
	... 9 common frames omitted
[2015-10-13 13:25:07] [INFO ] [akka.actor.EmptyLocalActorRef:79]-- Message [akka.cluster.sharding.ShardCoordinator$Internal$Register] from Actor[akka://AVALON/system/sharding/ClusterConnectionSessions#-193204780] to Actor[akka://AVALON/system/sharding/ClusterConnectionSessionsCoordinator/singleton/coordinator] was not delivered. [7] dead letters encountered. This logging can be turned off or adjusted with configuration settings 'akka.log-dead-letters' and 'akka.log-dead-letters-during-shutdown'.
[2015-10-13 13:25:12] [WARN ] [akka.remote.ReliableDeliverySupervisor:76]-- Association with remote system [akka.tcp://AVALON@10.1.7.163:2552] has failed, address is now gated for [5000] ms. Reason: [Association failed with [akka.tcp://AVALON@10.1.7.163:2552]] Caused by: [connection timed out: /10.1.7.163:2552]
[2015-10-13 13:25:12] [WARN ] [akka.remote.ReliableDeliverySupervisor:76]-- Association with remote system [akka.tcp://AVALON@10.1.7.163:2551] has failed, address is now gated for [5000] ms. Reason: [Association failed with [akka.tcp://AVALON@10.1.7.163:2551]] Caused by: [connection timed out: /10.1.7.163:2551]
[2015-10-13 13:25:12] [INFO ] [akka.remote.RemoteActorRefProvider$RemoteDeadLetterActorRef:79]-- Message [akka.cluster.InternalClusterAction$InitJoin$] from Actor[akka://AVALON/system/cluster/core/daemon/firstSeedNodeProcess-1#-1287086439] to Actor[akka://AVALON/deadLetters] was not delivered. [8] dead letters encountered. This logging can be turned off or adjusted with configuration settings 'akka.log-dead-letters' and 'akka.log-dead-letters-during-shutdown'.
[2015-10-13 13:25:12] [INFO ] [akka.remote.RemoteActorRefProvider$RemoteDeadLetterActorRef:79]-- Message [akka.cluster.InternalClusterAction$InitJoin$] from Actor[akka://AVALON/system/cluster/core/daemon/firstSeedNodeProcess-1#-1287086439] to Actor[akka://AVALON/deadLetters] was not delivered. [9] dead letters encountered. This logging can be turned off or adjusted with configuration settings 'akka.log-dead-letters' and 'akka.log-dead-letters-during-shutdown'.
[2015-10-13 13:25:12] [INFO ] [akka.remote.RemoteActorRefProvider$RemoteDeadLetterActorRef:79]-- Message [akka.cluster.InternalClusterAction$InitJoin$] from Actor[akka://AVALON/system/cluster/core/daemon/firstSeedNodeProcess-1#-1287086439] to Actor[akka://AVALON/deadLetters] was not delivered. [10] dead letters encountered, no more dead letters will be logged. This logging can be turned off or adjusted with configuration settings 'akka.log-dead-letters' and 'akka.log-dead-letters-during-shutdown'.
[2015-10-13 13:25:13] [ERROR] [akka.actor.OneForOneStrategy:71]-- requirement failed: default journal plugin is not configured, see 'reference.conf'
akka.actor.ActorInitializationException: exception during creation
	at akka.actor.ActorInitializationException$.apply(Actor.scala:172) ~[akka-actor_2.11-2.4.0.jar:2.4.0]
	at akka.actor.ActorCell.create(ActorCell.scala:605) ~[akka-actor_2.11-2.4.0.jar:2.4.0]
	at akka.actor.ActorCell.invokeAll$1(ActorCell.scala:460) ~[akka-actor_2.11-2.4.0.jar:2.4.0]
	at akka.actor.ActorCell.systemInvoke(ActorCell.scala:482) ~[akka-actor_2.11-2.4.0.jar:2.4.0]
	at akka.dispatch.Mailbox.processAllSystemMessages(Mailbox.scala:282) [akka-actor_2.11-2.4.0.jar:2.4.0]
	at akka.dispatch.Mailbox.run(Mailbox.scala:223) [akka-actor_2.11-2.4.0.jar:2.4.0]
	at akka.dispatch.Mailbox.exec(Mailbox.scala:234) [akka-actor_2.11-2.4.0.jar:2.4.0]
	at scala.concurrent.forkjoin.ForkJoinTask.doExec(ForkJoinTask.java:260) [scala-library-2.11.7.jar:na]
	at scala.concurrent.forkjoin.ForkJoinPool$WorkQueue.runTask(ForkJoinPool.java:1339) [scala-library-2.11.7.jar:na]
	at scala.concurrent.forkjoin.ForkJoinPool.runWorker(ForkJoinPool.java:1979) [scala-library-2.11.7.jar:na]
	at scala.concurrent.forkjoin.ForkJoinWorkerThread.run(ForkJoinWorkerThread.java:107) [scala-library-2.11.7.jar:na]
Caused by: java.lang.IllegalArgumentException: requirement failed: default journal plugin is not configured, see 'reference.conf'
	at scala.Predef$.require(Predef.scala:219) ~[scala-library-2.11.7.jar:na]
	at akka.persistence.Persistence.defaultJournalPluginId$lzycompute(Persistence.scala:141) ~[akka-persistence_2.11-2.4.0.jar:2.4.0]
	at akka.persistence.Persistence.defaultJournalPluginId(Persistence.scala:139) ~[akka-persistence_2.11-2.4.0.jar:2.4.0]
	at akka.persistence.Persistence.journalConfigFor(Persistence.scala:201) ~[akka-persistence_2.11-2.4.0.jar:2.4.0]
	at akka.persistence.Eventsourced$class.$init$(Eventsourced.scala:54) ~[akka-persistence_2.11-2.4.0.jar:2.4.0]
	at akka.cluster.sharding.PersistentShardCoordinator.<init>(ShardCoordinator.scala:682) ~[akka-cluster-sharding_2.11-2.4.0.jar:2.4.0]
	at akka.cluster.sharding.ShardCoordinator$$anonfun$props$1.apply(ShardCoordinator.scala:36) ~[akka-cluster-sharding_2.11-2.4.0.jar:2.4.0]
	at akka.cluster.sharding.ShardCoordinator$$anonfun$props$1.apply(ShardCoordinator.scala:36) ~[akka-cluster-sharding_2.11-2.4.0.jar:2.4.0]
	at akka.actor.TypedCreatorFunctionConsumer.produce(Props.scala:339) ~[akka-actor_2.11-2.4.0.jar:2.4.0]
	at akka.actor.Props.newActor(Props.scala:259) ~[akka-actor_2.11-2.4.0.jar:2.4.0]
	at akka.actor.ActorCell.newActor(ActorCell.scala:561) ~[akka-actor_2.11-2.4.0.jar:2.4.0]
	at akka.actor.ActorCell.create(ActorCell.scala:587) ~[akka-actor_2.11-2.4.0.jar:2.4.0]
	... 9 common frames omitted
[2015-10-13 13:25:44] [INFO ] [com.avalon.core.AvalonEngine:207]-- /Users/zero/Documents/workspace/ExampleGateServer
[2015-10-13 13:25:44] [INFO ] [com.avalon.component.ComponentRegistryImpl:70]-- Component add componentcom.avalon.io.netty.NettyServer@4944252c
[2015-10-13 13:25:44] [INFO ] [com.avalon.component.ComponentRegistryImpl:70]-- Component add componentcom.avalon.core.AvalonProxy@a3d8174
[2015-10-13 13:25:44] [INFO ] [com.avalon.io.netty.NettyServer:57]-- 初始化Netty 开始
[2015-10-13 13:25:44] [INFO ] [com.avalon.io.netty.NettyServer:89]-- 初始化Netty 线程启动
[2015-10-13 13:25:44] [DEBUG] [io.netty.util.internal.logging.InternalLoggerFactory:71]-- Using SLF4J as the default logging framework
[2015-10-13 13:25:44] [DEBUG] [io.netty.channel.MultithreadEventLoopGroup:76]-- -Dio.netty.eventLoopThreads: 16
[2015-10-13 13:25:44] [DEBUG] [io.netty.util.internal.PlatformDependent0:76]-- java.nio.Buffer.address: available
[2015-10-13 13:25:44] [DEBUG] [io.netty.util.internal.PlatformDependent0:76]-- sun.misc.Unsafe.theUnsafe: available
[2015-10-13 13:25:44] [DEBUG] [io.netty.util.internal.PlatformDependent0:71]-- sun.misc.Unsafe.copyMemory: available
[2015-10-13 13:25:44] [DEBUG] [io.netty.util.internal.PlatformDependent0:76]-- java.nio.Bits.unaligned: true
[2015-10-13 13:25:44] [DEBUG] [io.netty.util.internal.PlatformDependent:76]-- Java version: 8
[2015-10-13 13:25:44] [DEBUG] [io.netty.util.internal.PlatformDependent:76]-- -Dio.netty.noUnsafe: false
[2015-10-13 13:25:44] [DEBUG] [io.netty.util.internal.PlatformDependent:76]-- sun.misc.Unsafe: available
[2015-10-13 13:25:44] [DEBUG] [io.netty.util.internal.PlatformDependent:76]-- -Dio.netty.noJavassist: false
[2015-10-13 13:25:45] [DEBUG] [io.netty.util.internal.PlatformDependent:71]-- Javassist: available
[2015-10-13 13:25:45] [DEBUG] [io.netty.util.internal.PlatformDependent:76]-- -Dio.netty.tmpdir: /var/folders/k1/bfwvf_dd14ggxvb58z56hl6r0000gn/T (java.io.tmpdir)
[2015-10-13 13:25:45] [DEBUG] [io.netty.util.internal.PlatformDependent:76]-- -Dio.netty.bitMode: 64 (sun.arch.data.model)
[2015-10-13 13:25:45] [DEBUG] [io.netty.util.internal.PlatformDependent:76]-- -Dio.netty.noPreferDirect: false
[2015-10-13 13:25:45] [DEBUG] [io.netty.channel.nio.NioEventLoop:76]-- -Dio.netty.noKeySetOptimization: false
[2015-10-13 13:25:45] [DEBUG] [io.netty.channel.nio.NioEventLoop:76]-- -Dio.netty.selectorAutoRebuildThreshold: 512
[2015-10-13 13:25:45] [DEBUG] [io.netty.channel.DefaultChannelId:76]-- -Dio.netty.processId: 941 (auto-detected)
[2015-10-13 13:25:45] [DEBUG] [io.netty.channel.DefaultChannelId:76]-- -Dio.netty.machineId: 10:40:f3:ff:fe:a9:36:64 (auto-detected)
[2015-10-13 13:25:45] [DEBUG] [io.netty.util.internal.ThreadLocalRandom:71]-- -Dio.netty.initialSeedUniquifier: 0x7e4fb475f90ce902 (took 0 ms)
[2015-10-13 13:25:45] [DEBUG] [io.netty.buffer.PooledByteBufAllocator:76]-- -Dio.netty.allocator.numHeapArenas: 8
[2015-10-13 13:25:45] [DEBUG] [io.netty.buffer.PooledByteBufAllocator:76]-- -Dio.netty.allocator.numDirectArenas: 8
[2015-10-13 13:25:45] [DEBUG] [io.netty.buffer.PooledByteBufAllocator:76]-- -Dio.netty.allocator.pageSize: 8192
[2015-10-13 13:25:45] [DEBUG] [io.netty.buffer.PooledByteBufAllocator:76]-- -Dio.netty.allocator.maxOrder: 11
[2015-10-13 13:25:45] [DEBUG] [io.netty.buffer.PooledByteBufAllocator:76]-- -Dio.netty.allocator.chunkSize: 16777216
[2015-10-13 13:25:45] [DEBUG] [io.netty.buffer.PooledByteBufAllocator:76]-- -Dio.netty.allocator.tinyCacheSize: 512
[2015-10-13 13:25:45] [DEBUG] [io.netty.buffer.PooledByteBufAllocator:76]-- -Dio.netty.allocator.smallCacheSize: 256
[2015-10-13 13:25:45] [DEBUG] [io.netty.buffer.PooledByteBufAllocator:76]-- -Dio.netty.allocator.normalCacheSize: 64
[2015-10-13 13:25:45] [DEBUG] [io.netty.buffer.PooledByteBufAllocator:76]-- -Dio.netty.allocator.maxCachedBufferCapacity: 32768
[2015-10-13 13:25:45] [DEBUG] [io.netty.buffer.PooledByteBufAllocator:76]-- -Dio.netty.allocator.cacheTrimInterval: 8192
[2015-10-13 13:25:45] [DEBUG] [io.netty.buffer.ByteBufUtil:76]-- -Dio.netty.allocator.type: pooled
[2015-10-13 13:25:45] [DEBUG] [io.netty.buffer.ByteBufUtil:76]-- -Dio.netty.threadLocalDirectBufferSize: 65536
[2015-10-13 13:25:45] [DEBUG] [io.netty.util.NetUtil:86]-- Loopback interface: lo0 (lo0, 0:0:0:0:0:0:0:1)
[2015-10-13 13:25:45] [DEBUG] [io.netty.util.NetUtil:81]-- /proc/sys/net/core/somaxconn: 128 (non-existent)
[2015-10-13 13:25:45] [INFO ] [io.netty.handler.logging.LoggingHandler:101]-- [id: 0x22970659] REGISTERED
[2015-10-13 13:25:45] [INFO ] [io.netty.handler.logging.LoggingHandler:101]-- [id: 0x22970659] BIND: 0.0.0.0/0.0.0.0:12345
[2015-10-13 13:25:45] [INFO ] [io.netty.handler.logging.LoggingHandler:101]-- [id: 0x22970659, /0:0:0:0:0:0:0:0:12345] ACTIVE
[2015-10-13 13:25:45] [INFO ] [akka.event.slf4j.Slf4jLogger:85]-- Slf4jLogger started
[2015-10-13 13:25:45] [DEBUG] [akka.event.EventStream:82]-- logger log1-Slf4jLogger started
[2015-10-13 13:25:45] [DEBUG] [akka.event.EventStream:82]-- Default Loggers started
[2015-10-13 13:25:45] [INFO ] [akka.remote.Remoting:79]-- Starting remoting
[2015-10-13 13:25:45] [INFO ] [akka.remote.Remoting:79]-- Remoting started; listening on addresses :[akka.tcp://AVALON@10.1.36.96:2551]
[2015-10-13 13:25:46] [INFO ] [com.avalon.core.Avalon:79]-- Server model is gate
[2015-10-13 13:25:46] [WARN ] [akka.remote.ReliableDeliverySupervisor:76]-- Association with remote system [akka.tcp://AVALON@10.1.36.96:2552] has failed, address is now gated for [5000] ms. Reason: [Association failed with [akka.tcp://AVALON@10.1.36.96:2552]] Caused by: [Connection refused: /10.1.36.96:2552]
[2015-10-13 13:25:46] [INFO ] [akka.remote.RemoteActorRefProvider$RemoteDeadLetterActorRef:79]-- Message [akka.cluster.InternalClusterAction$InitJoin$] from Actor[akka://AVALON/system/cluster/core/daemon/firstSeedNodeProcess-1#1593412104] to Actor[akka://AVALON/deadLetters] was not delivered. [1] dead letters encountered. This logging can be turned off or adjusted with configuration settings 'akka.log-dead-letters' and 'akka.log-dead-letters-during-shutdown'.
[2015-10-13 13:25:47] [INFO ] [akka.remote.RemoteActorRefProvider$RemoteDeadLetterActorRef:79]-- Message [akka.cluster.InternalClusterAction$InitJoin$] from Actor[akka://AVALON/system/cluster/core/daemon/firstSeedNodeProcess-1#1593412104] to Actor[akka://AVALON/deadLetters] was not delivered. [2] dead letters encountered. This logging can be turned off or adjusted with configuration settings 'akka.log-dead-letters' and 'akka.log-dead-letters-during-shutdown'.
[2015-10-13 13:25:48] [INFO ] [akka.remote.RemoteActorRefProvider$RemoteDeadLetterActorRef:79]-- Message [akka.cluster.InternalClusterAction$InitJoin$] from Actor[akka://AVALON/system/cluster/core/daemon/firstSeedNodeProcess-1#1593412104] to Actor[akka://AVALON/deadLetters] was not delivered. [3] dead letters encountered. This logging can be turned off or adjusted with configuration settings 'akka.log-dead-letters' and 'akka.log-dead-letters-during-shutdown'.
[2015-10-13 13:25:49] [INFO ] [akka.remote.RemoteActorRefProvider$RemoteDeadLetterActorRef:79]-- Message [akka.cluster.InternalClusterAction$InitJoin$] from Actor[akka://AVALON/system/cluster/core/daemon/firstSeedNodeProcess-1#1593412104] to Actor[akka://AVALON/deadLetters] was not delivered. [4] dead letters encountered. This logging can be turned off or adjusted with configuration settings 'akka.log-dead-letters' and 'akka.log-dead-letters-during-shutdown'.
[2015-10-13 13:25:50] [INFO ] [akka.remote.RemoteActorRefProvider$RemoteDeadLetterActorRef:79]-- Message [akka.cluster.InternalClusterAction$InitJoin$] from Actor[akka://AVALON/system/cluster/core/daemon/firstSeedNodeProcess-1#1593412104] to Actor[akka://AVALON/deadLetters] was not delivered. [5] dead letters encountered. This logging can be turned off or adjusted with configuration settings 'akka.log-dead-letters' and 'akka.log-dead-letters-during-shutdown'.
[2015-10-13 13:25:52] [INFO ] [com.avalon.core.cluster.ClusterListener:79]-- Member is Up: Member(address = akka.tcp://AVALON@10.1.36.96:2551, status = Up)
[2015-10-13 13:25:52] [DEBUG] [akka.cluster.sharding.ShardRegion:82]-- Coordinator moved from [] to [akka.tcp://AVALON@10.1.36.96:2551]
[2015-10-13 13:25:52] [DEBUG] [com.avalon.core.actor.GameEngineActor:82]-- get CheckNodeInfo
[2015-10-13 13:25:52] [DEBUG] [com.avalon.core.actor.GameEngineActor:82]-- get Self Node
[2015-10-13 13:25:52] [DEBUG] [com.avalon.core.actor.GameEngineActor:82]-- AddNodeInfo
[2015-10-13 13:25:52] [DEBUG] [com.avalon.core.actor.GameEngineActor:82]-- find same node remove it in other
[2015-10-13 13:25:52] [INFO ] [akka.actor.EmptyLocalActorRef:79]-- Message [akka.cluster.sharding.ShardCoordinator$Internal$Register] from Actor[akka://AVALON/system/sharding/ClusterConnectionSessions#1873230571] to Actor[akka://AVALON/system/sharding/ClusterConnectionSessionsCoordinator/singleton/coordinator] was not delivered. [6] dead letters encountered. This logging can be turned off or adjusted with configuration settings 'akka.log-dead-letters' and 'akka.log-dead-letters-during-shutdown'.
[2015-10-13 13:25:52] [ERROR] [akka.actor.OneForOneStrategy:71]-- requirement failed: default journal plugin is not configured, see 'reference.conf'
akka.actor.ActorInitializationException: exception during creation
	at akka.actor.ActorInitializationException$.apply(Actor.scala:172) ~[akka-actor_2.11-2.4.0.jar:2.4.0]
	at akka.actor.ActorCell.create(ActorCell.scala:605) ~[akka-actor_2.11-2.4.0.jar:2.4.0]
	at akka.actor.ActorCell.invokeAll$1(ActorCell.scala:460) ~[akka-actor_2.11-2.4.0.jar:2.4.0]
	at akka.actor.ActorCell.systemInvoke(ActorCell.scala:482) ~[akka-actor_2.11-2.4.0.jar:2.4.0]
	at akka.dispatch.Mailbox.processAllSystemMessages(Mailbox.scala:282) [akka-actor_2.11-2.4.0.jar:2.4.0]
	at akka.dispatch.Mailbox.run(Mailbox.scala:223) [akka-actor_2.11-2.4.0.jar:2.4.0]
	at akka.dispatch.Mailbox.exec(Mailbox.scala:234) [akka-actor_2.11-2.4.0.jar:2.4.0]
	at scala.concurrent.forkjoin.ForkJoinTask.doExec(ForkJoinTask.java:260) [scala-library-2.11.7.jar:na]
	at scala.concurrent.forkjoin.ForkJoinPool$WorkQueue.runTask(ForkJoinPool.java:1339) [scala-library-2.11.7.jar:na]
	at scala.concurrent.forkjoin.ForkJoinPool.runWorker(ForkJoinPool.java:1979) [scala-library-2.11.7.jar:na]
	at scala.concurrent.forkjoin.ForkJoinWorkerThread.run(ForkJoinWorkerThread.java:107) [scala-library-2.11.7.jar:na]
Caused by: java.lang.IllegalArgumentException: requirement failed: default journal plugin is not configured, see 'reference.conf'
	at scala.Predef$.require(Predef.scala:219) ~[scala-library-2.11.7.jar:na]
	at akka.persistence.Persistence.defaultJournalPluginId$lzycompute(Persistence.scala:141) ~[akka-persistence_2.11-2.4.0.jar:2.4.0]
	at akka.persistence.Persistence.defaultJournalPluginId(Persistence.scala:139) ~[akka-persistence_2.11-2.4.0.jar:2.4.0]
	at akka.persistence.Persistence.journalConfigFor(Persistence.scala:201) ~[akka-persistence_2.11-2.4.0.jar:2.4.0]
	at akka.persistence.Eventsourced$class.$init$(Eventsourced.scala:54) ~[akka-persistence_2.11-2.4.0.jar:2.4.0]
	at akka.cluster.sharding.PersistentShardCoordinator.<init>(ShardCoordinator.scala:682) ~[akka-cluster-sharding_2.11-2.4.0.jar:2.4.0]
	at akka.cluster.sharding.ShardCoordinator$$anonfun$props$1.apply(ShardCoordinator.scala:36) ~[akka-cluster-sharding_2.11-2.4.0.jar:2.4.0]
	at akka.cluster.sharding.ShardCoordinator$$anonfun$props$1.apply(ShardCoordinator.scala:36) ~[akka-cluster-sharding_2.11-2.4.0.jar:2.4.0]
	at akka.actor.TypedCreatorFunctionConsumer.produce(Props.scala:339) ~[akka-actor_2.11-2.4.0.jar:2.4.0]
	at akka.actor.Props.newActor(Props.scala:259) ~[akka-actor_2.11-2.4.0.jar:2.4.0]
	at akka.actor.ActorCell.newActor(ActorCell.scala:561) ~[akka-actor_2.11-2.4.0.jar:2.4.0]
	at akka.actor.ActorCell.create(ActorCell.scala:587) ~[akka-actor_2.11-2.4.0.jar:2.4.0]
	... 9 common frames omitted
[2015-10-13 13:25:56] [INFO ] [akka.actor.EmptyLocalActorRef:79]-- Message [akka.cluster.sharding.ShardCoordinator$Internal$Register] from Actor[akka://AVALON/system/sharding/ClusterConnectionSessions#1873230571] to Actor[akka://AVALON/system/sharding/ClusterConnectionSessionsCoordinator/singleton/coordinator] was not delivered. [7] dead letters encountered. This logging can be turned off or adjusted with configuration settings 'akka.log-dead-letters' and 'akka.log-dead-letters-during-shutdown'.
[2015-10-13 13:26:01] [WARN ] [akka.remote.ReliableDeliverySupervisor:76]-- Association with remote system [akka.tcp://AVALON@10.1.7.163:2551] has failed, address is now gated for [5000] ms. Reason: [Association failed with [akka.tcp://AVALON@10.1.7.163:2551]] Caused by: [connection timed out: /10.1.7.163:2551]
[2015-10-13 13:26:01] [WARN ] [akka.remote.ReliableDeliverySupervisor:76]-- Association with remote system [akka.tcp://AVALON@10.1.7.163:2552] has failed, address is now gated for [5000] ms. Reason: [Association failed with [akka.tcp://AVALON@10.1.7.163:2552]] Caused by: [connection timed out: /10.1.7.163:2552]
[2015-10-13 13:26:01] [INFO ] [akka.remote.RemoteActorRefProvider$RemoteDeadLetterActorRef:79]-- Message [akka.cluster.InternalClusterAction$InitJoin$] from Actor[akka://AVALON/system/cluster/core/daemon/firstSeedNodeProcess-1#1593412104] to Actor[akka://AVALON/deadLetters] was not delivered. [8] dead letters encountered. This logging can be turned off or adjusted with configuration settings 'akka.log-dead-letters' and 'akka.log-dead-letters-during-shutdown'.
[2015-10-13 13:26:01] [INFO ] [akka.remote.RemoteActorRefProvider$RemoteDeadLetterActorRef:79]-- Message [akka.cluster.InternalClusterAction$InitJoin$] from Actor[akka://AVALON/system/cluster/core/daemon/firstSeedNodeProcess-1#1593412104] to Actor[akka://AVALON/deadLetters] was not delivered. [9] dead letters encountered. This logging can be turned off or adjusted with configuration settings 'akka.log-dead-letters' and 'akka.log-dead-letters-during-shutdown'.
[2015-10-13 13:26:01] [INFO ] [akka.remote.RemoteActorRefProvider$RemoteDeadLetterActorRef:79]-- Message [akka.cluster.InternalClusterAction$InitJoin$] from Actor[akka://AVALON/system/cluster/core/daemon/firstSeedNodeProcess-1#1593412104] to Actor[akka://AVALON/deadLetters] was not delivered. [10] dead letters encountered, no more dead letters will be logged. This logging can be turned off or adjusted with configuration settings 'akka.log-dead-letters' and 'akka.log-dead-letters-during-shutdown'.
[2015-10-13 13:26:03] [ERROR] [akka.actor.OneForOneStrategy:71]-- requirement failed: default journal plugin is not configured, see 'reference.conf'
akka.actor.ActorInitializationException: exception during creation
	at akka.actor.ActorInitializationException$.apply(Actor.scala:172) ~[akka-actor_2.11-2.4.0.jar:2.4.0]
	at akka.actor.ActorCell.create(ActorCell.scala:605) ~[akka-actor_2.11-2.4.0.jar:2.4.0]
	at akka.actor.ActorCell.invokeAll$1(ActorCell.scala:460) ~[akka-actor_2.11-2.4.0.jar:2.4.0]
	at akka.actor.ActorCell.systemInvoke(ActorCell.scala:482) ~[akka-actor_2.11-2.4.0.jar:2.4.0]
	at akka.dispatch.Mailbox.processAllSystemMessages(Mailbox.scala:282) [akka-actor_2.11-2.4.0.jar:2.4.0]
	at akka.dispatch.Mailbox.run(Mailbox.scala:223) [akka-actor_2.11-2.4.0.jar:2.4.0]
	at akka.dispatch.Mailbox.exec(Mailbox.scala:234) [akka-actor_2.11-2.4.0.jar:2.4.0]
	at scala.concurrent.forkjoin.ForkJoinTask.doExec(ForkJoinTask.java:260) [scala-library-2.11.7.jar:na]
	at scala.concurrent.forkjoin.ForkJoinPool$WorkQueue.runTask(ForkJoinPool.java:1339) [scala-library-2.11.7.jar:na]
	at scala.concurrent.forkjoin.ForkJoinPool.runWorker(ForkJoinPool.java:1979) [scala-library-2.11.7.jar:na]
	at scala.concurrent.forkjoin.ForkJoinWorkerThread.run(ForkJoinWorkerThread.java:107) [scala-library-2.11.7.jar:na]
Caused by: java.lang.IllegalArgumentException: requirement failed: default journal plugin is not configured, see 'reference.conf'
	at scala.Predef$.require(Predef.scala:219) ~[scala-library-2.11.7.jar:na]
	at akka.persistence.Persistence.defaultJournalPluginId$lzycompute(Persistence.scala:141) ~[akka-persistence_2.11-2.4.0.jar:2.4.0]
	at akka.persistence.Persistence.defaultJournalPluginId(Persistence.scala:139) ~[akka-persistence_2.11-2.4.0.jar:2.4.0]
	at akka.persistence.Persistence.journalConfigFor(Persistence.scala:201) ~[akka-persistence_2.11-2.4.0.jar:2.4.0]
	at akka.persistence.Eventsourced$class.$init$(Eventsourced.scala:54) ~[akka-persistence_2.11-2.4.0.jar:2.4.0]
	at akka.cluster.sharding.PersistentShardCoordinator.<init>(ShardCoordinator.scala:682) ~[akka-cluster-sharding_2.11-2.4.0.jar:2.4.0]
	at akka.cluster.sharding.ShardCoordinator$$anonfun$props$1.apply(ShardCoordinator.scala:36) ~[akka-cluster-sharding_2.11-2.4.0.jar:2.4.0]
	at akka.cluster.sharding.ShardCoordinator$$anonfun$props$1.apply(ShardCoordinator.scala:36) ~[akka-cluster-sharding_2.11-2.4.0.jar:2.4.0]
	at akka.actor.TypedCreatorFunctionConsumer.produce(Props.scala:339) ~[akka-actor_2.11-2.4.0.jar:2.4.0]
	at akka.actor.Props.newActor(Props.scala:259) ~[akka-actor_2.11-2.4.0.jar:2.4.0]
	at akka.actor.ActorCell.newActor(ActorCell.scala:561) ~[akka-actor_2.11-2.4.0.jar:2.4.0]
	at akka.actor.ActorCell.create(ActorCell.scala:587) ~[akka-actor_2.11-2.4.0.jar:2.4.0]
	... 9 common frames omitted
