[2015-11-10 14:14:02] [INFO ] [com.avalon.core.AvalonEngine:561]-- /Users/zero/Documents/workspace/ExampleGateServer
[2015-11-10 14:14:02] [INFO ] [com.avalon.component.ComponentRegistryImpl:425]-- Component add componentcom.avalon.io.netty.NettyServer@5e5d171f
[2015-11-10 14:21:47] [INFO ] [com.avalon.core.AvalonEngine:561]-- /Users/zero/Documents/workspace/ExampleGateServer
[2015-11-10 14:21:47] [INFO ] [com.avalon.component.ComponentRegistryImpl:425]-- Component add componentcom.avalon.io.netty.NettyServer@7770f470
[2015-11-10 14:22:24] [INFO ] [com.avalon.component.ComponentRegistryImpl:425]-- Component add componentcom.avalon.core.AvalonProxy@23348b5d
[2015-11-10 14:22:24] [INFO ] [com.avalon.io.netty.NettyServer:426]-- 初始化Netty 开始
[2015-11-10 14:22:24] [INFO ] [com.avalon.io.netty.NettyServer:458]-- 初始化Netty 线程启动
[2015-11-10 14:22:24] [DEBUG] [io.netty.util.internal.logging.InternalLoggerFactory:71]-- Using SLF4J as the default logging framework
[2015-11-10 14:22:24] [DEBUG] [io.netty.channel.MultithreadEventLoopGroup:76]-- -Dio.netty.eventLoopThreads: 16
[2015-11-10 14:22:24] [DEBUG] [io.netty.util.internal.PlatformDependent0:76]-- java.nio.Buffer.address: available
[2015-11-10 14:22:24] [DEBUG] [io.netty.util.internal.PlatformDependent0:76]-- sun.misc.Unsafe.theUnsafe: available
[2015-11-10 14:22:24] [DEBUG] [io.netty.util.internal.PlatformDependent0:71]-- sun.misc.Unsafe.copyMemory: available
[2015-11-10 14:22:24] [DEBUG] [io.netty.util.internal.PlatformDependent0:76]-- java.nio.Bits.unaligned: true
[2015-11-10 14:22:24] [DEBUG] [io.netty.util.internal.PlatformDependent:76]-- Java version: 8
[2015-11-10 14:22:24] [DEBUG] [io.netty.util.internal.PlatformDependent:76]-- -Dio.netty.noUnsafe: false
[2015-11-10 14:22:24] [DEBUG] [io.netty.util.internal.PlatformDependent:76]-- sun.misc.Unsafe: available
[2015-11-10 14:22:24] [DEBUG] [io.netty.util.internal.PlatformDependent:76]-- -Dio.netty.noJavassist: false
[2015-11-10 14:22:24] [DEBUG] [io.netty.util.internal.PlatformDependent:71]-- Javassist: available
[2015-11-10 14:22:24] [DEBUG] [io.netty.util.internal.PlatformDependent:76]-- -Dio.netty.tmpdir: /var/folders/k1/bfwvf_dd14ggxvb58z56hl6r0000gn/T (java.io.tmpdir)
[2015-11-10 14:22:24] [DEBUG] [io.netty.util.internal.PlatformDependent:76]-- -Dio.netty.bitMode: 64 (sun.arch.data.model)
[2015-11-10 14:22:24] [DEBUG] [io.netty.util.internal.PlatformDependent:76]-- -Dio.netty.noPreferDirect: false
[2015-11-10 14:22:24] [DEBUG] [io.netty.channel.nio.NioEventLoop:76]-- -Dio.netty.noKeySetOptimization: false
[2015-11-10 14:22:24] [DEBUG] [io.netty.channel.nio.NioEventLoop:76]-- -Dio.netty.selectorAutoRebuildThreshold: 512
[2015-11-10 14:22:24] [DEBUG] [io.netty.channel.DefaultChannelId:76]-- -Dio.netty.processId: 963 (auto-detected)
[2015-11-10 14:22:24] [DEBUG] [io.netty.channel.DefaultChannelId:76]-- -Dio.netty.machineId: 10:40:f3:ff:fe:a9:36:64 (auto-detected)
[2015-11-10 14:22:24] [DEBUG] [io.netty.util.internal.ThreadLocalRandom:71]-- -Dio.netty.initialSeedUniquifier: 0x4f65589df52e63f5 (took 14 ms)
[2015-11-10 14:22:24] [DEBUG] [io.netty.buffer.PooledByteBufAllocator:76]-- -Dio.netty.allocator.numHeapArenas: 8
[2015-11-10 14:22:24] [DEBUG] [io.netty.buffer.PooledByteBufAllocator:76]-- -Dio.netty.allocator.numDirectArenas: 8
[2015-11-10 14:22:24] [DEBUG] [io.netty.buffer.PooledByteBufAllocator:76]-- -Dio.netty.allocator.pageSize: 8192
[2015-11-10 14:22:24] [DEBUG] [io.netty.buffer.PooledByteBufAllocator:76]-- -Dio.netty.allocator.maxOrder: 11
[2015-11-10 14:22:24] [DEBUG] [io.netty.buffer.PooledByteBufAllocator:76]-- -Dio.netty.allocator.chunkSize: 16777216
[2015-11-10 14:22:24] [DEBUG] [io.netty.buffer.PooledByteBufAllocator:76]-- -Dio.netty.allocator.tinyCacheSize: 512
[2015-11-10 14:22:24] [DEBUG] [io.netty.buffer.PooledByteBufAllocator:76]-- -Dio.netty.allocator.smallCacheSize: 256
[2015-11-10 14:22:24] [DEBUG] [io.netty.buffer.PooledByteBufAllocator:76]-- -Dio.netty.allocator.normalCacheSize: 64
[2015-11-10 14:22:24] [DEBUG] [io.netty.buffer.PooledByteBufAllocator:76]-- -Dio.netty.allocator.maxCachedBufferCapacity: 32768
[2015-11-10 14:22:24] [DEBUG] [io.netty.buffer.PooledByteBufAllocator:76]-- -Dio.netty.allocator.cacheTrimInterval: 8192
[2015-11-10 14:22:24] [DEBUG] [io.netty.buffer.ByteBufUtil:76]-- -Dio.netty.allocator.type: pooled
[2015-11-10 14:22:24] [DEBUG] [io.netty.buffer.ByteBufUtil:76]-- -Dio.netty.threadLocalDirectBufferSize: 65536
[2015-11-10 14:22:24] [DEBUG] [io.netty.util.NetUtil:86]-- Loopback interface: lo0 (lo0, 0:0:0:0:0:0:0:1)
[2015-11-10 14:22:24] [DEBUG] [io.netty.util.NetUtil:81]-- /proc/sys/net/core/somaxconn: 128 (non-existent)
[2015-11-10 14:22:24] [INFO ] [io.netty.handler.logging.LoggingHandler:101]-- [id: 0xec09ae03] REGISTERED
[2015-11-10 14:22:24] [INFO ] [io.netty.handler.logging.LoggingHandler:101]-- [id: 0xec09ae03] BIND: 0.0.0.0/0.0.0.0:12345
[2015-11-10 14:22:24] [INFO ] [io.netty.handler.logging.LoggingHandler:101]-- [id: 0xec09ae03, /0:0:0:0:0:0:0:0:12345] ACTIVE
[2015-11-10 14:32:42] [INFO ] [com.avalon.core.AvalonEngine:552]-- /Users/zero/Documents/workspace/ExampleGateServer
[2015-11-10 14:32:43] [INFO ] [com.avalon.component.ComponentRegistryImpl:425]-- Component add componentcom.avalon.io.netty.NettyServer@7770f470
[2015-11-10 14:32:43] [INFO ] [com.avalon.component.ComponentRegistryImpl:425]-- Component add componentcom.avalon.core.AvalonProxy@23348b5d
[2015-11-10 14:32:43] [INFO ] [com.avalon.io.netty.NettyServer:426]-- 初始化Netty 开始
[2015-11-10 14:32:43] [INFO ] [com.avalon.io.netty.NettyServer:458]-- 初始化Netty 线程启动
[2015-11-10 14:32:43] [DEBUG] [io.netty.util.internal.logging.InternalLoggerFactory:71]-- Using SLF4J as the default logging framework
[2015-11-10 14:32:43] [DEBUG] [io.netty.channel.MultithreadEventLoopGroup:76]-- -Dio.netty.eventLoopThreads: 16
[2015-11-10 14:32:43] [DEBUG] [io.netty.util.internal.PlatformDependent0:76]-- java.nio.Buffer.address: available
[2015-11-10 14:32:43] [DEBUG] [io.netty.util.internal.PlatformDependent0:76]-- sun.misc.Unsafe.theUnsafe: available
[2015-11-10 14:32:43] [DEBUG] [io.netty.util.internal.PlatformDependent0:71]-- sun.misc.Unsafe.copyMemory: available
[2015-11-10 14:32:43] [DEBUG] [io.netty.util.internal.PlatformDependent0:76]-- java.nio.Bits.unaligned: true
[2015-11-10 14:32:43] [DEBUG] [io.netty.util.internal.PlatformDependent:76]-- Java version: 8
[2015-11-10 14:32:43] [DEBUG] [io.netty.util.internal.PlatformDependent:76]-- -Dio.netty.noUnsafe: false
[2015-11-10 14:32:43] [DEBUG] [io.netty.util.internal.PlatformDependent:76]-- sun.misc.Unsafe: available
[2015-11-10 14:32:43] [DEBUG] [io.netty.util.internal.PlatformDependent:76]-- -Dio.netty.noJavassist: false
[2015-11-10 14:32:43] [DEBUG] [io.netty.util.internal.PlatformDependent:71]-- Javassist: available
[2015-11-10 14:32:43] [DEBUG] [io.netty.util.internal.PlatformDependent:76]-- -Dio.netty.tmpdir: /var/folders/k1/bfwvf_dd14ggxvb58z56hl6r0000gn/T (java.io.tmpdir)
[2015-11-10 14:32:43] [DEBUG] [io.netty.util.internal.PlatformDependent:76]-- -Dio.netty.bitMode: 64 (sun.arch.data.model)
[2015-11-10 14:32:43] [DEBUG] [io.netty.util.internal.PlatformDependent:76]-- -Dio.netty.noPreferDirect: false
[2015-11-10 14:32:43] [DEBUG] [io.netty.channel.nio.NioEventLoop:76]-- -Dio.netty.noKeySetOptimization: false
[2015-11-10 14:32:43] [DEBUG] [io.netty.channel.nio.NioEventLoop:76]-- -Dio.netty.selectorAutoRebuildThreshold: 512
[2015-11-10 14:32:43] [DEBUG] [io.netty.channel.DefaultChannelId:76]-- -Dio.netty.processId: 986 (auto-detected)
[2015-11-10 14:32:43] [DEBUG] [io.netty.channel.DefaultChannelId:76]-- -Dio.netty.machineId: 10:40:f3:ff:fe:a9:36:64 (auto-detected)
[2015-11-10 14:32:43] [DEBUG] [io.netty.util.internal.ThreadLocalRandom:71]-- -Dio.netty.initialSeedUniquifier: 0xc42eafe0cdd1b861 (took 13 ms)
[2015-11-10 14:32:43] [DEBUG] [io.netty.buffer.PooledByteBufAllocator:76]-- -Dio.netty.allocator.numHeapArenas: 8
[2015-11-10 14:32:43] [DEBUG] [io.netty.buffer.PooledByteBufAllocator:76]-- -Dio.netty.allocator.numDirectArenas: 8
[2015-11-10 14:32:43] [DEBUG] [io.netty.buffer.PooledByteBufAllocator:76]-- -Dio.netty.allocator.pageSize: 8192
[2015-11-10 14:32:43] [DEBUG] [io.netty.buffer.PooledByteBufAllocator:76]-- -Dio.netty.allocator.maxOrder: 11
[2015-11-10 14:32:43] [DEBUG] [io.netty.buffer.PooledByteBufAllocator:76]-- -Dio.netty.allocator.chunkSize: 16777216
[2015-11-10 14:32:43] [DEBUG] [io.netty.buffer.PooledByteBufAllocator:76]-- -Dio.netty.allocator.tinyCacheSize: 512
[2015-11-10 14:32:43] [DEBUG] [io.netty.buffer.PooledByteBufAllocator:76]-- -Dio.netty.allocator.smallCacheSize: 256
[2015-11-10 14:32:43] [DEBUG] [io.netty.buffer.PooledByteBufAllocator:76]-- -Dio.netty.allocator.normalCacheSize: 64
[2015-11-10 14:32:43] [DEBUG] [io.netty.buffer.PooledByteBufAllocator:76]-- -Dio.netty.allocator.maxCachedBufferCapacity: 32768
[2015-11-10 14:32:43] [DEBUG] [io.netty.buffer.PooledByteBufAllocator:76]-- -Dio.netty.allocator.cacheTrimInterval: 8192
[2015-11-10 14:32:43] [DEBUG] [io.netty.buffer.ByteBufUtil:76]-- -Dio.netty.allocator.type: pooled
[2015-11-10 14:32:43] [DEBUG] [io.netty.buffer.ByteBufUtil:76]-- -Dio.netty.threadLocalDirectBufferSize: 65536
[2015-11-10 14:32:43] [DEBUG] [io.netty.util.NetUtil:86]-- Loopback interface: lo0 (lo0, 0:0:0:0:0:0:0:1)
[2015-11-10 14:32:43] [DEBUG] [io.netty.util.NetUtil:81]-- /proc/sys/net/core/somaxconn: 128 (non-existent)
[2015-11-10 14:32:43] [INFO ] [io.netty.handler.logging.LoggingHandler:101]-- [id: 0x57b45745] REGISTERED
[2015-11-10 14:32:43] [INFO ] [io.netty.handler.logging.LoggingHandler:101]-- [id: 0x57b45745] BIND: 0.0.0.0/0.0.0.0:12345
[2015-11-10 14:32:43] [INFO ] [io.netty.handler.logging.LoggingHandler:101]-- [id: 0x57b45745, /0:0:0:0:0:0:0:0:12345] ACTIVE
[2015-11-10 16:06:14] [INFO ] [com.avalon.core.AvalonEngine:552]-- /Users/zero/Documents/workspace/ExampleGateServer
[2015-11-10 16:06:14] [INFO ] [com.avalon.component.ComponentRegistryImpl:425]-- Component add componentcom.avalon.io.netty.NettyServer@7770f470
[2015-11-10 16:06:14] [INFO ] [com.avalon.component.ComponentRegistryImpl:425]-- Component add componentcom.avalon.core.AvalonProxy@23348b5d
[2015-11-10 16:06:14] [INFO ] [com.avalon.io.netty.NettyServer:426]-- 初始化Netty 开始
[2015-11-10 16:06:14] [INFO ] [com.avalon.io.netty.NettyServer:458]-- 初始化Netty 线程启动
[2015-11-10 16:06:14] [DEBUG] [io.netty.util.internal.logging.InternalLoggerFactory:71]-- Using SLF4J as the default logging framework
[2015-11-10 16:06:14] [DEBUG] [io.netty.channel.MultithreadEventLoopGroup:76]-- -Dio.netty.eventLoopThreads: 16
[2015-11-10 16:06:14] [DEBUG] [io.netty.util.internal.PlatformDependent0:76]-- java.nio.Buffer.address: available
[2015-11-10 16:06:14] [DEBUG] [io.netty.util.internal.PlatformDependent0:76]-- sun.misc.Unsafe.theUnsafe: available
[2015-11-10 16:06:14] [DEBUG] [io.netty.util.internal.PlatformDependent0:71]-- sun.misc.Unsafe.copyMemory: available
[2015-11-10 16:06:14] [DEBUG] [io.netty.util.internal.PlatformDependent0:76]-- java.nio.Bits.unaligned: true
[2015-11-10 16:06:14] [DEBUG] [io.netty.util.internal.PlatformDependent:76]-- Java version: 8
[2015-11-10 16:06:14] [DEBUG] [io.netty.util.internal.PlatformDependent:76]-- -Dio.netty.noUnsafe: false
[2015-11-10 16:06:14] [DEBUG] [io.netty.util.internal.PlatformDependent:76]-- sun.misc.Unsafe: available
[2015-11-10 16:06:14] [DEBUG] [io.netty.util.internal.PlatformDependent:76]-- -Dio.netty.noJavassist: false
[2015-11-10 16:06:14] [DEBUG] [io.netty.util.internal.PlatformDependent:71]-- Javassist: available
[2015-11-10 16:06:14] [DEBUG] [io.netty.util.internal.PlatformDependent:76]-- -Dio.netty.tmpdir: /var/folders/k1/bfwvf_dd14ggxvb58z56hl6r0000gn/T (java.io.tmpdir)
[2015-11-10 16:06:14] [DEBUG] [io.netty.util.internal.PlatformDependent:76]-- -Dio.netty.bitMode: 64 (sun.arch.data.model)
[2015-11-10 16:06:14] [DEBUG] [io.netty.util.internal.PlatformDependent:76]-- -Dio.netty.noPreferDirect: false
[2015-11-10 16:06:14] [DEBUG] [io.netty.channel.nio.NioEventLoop:76]-- -Dio.netty.noKeySetOptimization: false
[2015-11-10 16:06:14] [DEBUG] [io.netty.channel.nio.NioEventLoop:76]-- -Dio.netty.selectorAutoRebuildThreshold: 512
[2015-11-10 16:06:14] [DEBUG] [io.netty.channel.DefaultChannelId:76]-- -Dio.netty.processId: 1089 (auto-detected)
[2015-11-10 16:06:14] [DEBUG] [io.netty.channel.DefaultChannelId:76]-- -Dio.netty.machineId: 10:40:f3:ff:fe:a9:36:64 (auto-detected)
[2015-11-10 16:06:14] [DEBUG] [io.netty.util.internal.ThreadLocalRandom:71]-- -Dio.netty.initialSeedUniquifier: 0xe98bd5ab8f357371 (took 13 ms)
[2015-11-10 16:06:14] [DEBUG] [io.netty.buffer.PooledByteBufAllocator:76]-- -Dio.netty.allocator.numHeapArenas: 8
[2015-11-10 16:06:14] [DEBUG] [io.netty.buffer.PooledByteBufAllocator:76]-- -Dio.netty.allocator.numDirectArenas: 8
[2015-11-10 16:06:14] [DEBUG] [io.netty.buffer.PooledByteBufAllocator:76]-- -Dio.netty.allocator.pageSize: 8192
[2015-11-10 16:06:14] [DEBUG] [io.netty.buffer.PooledByteBufAllocator:76]-- -Dio.netty.allocator.maxOrder: 11
[2015-11-10 16:06:14] [DEBUG] [io.netty.buffer.PooledByteBufAllocator:76]-- -Dio.netty.allocator.chunkSize: 16777216
[2015-11-10 16:06:14] [DEBUG] [io.netty.buffer.PooledByteBufAllocator:76]-- -Dio.netty.allocator.tinyCacheSize: 512
[2015-11-10 16:06:14] [DEBUG] [io.netty.buffer.PooledByteBufAllocator:76]-- -Dio.netty.allocator.smallCacheSize: 256
[2015-11-10 16:06:14] [DEBUG] [io.netty.buffer.PooledByteBufAllocator:76]-- -Dio.netty.allocator.normalCacheSize: 64
[2015-11-10 16:06:14] [DEBUG] [io.netty.buffer.PooledByteBufAllocator:76]-- -Dio.netty.allocator.maxCachedBufferCapacity: 32768
[2015-11-10 16:06:14] [DEBUG] [io.netty.buffer.PooledByteBufAllocator:76]-- -Dio.netty.allocator.cacheTrimInterval: 8192
[2015-11-10 16:06:14] [DEBUG] [io.netty.buffer.ByteBufUtil:76]-- -Dio.netty.allocator.type: pooled
[2015-11-10 16:06:14] [DEBUG] [io.netty.buffer.ByteBufUtil:76]-- -Dio.netty.threadLocalDirectBufferSize: 65536
[2015-11-10 16:06:14] [DEBUG] [io.netty.util.NetUtil:86]-- Loopback interface: lo0 (lo0, 0:0:0:0:0:0:0:1)
[2015-11-10 16:06:14] [DEBUG] [io.netty.util.NetUtil:81]-- /proc/sys/net/core/somaxconn: 128 (non-existent)
[2015-11-10 16:06:14] [INFO ] [io.netty.handler.logging.LoggingHandler:101]-- [id: 0x5c9a6a5f] REGISTERED
[2015-11-10 16:06:14] [INFO ] [io.netty.handler.logging.LoggingHandler:101]-- [id: 0x5c9a6a5f] BIND: 0.0.0.0/0.0.0.0:12345
[2015-11-10 16:06:14] [INFO ] [io.netty.handler.logging.LoggingHandler:101]-- [id: 0x5c9a6a5f, /0:0:0:0:0:0:0:0:12345] ACTIVE
[2015-11-10 16:07:33] [INFO ] [com.avalon.core.AvalonEngine:552]-- /Users/zero/Documents/workspace/ExampleGateServer
[2015-11-10 16:07:33] [INFO ] [com.avalon.component.ComponentRegistryImpl:425]-- Component add componentcom.avalon.io.netty.NettyServer@7770f470
[2015-11-10 16:07:33] [INFO ] [com.avalon.component.ComponentRegistryImpl:425]-- Component add componentcom.avalon.core.AvalonProxy@23348b5d
[2015-11-10 16:07:33] [INFO ] [com.avalon.io.netty.NettyServer:426]-- 初始化Netty 开始
[2015-11-10 16:07:33] [INFO ] [com.avalon.io.netty.NettyServer:458]-- 初始化Netty 线程启动
[2015-11-10 16:07:33] [DEBUG] [io.netty.util.internal.logging.InternalLoggerFactory:71]-- Using SLF4J as the default logging framework
[2015-11-10 16:07:33] [DEBUG] [io.netty.channel.MultithreadEventLoopGroup:76]-- -Dio.netty.eventLoopThreads: 16
[2015-11-10 16:07:33] [DEBUG] [io.netty.util.internal.PlatformDependent0:76]-- java.nio.Buffer.address: available
[2015-11-10 16:07:33] [DEBUG] [io.netty.util.internal.PlatformDependent0:76]-- sun.misc.Unsafe.theUnsafe: available
[2015-11-10 16:07:33] [DEBUG] [io.netty.util.internal.PlatformDependent0:71]-- sun.misc.Unsafe.copyMemory: available
[2015-11-10 16:07:33] [DEBUG] [io.netty.util.internal.PlatformDependent0:76]-- java.nio.Bits.unaligned: true
[2015-11-10 16:07:33] [DEBUG] [io.netty.util.internal.PlatformDependent:76]-- Java version: 8
[2015-11-10 16:07:33] [DEBUG] [io.netty.util.internal.PlatformDependent:76]-- -Dio.netty.noUnsafe: false
[2015-11-10 16:07:33] [DEBUG] [io.netty.util.internal.PlatformDependent:76]-- sun.misc.Unsafe: available
[2015-11-10 16:07:33] [DEBUG] [io.netty.util.internal.PlatformDependent:76]-- -Dio.netty.noJavassist: false
[2015-11-10 16:07:33] [DEBUG] [io.netty.util.internal.PlatformDependent:71]-- Javassist: available
[2015-11-10 16:07:33] [DEBUG] [io.netty.util.internal.PlatformDependent:76]-- -Dio.netty.tmpdir: /var/folders/k1/bfwvf_dd14ggxvb58z56hl6r0000gn/T (java.io.tmpdir)
[2015-11-10 16:07:33] [DEBUG] [io.netty.util.internal.PlatformDependent:76]-- -Dio.netty.bitMode: 64 (sun.arch.data.model)
[2015-11-10 16:07:33] [DEBUG] [io.netty.util.internal.PlatformDependent:76]-- -Dio.netty.noPreferDirect: false
[2015-11-10 16:07:33] [DEBUG] [io.netty.channel.nio.NioEventLoop:76]-- -Dio.netty.noKeySetOptimization: false
[2015-11-10 16:07:33] [DEBUG] [io.netty.channel.nio.NioEventLoop:76]-- -Dio.netty.selectorAutoRebuildThreshold: 512
[2015-11-10 16:07:33] [DEBUG] [io.netty.channel.DefaultChannelId:76]-- -Dio.netty.processId: 1090 (auto-detected)
[2015-11-10 16:07:33] [DEBUG] [io.netty.channel.DefaultChannelId:76]-- -Dio.netty.machineId: 10:40:f3:ff:fe:a9:36:64 (auto-detected)
[2015-11-10 16:07:33] [DEBUG] [io.netty.util.internal.ThreadLocalRandom:71]-- -Dio.netty.initialSeedUniquifier: 0x864326005661e200 (took 14 ms)
[2015-11-10 16:07:33] [DEBUG] [io.netty.buffer.PooledByteBufAllocator:76]-- -Dio.netty.allocator.numHeapArenas: 8
[2015-11-10 16:07:33] [DEBUG] [io.netty.buffer.PooledByteBufAllocator:76]-- -Dio.netty.allocator.numDirectArenas: 8
[2015-11-10 16:07:33] [DEBUG] [io.netty.buffer.PooledByteBufAllocator:76]-- -Dio.netty.allocator.pageSize: 8192
[2015-11-10 16:07:33] [DEBUG] [io.netty.buffer.PooledByteBufAllocator:76]-- -Dio.netty.allocator.maxOrder: 11
[2015-11-10 16:07:33] [DEBUG] [io.netty.buffer.PooledByteBufAllocator:76]-- -Dio.netty.allocator.chunkSize: 16777216
[2015-11-10 16:07:33] [DEBUG] [io.netty.buffer.PooledByteBufAllocator:76]-- -Dio.netty.allocator.tinyCacheSize: 512
[2015-11-10 16:07:33] [DEBUG] [io.netty.buffer.PooledByteBufAllocator:76]-- -Dio.netty.allocator.smallCacheSize: 256
[2015-11-10 16:07:33] [DEBUG] [io.netty.buffer.PooledByteBufAllocator:76]-- -Dio.netty.allocator.normalCacheSize: 64
[2015-11-10 16:07:33] [DEBUG] [io.netty.buffer.PooledByteBufAllocator:76]-- -Dio.netty.allocator.maxCachedBufferCapacity: 32768
[2015-11-10 16:07:33] [DEBUG] [io.netty.buffer.PooledByteBufAllocator:76]-- -Dio.netty.allocator.cacheTrimInterval: 8192
[2015-11-10 16:07:33] [DEBUG] [io.netty.buffer.ByteBufUtil:76]-- -Dio.netty.allocator.type: pooled
[2015-11-10 16:07:33] [DEBUG] [io.netty.buffer.ByteBufUtil:76]-- -Dio.netty.threadLocalDirectBufferSize: 65536
[2015-11-10 16:07:33] [DEBUG] [io.netty.util.NetUtil:86]-- Loopback interface: lo0 (lo0, 0:0:0:0:0:0:0:1)
[2015-11-10 16:07:33] [DEBUG] [io.netty.util.NetUtil:81]-- /proc/sys/net/core/somaxconn: 128 (non-existent)
[2015-11-10 16:07:33] [INFO ] [io.netty.handler.logging.LoggingHandler:101]-- [id: 0x3f343ecd] REGISTERED
[2015-11-10 16:07:33] [INFO ] [io.netty.handler.logging.LoggingHandler:101]-- [id: 0x3f343ecd] BIND: 0.0.0.0/0.0.0.0:12345
[2015-11-10 16:07:33] [INFO ] [io.netty.handler.logging.LoggingHandler:101]-- [id: 0x3f343ecd, /0:0:0:0:0:0:0:0:12345] ACTIVE
[2015-11-10 16:09:02] [INFO ] [com.avalon.core.AvalonEngine:552]-- /Users/zero/Documents/workspace/ExampleGateServer
[2015-11-10 16:09:02] [INFO ] [com.avalon.component.ComponentRegistryImpl:425]-- Component add componentcom.avalon.io.netty.NettyServer@7770f470
[2015-11-10 16:09:02] [INFO ] [com.avalon.component.ComponentRegistryImpl:425]-- Component add componentcom.avalon.core.AvalonProxy@2df3b89c
[2015-11-10 16:09:02] [INFO ] [com.avalon.io.netty.NettyServer:426]-- 初始化Netty 开始
[2015-11-10 16:09:02] [INFO ] [com.avalon.io.netty.NettyServer:458]-- 初始化Netty 线程启动
[2015-11-10 16:09:03] [DEBUG] [io.netty.util.internal.logging.InternalLoggerFactory:71]-- Using SLF4J as the default logging framework
[2015-11-10 16:09:03] [DEBUG] [io.netty.channel.MultithreadEventLoopGroup:76]-- -Dio.netty.eventLoopThreads: 16
[2015-11-10 16:09:03] [DEBUG] [io.netty.util.internal.PlatformDependent0:76]-- java.nio.Buffer.address: available
[2015-11-10 16:09:03] [DEBUG] [io.netty.util.internal.PlatformDependent0:76]-- sun.misc.Unsafe.theUnsafe: available
[2015-11-10 16:09:03] [DEBUG] [io.netty.util.internal.PlatformDependent0:71]-- sun.misc.Unsafe.copyMemory: available
[2015-11-10 16:09:03] [DEBUG] [io.netty.util.internal.PlatformDependent0:76]-- java.nio.Bits.unaligned: true
[2015-11-10 16:09:03] [DEBUG] [io.netty.util.internal.PlatformDependent:76]-- Java version: 8
[2015-11-10 16:09:03] [DEBUG] [io.netty.util.internal.PlatformDependent:76]-- -Dio.netty.noUnsafe: false
[2015-11-10 16:09:03] [DEBUG] [io.netty.util.internal.PlatformDependent:76]-- sun.misc.Unsafe: available
[2015-11-10 16:09:03] [DEBUG] [io.netty.util.internal.PlatformDependent:76]-- -Dio.netty.noJavassist: false
[2015-11-10 16:09:03] [DEBUG] [io.netty.util.internal.PlatformDependent:71]-- Javassist: available
[2015-11-10 16:09:03] [DEBUG] [io.netty.util.internal.PlatformDependent:76]-- -Dio.netty.tmpdir: /var/folders/k1/bfwvf_dd14ggxvb58z56hl6r0000gn/T (java.io.tmpdir)
[2015-11-10 16:09:03] [DEBUG] [io.netty.util.internal.PlatformDependent:76]-- -Dio.netty.bitMode: 64 (sun.arch.data.model)
[2015-11-10 16:09:03] [DEBUG] [io.netty.util.internal.PlatformDependent:76]-- -Dio.netty.noPreferDirect: false
[2015-11-10 16:09:03] [DEBUG] [io.netty.channel.nio.NioEventLoop:76]-- -Dio.netty.noKeySetOptimization: false
[2015-11-10 16:09:03] [DEBUG] [io.netty.channel.nio.NioEventLoop:76]-- -Dio.netty.selectorAutoRebuildThreshold: 512
[2015-11-10 16:09:03] [DEBUG] [io.netty.channel.DefaultChannelId:76]-- -Dio.netty.processId: 1091 (auto-detected)
[2015-11-10 16:09:03] [DEBUG] [io.netty.channel.DefaultChannelId:76]-- -Dio.netty.machineId: 10:40:f3:ff:fe:a9:36:64 (auto-detected)
[2015-11-10 16:09:03] [DEBUG] [io.netty.util.internal.ThreadLocalRandom:71]-- -Dio.netty.initialSeedUniquifier: 0x0717cfd2f97f7385 (took 11 ms)
[2015-11-10 16:09:03] [DEBUG] [io.netty.buffer.PooledByteBufAllocator:76]-- -Dio.netty.allocator.numHeapArenas: 8
[2015-11-10 16:09:03] [DEBUG] [io.netty.buffer.PooledByteBufAllocator:76]-- -Dio.netty.allocator.numDirectArenas: 8
[2015-11-10 16:09:03] [DEBUG] [io.netty.buffer.PooledByteBufAllocator:76]-- -Dio.netty.allocator.pageSize: 8192
[2015-11-10 16:09:03] [DEBUG] [io.netty.buffer.PooledByteBufAllocator:76]-- -Dio.netty.allocator.maxOrder: 11
[2015-11-10 16:09:03] [DEBUG] [io.netty.buffer.PooledByteBufAllocator:76]-- -Dio.netty.allocator.chunkSize: 16777216
[2015-11-10 16:09:03] [DEBUG] [io.netty.buffer.PooledByteBufAllocator:76]-- -Dio.netty.allocator.tinyCacheSize: 512
[2015-11-10 16:09:03] [DEBUG] [io.netty.buffer.PooledByteBufAllocator:76]-- -Dio.netty.allocator.smallCacheSize: 256
[2015-11-10 16:09:03] [DEBUG] [io.netty.buffer.PooledByteBufAllocator:76]-- -Dio.netty.allocator.normalCacheSize: 64
[2015-11-10 16:09:03] [DEBUG] [io.netty.buffer.PooledByteBufAllocator:76]-- -Dio.netty.allocator.maxCachedBufferCapacity: 32768
[2015-11-10 16:09:03] [DEBUG] [io.netty.buffer.PooledByteBufAllocator:76]-- -Dio.netty.allocator.cacheTrimInterval: 8192
[2015-11-10 16:09:03] [DEBUG] [io.netty.buffer.ByteBufUtil:76]-- -Dio.netty.allocator.type: pooled
[2015-11-10 16:09:03] [DEBUG] [io.netty.buffer.ByteBufUtil:76]-- -Dio.netty.threadLocalDirectBufferSize: 65536
[2015-11-10 16:09:03] [DEBUG] [io.netty.util.NetUtil:86]-- Loopback interface: lo0 (lo0, 0:0:0:0:0:0:0:1)
[2015-11-10 16:09:03] [DEBUG] [io.netty.util.NetUtil:81]-- /proc/sys/net/core/somaxconn: 128 (non-existent)
[2015-11-10 16:09:03] [INFO ] [io.netty.handler.logging.LoggingHandler:101]-- [id: 0xc0829a45] REGISTERED
[2015-11-10 16:09:03] [INFO ] [io.netty.handler.logging.LoggingHandler:101]-- [id: 0xc0829a45] BIND: 0.0.0.0/0.0.0.0:12345
[2015-11-10 16:09:03] [INFO ] [io.netty.handler.logging.LoggingHandler:101]-- [id: 0xc0829a45, /0:0:0:0:0:0:0:0:12345] ACTIVE
[2015-11-10 16:25:24] [INFO ] [com.avalon.core.AvalonEngine:552]-- /Users/zero/Documents/workspace/ExampleGateServer
[2015-11-10 16:25:24] [INFO ] [com.avalon.component.ComponentRegistryImpl:425]-- Component add componentcom.avalon.io.netty.NettyServer@7770f470
[2015-11-10 16:25:24] [INFO ] [com.avalon.component.ComponentRegistryImpl:425]-- Component add componentcom.avalon.core.AvalonProxy@2df3b89c
[2015-11-10 16:25:24] [INFO ] [com.avalon.io.netty.NettyServer:426]-- 初始化Netty 开始
[2015-11-10 16:25:24] [INFO ] [com.avalon.io.netty.NettyServer:458]-- 初始化Netty 线程启动
[2015-11-10 16:25:24] [DEBUG] [io.netty.util.internal.logging.InternalLoggerFactory:71]-- Using SLF4J as the default logging framework
[2015-11-10 16:25:24] [DEBUG] [io.netty.channel.MultithreadEventLoopGroup:76]-- -Dio.netty.eventLoopThreads: 16
[2015-11-10 16:25:24] [DEBUG] [io.netty.util.internal.PlatformDependent0:76]-- java.nio.Buffer.address: available
[2015-11-10 16:25:24] [DEBUG] [io.netty.util.internal.PlatformDependent0:76]-- sun.misc.Unsafe.theUnsafe: available
[2015-11-10 16:25:24] [DEBUG] [io.netty.util.internal.PlatformDependent0:71]-- sun.misc.Unsafe.copyMemory: available
[2015-11-10 16:25:24] [DEBUG] [io.netty.util.internal.PlatformDependent0:76]-- java.nio.Bits.unaligned: true
[2015-11-10 16:25:24] [DEBUG] [io.netty.util.internal.PlatformDependent:76]-- Java version: 8
[2015-11-10 16:25:24] [DEBUG] [io.netty.util.internal.PlatformDependent:76]-- -Dio.netty.noUnsafe: false
[2015-11-10 16:25:24] [DEBUG] [io.netty.util.internal.PlatformDependent:76]-- sun.misc.Unsafe: available
[2015-11-10 16:25:24] [DEBUG] [io.netty.util.internal.PlatformDependent:76]-- -Dio.netty.noJavassist: false
[2015-11-10 16:25:25] [DEBUG] [io.netty.util.internal.PlatformDependent:71]-- Javassist: available
[2015-11-10 16:25:25] [DEBUG] [io.netty.util.internal.PlatformDependent:76]-- -Dio.netty.tmpdir: /var/folders/k1/bfwvf_dd14ggxvb58z56hl6r0000gn/T (java.io.tmpdir)
[2015-11-10 16:25:25] [DEBUG] [io.netty.util.internal.PlatformDependent:76]-- -Dio.netty.bitMode: 64 (sun.arch.data.model)
[2015-11-10 16:25:25] [DEBUG] [io.netty.util.internal.PlatformDependent:76]-- -Dio.netty.noPreferDirect: false
[2015-11-10 16:25:25] [DEBUG] [io.netty.channel.nio.NioEventLoop:76]-- -Dio.netty.noKeySetOptimization: false
[2015-11-10 16:25:25] [DEBUG] [io.netty.channel.nio.NioEventLoop:76]-- -Dio.netty.selectorAutoRebuildThreshold: 512
[2015-11-10 16:25:25] [DEBUG] [io.netty.channel.DefaultChannelId:76]-- -Dio.netty.processId: 1103 (auto-detected)
[2015-11-10 16:25:25] [DEBUG] [io.netty.channel.DefaultChannelId:76]-- -Dio.netty.machineId: 10:40:f3:ff:fe:a9:36:64 (auto-detected)
[2015-11-10 16:25:25] [DEBUG] [io.netty.util.internal.ThreadLocalRandom:71]-- -Dio.netty.initialSeedUniquifier: 0x8969430aac3a4ae3 (took 13 ms)
[2015-11-10 16:25:25] [DEBUG] [io.netty.buffer.PooledByteBufAllocator:76]-- -Dio.netty.allocator.numHeapArenas: 8
[2015-11-10 16:25:25] [DEBUG] [io.netty.buffer.PooledByteBufAllocator:76]-- -Dio.netty.allocator.numDirectArenas: 8
[2015-11-10 16:25:25] [DEBUG] [io.netty.buffer.PooledByteBufAllocator:76]-- -Dio.netty.allocator.pageSize: 8192
[2015-11-10 16:25:25] [DEBUG] [io.netty.buffer.PooledByteBufAllocator:76]-- -Dio.netty.allocator.maxOrder: 11
[2015-11-10 16:25:25] [DEBUG] [io.netty.buffer.PooledByteBufAllocator:76]-- -Dio.netty.allocator.chunkSize: 16777216
[2015-11-10 16:25:25] [DEBUG] [io.netty.buffer.PooledByteBufAllocator:76]-- -Dio.netty.allocator.tinyCacheSize: 512
[2015-11-10 16:25:25] [DEBUG] [io.netty.buffer.PooledByteBufAllocator:76]-- -Dio.netty.allocator.smallCacheSize: 256
[2015-11-10 16:25:25] [DEBUG] [io.netty.buffer.PooledByteBufAllocator:76]-- -Dio.netty.allocator.normalCacheSize: 64
[2015-11-10 16:25:25] [DEBUG] [io.netty.buffer.PooledByteBufAllocator:76]-- -Dio.netty.allocator.maxCachedBufferCapacity: 32768
[2015-11-10 16:25:25] [DEBUG] [io.netty.buffer.PooledByteBufAllocator:76]-- -Dio.netty.allocator.cacheTrimInterval: 8192
[2015-11-10 16:25:25] [DEBUG] [io.netty.buffer.ByteBufUtil:76]-- -Dio.netty.allocator.type: pooled
[2015-11-10 16:25:25] [DEBUG] [io.netty.buffer.ByteBufUtil:76]-- -Dio.netty.threadLocalDirectBufferSize: 65536
[2015-11-10 16:25:25] [DEBUG] [io.netty.util.NetUtil:86]-- Loopback interface: lo0 (lo0, 0:0:0:0:0:0:0:1)
[2015-11-10 16:25:25] [DEBUG] [io.netty.util.NetUtil:81]-- /proc/sys/net/core/somaxconn: 128 (non-existent)
[2015-11-10 16:25:25] [INFO ] [io.netty.handler.logging.LoggingHandler:101]-- [id: 0x826da401] REGISTERED
[2015-11-10 16:25:25] [INFO ] [io.netty.handler.logging.LoggingHandler:101]-- [id: 0x826da401] BIND: 0.0.0.0/0.0.0.0:12345
[2015-11-10 16:25:25] [INFO ] [io.netty.handler.logging.LoggingHandler:101]-- [id: 0x826da401, /0:0:0:0:0:0:0:0:12345] ACTIVE
[2015-11-10 16:32:52] [INFO ] [com.avalon.core.AvalonEngine:551]-- /Users/zero/Documents/workspace/ExampleGateServer
[2015-11-10 16:32:52] [INFO ] [com.avalon.component.ComponentRegistryImpl:425]-- Component add componentcom.avalon.io.netty.NettyServer@d35dea7
[2015-11-10 16:32:52] [INFO ] [com.avalon.component.ComponentRegistryImpl:425]-- Component add componentcom.avalon.core.AvalonProxy@7c9d8e2
[2015-11-10 16:32:52] [INFO ] [com.avalon.io.netty.NettyServer:426]-- 初始化Netty 开始
[2015-11-10 16:32:52] [INFO ] [com.avalon.io.netty.NettyServer:458]-- 初始化Netty 线程启动
[2015-11-10 16:32:52] [DEBUG] [io.netty.util.internal.logging.InternalLoggerFactory:71]-- Using SLF4J as the default logging framework
[2015-11-10 16:32:52] [DEBUG] [io.netty.channel.MultithreadEventLoopGroup:76]-- -Dio.netty.eventLoopThreads: 16
[2015-11-10 16:32:52] [DEBUG] [io.netty.util.internal.PlatformDependent0:76]-- java.nio.Buffer.address: available
[2015-11-10 16:32:52] [DEBUG] [io.netty.util.internal.PlatformDependent0:76]-- sun.misc.Unsafe.theUnsafe: available
[2015-11-10 16:32:52] [DEBUG] [io.netty.util.internal.PlatformDependent0:71]-- sun.misc.Unsafe.copyMemory: available
[2015-11-10 16:32:52] [DEBUG] [io.netty.util.internal.PlatformDependent0:76]-- java.nio.Bits.unaligned: true
[2015-11-10 16:32:52] [DEBUG] [io.netty.util.internal.PlatformDependent:76]-- Java version: 8
[2015-11-10 16:32:52] [DEBUG] [io.netty.util.internal.PlatformDependent:76]-- -Dio.netty.noUnsafe: false
[2015-11-10 16:32:52] [DEBUG] [io.netty.util.internal.PlatformDependent:76]-- sun.misc.Unsafe: available
[2015-11-10 16:32:52] [DEBUG] [io.netty.util.internal.PlatformDependent:76]-- -Dio.netty.noJavassist: false
[2015-11-10 16:32:52] [DEBUG] [io.netty.util.internal.PlatformDependent:71]-- Javassist: available
[2015-11-10 16:32:52] [DEBUG] [io.netty.util.internal.PlatformDependent:76]-- -Dio.netty.tmpdir: /var/folders/k1/bfwvf_dd14ggxvb58z56hl6r0000gn/T (java.io.tmpdir)
[2015-11-10 16:32:52] [DEBUG] [io.netty.util.internal.PlatformDependent:76]-- -Dio.netty.bitMode: 64 (sun.arch.data.model)
[2015-11-10 16:32:52] [DEBUG] [io.netty.util.internal.PlatformDependent:76]-- -Dio.netty.noPreferDirect: false
[2015-11-10 16:32:52] [DEBUG] [io.netty.channel.nio.NioEventLoop:76]-- -Dio.netty.noKeySetOptimization: false
[2015-11-10 16:32:52] [DEBUG] [io.netty.channel.nio.NioEventLoop:76]-- -Dio.netty.selectorAutoRebuildThreshold: 512
[2015-11-10 16:32:52] [DEBUG] [io.netty.channel.DefaultChannelId:76]-- -Dio.netty.processId: 1112 (auto-detected)
[2015-11-10 16:32:52] [DEBUG] [io.netty.channel.DefaultChannelId:76]-- -Dio.netty.machineId: 10:40:f3:ff:fe:a9:36:64 (auto-detected)
[2015-11-10 16:32:52] [DEBUG] [io.netty.util.internal.ThreadLocalRandom:71]-- -Dio.netty.initialSeedUniquifier: 0x49c80546f46e7b27 (took 12 ms)
[2015-11-10 16:32:52] [DEBUG] [io.netty.buffer.PooledByteBufAllocator:76]-- -Dio.netty.allocator.numHeapArenas: 8
[2015-11-10 16:32:52] [DEBUG] [io.netty.buffer.PooledByteBufAllocator:76]-- -Dio.netty.allocator.numDirectArenas: 8
[2015-11-10 16:32:52] [DEBUG] [io.netty.buffer.PooledByteBufAllocator:76]-- -Dio.netty.allocator.pageSize: 8192
[2015-11-10 16:32:52] [DEBUG] [io.netty.buffer.PooledByteBufAllocator:76]-- -Dio.netty.allocator.maxOrder: 11
[2015-11-10 16:32:52] [DEBUG] [io.netty.buffer.PooledByteBufAllocator:76]-- -Dio.netty.allocator.chunkSize: 16777216
[2015-11-10 16:32:52] [DEBUG] [io.netty.buffer.PooledByteBufAllocator:76]-- -Dio.netty.allocator.tinyCacheSize: 512
[2015-11-10 16:32:52] [DEBUG] [io.netty.buffer.PooledByteBufAllocator:76]-- -Dio.netty.allocator.smallCacheSize: 256
[2015-11-10 16:32:52] [DEBUG] [io.netty.buffer.PooledByteBufAllocator:76]-- -Dio.netty.allocator.normalCacheSize: 64
[2015-11-10 16:32:52] [DEBUG] [io.netty.buffer.PooledByteBufAllocator:76]-- -Dio.netty.allocator.maxCachedBufferCapacity: 32768
[2015-11-10 16:32:52] [DEBUG] [io.netty.buffer.PooledByteBufAllocator:76]-- -Dio.netty.allocator.cacheTrimInterval: 8192
[2015-11-10 16:32:52] [DEBUG] [io.netty.buffer.ByteBufUtil:76]-- -Dio.netty.allocator.type: pooled
[2015-11-10 16:32:52] [DEBUG] [io.netty.buffer.ByteBufUtil:76]-- -Dio.netty.threadLocalDirectBufferSize: 65536
[2015-11-10 16:32:52] [DEBUG] [io.netty.util.NetUtil:86]-- Loopback interface: lo0 (lo0, 0:0:0:0:0:0:0:1)
[2015-11-10 16:32:52] [DEBUG] [io.netty.util.NetUtil:81]-- /proc/sys/net/core/somaxconn: 128 (non-existent)
[2015-11-10 16:32:52] [INFO ] [io.netty.handler.logging.LoggingHandler:101]-- [id: 0x82ee214e] REGISTERED
[2015-11-10 16:32:52] [INFO ] [io.netty.handler.logging.LoggingHandler:101]-- [id: 0x82ee214e] BIND: 0.0.0.0/0.0.0.0:12345
[2015-11-10 16:32:52] [INFO ] [io.netty.handler.logging.LoggingHandler:101]-- [id: 0x82ee214e, /0:0:0:0:0:0:0:0:12345] ACTIVE
[2015-11-10 16:37:31] [INFO ] [com.avalon.core.AvalonEngine:551]-- /Users/zero/Documents/workspace/ExampleGateServer
[2015-11-10 16:37:31] [INFO ] [com.avalon.component.ComponentRegistryImpl:425]-- Component add componentcom.avalon.io.netty.NettyServer@d35dea7
[2015-11-10 16:37:31] [INFO ] [com.avalon.component.ComponentRegistryImpl:425]-- Component add componentcom.avalon.core.AvalonProxy@70325e14
[2015-11-10 16:37:31] [INFO ] [com.avalon.io.netty.NettyServer:426]-- 初始化Netty 开始
[2015-11-10 16:37:31] [INFO ] [com.avalon.io.netty.NettyServer:458]-- 初始化Netty 线程启动
[2015-11-10 16:37:31] [DEBUG] [io.netty.util.internal.logging.InternalLoggerFactory:71]-- Using SLF4J as the default logging framework
[2015-11-10 16:37:31] [DEBUG] [io.netty.channel.MultithreadEventLoopGroup:76]-- -Dio.netty.eventLoopThreads: 16
[2015-11-10 16:37:31] [DEBUG] [io.netty.util.internal.PlatformDependent0:76]-- java.nio.Buffer.address: available
[2015-11-10 16:37:31] [DEBUG] [io.netty.util.internal.PlatformDependent0:76]-- sun.misc.Unsafe.theUnsafe: available
[2015-11-10 16:37:31] [DEBUG] [io.netty.util.internal.PlatformDependent0:71]-- sun.misc.Unsafe.copyMemory: available
[2015-11-10 16:37:31] [DEBUG] [io.netty.util.internal.PlatformDependent0:76]-- java.nio.Bits.unaligned: true
[2015-11-10 16:37:31] [DEBUG] [io.netty.util.internal.PlatformDependent:76]-- Java version: 8
[2015-11-10 16:37:31] [DEBUG] [io.netty.util.internal.PlatformDependent:76]-- -Dio.netty.noUnsafe: false
[2015-11-10 16:37:31] [DEBUG] [io.netty.util.internal.PlatformDependent:76]-- sun.misc.Unsafe: available
[2015-11-10 16:37:31] [DEBUG] [io.netty.util.internal.PlatformDependent:76]-- -Dio.netty.noJavassist: false
[2015-11-10 16:37:31] [DEBUG] [io.netty.util.internal.PlatformDependent:71]-- Javassist: available
[2015-11-10 16:37:31] [DEBUG] [io.netty.util.internal.PlatformDependent:76]-- -Dio.netty.tmpdir: /var/folders/k1/bfwvf_dd14ggxvb58z56hl6r0000gn/T (java.io.tmpdir)
[2015-11-10 16:37:31] [DEBUG] [io.netty.util.internal.PlatformDependent:76]-- -Dio.netty.bitMode: 64 (sun.arch.data.model)
[2015-11-10 16:37:31] [DEBUG] [io.netty.util.internal.PlatformDependent:76]-- -Dio.netty.noPreferDirect: false
[2015-11-10 16:37:31] [DEBUG] [io.netty.channel.nio.NioEventLoop:76]-- -Dio.netty.noKeySetOptimization: false
[2015-11-10 16:37:31] [DEBUG] [io.netty.channel.nio.NioEventLoop:76]-- -Dio.netty.selectorAutoRebuildThreshold: 512
[2015-11-10 16:37:31] [DEBUG] [io.netty.channel.DefaultChannelId:76]-- -Dio.netty.processId: 1121 (auto-detected)
[2015-11-10 16:37:31] [DEBUG] [io.netty.channel.DefaultChannelId:76]-- -Dio.netty.machineId: 10:40:f3:ff:fe:a9:36:64 (auto-detected)
[2015-11-10 16:37:31] [DEBUG] [io.netty.util.internal.ThreadLocalRandom:71]-- -Dio.netty.initialSeedUniquifier: 0xa903bcf6817a0faf (took 14 ms)
[2015-11-10 16:37:31] [DEBUG] [io.netty.buffer.PooledByteBufAllocator:76]-- -Dio.netty.allocator.numHeapArenas: 8
[2015-11-10 16:37:31] [DEBUG] [io.netty.buffer.PooledByteBufAllocator:76]-- -Dio.netty.allocator.numDirectArenas: 8
[2015-11-10 16:37:31] [DEBUG] [io.netty.buffer.PooledByteBufAllocator:76]-- -Dio.netty.allocator.pageSize: 8192
[2015-11-10 16:37:31] [DEBUG] [io.netty.buffer.PooledByteBufAllocator:76]-- -Dio.netty.allocator.maxOrder: 11
[2015-11-10 16:37:31] [DEBUG] [io.netty.buffer.PooledByteBufAllocator:76]-- -Dio.netty.allocator.chunkSize: 16777216
[2015-11-10 16:37:31] [DEBUG] [io.netty.buffer.PooledByteBufAllocator:76]-- -Dio.netty.allocator.tinyCacheSize: 512
[2015-11-10 16:37:31] [DEBUG] [io.netty.buffer.PooledByteBufAllocator:76]-- -Dio.netty.allocator.smallCacheSize: 256
[2015-11-10 16:37:31] [DEBUG] [io.netty.buffer.PooledByteBufAllocator:76]-- -Dio.netty.allocator.normalCacheSize: 64
[2015-11-10 16:37:31] [DEBUG] [io.netty.buffer.PooledByteBufAllocator:76]-- -Dio.netty.allocator.maxCachedBufferCapacity: 32768
[2015-11-10 16:37:31] [DEBUG] [io.netty.buffer.PooledByteBufAllocator:76]-- -Dio.netty.allocator.cacheTrimInterval: 8192
[2015-11-10 16:37:31] [DEBUG] [io.netty.buffer.ByteBufUtil:76]-- -Dio.netty.allocator.type: pooled
[2015-11-10 16:37:31] [DEBUG] [io.netty.buffer.ByteBufUtil:76]-- -Dio.netty.threadLocalDirectBufferSize: 65536
[2015-11-10 16:37:31] [DEBUG] [io.netty.util.NetUtil:86]-- Loopback interface: lo0 (lo0, 0:0:0:0:0:0:0:1)
[2015-11-10 16:37:31] [DEBUG] [io.netty.util.NetUtil:81]-- /proc/sys/net/core/somaxconn: 128 (non-existent)
[2015-11-10 16:37:31] [INFO ] [io.netty.handler.logging.LoggingHandler:101]-- [id: 0xa94649e4] REGISTERED
[2015-11-10 16:37:31] [INFO ] [io.netty.handler.logging.LoggingHandler:101]-- [id: 0xa94649e4] BIND: 0.0.0.0/0.0.0.0:12345
[2015-11-10 16:37:31] [INFO ] [io.netty.handler.logging.LoggingHandler:101]-- [id: 0xa94649e4, /0:0:0:0:0:0:0:0:12345] ACTIVE
[2015-11-10 16:39:08] [INFO ] [com.avalon.core.AvalonEngine:551]-- /Users/zero/Documents/workspace/ExampleGateServer
[2015-11-10 16:39:08] [INFO ] [com.avalon.component.ComponentRegistryImpl:425]-- Component add componentcom.avalon.io.netty.NettyServer@d35dea7
[2015-11-10 16:39:08] [INFO ] [com.avalon.component.ComponentRegistryImpl:425]-- Component add componentcom.avalon.core.AvalonProxy@70325e14
[2015-11-10 16:39:08] [INFO ] [com.avalon.io.netty.NettyServer:426]-- 初始化Netty 开始
[2015-11-10 16:39:08] [INFO ] [com.avalon.io.netty.NettyServer:458]-- 初始化Netty 线程启动
[2015-11-10 16:39:08] [DEBUG] [io.netty.util.internal.logging.InternalLoggerFactory:71]-- Using SLF4J as the default logging framework
[2015-11-10 16:39:08] [DEBUG] [io.netty.channel.MultithreadEventLoopGroup:76]-- -Dio.netty.eventLoopThreads: 16
[2015-11-10 16:39:08] [DEBUG] [io.netty.util.internal.PlatformDependent0:76]-- java.nio.Buffer.address: available
[2015-11-10 16:39:08] [DEBUG] [io.netty.util.internal.PlatformDependent0:76]-- sun.misc.Unsafe.theUnsafe: available
[2015-11-10 16:39:08] [DEBUG] [io.netty.util.internal.PlatformDependent0:71]-- sun.misc.Unsafe.copyMemory: available
[2015-11-10 16:39:08] [DEBUG] [io.netty.util.internal.PlatformDependent0:76]-- java.nio.Bits.unaligned: true
[2015-11-10 16:39:08] [DEBUG] [io.netty.util.internal.PlatformDependent:76]-- Java version: 8
[2015-11-10 16:39:08] [DEBUG] [io.netty.util.internal.PlatformDependent:76]-- -Dio.netty.noUnsafe: false
[2015-11-10 16:39:08] [DEBUG] [io.netty.util.internal.PlatformDependent:76]-- sun.misc.Unsafe: available
[2015-11-10 16:39:08] [DEBUG] [io.netty.util.internal.PlatformDependent:76]-- -Dio.netty.noJavassist: false
[2015-11-10 16:39:08] [DEBUG] [io.netty.util.internal.PlatformDependent:71]-- Javassist: available
[2015-11-10 16:39:08] [DEBUG] [io.netty.util.internal.PlatformDependent:76]-- -Dio.netty.tmpdir: /var/folders/k1/bfwvf_dd14ggxvb58z56hl6r0000gn/T (java.io.tmpdir)
[2015-11-10 16:39:08] [DEBUG] [io.netty.util.internal.PlatformDependent:76]-- -Dio.netty.bitMode: 64 (sun.arch.data.model)
[2015-11-10 16:39:08] [DEBUG] [io.netty.util.internal.PlatformDependent:76]-- -Dio.netty.noPreferDirect: false
[2015-11-10 16:39:08] [DEBUG] [io.netty.channel.nio.NioEventLoop:76]-- -Dio.netty.noKeySetOptimization: false
[2015-11-10 16:39:08] [DEBUG] [io.netty.channel.nio.NioEventLoop:76]-- -Dio.netty.selectorAutoRebuildThreshold: 512
[2015-11-10 16:39:08] [DEBUG] [io.netty.channel.DefaultChannelId:76]-- -Dio.netty.processId: 1122 (auto-detected)
[2015-11-10 16:39:08] [DEBUG] [io.netty.channel.DefaultChannelId:76]-- -Dio.netty.machineId: 10:40:f3:ff:fe:a9:36:64 (auto-detected)
[2015-11-10 16:39:08] [DEBUG] [io.netty.util.internal.ThreadLocalRandom:71]-- -Dio.netty.initialSeedUniquifier: 0x81da697437e4ca2d (took 12 ms)
[2015-11-10 16:39:08] [DEBUG] [io.netty.buffer.PooledByteBufAllocator:76]-- -Dio.netty.allocator.numHeapArenas: 8
[2015-11-10 16:39:08] [DEBUG] [io.netty.buffer.PooledByteBufAllocator:76]-- -Dio.netty.allocator.numDirectArenas: 8
[2015-11-10 16:39:08] [DEBUG] [io.netty.buffer.PooledByteBufAllocator:76]-- -Dio.netty.allocator.pageSize: 8192
[2015-11-10 16:39:08] [DEBUG] [io.netty.buffer.PooledByteBufAllocator:76]-- -Dio.netty.allocator.maxOrder: 11
[2015-11-10 16:39:08] [DEBUG] [io.netty.buffer.PooledByteBufAllocator:76]-- -Dio.netty.allocator.chunkSize: 16777216
[2015-11-10 16:39:08] [DEBUG] [io.netty.buffer.PooledByteBufAllocator:76]-- -Dio.netty.allocator.tinyCacheSize: 512
[2015-11-10 16:39:08] [DEBUG] [io.netty.buffer.PooledByteBufAllocator:76]-- -Dio.netty.allocator.smallCacheSize: 256
[2015-11-10 16:39:08] [DEBUG] [io.netty.buffer.PooledByteBufAllocator:76]-- -Dio.netty.allocator.normalCacheSize: 64
[2015-11-10 16:39:08] [DEBUG] [io.netty.buffer.PooledByteBufAllocator:76]-- -Dio.netty.allocator.maxCachedBufferCapacity: 32768
[2015-11-10 16:39:08] [DEBUG] [io.netty.buffer.PooledByteBufAllocator:76]-- -Dio.netty.allocator.cacheTrimInterval: 8192
[2015-11-10 16:39:08] [DEBUG] [io.netty.buffer.ByteBufUtil:76]-- -Dio.netty.allocator.type: pooled
[2015-11-10 16:39:08] [DEBUG] [io.netty.buffer.ByteBufUtil:76]-- -Dio.netty.threadLocalDirectBufferSize: 65536
[2015-11-10 16:39:08] [DEBUG] [io.netty.util.NetUtil:86]-- Loopback interface: lo0 (lo0, 0:0:0:0:0:0:0:1)
[2015-11-10 16:39:08] [DEBUG] [io.netty.util.NetUtil:81]-- /proc/sys/net/core/somaxconn: 128 (non-existent)
[2015-11-10 16:39:08] [INFO ] [io.netty.handler.logging.LoggingHandler:101]-- [id: 0x9ff917dd] REGISTERED
[2015-11-10 16:39:08] [INFO ] [io.netty.handler.logging.LoggingHandler:101]-- [id: 0x9ff917dd] BIND: 0.0.0.0/0.0.0.0:12345
[2015-11-10 16:39:08] [INFO ] [io.netty.handler.logging.LoggingHandler:101]-- [id: 0x9ff917dd, /0:0:0:0:0:0:0:0:12345] ACTIVE
[2015-11-10 16:39:18] [INFO ] [com.avalon.core.AvalonEngine:551]-- /Users/zero/Documents/workspace/ExampleGateServer
[2015-11-10 16:39:18] [INFO ] [com.avalon.component.ComponentRegistryImpl:425]-- Component add componentcom.avalon.io.netty.NettyServer@d35dea7
[2015-11-10 16:39:18] [INFO ] [com.avalon.component.ComponentRegistryImpl:425]-- Component add componentcom.avalon.core.AvalonProxy@70325e14
[2015-11-10 16:39:18] [INFO ] [com.avalon.io.netty.NettyServer:426]-- 初始化Netty 开始
[2015-11-10 16:39:18] [INFO ] [com.avalon.io.netty.NettyServer:458]-- 初始化Netty 线程启动
[2015-11-10 16:39:18] [DEBUG] [io.netty.util.internal.logging.InternalLoggerFactory:71]-- Using SLF4J as the default logging framework
[2015-11-10 16:39:18] [DEBUG] [io.netty.channel.MultithreadEventLoopGroup:76]-- -Dio.netty.eventLoopThreads: 16
[2015-11-10 16:39:18] [DEBUG] [io.netty.util.internal.PlatformDependent0:76]-- java.nio.Buffer.address: available
[2015-11-10 16:39:18] [DEBUG] [io.netty.util.internal.PlatformDependent0:76]-- sun.misc.Unsafe.theUnsafe: available
[2015-11-10 16:39:18] [DEBUG] [io.netty.util.internal.PlatformDependent0:71]-- sun.misc.Unsafe.copyMemory: available
[2015-11-10 16:39:18] [DEBUG] [io.netty.util.internal.PlatformDependent0:76]-- java.nio.Bits.unaligned: true
[2015-11-10 16:39:18] [DEBUG] [io.netty.util.internal.PlatformDependent:76]-- Java version: 8
[2015-11-10 16:39:18] [DEBUG] [io.netty.util.internal.PlatformDependent:76]-- -Dio.netty.noUnsafe: false
[2015-11-10 16:39:18] [DEBUG] [io.netty.util.internal.PlatformDependent:76]-- sun.misc.Unsafe: available
[2015-11-10 16:39:18] [DEBUG] [io.netty.util.internal.PlatformDependent:76]-- -Dio.netty.noJavassist: false
[2015-11-10 16:39:18] [DEBUG] [io.netty.util.internal.PlatformDependent:71]-- Javassist: available
[2015-11-10 16:39:18] [DEBUG] [io.netty.util.internal.PlatformDependent:76]-- -Dio.netty.tmpdir: /var/folders/k1/bfwvf_dd14ggxvb58z56hl6r0000gn/T (java.io.tmpdir)
[2015-11-10 16:39:18] [DEBUG] [io.netty.util.internal.PlatformDependent:76]-- -Dio.netty.bitMode: 64 (sun.arch.data.model)
[2015-11-10 16:39:18] [DEBUG] [io.netty.util.internal.PlatformDependent:76]-- -Dio.netty.noPreferDirect: false
[2015-11-10 16:39:18] [DEBUG] [io.netty.channel.nio.NioEventLoop:76]-- -Dio.netty.noKeySetOptimization: false
[2015-11-10 16:39:18] [DEBUG] [io.netty.channel.nio.NioEventLoop:76]-- -Dio.netty.selectorAutoRebuildThreshold: 512
[2015-11-10 16:39:18] [DEBUG] [io.netty.channel.DefaultChannelId:76]-- -Dio.netty.processId: 1123 (auto-detected)
[2015-11-10 16:39:18] [DEBUG] [io.netty.channel.DefaultChannelId:76]-- -Dio.netty.machineId: 10:40:f3:ff:fe:a9:36:64 (auto-detected)
[2015-11-10 16:39:18] [DEBUG] [io.netty.util.internal.ThreadLocalRandom:71]-- -Dio.netty.initialSeedUniquifier: 0x0e68656be4c2351a (took 15 ms)
[2015-11-10 16:39:18] [DEBUG] [io.netty.buffer.PooledByteBufAllocator:76]-- -Dio.netty.allocator.numHeapArenas: 8
[2015-11-10 16:39:18] [DEBUG] [io.netty.buffer.PooledByteBufAllocator:76]-- -Dio.netty.allocator.numDirectArenas: 8
[2015-11-10 16:39:18] [DEBUG] [io.netty.buffer.PooledByteBufAllocator:76]-- -Dio.netty.allocator.pageSize: 8192
[2015-11-10 16:39:18] [DEBUG] [io.netty.buffer.PooledByteBufAllocator:76]-- -Dio.netty.allocator.maxOrder: 11
[2015-11-10 16:39:18] [DEBUG] [io.netty.buffer.PooledByteBufAllocator:76]-- -Dio.netty.allocator.chunkSize: 16777216
[2015-11-10 16:39:18] [DEBUG] [io.netty.buffer.PooledByteBufAllocator:76]-- -Dio.netty.allocator.tinyCacheSize: 512
[2015-11-10 16:39:18] [DEBUG] [io.netty.buffer.PooledByteBufAllocator:76]-- -Dio.netty.allocator.smallCacheSize: 256
[2015-11-10 16:39:18] [DEBUG] [io.netty.buffer.PooledByteBufAllocator:76]-- -Dio.netty.allocator.normalCacheSize: 64
[2015-11-10 16:39:18] [DEBUG] [io.netty.buffer.PooledByteBufAllocator:76]-- -Dio.netty.allocator.maxCachedBufferCapacity: 32768
[2015-11-10 16:39:18] [DEBUG] [io.netty.buffer.PooledByteBufAllocator:76]-- -Dio.netty.allocator.cacheTrimInterval: 8192
[2015-11-10 16:39:18] [DEBUG] [io.netty.buffer.ByteBufUtil:76]-- -Dio.netty.allocator.type: pooled
[2015-11-10 16:39:18] [DEBUG] [io.netty.buffer.ByteBufUtil:76]-- -Dio.netty.threadLocalDirectBufferSize: 65536
[2015-11-10 16:39:18] [DEBUG] [io.netty.util.NetUtil:86]-- Loopback interface: lo0 (lo0, 0:0:0:0:0:0:0:1)
[2015-11-10 16:39:18] [DEBUG] [io.netty.util.NetUtil:81]-- /proc/sys/net/core/somaxconn: 128 (non-existent)
[2015-11-10 16:39:18] [INFO ] [io.netty.handler.logging.LoggingHandler:101]-- [id: 0x69e3b2cf] REGISTERED
[2015-11-10 16:39:18] [INFO ] [io.netty.handler.logging.LoggingHandler:101]-- [id: 0x69e3b2cf] BIND: 0.0.0.0/0.0.0.0:12345
[2015-11-10 16:39:18] [INFO ] [io.netty.handler.logging.LoggingHandler:101]-- [id: 0x69e3b2cf, /0:0:0:0:0:0:0:0:12345] ACTIVE
[2015-11-10 16:39:28] [INFO ] [com.avalon.core.AvalonEngine:551]-- /Users/zero/Documents/workspace/ExampleGateServer
[2015-11-10 16:39:28] [INFO ] [com.avalon.component.ComponentRegistryImpl:425]-- Component add componentcom.avalon.io.netty.NettyServer@d35dea7
[2015-11-10 16:39:28] [INFO ] [com.avalon.component.ComponentRegistryImpl:425]-- Component add componentcom.avalon.core.AvalonProxy@70325e14
[2015-11-10 16:39:28] [INFO ] [com.avalon.io.netty.NettyServer:426]-- 初始化Netty 开始
[2015-11-10 16:39:28] [INFO ] [com.avalon.io.netty.NettyServer:458]-- 初始化Netty 线程启动
[2015-11-10 16:39:28] [DEBUG] [io.netty.util.internal.logging.InternalLoggerFactory:71]-- Using SLF4J as the default logging framework
[2015-11-10 16:39:28] [DEBUG] [io.netty.channel.MultithreadEventLoopGroup:76]-- -Dio.netty.eventLoopThreads: 16
[2015-11-10 16:39:28] [DEBUG] [io.netty.util.internal.PlatformDependent0:76]-- java.nio.Buffer.address: available
[2015-11-10 16:39:28] [DEBUG] [io.netty.util.internal.PlatformDependent0:76]-- sun.misc.Unsafe.theUnsafe: available
[2015-11-10 16:39:28] [DEBUG] [io.netty.util.internal.PlatformDependent0:71]-- sun.misc.Unsafe.copyMemory: available
[2015-11-10 16:39:28] [DEBUG] [io.netty.util.internal.PlatformDependent0:76]-- java.nio.Bits.unaligned: true
[2015-11-10 16:39:28] [DEBUG] [io.netty.util.internal.PlatformDependent:76]-- Java version: 8
[2015-11-10 16:39:28] [DEBUG] [io.netty.util.internal.PlatformDependent:76]-- -Dio.netty.noUnsafe: false
[2015-11-10 16:39:28] [DEBUG] [io.netty.util.internal.PlatformDependent:76]-- sun.misc.Unsafe: available
[2015-11-10 16:39:28] [DEBUG] [io.netty.util.internal.PlatformDependent:76]-- -Dio.netty.noJavassist: false
[2015-11-10 16:39:28] [DEBUG] [io.netty.util.internal.PlatformDependent:71]-- Javassist: available
[2015-11-10 16:39:28] [DEBUG] [io.netty.util.internal.PlatformDependent:76]-- -Dio.netty.tmpdir: /var/folders/k1/bfwvf_dd14ggxvb58z56hl6r0000gn/T (java.io.tmpdir)
[2015-11-10 16:39:28] [DEBUG] [io.netty.util.internal.PlatformDependent:76]-- -Dio.netty.bitMode: 64 (sun.arch.data.model)
[2015-11-10 16:39:28] [DEBUG] [io.netty.util.internal.PlatformDependent:76]-- -Dio.netty.noPreferDirect: false
[2015-11-10 16:39:28] [DEBUG] [io.netty.channel.nio.NioEventLoop:76]-- -Dio.netty.noKeySetOptimization: false
[2015-11-10 16:39:28] [DEBUG] [io.netty.channel.nio.NioEventLoop:76]-- -Dio.netty.selectorAutoRebuildThreshold: 512
[2015-11-10 16:39:28] [DEBUG] [io.netty.channel.DefaultChannelId:76]-- -Dio.netty.processId: 1124 (auto-detected)
[2015-11-10 16:39:28] [DEBUG] [io.netty.channel.DefaultChannelId:76]-- -Dio.netty.machineId: 10:40:f3:ff:fe:a9:36:64 (auto-detected)
[2015-11-10 16:39:28] [DEBUG] [io.netty.util.internal.ThreadLocalRandom:71]-- -Dio.netty.initialSeedUniquifier: 0x68a6adc8777c1f58 (took 14 ms)
[2015-11-10 16:39:28] [DEBUG] [io.netty.buffer.PooledByteBufAllocator:76]-- -Dio.netty.allocator.numHeapArenas: 8
[2015-11-10 16:39:28] [DEBUG] [io.netty.buffer.PooledByteBufAllocator:76]-- -Dio.netty.allocator.numDirectArenas: 8
[2015-11-10 16:39:28] [DEBUG] [io.netty.buffer.PooledByteBufAllocator:76]-- -Dio.netty.allocator.pageSize: 8192
[2015-11-10 16:39:28] [DEBUG] [io.netty.buffer.PooledByteBufAllocator:76]-- -Dio.netty.allocator.maxOrder: 11
[2015-11-10 16:39:28] [DEBUG] [io.netty.buffer.PooledByteBufAllocator:76]-- -Dio.netty.allocator.chunkSize: 16777216
[2015-11-10 16:39:28] [DEBUG] [io.netty.buffer.PooledByteBufAllocator:76]-- -Dio.netty.allocator.tinyCacheSize: 512
[2015-11-10 16:39:28] [DEBUG] [io.netty.buffer.PooledByteBufAllocator:76]-- -Dio.netty.allocator.smallCacheSize: 256
[2015-11-10 16:39:28] [DEBUG] [io.netty.buffer.PooledByteBufAllocator:76]-- -Dio.netty.allocator.normalCacheSize: 64
[2015-11-10 16:39:28] [DEBUG] [io.netty.buffer.PooledByteBufAllocator:76]-- -Dio.netty.allocator.maxCachedBufferCapacity: 32768
[2015-11-10 16:39:28] [DEBUG] [io.netty.buffer.PooledByteBufAllocator:76]-- -Dio.netty.allocator.cacheTrimInterval: 8192
[2015-11-10 16:39:28] [DEBUG] [io.netty.buffer.ByteBufUtil:76]-- -Dio.netty.allocator.type: pooled
[2015-11-10 16:39:28] [DEBUG] [io.netty.buffer.ByteBufUtil:76]-- -Dio.netty.threadLocalDirectBufferSize: 65536
[2015-11-10 16:39:28] [DEBUG] [io.netty.util.NetUtil:86]-- Loopback interface: lo0 (lo0, 0:0:0:0:0:0:0:1)
[2015-11-10 16:39:28] [DEBUG] [io.netty.util.NetUtil:81]-- /proc/sys/net/core/somaxconn: 128 (non-existent)
[2015-11-10 16:39:28] [INFO ] [io.netty.handler.logging.LoggingHandler:101]-- [id: 0xb54bc68c] REGISTERED
[2015-11-10 16:39:28] [INFO ] [io.netty.handler.logging.LoggingHandler:101]-- [id: 0xb54bc68c] BIND: 0.0.0.0/0.0.0.0:12345
[2015-11-10 16:39:28] [INFO ] [io.netty.handler.logging.LoggingHandler:101]-- [id: 0xb54bc68c, /0:0:0:0:0:0:0:0:12345] ACTIVE
[2015-11-10 16:41:00] [INFO ] [com.avalon.core.AvalonEngine:551]-- /Users/zero/Documents/workspace/ExampleGateServer
[2015-11-10 16:41:00] [INFO ] [com.avalon.component.ComponentRegistryImpl:425]-- Component add componentcom.avalon.io.netty.NettyServer@d35dea7
[2015-11-10 16:41:00] [INFO ] [com.avalon.component.ComponentRegistryImpl:425]-- Component add componentcom.avalon.core.AvalonProxy@70325e14
[2015-11-10 16:41:00] [INFO ] [com.avalon.io.netty.NettyServer:426]-- 初始化Netty 开始
[2015-11-10 16:41:00] [INFO ] [com.avalon.io.netty.NettyServer:458]-- 初始化Netty 线程启动
[2015-11-10 16:41:00] [DEBUG] [io.netty.util.internal.logging.InternalLoggerFactory:71]-- Using SLF4J as the default logging framework
[2015-11-10 16:41:00] [DEBUG] [io.netty.channel.MultithreadEventLoopGroup:76]-- -Dio.netty.eventLoopThreads: 16
[2015-11-10 16:41:00] [DEBUG] [io.netty.util.internal.PlatformDependent0:76]-- java.nio.Buffer.address: available
[2015-11-10 16:41:00] [DEBUG] [io.netty.util.internal.PlatformDependent0:76]-- sun.misc.Unsafe.theUnsafe: available
[2015-11-10 16:41:00] [DEBUG] [io.netty.util.internal.PlatformDependent0:71]-- sun.misc.Unsafe.copyMemory: available
[2015-11-10 16:41:00] [DEBUG] [io.netty.util.internal.PlatformDependent0:76]-- java.nio.Bits.unaligned: true
[2015-11-10 16:41:00] [DEBUG] [io.netty.util.internal.PlatformDependent:76]-- Java version: 8
[2015-11-10 16:41:00] [DEBUG] [io.netty.util.internal.PlatformDependent:76]-- -Dio.netty.noUnsafe: false
[2015-11-10 16:41:00] [DEBUG] [io.netty.util.internal.PlatformDependent:76]-- sun.misc.Unsafe: available
[2015-11-10 16:41:00] [DEBUG] [io.netty.util.internal.PlatformDependent:76]-- -Dio.netty.noJavassist: false
[2015-11-10 16:41:00] [DEBUG] [io.netty.util.internal.PlatformDependent:71]-- Javassist: available
[2015-11-10 16:41:00] [DEBUG] [io.netty.util.internal.PlatformDependent:76]-- -Dio.netty.tmpdir: /var/folders/k1/bfwvf_dd14ggxvb58z56hl6r0000gn/T (java.io.tmpdir)
[2015-11-10 16:41:00] [DEBUG] [io.netty.util.internal.PlatformDependent:76]-- -Dio.netty.bitMode: 64 (sun.arch.data.model)
[2015-11-10 16:41:00] [DEBUG] [io.netty.util.internal.PlatformDependent:76]-- -Dio.netty.noPreferDirect: false
[2015-11-10 16:41:00] [DEBUG] [io.netty.channel.nio.NioEventLoop:76]-- -Dio.netty.noKeySetOptimization: false
[2015-11-10 16:41:00] [DEBUG] [io.netty.channel.nio.NioEventLoop:76]-- -Dio.netty.selectorAutoRebuildThreshold: 512
[2015-11-10 16:41:00] [DEBUG] [io.netty.channel.DefaultChannelId:76]-- -Dio.netty.processId: 1126 (auto-detected)
[2015-11-10 16:41:00] [DEBUG] [io.netty.channel.DefaultChannelId:76]-- -Dio.netty.machineId: 10:40:f3:ff:fe:a9:36:64 (auto-detected)
[2015-11-10 16:41:00] [DEBUG] [io.netty.util.internal.ThreadLocalRandom:71]-- -Dio.netty.initialSeedUniquifier: 0x2a8e885816ba72ce (took 13 ms)
[2015-11-10 16:41:00] [DEBUG] [io.netty.buffer.PooledByteBufAllocator:76]-- -Dio.netty.allocator.numHeapArenas: 8
[2015-11-10 16:41:00] [DEBUG] [io.netty.buffer.PooledByteBufAllocator:76]-- -Dio.netty.allocator.numDirectArenas: 8
[2015-11-10 16:41:00] [DEBUG] [io.netty.buffer.PooledByteBufAllocator:76]-- -Dio.netty.allocator.pageSize: 8192
[2015-11-10 16:41:00] [DEBUG] [io.netty.buffer.PooledByteBufAllocator:76]-- -Dio.netty.allocator.maxOrder: 11
[2015-11-10 16:41:00] [DEBUG] [io.netty.buffer.PooledByteBufAllocator:76]-- -Dio.netty.allocator.chunkSize: 16777216
[2015-11-10 16:41:00] [DEBUG] [io.netty.buffer.PooledByteBufAllocator:76]-- -Dio.netty.allocator.tinyCacheSize: 512
[2015-11-10 16:41:00] [DEBUG] [io.netty.buffer.PooledByteBufAllocator:76]-- -Dio.netty.allocator.smallCacheSize: 256
[2015-11-10 16:41:00] [DEBUG] [io.netty.buffer.PooledByteBufAllocator:76]-- -Dio.netty.allocator.normalCacheSize: 64
[2015-11-10 16:41:00] [DEBUG] [io.netty.buffer.PooledByteBufAllocator:76]-- -Dio.netty.allocator.maxCachedBufferCapacity: 32768
[2015-11-10 16:41:00] [DEBUG] [io.netty.buffer.PooledByteBufAllocator:76]-- -Dio.netty.allocator.cacheTrimInterval: 8192
[2015-11-10 16:41:00] [DEBUG] [io.netty.buffer.ByteBufUtil:76]-- -Dio.netty.allocator.type: pooled
[2015-11-10 16:41:00] [DEBUG] [io.netty.buffer.ByteBufUtil:76]-- -Dio.netty.threadLocalDirectBufferSize: 65536
[2015-11-10 16:41:00] [DEBUG] [io.netty.util.NetUtil:86]-- Loopback interface: lo0 (lo0, 0:0:0:0:0:0:0:1)
[2015-11-10 16:41:00] [DEBUG] [io.netty.util.NetUtil:81]-- /proc/sys/net/core/somaxconn: 128 (non-existent)
[2015-11-10 16:41:00] [INFO ] [io.netty.handler.logging.LoggingHandler:101]-- [id: 0x26fbc5f0] REGISTERED
[2015-11-10 16:41:00] [INFO ] [io.netty.handler.logging.LoggingHandler:101]-- [id: 0x26fbc5f0] BIND: 0.0.0.0/0.0.0.0:12345
[2015-11-10 16:41:00] [INFO ] [io.netty.handler.logging.LoggingHandler:101]-- [id: 0x26fbc5f0, /0:0:0:0:0:0:0:0:12345] ACTIVE
[2015-11-10 16:42:53] [INFO ] [com.avalon.core.AvalonEngine:545]-- /Users/zero/Documents/workspace/ExampleGateServer
[2015-11-10 16:42:53] [INFO ] [com.avalon.component.ComponentRegistryImpl:425]-- Component add componentcom.avalon.io.netty.NettyServer@d35dea7
[2015-11-10 16:42:53] [INFO ] [com.avalon.component.ComponentRegistryImpl:425]-- Component add componentcom.avalon.core.AvalonProxy@55b0dcab
[2015-11-10 16:42:53] [INFO ] [com.avalon.io.netty.NettyServer:426]-- 初始化Netty 开始
[2015-11-10 16:42:53] [INFO ] [com.avalon.io.netty.NettyServer:458]-- 初始化Netty 线程启动
[2015-11-10 16:42:54] [DEBUG] [io.netty.util.internal.logging.InternalLoggerFactory:71]-- Using SLF4J as the default logging framework
[2015-11-10 16:42:54] [DEBUG] [io.netty.channel.MultithreadEventLoopGroup:76]-- -Dio.netty.eventLoopThreads: 16
[2015-11-10 16:42:54] [DEBUG] [io.netty.util.internal.PlatformDependent0:76]-- java.nio.Buffer.address: available
[2015-11-10 16:42:54] [DEBUG] [io.netty.util.internal.PlatformDependent0:76]-- sun.misc.Unsafe.theUnsafe: available
[2015-11-10 16:42:54] [DEBUG] [io.netty.util.internal.PlatformDependent0:71]-- sun.misc.Unsafe.copyMemory: available
[2015-11-10 16:42:54] [DEBUG] [io.netty.util.internal.PlatformDependent0:76]-- java.nio.Bits.unaligned: true
[2015-11-10 16:42:54] [DEBUG] [io.netty.util.internal.PlatformDependent:76]-- Java version: 8
[2015-11-10 16:42:54] [DEBUG] [io.netty.util.internal.PlatformDependent:76]-- -Dio.netty.noUnsafe: false
[2015-11-10 16:42:54] [DEBUG] [io.netty.util.internal.PlatformDependent:76]-- sun.misc.Unsafe: available
[2015-11-10 16:42:54] [DEBUG] [io.netty.util.internal.PlatformDependent:76]-- -Dio.netty.noJavassist: false
[2015-11-10 16:42:54] [DEBUG] [io.netty.util.internal.PlatformDependent:71]-- Javassist: available
[2015-11-10 16:42:54] [DEBUG] [io.netty.util.internal.PlatformDependent:76]-- -Dio.netty.tmpdir: /var/folders/k1/bfwvf_dd14ggxvb58z56hl6r0000gn/T (java.io.tmpdir)
[2015-11-10 16:42:54] [DEBUG] [io.netty.util.internal.PlatformDependent:76]-- -Dio.netty.bitMode: 64 (sun.arch.data.model)
[2015-11-10 16:42:54] [DEBUG] [io.netty.util.internal.PlatformDependent:76]-- -Dio.netty.noPreferDirect: false
[2015-11-10 16:42:54] [DEBUG] [io.netty.channel.nio.NioEventLoop:76]-- -Dio.netty.noKeySetOptimization: false
[2015-11-10 16:42:54] [DEBUG] [io.netty.channel.nio.NioEventLoop:76]-- -Dio.netty.selectorAutoRebuildThreshold: 512
[2015-11-10 16:42:54] [DEBUG] [io.netty.channel.DefaultChannelId:76]-- -Dio.netty.processId: 1127 (auto-detected)
[2015-11-10 16:42:54] [DEBUG] [io.netty.channel.DefaultChannelId:76]-- -Dio.netty.machineId: 10:40:f3:ff:fe:a9:36:64 (auto-detected)
[2015-11-10 16:42:54] [DEBUG] [io.netty.util.internal.ThreadLocalRandom:71]-- -Dio.netty.initialSeedUniquifier: 0x599c9aef0af78034 (took 12 ms)
[2015-11-10 16:42:54] [DEBUG] [io.netty.buffer.PooledByteBufAllocator:76]-- -Dio.netty.allocator.numHeapArenas: 8
[2015-11-10 16:42:54] [DEBUG] [io.netty.buffer.PooledByteBufAllocator:76]-- -Dio.netty.allocator.numDirectArenas: 8
[2015-11-10 16:42:54] [DEBUG] [io.netty.buffer.PooledByteBufAllocator:76]-- -Dio.netty.allocator.pageSize: 8192
[2015-11-10 16:42:54] [DEBUG] [io.netty.buffer.PooledByteBufAllocator:76]-- -Dio.netty.allocator.maxOrder: 11
[2015-11-10 16:42:54] [DEBUG] [io.netty.buffer.PooledByteBufAllocator:76]-- -Dio.netty.allocator.chunkSize: 16777216
[2015-11-10 16:42:54] [DEBUG] [io.netty.buffer.PooledByteBufAllocator:76]-- -Dio.netty.allocator.tinyCacheSize: 512
[2015-11-10 16:42:54] [DEBUG] [io.netty.buffer.PooledByteBufAllocator:76]-- -Dio.netty.allocator.smallCacheSize: 256
[2015-11-10 16:42:54] [DEBUG] [io.netty.buffer.PooledByteBufAllocator:76]-- -Dio.netty.allocator.normalCacheSize: 64
[2015-11-10 16:42:54] [DEBUG] [io.netty.buffer.PooledByteBufAllocator:76]-- -Dio.netty.allocator.maxCachedBufferCapacity: 32768
[2015-11-10 16:42:54] [DEBUG] [io.netty.buffer.PooledByteBufAllocator:76]-- -Dio.netty.allocator.cacheTrimInterval: 8192
[2015-11-10 16:42:54] [DEBUG] [io.netty.buffer.ByteBufUtil:76]-- -Dio.netty.allocator.type: pooled
[2015-11-10 16:42:54] [DEBUG] [io.netty.buffer.ByteBufUtil:76]-- -Dio.netty.threadLocalDirectBufferSize: 65536
[2015-11-10 16:42:54] [DEBUG] [io.netty.util.NetUtil:86]-- Loopback interface: lo0 (lo0, 0:0:0:0:0:0:0:1)
[2015-11-10 16:42:54] [DEBUG] [io.netty.util.NetUtil:81]-- /proc/sys/net/core/somaxconn: 128 (non-existent)
[2015-11-10 16:42:54] [INFO ] [io.netty.handler.logging.LoggingHandler:101]-- [id: 0xf2e8cec4] REGISTERED
[2015-11-10 16:42:54] [INFO ] [io.netty.handler.logging.LoggingHandler:101]-- [id: 0xf2e8cec4] BIND: 0.0.0.0/0.0.0.0:12345
[2015-11-10 16:42:54] [INFO ] [io.netty.handler.logging.LoggingHandler:101]-- [id: 0xf2e8cec4, /0:0:0:0:0:0:0:0:12345] ACTIVE
[2015-11-10 16:54:46] [INFO ] [com.avalon.core.AvalonEngine:542]-- /Users/zero/Documents/workspace/ExampleGateServer
[2015-11-10 16:54:46] [INFO ] [com.avalon.component.ComponentRegistryImpl:425]-- Component add componentcom.avalon.io.netty.NettyServer@4f063c0a
[2015-11-10 16:54:46] [INFO ] [com.avalon.component.ComponentRegistryImpl:425]-- Component add componentcom.avalon.core.AvalonProxy@3fd7a715
[2015-11-10 16:54:46] [INFO ] [com.avalon.io.netty.NettyServer:426]-- 初始化Netty 开始
[2015-11-10 16:54:46] [INFO ] [com.avalon.io.netty.NettyServer:458]-- 初始化Netty 线程启动
[2015-11-10 16:54:46] [DEBUG] [io.netty.util.internal.logging.InternalLoggerFactory:71]-- Using SLF4J as the default logging framework
[2015-11-10 16:54:46] [DEBUG] [io.netty.channel.MultithreadEventLoopGroup:76]-- -Dio.netty.eventLoopThreads: 16
[2015-11-10 16:54:46] [DEBUG] [io.netty.util.internal.PlatformDependent0:76]-- java.nio.Buffer.address: available
[2015-11-10 16:54:46] [DEBUG] [io.netty.util.internal.PlatformDependent0:76]-- sun.misc.Unsafe.theUnsafe: available
[2015-11-10 16:54:46] [DEBUG] [io.netty.util.internal.PlatformDependent0:71]-- sun.misc.Unsafe.copyMemory: available
[2015-11-10 16:54:46] [DEBUG] [io.netty.util.internal.PlatformDependent0:76]-- java.nio.Bits.unaligned: true
[2015-11-10 16:54:46] [DEBUG] [io.netty.util.internal.PlatformDependent:76]-- Java version: 8
[2015-11-10 16:54:46] [DEBUG] [io.netty.util.internal.PlatformDependent:76]-- -Dio.netty.noUnsafe: false
[2015-11-10 16:54:46] [DEBUG] [io.netty.util.internal.PlatformDependent:76]-- sun.misc.Unsafe: available
[2015-11-10 16:54:46] [DEBUG] [io.netty.util.internal.PlatformDependent:76]-- -Dio.netty.noJavassist: false
[2015-11-10 16:54:46] [DEBUG] [io.netty.util.internal.PlatformDependent:71]-- Javassist: available
[2015-11-10 16:54:46] [DEBUG] [io.netty.util.internal.PlatformDependent:76]-- -Dio.netty.tmpdir: /var/folders/k1/bfwvf_dd14ggxvb58z56hl6r0000gn/T (java.io.tmpdir)
[2015-11-10 16:54:46] [DEBUG] [io.netty.util.internal.PlatformDependent:76]-- -Dio.netty.bitMode: 64 (sun.arch.data.model)
[2015-11-10 16:54:46] [DEBUG] [io.netty.util.internal.PlatformDependent:76]-- -Dio.netty.noPreferDirect: false
[2015-11-10 16:54:46] [DEBUG] [io.netty.channel.nio.NioEventLoop:76]-- -Dio.netty.noKeySetOptimization: false
[2015-11-10 16:54:46] [DEBUG] [io.netty.channel.nio.NioEventLoop:76]-- -Dio.netty.selectorAutoRebuildThreshold: 512
[2015-11-10 16:54:46] [DEBUG] [io.netty.channel.DefaultChannelId:76]-- -Dio.netty.processId: 1132 (auto-detected)
[2015-11-10 16:54:46] [DEBUG] [io.netty.channel.DefaultChannelId:76]-- -Dio.netty.machineId: 10:40:f3:ff:fe:a9:36:64 (auto-detected)
[2015-11-10 16:54:46] [DEBUG] [io.netty.util.internal.ThreadLocalRandom:71]-- -Dio.netty.initialSeedUniquifier: 0xd9ca85c5f2d7fdb1 (took 11 ms)
[2015-11-10 16:54:46] [DEBUG] [io.netty.buffer.PooledByteBufAllocator:76]-- -Dio.netty.allocator.numHeapArenas: 8
[2015-11-10 16:54:46] [DEBUG] [io.netty.buffer.PooledByteBufAllocator:76]-- -Dio.netty.allocator.numDirectArenas: 8
[2015-11-10 16:54:46] [DEBUG] [io.netty.buffer.PooledByteBufAllocator:76]-- -Dio.netty.allocator.pageSize: 8192
[2015-11-10 16:54:46] [DEBUG] [io.netty.buffer.PooledByteBufAllocator:76]-- -Dio.netty.allocator.maxOrder: 11
[2015-11-10 16:54:46] [DEBUG] [io.netty.buffer.PooledByteBufAllocator:76]-- -Dio.netty.allocator.chunkSize: 16777216
[2015-11-10 16:54:46] [DEBUG] [io.netty.buffer.PooledByteBufAllocator:76]-- -Dio.netty.allocator.tinyCacheSize: 512
[2015-11-10 16:54:46] [DEBUG] [io.netty.buffer.PooledByteBufAllocator:76]-- -Dio.netty.allocator.smallCacheSize: 256
[2015-11-10 16:54:46] [DEBUG] [io.netty.buffer.PooledByteBufAllocator:76]-- -Dio.netty.allocator.normalCacheSize: 64
[2015-11-10 16:54:46] [DEBUG] [io.netty.buffer.PooledByteBufAllocator:76]-- -Dio.netty.allocator.maxCachedBufferCapacity: 32768
[2015-11-10 16:54:46] [DEBUG] [io.netty.buffer.PooledByteBufAllocator:76]-- -Dio.netty.allocator.cacheTrimInterval: 8192
[2015-11-10 16:54:46] [DEBUG] [io.netty.buffer.ByteBufUtil:76]-- -Dio.netty.allocator.type: pooled
[2015-11-10 16:54:46] [DEBUG] [io.netty.buffer.ByteBufUtil:76]-- -Dio.netty.threadLocalDirectBufferSize: 65536
[2015-11-10 16:54:46] [DEBUG] [io.netty.util.NetUtil:86]-- Loopback interface: lo0 (lo0, 0:0:0:0:0:0:0:1)
[2015-11-10 16:54:46] [DEBUG] [io.netty.util.NetUtil:81]-- /proc/sys/net/core/somaxconn: 128 (non-existent)
[2015-11-10 16:54:46] [INFO ] [io.netty.handler.logging.LoggingHandler:101]-- [id: 0x089cc9ea] REGISTERED
[2015-11-10 16:54:46] [INFO ] [io.netty.handler.logging.LoggingHandler:101]-- [id: 0x089cc9ea] BIND: 0.0.0.0/0.0.0.0:12345
[2015-11-10 16:54:46] [INFO ] [io.netty.handler.logging.LoggingHandler:101]-- [id: 0x089cc9ea, /0:0:0:0:0:0:0:0:12345] ACTIVE
[2015-11-10 16:57:04] [INFO ] [com.avalon.core.AvalonEngine:542]-- /Users/zero/Documents/workspace/ExampleGateServer
[2015-11-10 16:57:04] [INFO ] [com.avalon.component.ComponentRegistryImpl:425]-- Component add componentcom.avalon.io.netty.NettyServer@247bddad
[2015-11-10 16:57:04] [INFO ] [com.avalon.component.ComponentRegistryImpl:425]-- Component add componentcom.avalon.core.AvalonProxy@131ef10
[2015-11-10 16:57:04] [INFO ] [com.avalon.io.netty.NettyServer:426]-- 初始化Netty 开始
[2015-11-10 16:57:04] [INFO ] [com.avalon.io.netty.NettyServer:458]-- 初始化Netty 线程启动
[2015-11-10 16:57:04] [DEBUG] [io.netty.util.internal.logging.InternalLoggerFactory:71]-- Using SLF4J as the default logging framework
[2015-11-10 16:57:04] [DEBUG] [io.netty.channel.MultithreadEventLoopGroup:76]-- -Dio.netty.eventLoopThreads: 16
[2015-11-10 16:57:04] [DEBUG] [io.netty.util.internal.PlatformDependent0:76]-- java.nio.Buffer.address: available
[2015-11-10 16:57:04] [DEBUG] [io.netty.util.internal.PlatformDependent0:76]-- sun.misc.Unsafe.theUnsafe: available
[2015-11-10 16:57:04] [DEBUG] [io.netty.util.internal.PlatformDependent0:71]-- sun.misc.Unsafe.copyMemory: available
[2015-11-10 16:57:04] [DEBUG] [io.netty.util.internal.PlatformDependent0:76]-- java.nio.Bits.unaligned: true
[2015-11-10 16:57:04] [DEBUG] [io.netty.util.internal.PlatformDependent:76]-- Java version: 8
[2015-11-10 16:57:04] [DEBUG] [io.netty.util.internal.PlatformDependent:76]-- -Dio.netty.noUnsafe: false
[2015-11-10 16:57:04] [DEBUG] [io.netty.util.internal.PlatformDependent:76]-- sun.misc.Unsafe: available
[2015-11-10 16:57:04] [DEBUG] [io.netty.util.internal.PlatformDependent:76]-- -Dio.netty.noJavassist: false
[2015-11-10 16:57:04] [DEBUG] [io.netty.util.internal.PlatformDependent:71]-- Javassist: available
[2015-11-10 16:57:04] [DEBUG] [io.netty.util.internal.PlatformDependent:76]-- -Dio.netty.tmpdir: /var/folders/k1/bfwvf_dd14ggxvb58z56hl6r0000gn/T (java.io.tmpdir)
[2015-11-10 16:57:04] [DEBUG] [io.netty.util.internal.PlatformDependent:76]-- -Dio.netty.bitMode: 64 (sun.arch.data.model)
[2015-11-10 16:57:04] [DEBUG] [io.netty.util.internal.PlatformDependent:76]-- -Dio.netty.noPreferDirect: false
[2015-11-10 16:57:04] [DEBUG] [io.netty.channel.nio.NioEventLoop:76]-- -Dio.netty.noKeySetOptimization: false
[2015-11-10 16:57:04] [DEBUG] [io.netty.channel.nio.NioEventLoop:76]-- -Dio.netty.selectorAutoRebuildThreshold: 512
[2015-11-10 16:57:04] [DEBUG] [io.netty.channel.DefaultChannelId:76]-- -Dio.netty.processId: 1133 (auto-detected)
[2015-11-10 16:57:04] [DEBUG] [io.netty.channel.DefaultChannelId:76]-- -Dio.netty.machineId: 10:40:f3:ff:fe:a9:36:64 (auto-detected)
[2015-11-10 16:57:04] [DEBUG] [io.netty.util.internal.ThreadLocalRandom:71]-- -Dio.netty.initialSeedUniquifier: 0x698731abcc89a763 (took 12 ms)
[2015-11-10 16:57:04] [DEBUG] [io.netty.buffer.PooledByteBufAllocator:76]-- -Dio.netty.allocator.numHeapArenas: 8
[2015-11-10 16:57:04] [DEBUG] [io.netty.buffer.PooledByteBufAllocator:76]-- -Dio.netty.allocator.numDirectArenas: 8
[2015-11-10 16:57:04] [DEBUG] [io.netty.buffer.PooledByteBufAllocator:76]-- -Dio.netty.allocator.pageSize: 8192
[2015-11-10 16:57:04] [DEBUG] [io.netty.buffer.PooledByteBufAllocator:76]-- -Dio.netty.allocator.maxOrder: 11
[2015-11-10 16:57:04] [DEBUG] [io.netty.buffer.PooledByteBufAllocator:76]-- -Dio.netty.allocator.chunkSize: 16777216
[2015-11-10 16:57:04] [DEBUG] [io.netty.buffer.PooledByteBufAllocator:76]-- -Dio.netty.allocator.tinyCacheSize: 512
[2015-11-10 16:57:04] [DEBUG] [io.netty.buffer.PooledByteBufAllocator:76]-- -Dio.netty.allocator.smallCacheSize: 256
[2015-11-10 16:57:04] [DEBUG] [io.netty.buffer.PooledByteBufAllocator:76]-- -Dio.netty.allocator.normalCacheSize: 64
[2015-11-10 16:57:04] [DEBUG] [io.netty.buffer.PooledByteBufAllocator:76]-- -Dio.netty.allocator.maxCachedBufferCapacity: 32768
[2015-11-10 16:57:04] [DEBUG] [io.netty.buffer.PooledByteBufAllocator:76]-- -Dio.netty.allocator.cacheTrimInterval: 8192
[2015-11-10 16:57:04] [DEBUG] [io.netty.buffer.ByteBufUtil:76]-- -Dio.netty.allocator.type: pooled
[2015-11-10 16:57:04] [DEBUG] [io.netty.buffer.ByteBufUtil:76]-- -Dio.netty.threadLocalDirectBufferSize: 65536
[2015-11-10 16:57:04] [DEBUG] [io.netty.util.NetUtil:86]-- Loopback interface: lo0 (lo0, 0:0:0:0:0:0:0:1)
[2015-11-10 16:57:04] [DEBUG] [io.netty.util.NetUtil:81]-- /proc/sys/net/core/somaxconn: 128 (non-existent)
[2015-11-10 16:57:05] [INFO ] [io.netty.handler.logging.LoggingHandler:101]-- [id: 0xfe60f4d2] REGISTERED
[2015-11-10 16:57:05] [INFO ] [io.netty.handler.logging.LoggingHandler:101]-- [id: 0xfe60f4d2] BIND: 0.0.0.0/0.0.0.0:12345
[2015-11-10 16:57:05] [INFO ] [io.netty.handler.logging.LoggingHandler:101]-- [id: 0xfe60f4d2, /0:0:0:0:0:0:0:0:12345] ACTIVE
[2015-11-10 16:57:48] [INFO ] [com.avalon.core.AvalonEngine:542]-- /Users/zero/Documents/workspace/ExampleGateServer
[2015-11-10 16:57:48] [INFO ] [com.avalon.component.ComponentRegistryImpl:425]-- Component add componentcom.avalon.io.netty.NettyServer@247bddad
[2015-11-10 16:57:48] [INFO ] [com.avalon.component.ComponentRegistryImpl:425]-- Component add componentcom.avalon.core.AvalonProxy@131ef10
[2015-11-10 16:57:48] [INFO ] [com.avalon.io.netty.NettyServer:426]-- 初始化Netty 开始
[2015-11-10 16:57:48] [INFO ] [com.avalon.io.netty.NettyServer:458]-- 初始化Netty 线程启动
[2015-11-10 16:57:48] [DEBUG] [io.netty.util.internal.logging.InternalLoggerFactory:71]-- Using SLF4J as the default logging framework
[2015-11-10 16:57:48] [DEBUG] [io.netty.channel.MultithreadEventLoopGroup:76]-- -Dio.netty.eventLoopThreads: 16
[2015-11-10 16:57:48] [DEBUG] [io.netty.util.internal.PlatformDependent0:76]-- java.nio.Buffer.address: available
[2015-11-10 16:57:48] [DEBUG] [io.netty.util.internal.PlatformDependent0:76]-- sun.misc.Unsafe.theUnsafe: available
[2015-11-10 16:57:48] [DEBUG] [io.netty.util.internal.PlatformDependent0:71]-- sun.misc.Unsafe.copyMemory: available
[2015-11-10 16:57:48] [DEBUG] [io.netty.util.internal.PlatformDependent0:76]-- java.nio.Bits.unaligned: true
[2015-11-10 16:57:48] [DEBUG] [io.netty.util.internal.PlatformDependent:76]-- Java version: 8
[2015-11-10 16:57:48] [DEBUG] [io.netty.util.internal.PlatformDependent:76]-- -Dio.netty.noUnsafe: false
[2015-11-10 16:57:48] [DEBUG] [io.netty.util.internal.PlatformDependent:76]-- sun.misc.Unsafe: available
[2015-11-10 16:57:48] [DEBUG] [io.netty.util.internal.PlatformDependent:76]-- -Dio.netty.noJavassist: false
[2015-11-10 16:57:48] [DEBUG] [io.netty.util.internal.PlatformDependent:71]-- Javassist: available
[2015-11-10 16:57:48] [DEBUG] [io.netty.util.internal.PlatformDependent:76]-- -Dio.netty.tmpdir: /var/folders/k1/bfwvf_dd14ggxvb58z56hl6r0000gn/T (java.io.tmpdir)
[2015-11-10 16:57:48] [DEBUG] [io.netty.util.internal.PlatformDependent:76]-- -Dio.netty.bitMode: 64 (sun.arch.data.model)
[2015-11-10 16:57:48] [DEBUG] [io.netty.util.internal.PlatformDependent:76]-- -Dio.netty.noPreferDirect: false
[2015-11-10 16:57:48] [DEBUG] [io.netty.channel.nio.NioEventLoop:76]-- -Dio.netty.noKeySetOptimization: false
[2015-11-10 16:57:48] [DEBUG] [io.netty.channel.nio.NioEventLoop:76]-- -Dio.netty.selectorAutoRebuildThreshold: 512
[2015-11-10 16:57:48] [DEBUG] [io.netty.channel.DefaultChannelId:76]-- -Dio.netty.processId: 1149 (auto-detected)
[2015-11-10 16:57:48] [DEBUG] [io.netty.channel.DefaultChannelId:76]-- -Dio.netty.machineId: 10:40:f3:ff:fe:a9:36:64 (auto-detected)
[2015-11-10 16:57:48] [DEBUG] [io.netty.util.internal.ThreadLocalRandom:71]-- -Dio.netty.initialSeedUniquifier: 0x0fd3b7b64177c726 (took 13 ms)
[2015-11-10 16:57:48] [DEBUG] [io.netty.buffer.PooledByteBufAllocator:76]-- -Dio.netty.allocator.numHeapArenas: 8
[2015-11-10 16:57:48] [DEBUG] [io.netty.buffer.PooledByteBufAllocator:76]-- -Dio.netty.allocator.numDirectArenas: 8
[2015-11-10 16:57:48] [DEBUG] [io.netty.buffer.PooledByteBufAllocator:76]-- -Dio.netty.allocator.pageSize: 8192
[2015-11-10 16:57:48] [DEBUG] [io.netty.buffer.PooledByteBufAllocator:76]-- -Dio.netty.allocator.maxOrder: 11
[2015-11-10 16:57:48] [DEBUG] [io.netty.buffer.PooledByteBufAllocator:76]-- -Dio.netty.allocator.chunkSize: 16777216
[2015-11-10 16:57:48] [DEBUG] [io.netty.buffer.PooledByteBufAllocator:76]-- -Dio.netty.allocator.tinyCacheSize: 512
[2015-11-10 16:57:48] [DEBUG] [io.netty.buffer.PooledByteBufAllocator:76]-- -Dio.netty.allocator.smallCacheSize: 256
[2015-11-10 16:57:48] [DEBUG] [io.netty.buffer.PooledByteBufAllocator:76]-- -Dio.netty.allocator.normalCacheSize: 64
[2015-11-10 16:57:48] [DEBUG] [io.netty.buffer.PooledByteBufAllocator:76]-- -Dio.netty.allocator.maxCachedBufferCapacity: 32768
[2015-11-10 16:57:48] [DEBUG] [io.netty.buffer.PooledByteBufAllocator:76]-- -Dio.netty.allocator.cacheTrimInterval: 8192
[2015-11-10 16:57:48] [DEBUG] [io.netty.buffer.ByteBufUtil:76]-- -Dio.netty.allocator.type: pooled
[2015-11-10 16:57:48] [DEBUG] [io.netty.buffer.ByteBufUtil:76]-- -Dio.netty.threadLocalDirectBufferSize: 65536
[2015-11-10 16:57:48] [DEBUG] [io.netty.util.NetUtil:86]-- Loopback interface: lo0 (lo0, 0:0:0:0:0:0:0:1)
[2015-11-10 16:57:48] [DEBUG] [io.netty.util.NetUtil:81]-- /proc/sys/net/core/somaxconn: 128 (non-existent)
[2015-11-10 16:57:48] [INFO ] [io.netty.handler.logging.LoggingHandler:101]-- [id: 0xc3155063] REGISTERED
[2015-11-10 16:57:48] [INFO ] [io.netty.handler.logging.LoggingHandler:101]-- [id: 0xc3155063] BIND: 0.0.0.0/0.0.0.0:12345
[2015-11-10 16:57:48] [INFO ] [io.netty.handler.logging.LoggingHandler:101]-- [id: 0xc3155063, /0:0:0:0:0:0:0:0:12345] ACTIVE
[2015-11-10 17:00:58] [INFO ] [com.avalon.core.AvalonEngine:542]-- /Users/zero/Documents/workspace/ExampleGateServer
[2015-11-10 17:00:58] [INFO ] [com.avalon.component.ComponentRegistryImpl:425]-- Component add componentcom.avalon.io.netty.NettyServer@247bddad
[2015-11-10 17:00:58] [INFO ] [com.avalon.component.ComponentRegistryImpl:425]-- Component add componentcom.avalon.core.AvalonProxy@131ef10
[2015-11-10 17:00:58] [INFO ] [com.avalon.io.netty.NettyServer:426]-- 初始化Netty 开始
[2015-11-10 17:00:58] [INFO ] [com.avalon.io.netty.NettyServer:458]-- 初始化Netty 线程启动
[2015-11-10 17:00:58] [DEBUG] [io.netty.util.internal.logging.InternalLoggerFactory:71]-- Using SLF4J as the default logging framework
[2015-11-10 17:00:58] [DEBUG] [io.netty.channel.MultithreadEventLoopGroup:76]-- -Dio.netty.eventLoopThreads: 16
[2015-11-10 17:00:58] [DEBUG] [io.netty.util.internal.PlatformDependent0:76]-- java.nio.Buffer.address: available
[2015-11-10 17:00:58] [DEBUG] [io.netty.util.internal.PlatformDependent0:76]-- sun.misc.Unsafe.theUnsafe: available
[2015-11-10 17:00:58] [DEBUG] [io.netty.util.internal.PlatformDependent0:71]-- sun.misc.Unsafe.copyMemory: available
[2015-11-10 17:00:58] [DEBUG] [io.netty.util.internal.PlatformDependent0:76]-- java.nio.Bits.unaligned: true
[2015-11-10 17:00:58] [DEBUG] [io.netty.util.internal.PlatformDependent:76]-- Java version: 8
[2015-11-10 17:00:58] [DEBUG] [io.netty.util.internal.PlatformDependent:76]-- -Dio.netty.noUnsafe: false
[2015-11-10 17:00:58] [DEBUG] [io.netty.util.internal.PlatformDependent:76]-- sun.misc.Unsafe: available
[2015-11-10 17:00:58] [DEBUG] [io.netty.util.internal.PlatformDependent:76]-- -Dio.netty.noJavassist: false
[2015-11-10 17:00:58] [DEBUG] [io.netty.util.internal.PlatformDependent:71]-- Javassist: available
[2015-11-10 17:00:58] [DEBUG] [io.netty.util.internal.PlatformDependent:76]-- -Dio.netty.tmpdir: /var/folders/k1/bfwvf_dd14ggxvb58z56hl6r0000gn/T (java.io.tmpdir)
[2015-11-10 17:00:58] [DEBUG] [io.netty.util.internal.PlatformDependent:76]-- -Dio.netty.bitMode: 64 (sun.arch.data.model)
[2015-11-10 17:00:58] [DEBUG] [io.netty.util.internal.PlatformDependent:76]-- -Dio.netty.noPreferDirect: false
[2015-11-10 17:00:58] [DEBUG] [io.netty.channel.nio.NioEventLoop:76]-- -Dio.netty.noKeySetOptimization: false
[2015-11-10 17:00:58] [DEBUG] [io.netty.channel.nio.NioEventLoop:76]-- -Dio.netty.selectorAutoRebuildThreshold: 512
[2015-11-10 17:00:58] [DEBUG] [io.netty.channel.DefaultChannelId:76]-- -Dio.netty.processId: 1161 (auto-detected)
[2015-11-10 17:00:58] [DEBUG] [io.netty.channel.DefaultChannelId:76]-- -Dio.netty.machineId: 10:40:f3:ff:fe:a9:36:64 (auto-detected)
[2015-11-10 17:00:58] [DEBUG] [io.netty.util.internal.ThreadLocalRandom:71]-- -Dio.netty.initialSeedUniquifier: 0x33b457d639c558f2 (took 12 ms)
[2015-11-10 17:00:59] [DEBUG] [io.netty.buffer.PooledByteBufAllocator:76]-- -Dio.netty.allocator.numHeapArenas: 8
[2015-11-10 17:00:59] [DEBUG] [io.netty.buffer.PooledByteBufAllocator:76]-- -Dio.netty.allocator.numDirectArenas: 8
[2015-11-10 17:00:59] [DEBUG] [io.netty.buffer.PooledByteBufAllocator:76]-- -Dio.netty.allocator.pageSize: 8192
[2015-11-10 17:00:59] [DEBUG] [io.netty.buffer.PooledByteBufAllocator:76]-- -Dio.netty.allocator.maxOrder: 11
[2015-11-10 17:00:59] [DEBUG] [io.netty.buffer.PooledByteBufAllocator:76]-- -Dio.netty.allocator.chunkSize: 16777216
[2015-11-10 17:00:59] [DEBUG] [io.netty.buffer.PooledByteBufAllocator:76]-- -Dio.netty.allocator.tinyCacheSize: 512
[2015-11-10 17:00:59] [DEBUG] [io.netty.buffer.PooledByteBufAllocator:76]-- -Dio.netty.allocator.smallCacheSize: 256
[2015-11-10 17:00:59] [DEBUG] [io.netty.buffer.PooledByteBufAllocator:76]-- -Dio.netty.allocator.normalCacheSize: 64
[2015-11-10 17:00:59] [DEBUG] [io.netty.buffer.PooledByteBufAllocator:76]-- -Dio.netty.allocator.maxCachedBufferCapacity: 32768
[2015-11-10 17:00:59] [DEBUG] [io.netty.buffer.PooledByteBufAllocator:76]-- -Dio.netty.allocator.cacheTrimInterval: 8192
[2015-11-10 17:00:59] [DEBUG] [io.netty.buffer.ByteBufUtil:76]-- -Dio.netty.allocator.type: pooled
[2015-11-10 17:00:59] [DEBUG] [io.netty.buffer.ByteBufUtil:76]-- -Dio.netty.threadLocalDirectBufferSize: 65536
[2015-11-10 17:00:59] [DEBUG] [io.netty.util.NetUtil:86]-- Loopback interface: lo0 (lo0, 0:0:0:0:0:0:0:1)
[2015-11-10 17:00:59] [DEBUG] [io.netty.util.NetUtil:81]-- /proc/sys/net/core/somaxconn: 128 (non-existent)
[2015-11-10 17:00:59] [INFO ] [io.netty.handler.logging.LoggingHandler:101]-- [id: 0x46a93bc1] REGISTERED
[2015-11-10 17:00:59] [INFO ] [io.netty.handler.logging.LoggingHandler:101]-- [id: 0x46a93bc1] BIND: 0.0.0.0/0.0.0.0:12345
[2015-11-10 17:00:59] [INFO ] [io.netty.handler.logging.LoggingHandler:101]-- [id: 0x46a93bc1, /0:0:0:0:0:0:0:0:12345] ACTIVE
[2015-11-10 17:05:03] [INFO ] [com.avalon.core.AvalonEngine:542]-- /Users/zero/Documents/workspace/ExampleGateServer
[2015-11-10 17:05:03] [INFO ] [com.avalon.component.ComponentRegistryImpl:425]-- Component add componentcom.avalon.io.netty.NettyServer@247bddad
[2015-11-10 17:05:03] [INFO ] [com.avalon.component.ComponentRegistryImpl:425]-- Component add componentcom.avalon.core.AvalonProxy@131ef10
[2015-11-10 17:05:03] [INFO ] [com.avalon.io.netty.NettyServer:426]-- 初始化Netty 开始
[2015-11-10 17:05:03] [INFO ] [com.avalon.io.netty.NettyServer:458]-- 初始化Netty 线程启动
[2015-11-10 17:05:03] [DEBUG] [io.netty.util.internal.logging.InternalLoggerFactory:71]-- Using SLF4J as the default logging framework
[2015-11-10 17:05:03] [DEBUG] [io.netty.channel.MultithreadEventLoopGroup:76]-- -Dio.netty.eventLoopThreads: 16
[2015-11-10 17:05:03] [DEBUG] [io.netty.util.internal.PlatformDependent0:76]-- java.nio.Buffer.address: available
[2015-11-10 17:05:03] [DEBUG] [io.netty.util.internal.PlatformDependent0:76]-- sun.misc.Unsafe.theUnsafe: available
[2015-11-10 17:05:03] [DEBUG] [io.netty.util.internal.PlatformDependent0:71]-- sun.misc.Unsafe.copyMemory: available
[2015-11-10 17:05:03] [DEBUG] [io.netty.util.internal.PlatformDependent0:76]-- java.nio.Bits.unaligned: true
[2015-11-10 17:05:03] [DEBUG] [io.netty.util.internal.PlatformDependent:76]-- Java version: 8
[2015-11-10 17:05:03] [DEBUG] [io.netty.util.internal.PlatformDependent:76]-- -Dio.netty.noUnsafe: false
[2015-11-10 17:05:03] [DEBUG] [io.netty.util.internal.PlatformDependent:76]-- sun.misc.Unsafe: available
[2015-11-10 17:05:04] [DEBUG] [io.netty.util.internal.PlatformDependent:76]-- -Dio.netty.noJavassist: false
[2015-11-10 17:05:04] [DEBUG] [io.netty.util.internal.PlatformDependent:71]-- Javassist: available
[2015-11-10 17:05:04] [DEBUG] [io.netty.util.internal.PlatformDependent:76]-- -Dio.netty.tmpdir: /var/folders/k1/bfwvf_dd14ggxvb58z56hl6r0000gn/T (java.io.tmpdir)
[2015-11-10 17:05:04] [DEBUG] [io.netty.util.internal.PlatformDependent:76]-- -Dio.netty.bitMode: 64 (sun.arch.data.model)
[2015-11-10 17:05:04] [DEBUG] [io.netty.util.internal.PlatformDependent:76]-- -Dio.netty.noPreferDirect: false
[2015-11-10 17:05:04] [DEBUG] [io.netty.channel.nio.NioEventLoop:76]-- -Dio.netty.noKeySetOptimization: false
[2015-11-10 17:05:04] [DEBUG] [io.netty.channel.nio.NioEventLoop:76]-- -Dio.netty.selectorAutoRebuildThreshold: 512
[2015-11-10 17:05:04] [DEBUG] [io.netty.channel.DefaultChannelId:76]-- -Dio.netty.processId: 1164 (auto-detected)
[2015-11-10 17:05:04] [DEBUG] [io.netty.channel.DefaultChannelId:76]-- -Dio.netty.machineId: 10:40:f3:ff:fe:a9:36:64 (auto-detected)
[2015-11-10 17:05:04] [DEBUG] [io.netty.util.internal.ThreadLocalRandom:71]-- -Dio.netty.initialSeedUniquifier: 0x61a8d7380101025e (took 15 ms)
[2015-11-10 17:05:04] [DEBUG] [io.netty.buffer.PooledByteBufAllocator:76]-- -Dio.netty.allocator.numHeapArenas: 8
[2015-11-10 17:05:04] [DEBUG] [io.netty.buffer.PooledByteBufAllocator:76]-- -Dio.netty.allocator.numDirectArenas: 8
[2015-11-10 17:05:04] [DEBUG] [io.netty.buffer.PooledByteBufAllocator:76]-- -Dio.netty.allocator.pageSize: 8192
[2015-11-10 17:05:04] [DEBUG] [io.netty.buffer.PooledByteBufAllocator:76]-- -Dio.netty.allocator.maxOrder: 11
[2015-11-10 17:05:04] [DEBUG] [io.netty.buffer.PooledByteBufAllocator:76]-- -Dio.netty.allocator.chunkSize: 16777216
[2015-11-10 17:05:04] [DEBUG] [io.netty.buffer.PooledByteBufAllocator:76]-- -Dio.netty.allocator.tinyCacheSize: 512
[2015-11-10 17:05:04] [DEBUG] [io.netty.buffer.PooledByteBufAllocator:76]-- -Dio.netty.allocator.smallCacheSize: 256
[2015-11-10 17:05:04] [DEBUG] [io.netty.buffer.PooledByteBufAllocator:76]-- -Dio.netty.allocator.normalCacheSize: 64
[2015-11-10 17:05:04] [DEBUG] [io.netty.buffer.PooledByteBufAllocator:76]-- -Dio.netty.allocator.maxCachedBufferCapacity: 32768
[2015-11-10 17:05:04] [DEBUG] [io.netty.buffer.PooledByteBufAllocator:76]-- -Dio.netty.allocator.cacheTrimInterval: 8192
[2015-11-10 17:05:04] [DEBUG] [io.netty.buffer.ByteBufUtil:76]-- -Dio.netty.allocator.type: pooled
[2015-11-10 17:05:04] [DEBUG] [io.netty.buffer.ByteBufUtil:76]-- -Dio.netty.threadLocalDirectBufferSize: 65536
[2015-11-10 17:05:04] [DEBUG] [io.netty.util.NetUtil:86]-- Loopback interface: lo0 (lo0, 0:0:0:0:0:0:0:1)
[2015-11-10 17:05:04] [DEBUG] [io.netty.util.NetUtil:81]-- /proc/sys/net/core/somaxconn: 128 (non-existent)
[2015-11-10 17:05:04] [INFO ] [io.netty.handler.logging.LoggingHandler:101]-- [id: 0xbf78c127] REGISTERED
[2015-11-10 17:05:04] [INFO ] [io.netty.handler.logging.LoggingHandler:101]-- [id: 0xbf78c127] BIND: 0.0.0.0/0.0.0.0:12345
[2015-11-10 17:05:04] [INFO ] [io.netty.handler.logging.LoggingHandler:101]-- [id: 0xbf78c127, /0:0:0:0:0:0:0:0:12345] ACTIVE
[2015-11-10 17:09:42] [INFO ] [com.avalon.core.AvalonEngine:542]-- /Users/zero/Documents/workspace/ExampleGateServer
[2015-11-10 17:09:43] [INFO ] [com.avalon.component.ComponentRegistryImpl:425]-- Component add componentcom.avalon.io.netty.NettyServer@247bddad
[2015-11-10 17:09:43] [INFO ] [com.avalon.component.ComponentRegistryImpl:425]-- Component add componentcom.avalon.core.AvalonProxy@131ef10
[2015-11-10 17:09:43] [INFO ] [com.avalon.io.netty.NettyServer:426]-- 初始化Netty 开始
[2015-11-10 17:09:43] [INFO ] [com.avalon.io.netty.NettyServer:458]-- 初始化Netty 线程启动
[2015-11-10 17:09:43] [DEBUG] [io.netty.util.internal.logging.InternalLoggerFactory:71]-- Using SLF4J as the default logging framework
[2015-11-10 17:09:43] [DEBUG] [io.netty.channel.MultithreadEventLoopGroup:76]-- -Dio.netty.eventLoopThreads: 16
[2015-11-10 17:09:43] [DEBUG] [io.netty.util.internal.PlatformDependent0:76]-- java.nio.Buffer.address: available
[2015-11-10 17:09:43] [DEBUG] [io.netty.util.internal.PlatformDependent0:76]-- sun.misc.Unsafe.theUnsafe: available
[2015-11-10 17:09:43] [DEBUG] [io.netty.util.internal.PlatformDependent0:71]-- sun.misc.Unsafe.copyMemory: available
[2015-11-10 17:09:43] [DEBUG] [io.netty.util.internal.PlatformDependent0:76]-- java.nio.Bits.unaligned: true
[2015-11-10 17:09:43] [DEBUG] [io.netty.util.internal.PlatformDependent:76]-- Java version: 8
[2015-11-10 17:09:43] [DEBUG] [io.netty.util.internal.PlatformDependent:76]-- -Dio.netty.noUnsafe: false
[2015-11-10 17:09:43] [DEBUG] [io.netty.util.internal.PlatformDependent:76]-- sun.misc.Unsafe: available
[2015-11-10 17:09:43] [DEBUG] [io.netty.util.internal.PlatformDependent:76]-- -Dio.netty.noJavassist: false
[2015-11-10 17:09:43] [DEBUG] [io.netty.util.internal.PlatformDependent:71]-- Javassist: available
[2015-11-10 17:09:43] [DEBUG] [io.netty.util.internal.PlatformDependent:76]-- -Dio.netty.tmpdir: /var/folders/k1/bfwvf_dd14ggxvb58z56hl6r0000gn/T (java.io.tmpdir)
[2015-11-10 17:09:43] [DEBUG] [io.netty.util.internal.PlatformDependent:76]-- -Dio.netty.bitMode: 64 (sun.arch.data.model)
[2015-11-10 17:09:43] [DEBUG] [io.netty.util.internal.PlatformDependent:76]-- -Dio.netty.noPreferDirect: false
[2015-11-10 17:09:43] [DEBUG] [io.netty.channel.nio.NioEventLoop:76]-- -Dio.netty.noKeySetOptimization: false
[2015-11-10 17:09:43] [DEBUG] [io.netty.channel.nio.NioEventLoop:76]-- -Dio.netty.selectorAutoRebuildThreshold: 512
[2015-11-10 17:09:43] [DEBUG] [io.netty.channel.DefaultChannelId:76]-- -Dio.netty.processId: 1170 (auto-detected)
[2015-11-10 17:09:43] [DEBUG] [io.netty.channel.DefaultChannelId:76]-- -Dio.netty.machineId: 10:40:f3:ff:fe:a9:36:64 (auto-detected)
[2015-11-10 17:09:43] [DEBUG] [io.netty.util.internal.ThreadLocalRandom:71]-- -Dio.netty.initialSeedUniquifier: 0x48f46109ef595406 (took 13 ms)
[2015-11-10 17:09:43] [DEBUG] [io.netty.buffer.PooledByteBufAllocator:76]-- -Dio.netty.allocator.numHeapArenas: 8
[2015-11-10 17:09:43] [DEBUG] [io.netty.buffer.PooledByteBufAllocator:76]-- -Dio.netty.allocator.numDirectArenas: 8
[2015-11-10 17:09:43] [DEBUG] [io.netty.buffer.PooledByteBufAllocator:76]-- -Dio.netty.allocator.pageSize: 8192
[2015-11-10 17:09:43] [DEBUG] [io.netty.buffer.PooledByteBufAllocator:76]-- -Dio.netty.allocator.maxOrder: 11
[2015-11-10 17:09:43] [DEBUG] [io.netty.buffer.PooledByteBufAllocator:76]-- -Dio.netty.allocator.chunkSize: 16777216
[2015-11-10 17:09:43] [DEBUG] [io.netty.buffer.PooledByteBufAllocator:76]-- -Dio.netty.allocator.tinyCacheSize: 512
[2015-11-10 17:09:43] [DEBUG] [io.netty.buffer.PooledByteBufAllocator:76]-- -Dio.netty.allocator.smallCacheSize: 256
[2015-11-10 17:09:43] [DEBUG] [io.netty.buffer.PooledByteBufAllocator:76]-- -Dio.netty.allocator.normalCacheSize: 64
[2015-11-10 17:09:43] [DEBUG] [io.netty.buffer.PooledByteBufAllocator:76]-- -Dio.netty.allocator.maxCachedBufferCapacity: 32768
[2015-11-10 17:09:43] [DEBUG] [io.netty.buffer.PooledByteBufAllocator:76]-- -Dio.netty.allocator.cacheTrimInterval: 8192
[2015-11-10 17:09:43] [DEBUG] [io.netty.buffer.ByteBufUtil:76]-- -Dio.netty.allocator.type: pooled
[2015-11-10 17:09:43] [DEBUG] [io.netty.buffer.ByteBufUtil:76]-- -Dio.netty.threadLocalDirectBufferSize: 65536
[2015-11-10 17:09:43] [DEBUG] [io.netty.util.NetUtil:86]-- Loopback interface: lo0 (lo0, 0:0:0:0:0:0:0:1)
[2015-11-10 17:09:43] [DEBUG] [io.netty.util.NetUtil:81]-- /proc/sys/net/core/somaxconn: 128 (non-existent)
[2015-11-10 17:09:43] [INFO ] [io.netty.handler.logging.LoggingHandler:101]-- [id: 0x8d026fdd] REGISTERED
[2015-11-10 17:09:43] [INFO ] [io.netty.handler.logging.LoggingHandler:101]-- [id: 0x8d026fdd] BIND: 0.0.0.0/0.0.0.0:12345
[2015-11-10 17:09:43] [INFO ] [io.netty.handler.logging.LoggingHandler:101]-- [id: 0x8d026fdd, /0:0:0:0:0:0:0:0:12345] ACTIVE
[2015-11-10 17:12:26] [INFO ] [com.avalon.core.AvalonEngine:542]-- /Users/zero/Documents/workspace/ExampleGateServer
[2015-11-10 17:12:26] [INFO ] [com.avalon.component.ComponentRegistryImpl:425]-- Component add componentcom.avalon.io.netty.NettyServer@247bddad
[2015-11-10 17:12:26] [INFO ] [com.avalon.component.ComponentRegistryImpl:425]-- Component add componentcom.avalon.core.AvalonProxy@131ef10
[2015-11-10 17:12:26] [INFO ] [com.avalon.io.netty.NettyServer:426]-- 初始化Netty 开始
[2015-11-10 17:12:26] [INFO ] [com.avalon.io.netty.NettyServer:458]-- 初始化Netty 线程启动
[2015-11-10 17:12:26] [DEBUG] [io.netty.util.internal.logging.InternalLoggerFactory:71]-- Using SLF4J as the default logging framework
[2015-11-10 17:12:26] [DEBUG] [io.netty.channel.MultithreadEventLoopGroup:76]-- -Dio.netty.eventLoopThreads: 16
[2015-11-10 17:12:26] [DEBUG] [io.netty.util.internal.PlatformDependent0:76]-- java.nio.Buffer.address: available
[2015-11-10 17:12:26] [DEBUG] [io.netty.util.internal.PlatformDependent0:76]-- sun.misc.Unsafe.theUnsafe: available
[2015-11-10 17:12:26] [DEBUG] [io.netty.util.internal.PlatformDependent0:71]-- sun.misc.Unsafe.copyMemory: available
[2015-11-10 17:12:26] [DEBUG] [io.netty.util.internal.PlatformDependent0:76]-- java.nio.Bits.unaligned: true
[2015-11-10 17:12:26] [DEBUG] [io.netty.util.internal.PlatformDependent:76]-- Java version: 8
[2015-11-10 17:12:26] [DEBUG] [io.netty.util.internal.PlatformDependent:76]-- -Dio.netty.noUnsafe: false
[2015-11-10 17:12:26] [DEBUG] [io.netty.util.internal.PlatformDependent:76]-- sun.misc.Unsafe: available
[2015-11-10 17:12:26] [DEBUG] [io.netty.util.internal.PlatformDependent:76]-- -Dio.netty.noJavassist: false
[2015-11-10 17:12:26] [DEBUG] [io.netty.util.internal.PlatformDependent:71]-- Javassist: available
[2015-11-10 17:12:26] [DEBUG] [io.netty.util.internal.PlatformDependent:76]-- -Dio.netty.tmpdir: /var/folders/k1/bfwvf_dd14ggxvb58z56hl6r0000gn/T (java.io.tmpdir)
[2015-11-10 17:12:26] [DEBUG] [io.netty.util.internal.PlatformDependent:76]-- -Dio.netty.bitMode: 64 (sun.arch.data.model)
[2015-11-10 17:12:26] [DEBUG] [io.netty.util.internal.PlatformDependent:76]-- -Dio.netty.noPreferDirect: false
[2015-11-10 17:12:26] [DEBUG] [io.netty.channel.nio.NioEventLoop:76]-- -Dio.netty.noKeySetOptimization: false
[2015-11-10 17:12:26] [DEBUG] [io.netty.channel.nio.NioEventLoop:76]-- -Dio.netty.selectorAutoRebuildThreshold: 512
[2015-11-10 17:12:26] [DEBUG] [io.netty.channel.DefaultChannelId:76]-- -Dio.netty.processId: 1171 (auto-detected)
[2015-11-10 17:12:26] [DEBUG] [io.netty.channel.DefaultChannelId:76]-- -Dio.netty.machineId: 10:40:f3:ff:fe:a9:36:64 (auto-detected)
[2015-11-10 17:12:26] [DEBUG] [io.netty.util.internal.ThreadLocalRandom:71]-- -Dio.netty.initialSeedUniquifier: 0x10692a1c4cd10f9a (took 13 ms)
[2015-11-10 17:12:26] [DEBUG] [io.netty.buffer.PooledByteBufAllocator:76]-- -Dio.netty.allocator.numHeapArenas: 8
[2015-11-10 17:12:26] [DEBUG] [io.netty.buffer.PooledByteBufAllocator:76]-- -Dio.netty.allocator.numDirectArenas: 8
[2015-11-10 17:12:26] [DEBUG] [io.netty.buffer.PooledByteBufAllocator:76]-- -Dio.netty.allocator.pageSize: 8192
[2015-11-10 17:12:26] [DEBUG] [io.netty.buffer.PooledByteBufAllocator:76]-- -Dio.netty.allocator.maxOrder: 11
[2015-11-10 17:12:26] [DEBUG] [io.netty.buffer.PooledByteBufAllocator:76]-- -Dio.netty.allocator.chunkSize: 16777216
[2015-11-10 17:12:26] [DEBUG] [io.netty.buffer.PooledByteBufAllocator:76]-- -Dio.netty.allocator.tinyCacheSize: 512
[2015-11-10 17:12:26] [DEBUG] [io.netty.buffer.PooledByteBufAllocator:76]-- -Dio.netty.allocator.smallCacheSize: 256
[2015-11-10 17:12:26] [DEBUG] [io.netty.buffer.PooledByteBufAllocator:76]-- -Dio.netty.allocator.normalCacheSize: 64
[2015-11-10 17:12:26] [DEBUG] [io.netty.buffer.PooledByteBufAllocator:76]-- -Dio.netty.allocator.maxCachedBufferCapacity: 32768
[2015-11-10 17:12:26] [DEBUG] [io.netty.buffer.PooledByteBufAllocator:76]-- -Dio.netty.allocator.cacheTrimInterval: 8192
[2015-11-10 17:12:26] [DEBUG] [io.netty.buffer.ByteBufUtil:76]-- -Dio.netty.allocator.type: pooled
[2015-11-10 17:12:26] [DEBUG] [io.netty.buffer.ByteBufUtil:76]-- -Dio.netty.threadLocalDirectBufferSize: 65536
[2015-11-10 17:12:26] [DEBUG] [io.netty.util.NetUtil:86]-- Loopback interface: lo0 (lo0, 0:0:0:0:0:0:0:1)
[2015-11-10 17:12:26] [DEBUG] [io.netty.util.NetUtil:81]-- /proc/sys/net/core/somaxconn: 128 (non-existent)
[2015-11-10 17:12:26] [INFO ] [io.netty.handler.logging.LoggingHandler:101]-- [id: 0x20f3370f] REGISTERED
[2015-11-10 17:12:26] [INFO ] [io.netty.handler.logging.LoggingHandler:101]-- [id: 0x20f3370f] BIND: 0.0.0.0/0.0.0.0:12345
[2015-11-10 17:12:26] [INFO ] [io.netty.handler.logging.LoggingHandler:101]-- [id: 0x20f3370f, /0:0:0:0:0:0:0:0:12345] ACTIVE
[2015-11-10 17:13:04] [INFO ] [com.avalon.core.AvalonEngine:542]-- /Users/zero/Documents/workspace/ExampleGateServer
[2015-11-10 17:13:04] [INFO ] [com.avalon.component.ComponentRegistryImpl:425]-- Component add componentcom.avalon.io.netty.NettyServer@247bddad
[2015-11-10 17:13:04] [INFO ] [com.avalon.component.ComponentRegistryImpl:425]-- Component add componentcom.avalon.core.AvalonProxy@131ef10
[2015-11-10 17:13:04] [INFO ] [com.avalon.io.netty.NettyServer:426]-- 初始化Netty 开始
[2015-11-10 17:13:04] [INFO ] [com.avalon.io.netty.NettyServer:458]-- 初始化Netty 线程启动
[2015-11-10 17:13:04] [DEBUG] [io.netty.util.internal.logging.InternalLoggerFactory:71]-- Using SLF4J as the default logging framework
[2015-11-10 17:13:04] [DEBUG] [io.netty.channel.MultithreadEventLoopGroup:76]-- -Dio.netty.eventLoopThreads: 16
[2015-11-10 17:13:04] [DEBUG] [io.netty.util.internal.PlatformDependent0:76]-- java.nio.Buffer.address: available
[2015-11-10 17:13:04] [DEBUG] [io.netty.util.internal.PlatformDependent0:76]-- sun.misc.Unsafe.theUnsafe: available
[2015-11-10 17:13:04] [DEBUG] [io.netty.util.internal.PlatformDependent0:71]-- sun.misc.Unsafe.copyMemory: available
[2015-11-10 17:13:04] [DEBUG] [io.netty.util.internal.PlatformDependent0:76]-- java.nio.Bits.unaligned: true
[2015-11-10 17:13:04] [DEBUG] [io.netty.util.internal.PlatformDependent:76]-- Java version: 8
[2015-11-10 17:13:04] [DEBUG] [io.netty.util.internal.PlatformDependent:76]-- -Dio.netty.noUnsafe: false
[2015-11-10 17:13:04] [DEBUG] [io.netty.util.internal.PlatformDependent:76]-- sun.misc.Unsafe: available
[2015-11-10 17:13:04] [DEBUG] [io.netty.util.internal.PlatformDependent:76]-- -Dio.netty.noJavassist: false
[2015-11-10 17:13:05] [DEBUG] [io.netty.util.internal.PlatformDependent:71]-- Javassist: available
[2015-11-10 17:13:05] [DEBUG] [io.netty.util.internal.PlatformDependent:76]-- -Dio.netty.tmpdir: /var/folders/k1/bfwvf_dd14ggxvb58z56hl6r0000gn/T (java.io.tmpdir)
[2015-11-10 17:13:05] [DEBUG] [io.netty.util.internal.PlatformDependent:76]-- -Dio.netty.bitMode: 64 (sun.arch.data.model)
[2015-11-10 17:13:05] [DEBUG] [io.netty.util.internal.PlatformDependent:76]-- -Dio.netty.noPreferDirect: false
[2015-11-10 17:13:05] [DEBUG] [io.netty.channel.nio.NioEventLoop:76]-- -Dio.netty.noKeySetOptimization: false
[2015-11-10 17:13:05] [DEBUG] [io.netty.channel.nio.NioEventLoop:76]-- -Dio.netty.selectorAutoRebuildThreshold: 512
[2015-11-10 17:13:05] [DEBUG] [io.netty.channel.DefaultChannelId:76]-- -Dio.netty.processId: 1172 (auto-detected)
[2015-11-10 17:13:05] [DEBUG] [io.netty.channel.DefaultChannelId:76]-- -Dio.netty.machineId: 10:40:f3:ff:fe:a9:36:64 (auto-detected)
[2015-11-10 17:13:05] [DEBUG] [io.netty.util.internal.ThreadLocalRandom:71]-- -Dio.netty.initialSeedUniquifier: 0x68de3406fa51ccf4 (took 12 ms)
[2015-11-10 17:13:05] [DEBUG] [io.netty.buffer.PooledByteBufAllocator:76]-- -Dio.netty.allocator.numHeapArenas: 8
[2015-11-10 17:13:05] [DEBUG] [io.netty.buffer.PooledByteBufAllocator:76]-- -Dio.netty.allocator.numDirectArenas: 8
[2015-11-10 17:13:05] [DEBUG] [io.netty.buffer.PooledByteBufAllocator:76]-- -Dio.netty.allocator.pageSize: 8192
[2015-11-10 17:13:05] [DEBUG] [io.netty.buffer.PooledByteBufAllocator:76]-- -Dio.netty.allocator.maxOrder: 11
[2015-11-10 17:13:05] [DEBUG] [io.netty.buffer.PooledByteBufAllocator:76]-- -Dio.netty.allocator.chunkSize: 16777216
[2015-11-10 17:13:05] [DEBUG] [io.netty.buffer.PooledByteBufAllocator:76]-- -Dio.netty.allocator.tinyCacheSize: 512
[2015-11-10 17:13:05] [DEBUG] [io.netty.buffer.PooledByteBufAllocator:76]-- -Dio.netty.allocator.smallCacheSize: 256
[2015-11-10 17:13:05] [DEBUG] [io.netty.buffer.PooledByteBufAllocator:76]-- -Dio.netty.allocator.normalCacheSize: 64
[2015-11-10 17:13:05] [DEBUG] [io.netty.buffer.PooledByteBufAllocator:76]-- -Dio.netty.allocator.maxCachedBufferCapacity: 32768
[2015-11-10 17:13:05] [DEBUG] [io.netty.buffer.PooledByteBufAllocator:76]-- -Dio.netty.allocator.cacheTrimInterval: 8192
[2015-11-10 17:13:05] [DEBUG] [io.netty.buffer.ByteBufUtil:76]-- -Dio.netty.allocator.type: pooled
[2015-11-10 17:13:05] [DEBUG] [io.netty.buffer.ByteBufUtil:76]-- -Dio.netty.threadLocalDirectBufferSize: 65536
[2015-11-10 17:13:05] [DEBUG] [io.netty.util.NetUtil:86]-- Loopback interface: lo0 (lo0, 0:0:0:0:0:0:0:1)
[2015-11-10 17:13:05] [DEBUG] [io.netty.util.NetUtil:81]-- /proc/sys/net/core/somaxconn: 128 (non-existent)
[2015-11-10 17:13:05] [INFO ] [io.netty.handler.logging.LoggingHandler:101]-- [id: 0xa1cbc06e] REGISTERED
[2015-11-10 17:13:05] [INFO ] [io.netty.handler.logging.LoggingHandler:101]-- [id: 0xa1cbc06e] BIND: 0.0.0.0/0.0.0.0:12345
[2015-11-10 17:13:05] [INFO ] [io.netty.handler.logging.LoggingHandler:101]-- [id: 0xa1cbc06e, /0:0:0:0:0:0:0:0:12345] ACTIVE
