[2015-11-05 10:34:11] [INFO ] [com.avalon.core.AvalonEngine:557]-- /Users/zero/Documents/workspace/ExampleGateServer
[2015-11-05 10:34:11] [INFO ] [com.avalon.component.ComponentRegistryImpl:425]-- Component add componentcom.avalon.io.netty.NettyServer@7770f470
[2015-11-05 10:34:11] [INFO ] [com.avalon.component.ComponentRegistryImpl:425]-- Component add componentcom.avalon.core.AvalonProxy@24313fcc
[2015-11-05 10:34:11] [INFO ] [com.avalon.io.netty.NettyServer:426]-- 初始化Netty 开始
[2015-11-05 10:34:11] [INFO ] [com.avalon.io.netty.NettyServer:458]-- 初始化Netty 线程启动
[2015-11-05 10:34:11] [DEBUG] [io.netty.util.internal.logging.InternalLoggerFactory:71]-- Using SLF4J as the default logging framework
[2015-11-05 10:34:11] [DEBUG] [io.netty.channel.MultithreadEventLoopGroup:76]-- -Dio.netty.eventLoopThreads: 16
[2015-11-05 10:34:11] [DEBUG] [io.netty.util.internal.PlatformDependent0:76]-- java.nio.Buffer.address: available
[2015-11-05 10:34:11] [DEBUG] [io.netty.util.internal.PlatformDependent0:76]-- sun.misc.Unsafe.theUnsafe: available
[2015-11-05 10:34:11] [DEBUG] [io.netty.util.internal.PlatformDependent0:71]-- sun.misc.Unsafe.copyMemory: available
[2015-11-05 10:34:11] [DEBUG] [io.netty.util.internal.PlatformDependent0:76]-- java.nio.Bits.unaligned: true
[2015-11-05 10:34:11] [DEBUG] [io.netty.util.internal.PlatformDependent:76]-- Java version: 8
[2015-11-05 10:34:11] [DEBUG] [io.netty.util.internal.PlatformDependent:76]-- -Dio.netty.noUnsafe: false
[2015-11-05 10:34:11] [DEBUG] [io.netty.util.internal.PlatformDependent:76]-- sun.misc.Unsafe: available
[2015-11-05 10:34:11] [DEBUG] [io.netty.util.internal.PlatformDependent:76]-- -Dio.netty.noJavassist: false
[2015-11-05 10:34:11] [DEBUG] [io.netty.util.internal.PlatformDependent:71]-- Javassist: available
[2015-11-05 10:34:11] [DEBUG] [io.netty.util.internal.PlatformDependent:76]-- -Dio.netty.tmpdir: /var/folders/k1/bfwvf_dd14ggxvb58z56hl6r0000gn/T (java.io.tmpdir)
[2015-11-05 10:34:11] [DEBUG] [io.netty.util.internal.PlatformDependent:76]-- -Dio.netty.bitMode: 64 (sun.arch.data.model)
[2015-11-05 10:34:11] [DEBUG] [io.netty.util.internal.PlatformDependent:76]-- -Dio.netty.noPreferDirect: false
[2015-11-05 10:34:11] [DEBUG] [io.netty.channel.nio.NioEventLoop:76]-- -Dio.netty.noKeySetOptimization: false
[2015-11-05 10:34:11] [DEBUG] [io.netty.channel.nio.NioEventLoop:76]-- -Dio.netty.selectorAutoRebuildThreshold: 512
[2015-11-05 10:34:11] [DEBUG] [io.netty.channel.DefaultChannelId:76]-- -Dio.netty.processId: 560 (auto-detected)
[2015-11-05 10:34:11] [DEBUG] [io.netty.channel.DefaultChannelId:76]-- -Dio.netty.machineId: 10:40:f3:ff:fe:a9:36:64 (auto-detected)
[2015-11-05 10:34:11] [DEBUG] [io.netty.util.internal.ThreadLocalRandom:71]-- -Dio.netty.initialSeedUniquifier: 0x02ee6bda226ab367 (took 13 ms)
[2015-11-05 10:34:11] [DEBUG] [io.netty.buffer.PooledByteBufAllocator:76]-- -Dio.netty.allocator.numHeapArenas: 8
[2015-11-05 10:34:11] [DEBUG] [io.netty.buffer.PooledByteBufAllocator:76]-- -Dio.netty.allocator.numDirectArenas: 8
[2015-11-05 10:34:11] [DEBUG] [io.netty.buffer.PooledByteBufAllocator:76]-- -Dio.netty.allocator.pageSize: 8192
[2015-11-05 10:34:11] [DEBUG] [io.netty.buffer.PooledByteBufAllocator:76]-- -Dio.netty.allocator.maxOrder: 11
[2015-11-05 10:34:11] [DEBUG] [io.netty.buffer.PooledByteBufAllocator:76]-- -Dio.netty.allocator.chunkSize: 16777216
[2015-11-05 10:34:11] [DEBUG] [io.netty.buffer.PooledByteBufAllocator:76]-- -Dio.netty.allocator.tinyCacheSize: 512
[2015-11-05 10:34:11] [DEBUG] [io.netty.buffer.PooledByteBufAllocator:76]-- -Dio.netty.allocator.smallCacheSize: 256
[2015-11-05 10:34:11] [DEBUG] [io.netty.buffer.PooledByteBufAllocator:76]-- -Dio.netty.allocator.normalCacheSize: 64
[2015-11-05 10:34:11] [DEBUG] [io.netty.buffer.PooledByteBufAllocator:76]-- -Dio.netty.allocator.maxCachedBufferCapacity: 32768
[2015-11-05 10:34:11] [DEBUG] [io.netty.buffer.PooledByteBufAllocator:76]-- -Dio.netty.allocator.cacheTrimInterval: 8192
[2015-11-05 10:34:11] [DEBUG] [io.netty.buffer.ByteBufUtil:76]-- -Dio.netty.allocator.type: pooled
[2015-11-05 10:34:11] [DEBUG] [io.netty.buffer.ByteBufUtil:76]-- -Dio.netty.threadLocalDirectBufferSize: 65536
[2015-11-05 10:34:11] [DEBUG] [io.netty.util.NetUtil:86]-- Loopback interface: lo0 (lo0, 0:0:0:0:0:0:0:1)
[2015-11-05 10:34:11] [DEBUG] [io.netty.util.NetUtil:81]-- /proc/sys/net/core/somaxconn: 128 (non-existent)
[2015-11-05 10:34:11] [INFO ] [io.netty.handler.logging.LoggingHandler:101]-- [id: 0xc6b8c919] REGISTERED
[2015-11-05 10:34:11] [INFO ] [io.netty.handler.logging.LoggingHandler:101]-- [id: 0xc6b8c919] BIND: 0.0.0.0/0.0.0.0:12345
[2015-11-05 10:34:11] [INFO ] [io.netty.handler.logging.LoggingHandler:101]-- [id: 0xc6b8c919, /0:0:0:0:0:0:0:0:12345] ACTIVE
[2015-11-05 10:34:42] [INFO ] [io.netty.handler.logging.LoggingHandler:101]-- [id: 0xc6b8c919, /0:0:0:0:0:0:0:0:12345] RECEIVED: [id: 0x1da8694d, /127.0.0.1:50028 => /127.0.0.1:12345]
[2015-11-05 10:34:42] [DEBUG] [io.netty.util.internal.JavassistTypeParameterMatcherGenerator:76]-- Generated: io.netty.util.internal.__matchers__.com.avalon.util.MessageHeadMatcher
[2015-11-05 10:34:42] [DEBUG] [com.avalon.io.netty.NettyHandler:422]-- 注册
[2015-11-05 10:34:50] [DEBUG] [io.netty.util.ResourceLeakDetector:81]-- -Dio.netty.leakDetectionLevel: simple
[2015-11-05 10:34:50] [DEBUG] [io.netty.util.Recycler:76]-- -Dio.netty.recycler.maxCapacity: 262144
[2015-11-05 10:34:52] [DEBUG] [io.netty.channel.DefaultChannelPipeline:76]-- Discarded inbound message com.avalon.io.MessagePackImpl@146773df that reached at the tail of the pipeline. Please check your pipeline configuration.
[2015-11-05 10:35:09] [DEBUG] [io.netty.channel.DefaultChannelPipeline:76]-- Discarded inbound message com.avalon.io.MessagePackImpl@4918480a that reached at the tail of the pipeline. Please check your pipeline configuration.
[2015-11-05 10:35:12] [DEBUG] [io.netty.channel.DefaultChannelPipeline:76]-- Discarded inbound message com.avalon.io.MessagePackImpl@59005380 that reached at the tail of the pipeline. Please check your pipeline configuration.
[2015-11-05 10:36:26] [INFO ] [io.netty.handler.logging.LoggingHandler:101]-- [id: 0xc6b8c919, /0:0:0:0:0:0:0:0:12345] RECEIVED: [id: 0x45ad99de, /127.0.0.1:50051 => /127.0.0.1:12345]
[2015-11-05 10:36:26] [DEBUG] [com.avalon.io.netty.NettyHandler:422]-- 注册
[2015-11-05 10:36:30] [DEBUG] [io.netty.channel.DefaultChannelPipeline:76]-- Discarded inbound message com.avalon.io.MessagePackImpl@3a01fe7a that reached at the tail of the pipeline. Please check your pipeline configuration.
[2015-11-05 10:36:34] [DEBUG] [io.netty.channel.DefaultChannelPipeline:76]-- Discarded inbound message com.avalon.io.MessagePackImpl@6f839956 that reached at the tail of the pipeline. Please check your pipeline configuration.
[2015-11-05 10:36:37] [DEBUG] [io.netty.channel.DefaultChannelPipeline:76]-- Discarded inbound message com.avalon.io.MessagePackImpl@6d73e003 that reached at the tail of the pipeline. Please check your pipeline configuration.
[2015-11-05 10:37:03] [INFO ] [io.netty.handler.logging.LoggingHandler:101]-- [id: 0xc6b8c919, /0:0:0:0:0:0:0:0:12345] RECEIVED: [id: 0xd5989cca, /127.0.0.1:50065 => /127.0.0.1:12345]
[2015-11-05 10:37:03] [DEBUG] [com.avalon.io.netty.NettyHandler:422]-- 注册
[2015-11-05 10:37:06] [DEBUG] [io.netty.channel.DefaultChannelPipeline:76]-- Discarded inbound message com.avalon.io.MessagePackImpl@b945ed2 that reached at the tail of the pipeline. Please check your pipeline configuration.
[2015-11-05 10:37:09] [DEBUG] [io.netty.channel.DefaultChannelPipeline:76]-- Discarded inbound message com.avalon.io.MessagePackImpl@3b20ea2a that reached at the tail of the pipeline. Please check your pipeline configuration.
[2015-11-05 10:42:08] [DEBUG] [com.avalon.io.netty.NettyHandler:402]-- 解除注册
[2015-11-05 10:42:10] [DEBUG] [com.avalon.io.netty.NettyHandler:402]-- 解除注册
[2015-11-05 10:42:12] [DEBUG] [com.avalon.io.netty.NettyHandler:402]-- 解除注册
