2016-06-13 16:50:19,975 INFO [main] AvalonEngine [AvalonEngine.java:545] File path=/Users/zero/Documents/github/Avalon/AvalonMarket/ExampleGame
2016-06-13 16:50:20,001 DEBUG [main] AvalonEngine [AvalonEngine.java:426] create AvalonEngine
2016-06-13 16:50:20,003 DEBUG [main] AvalonEngine [AvalonEngine.java:433] Severid=1 modelName=GAME
2016-06-13 16:50:20,004 DEBUG [main] AvalonEngine [ComponentRegistryImpl.java:376] ComponentRegistryImpl create
2016-06-13 16:50:20,009 DEBUG [main] AvalonEngine [ComponentRegistryImpl.java:376] ComponentRegistryImpl create
2016-06-13 16:50:20,009 DEBUG [main] AvalonEngine [AvalonEngine.java:438] AvalonEngine start create application
2016-06-13 16:50:20,009 DEBUG [main] AvalonEngine [AvalonEngine.java:447] AvalonEngine start createServices
2016-06-13 16:50:20,012 DEBUG [main] AvalonEngine [ManagementService.java:28] ManagementService init
2016-06-13 16:50:20,024 DEBUG [main] AvalonEngine [ComponentRegistryImpl.java:426] Component add component AvalonMediator 
2016-06-13 16:50:20,027 DEBUG [main] AvalonEngine [AvalonMediator.java:404] AvalonMediator init
2016-06-13 16:50:20,027 DEBUG [main] AvalonEngine [AvalonMediator.java:407] conf path:/Users/zero/Documents/github/Avalon/AvalonMarket/ExampleGame/conf
2016-06-13 16:50:20,028 DEBUG [main] AvalonEngine [AvalonMediator.java:410] akka conf path:/Users/zero/Documents/github/Avalon/AvalonMarket/ExampleGame/conf
2016-06-13 16:50:20,040 DEBUG [main] AvalonEngine [AvalonMediator.java:414] AKKA_NAME:AVALON
2016-06-13 16:50:20,040 DEBUG [main] AvalonEngine [AvalonMediator.java:416] configName:AVALON
2016-06-13 16:50:20,040 DEBUG [main] AvalonEngine [AvalonMediator.java:426] initActorSystem start: akkaName=AVALON configName:AVALON
2016-06-13 16:50:20,802 INFO [AVALON-akka.actor.default-dispatcher-4] a.e.s.Slf4jLogger [Slf4jLogger.scala:85] Slf4jLogger started
2016-06-13 16:50:20,813 DEBUG [AVALON-akka.actor.default-dispatcher-4] a.e.EventStream [Slf4jLogger.scala:82] logger log1-Slf4jLogger started
2016-06-13 16:50:20,818 DEBUG [AVALON-akka.actor.default-dispatcher-4] a.e.EventStream [Slf4jLogger.scala:82] Default Loggers started
2016-06-13 16:50:20,943 INFO [AVALON-akka.actor.default-dispatcher-4] a.r.Remoting [Slf4jLogger.scala:79] Starting remoting
2016-06-13 16:50:21,129 INFO [AVALON-akka.actor.default-dispatcher-4] a.r.Remoting [Slf4jLogger.scala:79] Remoting started; listening on addresses :[akka.tcp://AVALON@10.1.37.203:2551]
2016-06-13 16:50:21,238 DEBUG [main] AvalonEngine [AvalonMediator.java:432] initActorSystem end
2016-06-13 16:50:21,245 DEBUG [main] AvalonEngine [AvalonEngine.java:450] AvalonEngine start Application
2016-06-13 16:50:21,250 DEBUG [AVALON-akka.actor.default-dispatcher-15] ServerSupervisorSubscriber [ServerSupervisorSubscriber.java:72] ServerSupervisorSubscriber create
2016-06-13 16:50:21,250 INFO [main] GameServerListener [GameServerListener.java:37] GameServerListener 初始化服务
2016-06-13 16:50:21,253 INFO [AVALON-akka.actor.default-dispatcher-14] AvalonEngine [AvalonActorSystem.java:484] Server model is game
2016-06-13 16:50:21,280 DEBUG [AVALON-akka.actor.default-dispatcher-17] AvalonEngine [LogUtil.java:11] AvaLongObecj init=com.avalon.gameengine.InstanceWorld
2016-06-13 16:50:21,289 DEBUG [AVALON-akka.actor.default-dispatcher-14] AvalonEngine [LogUtil.java:11] AvaLongObecj init=com.zero.example.manager.ZoneManager
2016-06-13 16:50:21,289 DEBUG [AVALON-akka.actor.default-dispatcher-17] AvalonEngine [LogUtil.java:11] AvaLongObecj extended actorExtendedStart=com.zero.example.extrnded.WorldManagerIExtendedControl
2016-06-13 16:50:21,366 DEBUG [AVALON-akka.actor.default-dispatcher-3] ServerSupervisorSubscriber [ServerSupervisorSubscriber.java:210] subscribing ack
2016-06-13 16:50:21,494 INFO [main] c.a.d.u.ScanManagedObjectUtil [ScanManagedObjectUtil.java:19] 开始查找DB Class类
2016-06-13 16:50:21,501 INFO [main] c.a.d.u.ScanManagedObjectUtil [ScanManagedObjectUtil.java:25] 发现持久化类文件:Account
2016-06-13 16:50:21,503 INFO [main] c.a.d.u.ScanManagedObjectUtil [ScanManagedObjectUtil.java:25] 发现持久化类文件:example.AccountExample$Criteria
2016-06-13 16:50:21,506 INFO [main] c.a.d.u.ScanManagedObjectUtil [ScanManagedObjectUtil.java:25] 发现持久化类文件:example.AccountExample$Criterion
2016-06-13 16:50:21,507 INFO [main] c.a.d.u.ScanManagedObjectUtil [ScanManagedObjectUtil.java:25] 发现持久化类文件:example.AccountExample$GeneratedCriteria
2016-06-13 16:50:21,507 INFO [main] c.a.d.u.ScanManagedObjectUtil [ScanManagedObjectUtil.java:25] 发现持久化类文件:example.AccountExample
2016-06-13 16:50:21,508 INFO [main] c.a.d.u.ScanManagedObjectUtil [ScanManagedObjectUtil.java:25] 发现持久化类文件:example.AccountMapper
2016-06-13 16:50:21,510 INFO [main] c.a.d.u.ScanManagedObjectUtil [ScanManagedObjectUtil.java:38] 结束查找DB Class类
2016-06-13 16:50:21,510 INFO [main] c.a.d.u.ScanManagedObjectUtil [ScanManagedObjectUtil.java:73] 发现持久化类操作Mapper文件:AccountMapper
2016-06-13 16:50:21,527 DEBUG [main] o.a.i.l.LogFactory [LogFactory.java:135] Logging initialized using 'class org.apache.ibatis.logging.slf4j.Slf4jImpl' adapter.
2016-06-13 16:50:21,622 WARN [AVALON-akka.actor.default-dispatcher-3] a.r.ReliableDeliverySupervisor [Slf4jLogger.scala:76] Association with remote system [akka.tcp://AVALON@10.1.38.173:2552] has failed, address is now gated for [5000] ms. Reason: [Association failed with [akka.tcp://AVALON@10.1.38.173:2552]] Caused by: [Connection refused: /10.1.38.173:2552]
2016-06-13 16:50:21,638 INFO [AVALON-akka.actor.default-dispatcher-14] a.r.RemoteActorRefProvider$RemoteDeadLetterActorRef [Slf4jLogger.scala:79] Message [akka.cluster.InternalClusterAction$InitJoin$] from Actor[akka://AVALON/system/cluster/core/daemon/firstSeedNodeProcess-1#1036902927] to Actor[akka://AVALON/deadLetters] was not delivered. [1] dead letters encountered. This logging can be turned off or adjusted with configuration settings 'akka.log-dead-letters' and 'akka.log-dead-letters-during-shutdown'.
2016-06-13 16:50:22,276 INFO [AVALON-akka.actor.default-dispatcher-3] a.r.RemoteActorRefProvider$RemoteDeadLetterActorRef [Slf4jLogger.scala:79] Message [akka.cluster.InternalClusterAction$InitJoin$] from Actor[akka://AVALON/system/cluster/core/daemon/firstSeedNodeProcess-1#1036902927] to Actor[akka://AVALON/deadLetters] was not delivered. [2] dead letters encountered. This logging can be turned off or adjusted with configuration settings 'akka.log-dead-letters' and 'akka.log-dead-letters-during-shutdown'.
2016-06-13 16:50:22,293 INFO [main] c.a.d.DBCheckHandler [DBCheckHandler.java:64] 添加已有键：Account
2016-06-13 16:50:22,298 DEBUG [main] c.a.d.h.CachedCommonHandler [MybatisCommonDBHandler.java:48] AccountMapper 初始化Id seed 5
2016-06-13 16:50:22,299 DEBUG [main] AvalonEngine [ComponentRegistryImpl.java:426] Component add component com.avalon.db.MybatisDataManagerImpl@72d0f2b4
2016-06-13 16:50:22,310 DEBUG [main] AvalonEngine [ComponentRegistryImpl.java:426] Component add component com.zero.example.core.ExampleClientExtension@41fed14f
2016-06-13 16:50:23,278 INFO [AVALON-akka.actor.default-dispatcher-18] a.r.RemoteActorRefProvider$RemoteDeadLetterActorRef [Slf4jLogger.scala:79] Message [akka.cluster.InternalClusterAction$InitJoin$] from Actor[akka://AVALON/system/cluster/core/daemon/firstSeedNodeProcess-1#1036902927] to Actor[akka://AVALON/deadLetters] was not delivered. [3] dead letters encountered. This logging can be turned off or adjusted with configuration settings 'akka.log-dead-letters' and 'akka.log-dead-letters-during-shutdown'.
2016-06-13 16:50:24,276 INFO [AVALON-akka.actor.default-dispatcher-4] a.r.RemoteActorRefProvider$RemoteDeadLetterActorRef [Slf4jLogger.scala:79] Message [akka.cluster.InternalClusterAction$InitJoin$] from Actor[akka://AVALON/system/cluster/core/daemon/firstSeedNodeProcess-1#1036902927] to Actor[akka://AVALON/deadLetters] was not delivered. [4] dead letters encountered. This logging can be turned off or adjusted with configuration settings 'akka.log-dead-letters' and 'akka.log-dead-letters-during-shutdown'.
2016-06-13 16:50:25,279 INFO [AVALON-akka.actor.default-dispatcher-16] a.r.RemoteActorRefProvider$RemoteDeadLetterActorRef [Slf4jLogger.scala:79] Message [akka.cluster.InternalClusterAction$InitJoin$] from Actor[akka://AVALON/system/cluster/core/daemon/firstSeedNodeProcess-1#1036902927] to Actor[akka://AVALON/deadLetters] was not delivered. [5] dead letters encountered. This logging can be turned off or adjusted with configuration settings 'akka.log-dead-letters' and 'akka.log-dead-letters-during-shutdown'.
2016-06-13 16:50:26,312 DEBUG [AVALON-akka.actor.default-dispatcher-3] ServerSupervisorSubscriber [ServerSupervisorSubscriber.java:222] msg is ServerSupervisorMessage.ServerIsTheSame find self
2016-06-13 16:50:26,311 DEBUG [AVALON-akka.actor.default-dispatcher-14] AvalonEngine [ClusterListener.java:428] ClusterListener Member is Up: Member(address = akka.tcp://AVALON@10.1.37.203:2551, status = Up)
2016-06-13 16:50:26,315 DEBUG [AVALON-akka.actor.default-dispatcher-3] ServerSupervisorSubscriber [ServerSupervisorSubscriber.java:92] msg is ServerSupervisorMessage.ServerOnline: is then same
2016-06-13 16:50:36,417 INFO [AVALON-akka.actor.default-dispatcher-4] a.r.t.ProtocolStateActor [Slf4jLogger.scala:79] No response from remote for outbound association. Associate timed out after [15000 ms].
2016-06-13 16:50:36,418 INFO [AVALON-akka.actor.default-dispatcher-4] a.r.t.ProtocolStateActor [Slf4jLogger.scala:79] No response from remote for outbound association. Associate timed out after [15000 ms].
2016-06-13 16:50:36,418 WARN [AVALON-akka.actor.default-dispatcher-4] a.r.ReliableDeliverySupervisor [Slf4jLogger.scala:76] Association with remote system [akka.tcp://AVALON@10.1.7.163:2552] has failed, address is now gated for [5000] ms. Reason: [Association failed with [akka.tcp://AVALON@10.1.7.163:2552]] Caused by: [No response from remote for outbound association. Associate timed out after [15000 ms].]
2016-06-13 16:50:36,419 WARN [AVALON-akka.actor.default-dispatcher-4] a.r.ReliableDeliverySupervisor [Slf4jLogger.scala:76] Association with remote system [akka.tcp://AVALON@10.1.7.163:2551] has failed, address is now gated for [5000] ms. Reason: [Association failed with [akka.tcp://AVALON@10.1.7.163:2551]] Caused by: [No response from remote for outbound association. Associate timed out after [15000 ms].]
2016-06-13 16:50:36,419 INFO [AVALON-akka.actor.default-dispatcher-4] a.r.RemoteActorRefProvider$RemoteDeadLetterActorRef [Slf4jLogger.scala:79] Message [akka.cluster.InternalClusterAction$InitJoin$] from Actor[akka://AVALON/system/cluster/core/daemon/firstSeedNodeProcess-1#1036902927] to Actor[akka://AVALON/deadLetters] was not delivered. [6] dead letters encountered. This logging can be turned off or adjusted with configuration settings 'akka.log-dead-letters' and 'akka.log-dead-letters-during-shutdown'.
2016-06-13 16:50:36,420 INFO [AVALON-akka.actor.default-dispatcher-4] a.r.RemoteActorRefProvider$RemoteDeadLetterActorRef [Slf4jLogger.scala:79] Message [akka.cluster.InternalClusterAction$InitJoin$] from Actor[akka://AVALON/system/cluster/core/daemon/firstSeedNodeProcess-1#1036902927] to Actor[akka://AVALON/deadLetters] was not delivered. [7] dead letters encountered. This logging can be turned off or adjusted with configuration settings 'akka.log-dead-letters' and 'akka.log-dead-letters-during-shutdown'.
2016-06-13 16:50:36,420 INFO [AVALON-akka.actor.default-dispatcher-4] a.r.RemoteActorRefProvider$RemoteDeadLetterActorRef [Slf4jLogger.scala:79] Message [akka.cluster.InternalClusterAction$InitJoin$] from Actor[akka://AVALON/system/cluster/core/daemon/firstSeedNodeProcess-1#1036902927] to Actor[akka://AVALON/deadLetters] was not delivered. [8] dead letters encountered. This logging can be turned off or adjusted with configuration settings 'akka.log-dead-letters' and 'akka.log-dead-letters-during-shutdown'.
2016-06-13 16:50:36,420 INFO [AVALON-akka.actor.default-dispatcher-4] a.r.RemoteActorRefProvider$RemoteDeadLetterActorRef [Slf4jLogger.scala:79] Message [akka.cluster.InternalClusterAction$InitJoin$] from Actor[akka://AVALON/system/cluster/core/daemon/firstSeedNodeProcess-1#1036902927] to Actor[akka://AVALON/deadLetters] was not delivered. [9] dead letters encountered. This logging can be turned off or adjusted with configuration settings 'akka.log-dead-letters' and 'akka.log-dead-letters-during-shutdown'.
2016-06-13 16:50:36,421 INFO [AVALON-akka.actor.default-dispatcher-4] a.r.RemoteActorRefProvider$RemoteDeadLetterActorRef [Slf4jLogger.scala:79] Message [akka.cluster.InternalClusterAction$InitJoin$] from Actor[akka://AVALON/system/cluster/core/daemon/firstSeedNodeProcess-1#1036902927] to Actor[akka://AVALON/deadLetters] was not delivered. [10] dead letters encountered, no more dead letters will be logged. This logging can be turned off or adjusted with configuration settings 'akka.log-dead-letters' and 'akka.log-dead-letters-during-shutdown'.
2016-06-13 16:51:26,324 DEBUG [AVALON-akka.actor.default-dispatcher-3] ServerSupervisorSubscriber [ServerSupervisorSubscriber.java:147] msg is ServerSupervisorMessage.Ping
2016-06-13 16:51:26,325 DEBUG [AVALON-akka.actor.default-dispatcher-3] ServerSupervisorSubscriber [ServerSupervisorSubscriber.java:153] msg is ServerSupervisorMessage.Ping find self
2016-06-13 16:52:26,323 DEBUG [AVALON-akka.actor.default-dispatcher-18] ServerSupervisorSubscriber [ServerSupervisorSubscriber.java:147] msg is ServerSupervisorMessage.Ping
2016-06-13 16:52:26,324 DEBUG [AVALON-akka.actor.default-dispatcher-18] ServerSupervisorSubscriber [ServerSupervisorSubscriber.java:153] msg is ServerSupervisorMessage.Ping find self
2016-06-13 16:53:26,322 DEBUG [AVALON-akka.actor.default-dispatcher-18] ServerSupervisorSubscriber [ServerSupervisorSubscriber.java:147] msg is ServerSupervisorMessage.Ping
2016-06-13 16:53:26,329 DEBUG [AVALON-akka.actor.default-dispatcher-18] ServerSupervisorSubscriber [ServerSupervisorSubscriber.java:153] msg is ServerSupervisorMessage.Ping find self
2016-06-13 16:54:26,320 DEBUG [AVALON-akka.actor.default-dispatcher-18] ServerSupervisorSubscriber [ServerSupervisorSubscriber.java:147] msg is ServerSupervisorMessage.Ping
2016-06-13 16:54:26,320 DEBUG [AVALON-akka.actor.default-dispatcher-18] ServerSupervisorSubscriber [ServerSupervisorSubscriber.java:153] msg is ServerSupervisorMessage.Ping find self
2016-06-13 16:55:26,318 DEBUG [AVALON-akka.actor.default-dispatcher-14] ServerSupervisorSubscriber [ServerSupervisorSubscriber.java:147] msg is ServerSupervisorMessage.Ping
2016-06-13 16:55:26,319 DEBUG [AVALON-akka.actor.default-dispatcher-14] ServerSupervisorSubscriber [ServerSupervisorSubscriber.java:153] msg is ServerSupervisorMessage.Ping find self
2016-06-13 16:56:26,316 DEBUG [AVALON-akka.actor.default-dispatcher-15] ServerSupervisorSubscriber [ServerSupervisorSubscriber.java:147] msg is ServerSupervisorMessage.Ping
2016-06-13 16:56:26,324 DEBUG [AVALON-akka.actor.default-dispatcher-15] ServerSupervisorSubscriber [ServerSupervisorSubscriber.java:153] msg is ServerSupervisorMessage.Ping find self
2016-06-13 16:57:26,314 DEBUG [AVALON-akka.actor.default-dispatcher-18] ServerSupervisorSubscriber [ServerSupervisorSubscriber.java:147] msg is ServerSupervisorMessage.Ping
2016-06-13 16:57:26,321 DEBUG [AVALON-akka.actor.default-dispatcher-18] ServerSupervisorSubscriber [ServerSupervisorSubscriber.java:153] msg is ServerSupervisorMessage.Ping find self
2016-06-13 16:58:26,311 DEBUG [AVALON-akka.actor.default-dispatcher-4] ServerSupervisorSubscriber [ServerSupervisorSubscriber.java:147] msg is ServerSupervisorMessage.Ping
2016-06-13 16:58:26,312 DEBUG [AVALON-akka.actor.default-dispatcher-4] ServerSupervisorSubscriber [ServerSupervisorSubscriber.java:153] msg is ServerSupervisorMessage.Ping find self
2016-06-13 16:59:26,311 DEBUG [AVALON-akka.actor.default-dispatcher-15] ServerSupervisorSubscriber [ServerSupervisorSubscriber.java:147] msg is ServerSupervisorMessage.Ping
2016-06-13 16:59:26,312 DEBUG [AVALON-akka.actor.default-dispatcher-15] ServerSupervisorSubscriber [ServerSupervisorSubscriber.java:153] msg is ServerSupervisorMessage.Ping find self
2016-06-13 17:00:26,310 DEBUG [AVALON-akka.actor.default-dispatcher-4] ServerSupervisorSubscriber [ServerSupervisorSubscriber.java:147] msg is ServerSupervisorMessage.Ping
2016-06-13 17:00:26,310 DEBUG [AVALON-akka.actor.default-dispatcher-4] ServerSupervisorSubscriber [ServerSupervisorSubscriber.java:153] msg is ServerSupervisorMessage.Ping find self
2016-06-13 17:01:26,306 DEBUG [AVALON-akka.actor.default-dispatcher-4] ServerSupervisorSubscriber [ServerSupervisorSubscriber.java:147] msg is ServerSupervisorMessage.Ping
2016-06-13 17:01:26,307 DEBUG [AVALON-akka.actor.default-dispatcher-4] ServerSupervisorSubscriber [ServerSupervisorSubscriber.java:153] msg is ServerSupervisorMessage.Ping find self
2016-06-13 17:02:26,306 DEBUG [AVALON-akka.actor.default-dispatcher-3] ServerSupervisorSubscriber [ServerSupervisorSubscriber.java:147] msg is ServerSupervisorMessage.Ping
2016-06-13 17:02:26,307 DEBUG [AVALON-akka.actor.default-dispatcher-3] ServerSupervisorSubscriber [ServerSupervisorSubscriber.java:153] msg is ServerSupervisorMessage.Ping find self
2016-06-13 17:03:26,302 DEBUG [AVALON-akka.actor.default-dispatcher-4] ServerSupervisorSubscriber [ServerSupervisorSubscriber.java:147] msg is ServerSupervisorMessage.Ping
2016-06-13 17:03:26,303 DEBUG [AVALON-akka.actor.default-dispatcher-4] ServerSupervisorSubscriber [ServerSupervisorSubscriber.java:153] msg is ServerSupervisorMessage.Ping find self
2016-06-13 17:04:26,301 DEBUG [AVALON-akka.actor.default-dispatcher-20] ServerSupervisorSubscriber [ServerSupervisorSubscriber.java:147] msg is ServerSupervisorMessage.Ping
2016-06-13 17:04:26,308 DEBUG [AVALON-akka.actor.default-dispatcher-20] ServerSupervisorSubscriber [ServerSupervisorSubscriber.java:153] msg is ServerSupervisorMessage.Ping find self
2016-06-13 17:05:26,301 DEBUG [AVALON-akka.actor.default-dispatcher-14] ServerSupervisorSubscriber [ServerSupervisorSubscriber.java:147] msg is ServerSupervisorMessage.Ping
2016-06-13 17:05:26,307 DEBUG [AVALON-akka.actor.default-dispatcher-14] ServerSupervisorSubscriber [ServerSupervisorSubscriber.java:153] msg is ServerSupervisorMessage.Ping find self
2016-06-13 17:06:26,299 DEBUG [AVALON-akka.actor.default-dispatcher-15] ServerSupervisorSubscriber [ServerSupervisorSubscriber.java:147] msg is ServerSupervisorMessage.Ping
2016-06-13 17:06:26,299 DEBUG [AVALON-akka.actor.default-dispatcher-15] ServerSupervisorSubscriber [ServerSupervisorSubscriber.java:153] msg is ServerSupervisorMessage.Ping find self
2016-06-13 17:07:26,297 DEBUG [AVALON-akka.actor.default-dispatcher-2] ServerSupervisorSubscriber [ServerSupervisorSubscriber.java:147] msg is ServerSupervisorMessage.Ping
2016-06-13 17:07:26,298 DEBUG [AVALON-akka.actor.default-dispatcher-2] ServerSupervisorSubscriber [ServerSupervisorSubscriber.java:153] msg is ServerSupervisorMessage.Ping find self
2016-06-13 17:08:26,296 DEBUG [AVALON-akka.actor.default-dispatcher-3] ServerSupervisorSubscriber [ServerSupervisorSubscriber.java:147] msg is ServerSupervisorMessage.Ping
2016-06-13 17:08:26,303 DEBUG [AVALON-akka.actor.default-dispatcher-3] ServerSupervisorSubscriber [ServerSupervisorSubscriber.java:153] msg is ServerSupervisorMessage.Ping find self
2016-06-13 17:09:26,293 DEBUG [AVALON-akka.actor.default-dispatcher-14] ServerSupervisorSubscriber [ServerSupervisorSubscriber.java:147] msg is ServerSupervisorMessage.Ping
2016-06-13 17:09:26,293 DEBUG [AVALON-akka.actor.default-dispatcher-14] ServerSupervisorSubscriber [ServerSupervisorSubscriber.java:153] msg is ServerSupervisorMessage.Ping find self
2016-06-13 17:10:26,291 DEBUG [AVALON-akka.actor.default-dispatcher-20] ServerSupervisorSubscriber [ServerSupervisorSubscriber.java:147] msg is ServerSupervisorMessage.Ping
2016-06-13 17:10:26,292 DEBUG [AVALON-akka.actor.default-dispatcher-20] ServerSupervisorSubscriber [ServerSupervisorSubscriber.java:153] msg is ServerSupervisorMessage.Ping find self
2016-06-13 17:11:26,288 DEBUG [AVALON-akka.actor.default-dispatcher-14] ServerSupervisorSubscriber [ServerSupervisorSubscriber.java:147] msg is ServerSupervisorMessage.Ping
2016-06-13 17:11:26,289 DEBUG [AVALON-akka.actor.default-dispatcher-14] ServerSupervisorSubscriber [ServerSupervisorSubscriber.java:153] msg is ServerSupervisorMessage.Ping find self
2016-06-13 17:12:26,289 DEBUG [AVALON-akka.actor.default-dispatcher-3] ServerSupervisorSubscriber [ServerSupervisorSubscriber.java:147] msg is ServerSupervisorMessage.Ping
2016-06-13 17:12:26,289 DEBUG [AVALON-akka.actor.default-dispatcher-3] ServerSupervisorSubscriber [ServerSupervisorSubscriber.java:153] msg is ServerSupervisorMessage.Ping find self
2016-06-13 17:13:26,286 DEBUG [AVALON-akka.actor.default-dispatcher-2] ServerSupervisorSubscriber [ServerSupervisorSubscriber.java:147] msg is ServerSupervisorMessage.Ping
2016-06-13 17:13:26,287 DEBUG [AVALON-akka.actor.default-dispatcher-2] ServerSupervisorSubscriber [ServerSupervisorSubscriber.java:153] msg is ServerSupervisorMessage.Ping find self
2016-06-13 17:14:26,283 DEBUG [AVALON-akka.actor.default-dispatcher-3] ServerSupervisorSubscriber [ServerSupervisorSubscriber.java:147] msg is ServerSupervisorMessage.Ping
2016-06-13 17:14:26,283 DEBUG [AVALON-akka.actor.default-dispatcher-3] ServerSupervisorSubscriber [ServerSupervisorSubscriber.java:153] msg is ServerSupervisorMessage.Ping find self
2016-06-13 17:15:26,282 DEBUG [AVALON-akka.actor.default-dispatcher-4] ServerSupervisorSubscriber [ServerSupervisorSubscriber.java:147] msg is ServerSupervisorMessage.Ping
2016-06-13 17:15:26,283 DEBUG [AVALON-akka.actor.default-dispatcher-4] ServerSupervisorSubscriber [ServerSupervisorSubscriber.java:153] msg is ServerSupervisorMessage.Ping find self
2016-06-13 17:16:26,280 DEBUG [AVALON-akka.actor.default-dispatcher-3] ServerSupervisorSubscriber [ServerSupervisorSubscriber.java:147] msg is ServerSupervisorMessage.Ping
2016-06-13 17:16:26,281 DEBUG [AVALON-akka.actor.default-dispatcher-3] ServerSupervisorSubscriber [ServerSupervisorSubscriber.java:153] msg is ServerSupervisorMessage.Ping find self
2016-06-13 17:17:26,279 DEBUG [AVALON-akka.actor.default-dispatcher-3] ServerSupervisorSubscriber [ServerSupervisorSubscriber.java:147] msg is ServerSupervisorMessage.Ping
2016-06-13 17:17:26,279 DEBUG [AVALON-akka.actor.default-dispatcher-3] ServerSupervisorSubscriber [ServerSupervisorSubscriber.java:153] msg is ServerSupervisorMessage.Ping find self
2016-06-13 17:18:26,276 DEBUG [AVALON-akka.actor.default-dispatcher-17] ServerSupervisorSubscriber [ServerSupervisorSubscriber.java:147] msg is ServerSupervisorMessage.Ping
2016-06-13 17:18:26,276 DEBUG [AVALON-akka.actor.default-dispatcher-17] ServerSupervisorSubscriber [ServerSupervisorSubscriber.java:153] msg is ServerSupervisorMessage.Ping find self
2016-06-13 17:19:26,275 DEBUG [AVALON-akka.actor.default-dispatcher-4] ServerSupervisorSubscriber [ServerSupervisorSubscriber.java:147] msg is ServerSupervisorMessage.Ping
2016-06-13 17:19:26,275 DEBUG [AVALON-akka.actor.default-dispatcher-4] ServerSupervisorSubscriber [ServerSupervisorSubscriber.java:153] msg is ServerSupervisorMessage.Ping find self
2016-06-13 17:20:26,275 DEBUG [AVALON-akka.actor.default-dispatcher-14] ServerSupervisorSubscriber [ServerSupervisorSubscriber.java:147] msg is ServerSupervisorMessage.Ping
2016-06-13 17:20:26,275 DEBUG [AVALON-akka.actor.default-dispatcher-14] ServerSupervisorSubscriber [ServerSupervisorSubscriber.java:153] msg is ServerSupervisorMessage.Ping find self
2016-06-13 17:21:26,272 DEBUG [AVALON-akka.actor.default-dispatcher-18] ServerSupervisorSubscriber [ServerSupervisorSubscriber.java:147] msg is ServerSupervisorMessage.Ping
2016-06-13 17:21:26,272 DEBUG [AVALON-akka.actor.default-dispatcher-18] ServerSupervisorSubscriber [ServerSupervisorSubscriber.java:153] msg is ServerSupervisorMessage.Ping find self
2016-06-13 17:22:26,269 DEBUG [AVALON-akka.actor.default-dispatcher-3] ServerSupervisorSubscriber [ServerSupervisorSubscriber.java:147] msg is ServerSupervisorMessage.Ping
2016-06-13 17:22:26,269 DEBUG [AVALON-akka.actor.default-dispatcher-3] ServerSupervisorSubscriber [ServerSupervisorSubscriber.java:153] msg is ServerSupervisorMessage.Ping find self
2016-06-13 17:23:26,268 DEBUG [AVALON-akka.actor.default-dispatcher-3] ServerSupervisorSubscriber [ServerSupervisorSubscriber.java:147] msg is ServerSupervisorMessage.Ping
2016-06-13 17:23:26,269 DEBUG [AVALON-akka.actor.default-dispatcher-3] ServerSupervisorSubscriber [ServerSupervisorSubscriber.java:153] msg is ServerSupervisorMessage.Ping find self
2016-06-13 17:24:26,267 DEBUG [AVALON-akka.actor.default-dispatcher-18] ServerSupervisorSubscriber [ServerSupervisorSubscriber.java:147] msg is ServerSupervisorMessage.Ping
2016-06-13 17:24:26,267 DEBUG [AVALON-akka.actor.default-dispatcher-18] ServerSupervisorSubscriber [ServerSupervisorSubscriber.java:153] msg is ServerSupervisorMessage.Ping find self
2016-06-13 17:25:26,265 DEBUG [AVALON-akka.actor.default-dispatcher-20] ServerSupervisorSubscriber [ServerSupervisorSubscriber.java:147] msg is ServerSupervisorMessage.Ping
2016-06-13 17:25:26,266 DEBUG [AVALON-akka.actor.default-dispatcher-20] ServerSupervisorSubscriber [ServerSupervisorSubscriber.java:153] msg is ServerSupervisorMessage.Ping find self
2016-06-13 17:26:26,262 DEBUG [AVALON-akka.actor.default-dispatcher-4] ServerSupervisorSubscriber [ServerSupervisorSubscriber.java:147] msg is ServerSupervisorMessage.Ping
2016-06-13 17:26:26,263 DEBUG [AVALON-akka.actor.default-dispatcher-4] ServerSupervisorSubscriber [ServerSupervisorSubscriber.java:153] msg is ServerSupervisorMessage.Ping find self
2016-06-13 17:27:26,261 DEBUG [AVALON-akka.actor.default-dispatcher-19] ServerSupervisorSubscriber [ServerSupervisorSubscriber.java:147] msg is ServerSupervisorMessage.Ping
2016-06-13 17:27:26,262 DEBUG [AVALON-akka.actor.default-dispatcher-19] ServerSupervisorSubscriber [ServerSupervisorSubscriber.java:153] msg is ServerSupervisorMessage.Ping find self
2016-06-13 17:28:26,260 DEBUG [AVALON-akka.actor.default-dispatcher-16] ServerSupervisorSubscriber [ServerSupervisorSubscriber.java:147] msg is ServerSupervisorMessage.Ping
2016-06-13 17:28:26,260 DEBUG [AVALON-akka.actor.default-dispatcher-16] ServerSupervisorSubscriber [ServerSupervisorSubscriber.java:153] msg is ServerSupervisorMessage.Ping find self
2016-06-13 17:29:26,259 DEBUG [AVALON-akka.actor.default-dispatcher-18] ServerSupervisorSubscriber [ServerSupervisorSubscriber.java:147] msg is ServerSupervisorMessage.Ping
2016-06-13 17:29:26,259 DEBUG [AVALON-akka.actor.default-dispatcher-18] ServerSupervisorSubscriber [ServerSupervisorSubscriber.java:153] msg is ServerSupervisorMessage.Ping find self
2016-06-13 17:30:26,256 DEBUG [AVALON-akka.actor.default-dispatcher-18] ServerSupervisorSubscriber [ServerSupervisorSubscriber.java:147] msg is ServerSupervisorMessage.Ping
2016-06-13 17:30:26,257 DEBUG [AVALON-akka.actor.default-dispatcher-18] ServerSupervisorSubscriber [ServerSupervisorSubscriber.java:153] msg is ServerSupervisorMessage.Ping find self
2016-06-13 17:31:26,255 DEBUG [AVALON-akka.actor.default-dispatcher-2] ServerSupervisorSubscriber [ServerSupervisorSubscriber.java:147] msg is ServerSupervisorMessage.Ping
2016-06-13 17:31:26,256 DEBUG [AVALON-akka.actor.default-dispatcher-2] ServerSupervisorSubscriber [ServerSupervisorSubscriber.java:153] msg is ServerSupervisorMessage.Ping find self
2016-06-13 17:32:26,253 DEBUG [AVALON-akka.actor.default-dispatcher-16] ServerSupervisorSubscriber [ServerSupervisorSubscriber.java:147] msg is ServerSupervisorMessage.Ping
2016-06-13 17:32:26,253 DEBUG [AVALON-akka.actor.default-dispatcher-16] ServerSupervisorSubscriber [ServerSupervisorSubscriber.java:153] msg is ServerSupervisorMessage.Ping find self
2016-06-13 17:33:26,251 DEBUG [AVALON-akka.actor.default-dispatcher-18] ServerSupervisorSubscriber [ServerSupervisorSubscriber.java:147] msg is ServerSupervisorMessage.Ping
2016-06-13 17:33:26,252 DEBUG [AVALON-akka.actor.default-dispatcher-18] ServerSupervisorSubscriber [ServerSupervisorSubscriber.java:153] msg is ServerSupervisorMessage.Ping find self
2016-06-13 17:34:26,250 DEBUG [AVALON-akka.actor.default-dispatcher-14] ServerSupervisorSubscriber [ServerSupervisorSubscriber.java:147] msg is ServerSupervisorMessage.Ping
2016-06-13 17:34:26,251 DEBUG [AVALON-akka.actor.default-dispatcher-14] ServerSupervisorSubscriber [ServerSupervisorSubscriber.java:153] msg is ServerSupervisorMessage.Ping find self
2016-06-13 17:35:26,250 DEBUG [AVALON-akka.actor.default-dispatcher-14] ServerSupervisorSubscriber [ServerSupervisorSubscriber.java:147] msg is ServerSupervisorMessage.Ping
2016-06-13 17:35:26,251 DEBUG [AVALON-akka.actor.default-dispatcher-14] ServerSupervisorSubscriber [ServerSupervisorSubscriber.java:153] msg is ServerSupervisorMessage.Ping find self
2016-06-13 17:36:26,247 DEBUG [AVALON-akka.actor.default-dispatcher-4] ServerSupervisorSubscriber [ServerSupervisorSubscriber.java:147] msg is ServerSupervisorMessage.Ping
2016-06-13 17:36:26,248 DEBUG [AVALON-akka.actor.default-dispatcher-4] ServerSupervisorSubscriber [ServerSupervisorSubscriber.java:153] msg is ServerSupervisorMessage.Ping find self
2016-06-13 17:37:26,244 DEBUG [AVALON-akka.actor.default-dispatcher-3] ServerSupervisorSubscriber [ServerSupervisorSubscriber.java:147] msg is ServerSupervisorMessage.Ping
2016-06-13 17:37:26,244 DEBUG [AVALON-akka.actor.default-dispatcher-3] ServerSupervisorSubscriber [ServerSupervisorSubscriber.java:153] msg is ServerSupervisorMessage.Ping find self
2016-06-13 17:38:26,242 DEBUG [AVALON-akka.actor.default-dispatcher-4] ServerSupervisorSubscriber [ServerSupervisorSubscriber.java:147] msg is ServerSupervisorMessage.Ping
2016-06-13 17:38:26,243 DEBUG [AVALON-akka.actor.default-dispatcher-4] ServerSupervisorSubscriber [ServerSupervisorSubscriber.java:153] msg is ServerSupervisorMessage.Ping find self
2016-06-13 17:39:26,241 DEBUG [AVALON-akka.actor.default-dispatcher-17] ServerSupervisorSubscriber [ServerSupervisorSubscriber.java:147] msg is ServerSupervisorMessage.Ping
2016-06-13 17:39:26,242 DEBUG [AVALON-akka.actor.default-dispatcher-17] ServerSupervisorSubscriber [ServerSupervisorSubscriber.java:153] msg is ServerSupervisorMessage.Ping find self
2016-06-13 17:40:26,240 DEBUG [AVALON-akka.actor.default-dispatcher-4] ServerSupervisorSubscriber [ServerSupervisorSubscriber.java:147] msg is ServerSupervisorMessage.Ping
2016-06-13 17:40:26,241 DEBUG [AVALON-akka.actor.default-dispatcher-4] ServerSupervisorSubscriber [ServerSupervisorSubscriber.java:153] msg is ServerSupervisorMessage.Ping find self
2016-06-13 17:41:26,239 DEBUG [AVALON-akka.actor.default-dispatcher-14] ServerSupervisorSubscriber [ServerSupervisorSubscriber.java:147] msg is ServerSupervisorMessage.Ping
2016-06-13 17:41:26,240 DEBUG [AVALON-akka.actor.default-dispatcher-14] ServerSupervisorSubscriber [ServerSupervisorSubscriber.java:153] msg is ServerSupervisorMessage.Ping find self
2016-06-13 17:42:26,238 DEBUG [AVALON-akka.actor.default-dispatcher-17] ServerSupervisorSubscriber [ServerSupervisorSubscriber.java:147] msg is ServerSupervisorMessage.Ping
2016-06-13 17:42:26,238 DEBUG [AVALON-akka.actor.default-dispatcher-17] ServerSupervisorSubscriber [ServerSupervisorSubscriber.java:153] msg is ServerSupervisorMessage.Ping find self
2016-06-13 17:43:26,236 DEBUG [AVALON-akka.actor.default-dispatcher-16] ServerSupervisorSubscriber [ServerSupervisorSubscriber.java:147] msg is ServerSupervisorMessage.Ping
2016-06-13 17:43:26,237 DEBUG [AVALON-akka.actor.default-dispatcher-16] ServerSupervisorSubscriber [ServerSupervisorSubscriber.java:153] msg is ServerSupervisorMessage.Ping find self
2016-06-13 17:44:26,232 DEBUG [AVALON-akka.actor.default-dispatcher-20] ServerSupervisorSubscriber [ServerSupervisorSubscriber.java:147] msg is ServerSupervisorMessage.Ping
2016-06-13 17:44:26,232 DEBUG [AVALON-akka.actor.default-dispatcher-20] ServerSupervisorSubscriber [ServerSupervisorSubscriber.java:153] msg is ServerSupervisorMessage.Ping find self
2016-06-13 17:45:26,233 DEBUG [AVALON-akka.actor.default-dispatcher-20] ServerSupervisorSubscriber [ServerSupervisorSubscriber.java:147] msg is ServerSupervisorMessage.Ping
2016-06-13 17:45:26,234 DEBUG [AVALON-akka.actor.default-dispatcher-20] ServerSupervisorSubscriber [ServerSupervisorSubscriber.java:153] msg is ServerSupervisorMessage.Ping find self
2016-06-13 17:46:26,230 DEBUG [AVALON-akka.actor.default-dispatcher-16] ServerSupervisorSubscriber [ServerSupervisorSubscriber.java:147] msg is ServerSupervisorMessage.Ping
2016-06-13 17:46:26,232 DEBUG [AVALON-akka.actor.default-dispatcher-16] ServerSupervisorSubscriber [ServerSupervisorSubscriber.java:153] msg is ServerSupervisorMessage.Ping find self
2016-06-13 17:47:26,226 DEBUG [AVALON-akka.actor.default-dispatcher-15] ServerSupervisorSubscriber [ServerSupervisorSubscriber.java:147] msg is ServerSupervisorMessage.Ping
2016-06-13 17:47:26,227 DEBUG [AVALON-akka.actor.default-dispatcher-15] ServerSupervisorSubscriber [ServerSupervisorSubscriber.java:153] msg is ServerSupervisorMessage.Ping find self
2016-06-13 17:48:26,228 DEBUG [AVALON-akka.actor.default-dispatcher-18] ServerSupervisorSubscriber [ServerSupervisorSubscriber.java:147] msg is ServerSupervisorMessage.Ping
2016-06-13 17:48:26,229 DEBUG [AVALON-akka.actor.default-dispatcher-18] ServerSupervisorSubscriber [ServerSupervisorSubscriber.java:153] msg is ServerSupervisorMessage.Ping find self
2016-06-13 17:49:26,227 DEBUG [AVALON-akka.actor.default-dispatcher-2] ServerSupervisorSubscriber [ServerSupervisorSubscriber.java:147] msg is ServerSupervisorMessage.Ping
2016-06-13 17:49:26,227 DEBUG [AVALON-akka.actor.default-dispatcher-2] ServerSupervisorSubscriber [ServerSupervisorSubscriber.java:153] msg is ServerSupervisorMessage.Ping find self
2016-06-13 17:50:26,220 DEBUG [AVALON-akka.actor.default-dispatcher-2] ServerSupervisorSubscriber [ServerSupervisorSubscriber.java:147] msg is ServerSupervisorMessage.Ping
2016-06-13 17:50:26,221 DEBUG [AVALON-akka.actor.default-dispatcher-2] ServerSupervisorSubscriber [ServerSupervisorSubscriber.java:153] msg is ServerSupervisorMessage.Ping find self
2016-06-13 17:51:26,220 DEBUG [AVALON-akka.actor.default-dispatcher-19] ServerSupervisorSubscriber [ServerSupervisorSubscriber.java:147] msg is ServerSupervisorMessage.Ping
2016-06-13 17:51:26,222 DEBUG [AVALON-akka.actor.default-dispatcher-19] ServerSupervisorSubscriber [ServerSupervisorSubscriber.java:153] msg is ServerSupervisorMessage.Ping find self
2016-06-13 17:52:26,221 DEBUG [AVALON-akka.actor.default-dispatcher-3] ServerSupervisorSubscriber [ServerSupervisorSubscriber.java:147] msg is ServerSupervisorMessage.Ping
2016-06-13 17:52:26,222 DEBUG [AVALON-akka.actor.default-dispatcher-3] ServerSupervisorSubscriber [ServerSupervisorSubscriber.java:153] msg is ServerSupervisorMessage.Ping find self
2016-06-13 17:53:26,216 DEBUG [AVALON-akka.actor.default-dispatcher-14] ServerSupervisorSubscriber [ServerSupervisorSubscriber.java:147] msg is ServerSupervisorMessage.Ping
2016-06-13 17:53:26,216 DEBUG [AVALON-akka.actor.default-dispatcher-14] ServerSupervisorSubscriber [ServerSupervisorSubscriber.java:153] msg is ServerSupervisorMessage.Ping find self
2016-06-13 17:54:26,214 DEBUG [AVALON-akka.actor.default-dispatcher-17] ServerSupervisorSubscriber [ServerSupervisorSubscriber.java:147] msg is ServerSupervisorMessage.Ping
2016-06-13 17:54:26,215 DEBUG [AVALON-akka.actor.default-dispatcher-17] ServerSupervisorSubscriber [ServerSupervisorSubscriber.java:153] msg is ServerSupervisorMessage.Ping find self
2016-06-13 17:55:26,213 DEBUG [AVALON-akka.actor.default-dispatcher-14] ServerSupervisorSubscriber [ServerSupervisorSubscriber.java:147] msg is ServerSupervisorMessage.Ping
2016-06-13 17:55:26,214 DEBUG [AVALON-akka.actor.default-dispatcher-14] ServerSupervisorSubscriber [ServerSupervisorSubscriber.java:153] msg is ServerSupervisorMessage.Ping find self
2016-06-13 17:56:26,212 DEBUG [AVALON-akka.actor.default-dispatcher-14] ServerSupervisorSubscriber [ServerSupervisorSubscriber.java:147] msg is ServerSupervisorMessage.Ping
2016-06-13 17:56:26,212 DEBUG [AVALON-akka.actor.default-dispatcher-14] ServerSupervisorSubscriber [ServerSupervisorSubscriber.java:153] msg is ServerSupervisorMessage.Ping find self
2016-06-13 17:57:26,210 DEBUG [AVALON-akka.actor.default-dispatcher-14] ServerSupervisorSubscriber [ServerSupervisorSubscriber.java:147] msg is ServerSupervisorMessage.Ping
2016-06-13 17:57:26,211 DEBUG [AVALON-akka.actor.default-dispatcher-14] ServerSupervisorSubscriber [ServerSupervisorSubscriber.java:153] msg is ServerSupervisorMessage.Ping find self
2016-06-13 17:58:26,208 DEBUG [AVALON-akka.actor.default-dispatcher-15] ServerSupervisorSubscriber [ServerSupervisorSubscriber.java:147] msg is ServerSupervisorMessage.Ping
2016-06-13 17:58:26,208 DEBUG [AVALON-akka.actor.default-dispatcher-15] ServerSupervisorSubscriber [ServerSupervisorSubscriber.java:153] msg is ServerSupervisorMessage.Ping find self
2016-06-13 17:59:26,204 DEBUG [AVALON-akka.actor.default-dispatcher-2] ServerSupervisorSubscriber [ServerSupervisorSubscriber.java:147] msg is ServerSupervisorMessage.Ping
2016-06-13 17:59:26,205 DEBUG [AVALON-akka.actor.default-dispatcher-2] ServerSupervisorSubscriber [ServerSupervisorSubscriber.java:153] msg is ServerSupervisorMessage.Ping find self
2016-06-13 18:00:26,204 DEBUG [AVALON-akka.actor.default-dispatcher-19] ServerSupervisorSubscriber [ServerSupervisorSubscriber.java:147] msg is ServerSupervisorMessage.Ping
2016-06-13 18:00:26,205 DEBUG [AVALON-akka.actor.default-dispatcher-19] ServerSupervisorSubscriber [ServerSupervisorSubscriber.java:153] msg is ServerSupervisorMessage.Ping find self
2016-06-13 18:01:26,201 DEBUG [AVALON-akka.actor.default-dispatcher-4] ServerSupervisorSubscriber [ServerSupervisorSubscriber.java:147] msg is ServerSupervisorMessage.Ping
2016-06-13 18:01:26,202 DEBUG [AVALON-akka.actor.default-dispatcher-4] ServerSupervisorSubscriber [ServerSupervisorSubscriber.java:153] msg is ServerSupervisorMessage.Ping find self
2016-06-13 18:01:52,186 WARN [AVALON-akka.actor.default-dispatcher-16] a.r.ReliableDeliverySupervisor [Slf4jLogger.scala:76] Association with remote system [akka.tcp://Client@10.1.37.203:2552] has failed, address is now gated for [5000] ms. Reason: [Disassociated] 
