2016-06-14 18:33:20,601 INFO [main] AvalonEngine [AvalonEngine.java:545] File path=/Users/zero/Documents/github/Avalon/AvalonMarket/ExampleGame
2016-06-14 18:33:20,639 DEBUG [main] AvalonEngine [AvalonEngine.java:426] create AvalonEngine
2016-06-14 18:33:20,641 DEBUG [main] AvalonEngine [AvalonEngine.java:433] Severid=1 modelName=GAME
2016-06-14 18:33:20,642 DEBUG [main] AvalonEngine [ComponentRegistryImpl.java:376] ComponentRegistryImpl create
2016-06-14 18:33:20,650 DEBUG [main] AvalonEngine [ComponentRegistryImpl.java:376] ComponentRegistryImpl create
2016-06-14 18:33:20,651 DEBUG [main] AvalonEngine [AvalonEngine.java:438] AvalonEngine start create application
2016-06-14 18:33:20,651 DEBUG [main] AvalonEngine [AvalonEngine.java:447] AvalonEngine start createServices
2016-06-14 18:33:20,654 DEBUG [main] AvalonEngine [ManagementService.java:28] ManagementService init
2016-06-14 18:33:20,669 DEBUG [main] AvalonEngine [ComponentRegistryImpl.java:426] Component add component AvalonMediator 
2016-06-14 18:33:20,672 DEBUG [main] AvalonEngine [AvalonMediator.java:404] AvalonMediator init
2016-06-14 18:33:20,673 DEBUG [main] AvalonEngine [AvalonMediator.java:407] conf path:/Users/zero/Documents/github/Avalon/AvalonMarket/ExampleGame/conf
2016-06-14 18:33:20,673 DEBUG [main] AvalonEngine [AvalonMediator.java:410] akka conf path:/Users/zero/Documents/github/Avalon/AvalonMarket/ExampleGame/conf
2016-06-14 18:33:20,690 DEBUG [main] AvalonEngine [AvalonMediator.java:414] AKKA_NAME:AVALON
2016-06-14 18:33:20,690 DEBUG [main] AvalonEngine [AvalonMediator.java:416] configName:AVALON
2016-06-14 18:33:20,690 DEBUG [main] AvalonEngine [AvalonMediator.java:426] initActorSystem start: akkaName=AVALON configName:AVALON
2016-06-14 18:33:21,647 INFO [AVALON-akka.actor.default-dispatcher-3] a.e.s.Slf4jLogger [Slf4jLogger.scala:85] Slf4jLogger started
2016-06-14 18:33:21,661 DEBUG [AVALON-akka.actor.default-dispatcher-3] a.e.EventStream [Slf4jLogger.scala:82] logger log1-Slf4jLogger started
2016-06-14 18:33:21,666 DEBUG [AVALON-akka.actor.default-dispatcher-3] a.e.EventStream [Slf4jLogger.scala:82] Default Loggers started
2016-06-14 18:33:21,821 INFO [AVALON-akka.actor.default-dispatcher-3] a.r.Remoting [Slf4jLogger.scala:79] Starting remoting
2016-06-14 18:33:22,059 INFO [AVALON-akka.actor.default-dispatcher-3] a.r.Remoting [Slf4jLogger.scala:79] Remoting started; listening on addresses :[akka.tcp://AVALON@10.1.37.203:2551]
2016-06-14 18:33:22,193 DEBUG [main] AvalonEngine [AvalonMediator.java:432] initActorSystem end
2016-06-14 18:33:22,204 DEBUG [main] AvalonEngine [AvalonEngine.java:450] AvalonEngine start Application
2016-06-14 18:33:22,208 INFO [main] GameServerListener [GameServerListener.java:37] GameServerListener 初始化服务
2016-06-14 18:33:22,208 DEBUG [AVALON-akka.actor.default-dispatcher-14] ServerSupervisorSubscriber [ServerSupervisorSubscriber.java:72] ServerSupervisorSubscriber create
2016-06-14 18:33:22,211 INFO [AVALON-akka.actor.default-dispatcher-16] AvalonEngine [AvalonActorSystem.java:484] Server model is game
2016-06-14 18:33:22,247 DEBUG [AVALON-akka.actor.default-dispatcher-17] AvalonEngine [LogUtil.java:11] AvaLongObecj init=com.avalon.gameengine.InstanceWorld
2016-06-14 18:33:22,253 DEBUG [AVALON-akka.actor.default-dispatcher-17] AvalonEngine [LogUtil.java:11] AvaLongObecj extended actorExtendedStart=com.zero.example.extrnded.WorldManagerIExtendedControl
2016-06-14 18:33:22,253 DEBUG [AVALON-akka.actor.default-dispatcher-16] AvalonEngine [LogUtil.java:11] AvaLongObecj init=com.zero.example.manager.ZoneManager
2016-06-14 18:33:22,369 DEBUG [AVALON-akka.actor.default-dispatcher-16] ServerSupervisorSubscriber [ServerSupervisorSubscriber.java:210] subscribing ack
2016-06-14 18:33:22,623 INFO [main] c.a.d.u.ScanManagedObjectUtil [ScanManagedObjectUtil.java:19] 开始查找DB Class类
2016-06-14 18:33:22,630 INFO [main] c.a.d.u.ScanManagedObjectUtil [ScanManagedObjectUtil.java:25] 发现持久化类文件:Account
2016-06-14 18:33:22,634 INFO [main] c.a.d.u.ScanManagedObjectUtil [ScanManagedObjectUtil.java:25] 发现持久化类文件:example.AccountExample$Criteria
2016-06-14 18:33:22,639 INFO [main] c.a.d.u.ScanManagedObjectUtil [ScanManagedObjectUtil.java:25] 发现持久化类文件:example.AccountExample$Criterion
2016-06-14 18:33:22,641 INFO [main] c.a.d.u.ScanManagedObjectUtil [ScanManagedObjectUtil.java:25] 发现持久化类文件:example.AccountExample$GeneratedCriteria
2016-06-14 18:33:22,641 INFO [main] c.a.d.u.ScanManagedObjectUtil [ScanManagedObjectUtil.java:25] 发现持久化类文件:example.AccountExample
2016-06-14 18:33:22,645 INFO [main] c.a.d.u.ScanManagedObjectUtil [ScanManagedObjectUtil.java:25] 发现持久化类文件:example.AccountMapper
2016-06-14 18:33:22,648 INFO [main] c.a.d.u.ScanManagedObjectUtil [ScanManagedObjectUtil.java:38] 结束查找DB Class类
2016-06-14 18:33:22,650 INFO [main] c.a.d.u.ScanManagedObjectUtil [ScanManagedObjectUtil.java:73] 发现持久化类操作Mapper文件:AccountMapper
2016-06-14 18:33:22,659 WARN [AVALON-akka.actor.default-dispatcher-16] a.r.ReliableDeliverySupervisor [Slf4jLogger.scala:76] Association with remote system [akka.tcp://AVALON@10.1.38.173:2552] has failed, address is now gated for [5000] ms. Reason: [Association failed with [akka.tcp://AVALON@10.1.38.173:2552]] Caused by: [Connection refused: /10.1.38.173:2552]
2016-06-14 18:33:22,692 INFO [AVALON-akka.actor.default-dispatcher-18] a.r.RemoteActorRefProvider$RemoteDeadLetterActorRef [Slf4jLogger.scala:79] Message [akka.cluster.InternalClusterAction$InitJoin$] from Actor[akka://AVALON/system/cluster/core/daemon/firstSeedNodeProcess-1#-1854798659] to Actor[akka://AVALON/deadLetters] was not delivered. [1] dead letters encountered. This logging can be turned off or adjusted with configuration settings 'akka.log-dead-letters' and 'akka.log-dead-letters-during-shutdown'.
2016-06-14 18:33:22,693 INFO [AVALON-akka.actor.default-dispatcher-18] a.a.LocalActorRef [Slf4jLogger.scala:79] Message [akka.remote.EndpointWriter$AckIdleCheckTimer$] from Actor[akka://AVALON/system/endpointManager/reliableEndpointWriter-akka.tcp%3A%2F%2FAVALON%4010.1.38.173%3A2552-0/endpointWriter#1218450191] to Actor[akka://AVALON/system/endpointManager/reliableEndpointWriter-akka.tcp%3A%2F%2FAVALON%4010.1.38.173%3A2552-0/endpointWriter#1218450191] was not delivered. [2] dead letters encountered. This logging can be turned off or adjusted with configuration settings 'akka.log-dead-letters' and 'akka.log-dead-letters-during-shutdown'.
2016-06-14 18:33:22,708 DEBUG [main] o.a.i.l.LogFactory [LogFactory.java:135] Logging initialized using 'class org.apache.ibatis.logging.slf4j.Slf4jImpl' adapter.
2016-06-14 18:33:23,236 INFO [AVALON-akka.actor.default-dispatcher-4] a.r.RemoteActorRefProvider$RemoteDeadLetterActorRef [Slf4jLogger.scala:79] Message [akka.cluster.InternalClusterAction$InitJoin$] from Actor[akka://AVALON/system/cluster/core/daemon/firstSeedNodeProcess-1#-1854798659] to Actor[akka://AVALON/deadLetters] was not delivered. [3] dead letters encountered. This logging can be turned off or adjusted with configuration settings 'akka.log-dead-letters' and 'akka.log-dead-letters-during-shutdown'.
2016-06-14 18:33:23,495 INFO [main] c.a.d.DBCheckHandler [DBCheckHandler.java:64] 添加已有键：Account
2016-06-14 18:33:23,501 DEBUG [main] c.a.d.h.CachedCommonHandler [MybatisCommonDBHandler.java:48] AccountMapper 初始化Id seed 5
2016-06-14 18:33:23,503 DEBUG [main] AvalonEngine [ComponentRegistryImpl.java:426] Component add component com.avalon.db.MybatisDataManagerImpl@7bc6d27a
2016-06-14 18:33:23,517 DEBUG [main] AvalonEngine [ComponentRegistryImpl.java:426] Component add component com.zero.example.core.ExampleClientExtension@63bde6c2
2016-06-14 18:33:24,237 INFO [AVALON-akka.actor.default-dispatcher-16] a.r.RemoteActorRefProvider$RemoteDeadLetterActorRef [Slf4jLogger.scala:79] Message [akka.cluster.InternalClusterAction$InitJoin$] from Actor[akka://AVALON/system/cluster/core/daemon/firstSeedNodeProcess-1#-1854798659] to Actor[akka://AVALON/deadLetters] was not delivered. [4] dead letters encountered. This logging can be turned off or adjusted with configuration settings 'akka.log-dead-letters' and 'akka.log-dead-letters-during-shutdown'.
2016-06-14 18:33:25,237 INFO [AVALON-akka.actor.default-dispatcher-3] a.r.RemoteActorRefProvider$RemoteDeadLetterActorRef [Slf4jLogger.scala:79] Message [akka.cluster.InternalClusterAction$InitJoin$] from Actor[akka://AVALON/system/cluster/core/daemon/firstSeedNodeProcess-1#-1854798659] to Actor[akka://AVALON/deadLetters] was not delivered. [5] dead letters encountered. This logging can be turned off or adjusted with configuration settings 'akka.log-dead-letters' and 'akka.log-dead-letters-during-shutdown'.
2016-06-14 18:33:26,237 INFO [AVALON-akka.actor.default-dispatcher-18] a.r.RemoteActorRefProvider$RemoteDeadLetterActorRef [Slf4jLogger.scala:79] Message [akka.cluster.InternalClusterAction$InitJoin$] from Actor[akka://AVALON/system/cluster/core/daemon/firstSeedNodeProcess-1#-1854798659] to Actor[akka://AVALON/deadLetters] was not delivered. [6] dead letters encountered. This logging can be turned off or adjusted with configuration settings 'akka.log-dead-letters' and 'akka.log-dead-letters-during-shutdown'.
2016-06-14 18:33:27,269 DEBUG [AVALON-akka.actor.default-dispatcher-17] AvalonEngine [ClusterListener.java:428] ClusterListener Member is Up: Member(address = akka.tcp://AVALON@10.1.37.203:2551, status = Up)
2016-06-14 18:33:27,269 DEBUG [AVALON-akka.actor.default-dispatcher-4] ServerSupervisorSubscriber [ServerSupervisorSubscriber.java:222] msg is ServerSupervisorMessage.ServerIsTheSame find self
2016-06-14 18:33:27,275 DEBUG [AVALON-akka.actor.default-dispatcher-16] ServerSupervisorSubscriber [ServerSupervisorSubscriber.java:92] msg is ServerSupervisorMessage.ServerOnline: is then same
2016-06-14 18:33:37,486 WARN [AVALON-akka.actor.default-dispatcher-20] a.r.ReliableDeliverySupervisor [Slf4jLogger.scala:76] Association with remote system [akka.tcp://AVALON@10.1.7.163:2551] has failed, address is now gated for [5000] ms. Reason: [Association failed with [akka.tcp://AVALON@10.1.7.163:2551]] Caused by: [No response from remote for outbound association. Associate timed out after [15000 ms].]
2016-06-14 18:33:37,493 INFO [AVALON-akka.actor.default-dispatcher-20] a.r.RemoteActorRefProvider$RemoteDeadLetterActorRef [Slf4jLogger.scala:79] Message [akka.cluster.InternalClusterAction$InitJoin$] from Actor[akka://AVALON/system/cluster/core/daemon/firstSeedNodeProcess-1#-1854798659] to Actor[akka://AVALON/deadLetters] was not delivered. [7] dead letters encountered. This logging can be turned off or adjusted with configuration settings 'akka.log-dead-letters' and 'akka.log-dead-letters-during-shutdown'.
2016-06-14 18:33:37,494 INFO [AVALON-akka.actor.default-dispatcher-20] a.r.RemoteActorRefProvider$RemoteDeadLetterActorRef [Slf4jLogger.scala:79] Message [akka.cluster.InternalClusterAction$InitJoin$] from Actor[akka://AVALON/system/cluster/core/daemon/firstSeedNodeProcess-1#-1854798659] to Actor[akka://AVALON/deadLetters] was not delivered. [8] dead letters encountered. This logging can be turned off or adjusted with configuration settings 'akka.log-dead-letters' and 'akka.log-dead-letters-during-shutdown'.
2016-06-14 18:33:37,494 INFO [AVALON-akka.actor.default-dispatcher-20] a.r.RemoteActorRefProvider$RemoteDeadLetterActorRef [Slf4jLogger.scala:79] Message [akka.cluster.InternalClusterAction$InitJoin$] from Actor[akka://AVALON/system/cluster/core/daemon/firstSeedNodeProcess-1#-1854798659] to Actor[akka://AVALON/deadLetters] was not delivered. [9] dead letters encountered. This logging can be turned off or adjusted with configuration settings 'akka.log-dead-letters' and 'akka.log-dead-letters-during-shutdown'.
2016-06-14 18:33:37,495 INFO [AVALON-akka.actor.default-dispatcher-20] a.r.t.ProtocolStateActor [Slf4jLogger.scala:79] No response from remote for outbound association. Associate timed out after [15000 ms].
2016-06-14 18:33:37,496 INFO [AVALON-akka.actor.default-dispatcher-20] a.r.RemoteActorRefProvider$RemoteDeadLetterActorRef [Slf4jLogger.scala:79] Message [akka.cluster.InternalClusterAction$InitJoin$] from Actor[akka://AVALON/system/cluster/core/daemon/firstSeedNodeProcess-1#-1854798659] to Actor[akka://AVALON/deadLetters] was not delivered. [10] dead letters encountered, no more dead letters will be logged. This logging can be turned off or adjusted with configuration settings 'akka.log-dead-letters' and 'akka.log-dead-letters-during-shutdown'.
2016-06-14 18:33:37,497 INFO [AVALON-akka.actor.default-dispatcher-20] a.r.t.ProtocolStateActor [Slf4jLogger.scala:79] No response from remote for outbound association. Associate timed out after [15000 ms].
2016-06-14 18:33:37,497 WARN [AVALON-akka.actor.default-dispatcher-20] a.r.ReliableDeliverySupervisor [Slf4jLogger.scala:76] Association with remote system [akka.tcp://AVALON@10.1.7.163:2552] has failed, address is now gated for [5000] ms. Reason: [Association failed with [akka.tcp://AVALON@10.1.7.163:2552]] Caused by: [No response from remote for outbound association. Associate timed out after [15000 ms].]
2016-06-14 18:34:27,284 DEBUG [AVALON-akka.actor.default-dispatcher-14] ServerSupervisorSubscriber [ServerSupervisorSubscriber.java:147] msg is ServerSupervisorMessage.Ping
2016-06-14 18:34:27,292 DEBUG [AVALON-akka.actor.default-dispatcher-14] ServerSupervisorSubscriber [ServerSupervisorSubscriber.java:153] msg is ServerSupervisorMessage.Ping find self
