2016-06-07 16:25:14,586 INFO [main] AvalonEngine [AvalonEngine.java:545] File path=/Users/zero/Documents/workspace4.5/AvalonMarket/ExampleGame
2016-06-07 16:25:14,612 DEBUG [main] AvalonEngine [AvalonEngine.java:426] create AvalonEngine
2016-06-07 16:25:14,615 DEBUG [main] AvalonEngine [AvalonEngine.java:433] Severid=1 modelName=GAME
2016-06-07 16:25:14,615 DEBUG [main] AvalonEngine [ComponentRegistryImpl.java:376] ComponentRegistryImpl create
2016-06-07 16:25:14,622 DEBUG [main] AvalonEngine [ComponentRegistryImpl.java:376] ComponentRegistryImpl create
2016-06-07 16:25:14,623 DEBUG [main] AvalonEngine [AvalonEngine.java:438] AvalonEngine start create application
2016-06-07 16:25:14,623 DEBUG [main] AvalonEngine [AvalonEngine.java:447] AvalonEngine start createServices
2016-06-07 16:25:14,626 DEBUG [main] AvalonEngine [ManagementService.java:28] ManagementService init
2016-06-07 16:25:14,638 DEBUG [main] AvalonEngine [ComponentRegistryImpl.java:426] Component add component AvalonMediator 
2016-06-07 16:25:14,641 DEBUG [main] AvalonEngine [AvalonMediator.java:404] AvalonMediator init
2016-06-07 16:25:14,642 DEBUG [main] AvalonEngine [AvalonMediator.java:407] conf path:/Users/zero/Documents/workspace4.5/AvalonMarket/ExampleGame/conf
2016-06-07 16:25:14,642 DEBUG [main] AvalonEngine [AvalonMediator.java:410] akka conf path:/Users/zero/Documents/workspace4.5/AvalonMarket/ExampleGame/conf
2016-06-07 16:25:14,665 DEBUG [main] AvalonEngine [AvalonMediator.java:414] AKKA_NAME:AVALON
2016-06-07 16:25:14,666 DEBUG [main] AvalonEngine [AvalonMediator.java:416] configName:AVALON
2016-06-07 16:25:14,666 DEBUG [main] AvalonEngine [AvalonMediator.java:426] initActorSystem start: akkaName=AVALON configName:AVALON
2016-06-07 16:25:15,515 INFO [AVALON-akka.actor.default-dispatcher-4] a.e.s.Slf4jLogger [Slf4jLogger.scala:85] Slf4jLogger started
2016-06-07 16:25:15,525 DEBUG [AVALON-akka.actor.default-dispatcher-4] a.e.EventStream [Slf4jLogger.scala:82] logger log1-Slf4jLogger started
2016-06-07 16:25:15,530 DEBUG [AVALON-akka.actor.default-dispatcher-4] a.e.EventStream [Slf4jLogger.scala:82] Default Loggers started
2016-06-07 16:25:15,655 INFO [AVALON-akka.actor.default-dispatcher-4] a.r.Remoting [Slf4jLogger.scala:79] Starting remoting
2016-06-07 16:25:15,841 INFO [AVALON-akka.actor.default-dispatcher-4] a.r.Remoting [Slf4jLogger.scala:79] Remoting started; listening on addresses :[akka.tcp://AVALON@10.1.37.203:2551]
2016-06-07 16:25:15,950 DEBUG [main] AvalonEngine [AvalonMediator.java:432] initActorSystem end
2016-06-07 16:25:15,954 DEBUG [main] AvalonEngine [AvalonEngine.java:450] AvalonEngine start Application
2016-06-07 16:25:15,957 INFO [main] GameServerListener [GameServerListener.java:37] GameServerListener 初始化服务
2016-06-07 16:25:15,957 DEBUG [AVALON-akka.actor.default-dispatcher-3] ServerSupervisorSubscriber [ServerSupervisorSubscriber.java:72] ServerSupervisorSubscriber create
2016-06-07 16:25:15,960 INFO [AVALON-akka.actor.default-dispatcher-4] AvalonEngine [AvalonActorSystem.java:484] Server model is game
2016-06-07 16:25:15,971 DEBUG [AVALON-akka.actor.default-dispatcher-18] AvalonEngine [LogUtil.java:11] AvaLongObecj init=com.avalon.gameengine.InstanceWorld
2016-06-07 16:25:15,993 ERROR [AVALON-akka.actor.default-dispatcher-3] a.a.OneForOneStrategy [Slf4jLogger.scala:71] unknown actor creator [class java.lang.Class]
akka.actor.ActorInitializationException: akka://AVALON/user/AVALON_WORLD: exception during creation
	at akka.actor.ActorInitializationException$.apply(Actor.scala:174)
	at akka.actor.ActorCell.create(ActorCell.scala:606)
	at akka.actor.ActorCell.invokeAll$1(ActorCell.scala:461)
	at akka.actor.ActorCell.systemInvoke(ActorCell.scala:483)
	at akka.dispatch.Mailbox.processAllSystemMessages(Mailbox.scala:282)
	at akka.dispatch.Mailbox.run(Mailbox.scala:223)
	at akka.dispatch.Mailbox.exec(Mailbox.scala:234)
	at scala.concurrent.forkjoin.ForkJoinTask.doExec(ForkJoinTask.java:260)
	at scala.concurrent.forkjoin.ForkJoinPool$WorkQueue.runTask(ForkJoinPool.java:1339)
	at scala.concurrent.forkjoin.ForkJoinPool.runWorker(ForkJoinPool.java:1979)
	at scala.concurrent.forkjoin.ForkJoinWorkerThread.run(ForkJoinWorkerThread.java:107)
Caused by: java.lang.IllegalArgumentException: unknown actor creator [class java.lang.Class]
	at akka.actor.IndirectActorProducer$.apply(IndirectActorProducer.scala:62)
	at akka.actor.Props.producer(Props.scala:131)
	at akka.actor.Props.<init>(Props.scala:144)
	at akka.actor.AbstractProps$class.create(AbstractProps.scala:32)
	at akka.actor.Props$.create(Props.scala:22)
	at akka.actor.AbstractProps$class.create(AbstractProps.scala:32)
	at akka.actor.Props$.create(Props.scala:22)
	at akka.actor.Props.create(Props.scala)
	at com.avalon.gameengine.InstanceWorld.createANObject(InstanceWorld.java:423)
	at com.zero.example.extrnded.WorldManagerIExtendedControl.actorExtendedStart(WorldManagerIExtendedControl.java:91)
	at com.avalon.gameengine.ANObject.actorExtendedStart(ANObject.java:47)
	at com.avalon.gameengine.InstanceWorld.preStart(InstanceWorld.java:417)
	at akka.actor.Actor$class.aroundPreStart(Actor.scala:487)
	at akka.actor.UntypedActor.aroundPreStart(UntypedActor.scala:95)
	at akka.actor.ActorCell.create(ActorCell.scala:590)
	... 9 common frames omitted
2016-06-07 16:25:16,026 DEBUG [AVALON-akka.actor.default-dispatcher-14] ServerSupervisorSubscriber [ServerSupervisorSubscriber.java:210] subscribing ack
2016-06-07 16:25:16,143 INFO [main] c.a.d.u.ScanManagedObjectUtil [ScanManagedObjectUtil.java:19] 开始查找DB Class类
2016-06-07 16:25:21,003 DEBUG [AVALON-akka.actor.default-dispatcher-19] ServerSupervisorSubscriber [ServerSupervisorSubscriber.java:222] msg is ServerSupervisorMessage.ServerIsTheSame find self
2016-06-07 16:25:21,003 DEBUG [AVALON-akka.actor.default-dispatcher-16] AvalonEngine [ClusterListener.java:428] ClusterListener Member is Up: Member(address = akka.tcp://AVALON@10.1.37.203:2551, status = Up)
2016-06-07 16:25:21,006 DEBUG [AVALON-akka.actor.default-dispatcher-16] ServerSupervisorSubscriber [ServerSupervisorSubscriber.java:92] msg is ServerSupervisorMessage.ServerOnline: is then same
