2016-06-14 18:38:16,039 INFO [main] AvalonEngine [AvalonEngine.java:545] File path=/Users/zero/Documents/github/Avalon/AvalonMarket/ExampleGame
2016-06-14 18:38:16,067 DEBUG [main] AvalonEngine [AvalonEngine.java:426] create AvalonEngine
2016-06-14 18:38:16,070 DEBUG [main] AvalonEngine [AvalonEngine.java:433] Severid=1 modelName=SINGLE
2016-06-14 18:38:16,070 DEBUG [main] AvalonEngine [ComponentRegistryImpl.java:376] ComponentRegistryImpl create
2016-06-14 18:38:16,075 DEBUG [main] AvalonEngine [ComponentRegistryImpl.java:376] ComponentRegistryImpl create
2016-06-14 18:38:16,076 DEBUG [main] AvalonEngine [AvalonEngine.java:438] AvalonEngine start create application
2016-06-14 18:38:16,076 DEBUG [main] AvalonEngine [AvalonEngine.java:447] AvalonEngine start createServices
2016-06-14 18:38:16,083 DEBUG [main] AvalonEngine [ComponentRegistryImpl.java:426] Component add component NettyServer
2016-06-14 18:38:16,084 DEBUG [main] AvalonEngine [ManagementService.java:28] ManagementService init
2016-06-14 18:38:16,100 DEBUG [main] AvalonEngine [ComponentRegistryImpl.java:426] Component add component AvalonMediator 
2016-06-14 18:38:16,103 INFO [main] c.a.i.n.NettyServer [NettyServer.java:435] 初始化Netty 开始
2016-06-14 18:38:16,106 INFO [main] c.a.i.n.NettyServer [NettyServer.java:464] 初始化Netty 线程启动
2016-06-14 18:38:16,106 DEBUG [main] AvalonEngine [AvalonMediator.java:404] AvalonMediator init
2016-06-14 18:38:16,107 DEBUG [main] AvalonEngine [AvalonMediator.java:407] conf path:/Users/zero/Documents/github/Avalon/AvalonMarket/ExampleGame/conf
2016-06-14 18:38:16,107 DEBUG [main] AvalonEngine [AvalonMediator.java:410] akka conf path:/Users/zero/Documents/github/Avalon/AvalonMarket/ExampleGame/conf
2016-06-14 18:38:16,118 DEBUG [NettyStartThread] i.n.u.i.l.InternalLoggerFactory [Slf4JLogger.java:71] Using SLF4J as the default logging framework
2016-06-14 18:38:16,131 DEBUG [main] AvalonEngine [AvalonMediator.java:414] AKKA_NAME:AVALON
2016-06-14 18:38:16,131 DEBUG [main] AvalonEngine [AvalonMediator.java:416] configName:AVALON
2016-06-14 18:38:16,131 DEBUG [main] AvalonEngine [AvalonMediator.java:426] initActorSystem start: akkaName=AVALON configName:AVALON
2016-06-14 18:38:16,131 DEBUG [NettyStartThread] i.n.c.MultithreadEventLoopGroup [Slf4JLogger.java:76] -Dio.netty.eventLoopThreads: 16
2016-06-14 18:38:16,203 DEBUG [NettyStartThread] i.n.u.i.PlatformDependent0 [Slf4JLogger.java:76] java.nio.Buffer.address: available
2016-06-14 18:38:16,203 DEBUG [NettyStartThread] i.n.u.i.PlatformDependent0 [Slf4JLogger.java:76] sun.misc.Unsafe.theUnsafe: available
2016-06-14 18:38:16,204 DEBUG [NettyStartThread] i.n.u.i.PlatformDependent0 [Slf4JLogger.java:71] sun.misc.Unsafe.copyMemory: available
2016-06-14 18:38:16,204 DEBUG [NettyStartThread] i.n.u.i.PlatformDependent0 [Slf4JLogger.java:76] java.nio.Bits.unaligned: true
2016-06-14 18:38:16,205 DEBUG [NettyStartThread] i.n.u.i.PlatformDependent [Slf4JLogger.java:76] Java version: 8
2016-06-14 18:38:16,206 DEBUG [NettyStartThread] i.n.u.i.PlatformDependent [Slf4JLogger.java:76] -Dio.netty.noUnsafe: false
2016-06-14 18:38:16,206 DEBUG [NettyStartThread] i.n.u.i.PlatformDependent [Slf4JLogger.java:76] sun.misc.Unsafe: available
2016-06-14 18:38:16,207 DEBUG [NettyStartThread] i.n.u.i.PlatformDependent [Slf4JLogger.java:76] -Dio.netty.noJavassist: false
2016-06-14 18:38:16,356 DEBUG [NettyStartThread] i.n.u.i.PlatformDependent [Slf4JLogger.java:71] Javassist: available
2016-06-14 18:38:16,356 DEBUG [NettyStartThread] i.n.u.i.PlatformDependent [Slf4JLogger.java:76] -Dio.netty.tmpdir: /var/folders/k1/bfwvf_dd14ggxvb58z56hl6r0000gn/T (java.io.tmpdir)
2016-06-14 18:38:16,357 DEBUG [NettyStartThread] i.n.u.i.PlatformDependent [Slf4JLogger.java:76] -Dio.netty.bitMode: 64 (sun.arch.data.model)
2016-06-14 18:38:16,357 DEBUG [NettyStartThread] i.n.u.i.PlatformDependent [Slf4JLogger.java:76] -Dio.netty.noPreferDirect: false
2016-06-14 18:38:16,358 DEBUG [NettyStartThread] i.n.c.n.NioEventLoop [Slf4JLogger.java:76] -Dio.netty.noKeySetOptimization: false
2016-06-14 18:38:16,358 DEBUG [NettyStartThread] i.n.c.n.NioEventLoop [Slf4JLogger.java:76] -Dio.netty.selectorAutoRebuildThreshold: 512
2016-06-14 18:38:16,441 DEBUG [NettyStartThread] i.n.c.DefaultChannelId [Slf4JLogger.java:76] -Dio.netty.processId: 3180 (auto-detected)
2016-06-14 18:38:16,446 DEBUG [NettyStartThread] i.n.c.DefaultChannelId [Slf4JLogger.java:76] -Dio.netty.machineId: 10:40:f3:ff:fe:a9:36:64 (auto-detected)
2016-06-14 18:38:16,449 DEBUG [NettyStartThread] i.n.u.i.ThreadLocalRandom [Slf4JLogger.java:71] -Dio.netty.initialSeedUniquifier: 0xdb7580b7108bb3d0 (took 14 ms)
2016-06-14 18:38:16,490 DEBUG [NettyStartThread] i.n.b.PooledByteBufAllocator [Slf4JLogger.java:76] -Dio.netty.allocator.numHeapArenas: 8
2016-06-14 18:38:16,490 DEBUG [NettyStartThread] i.n.b.PooledByteBufAllocator [Slf4JLogger.java:76] -Dio.netty.allocator.numDirectArenas: 8
2016-06-14 18:38:16,490 DEBUG [NettyStartThread] i.n.b.PooledByteBufAllocator [Slf4JLogger.java:76] -Dio.netty.allocator.pageSize: 8192
2016-06-14 18:38:16,491 DEBUG [NettyStartThread] i.n.b.PooledByteBufAllocator [Slf4JLogger.java:76] -Dio.netty.allocator.maxOrder: 11
2016-06-14 18:38:16,491 DEBUG [NettyStartThread] i.n.b.PooledByteBufAllocator [Slf4JLogger.java:76] -Dio.netty.allocator.chunkSize: 16777216
2016-06-14 18:38:16,491 DEBUG [NettyStartThread] i.n.b.PooledByteBufAllocator [Slf4JLogger.java:76] -Dio.netty.allocator.tinyCacheSize: 512
2016-06-14 18:38:16,492 DEBUG [NettyStartThread] i.n.b.PooledByteBufAllocator [Slf4JLogger.java:76] -Dio.netty.allocator.smallCacheSize: 256
2016-06-14 18:38:16,492 DEBUG [NettyStartThread] i.n.b.PooledByteBufAllocator [Slf4JLogger.java:76] -Dio.netty.allocator.normalCacheSize: 64
2016-06-14 18:38:16,492 DEBUG [NettyStartThread] i.n.b.PooledByteBufAllocator [Slf4JLogger.java:76] -Dio.netty.allocator.maxCachedBufferCapacity: 32768
2016-06-14 18:38:16,493 DEBUG [NettyStartThread] i.n.b.PooledByteBufAllocator [Slf4JLogger.java:76] -Dio.netty.allocator.cacheTrimInterval: 8192
2016-06-14 18:38:16,500 DEBUG [NettyStartThread] i.n.b.ByteBufUtil [Slf4JLogger.java:76] -Dio.netty.allocator.type: pooled
2016-06-14 18:38:16,500 DEBUG [NettyStartThread] i.n.b.ByteBufUtil [Slf4JLogger.java:76] -Dio.netty.threadLocalDirectBufferSize: 65536
2016-06-14 18:38:16,502 DEBUG [NettyStartThread] i.n.u.NetUtil [Slf4JLogger.java:86] Loopback interface: lo0 (lo0, 0:0:0:0:0:0:0:1)
2016-06-14 18:38:16,502 DEBUG [NettyStartThread] i.n.u.NetUtil [Slf4JLogger.java:81] /proc/sys/net/core/somaxconn: 128 (non-existent)
2016-06-14 18:38:16,521 INFO [nioEventLoopGroup-0-0] i.n.h.l.LoggingHandler [Slf4JLogger.java:101] [id: 0x3cd766e4] REGISTERED
2016-06-14 18:38:16,524 INFO [nioEventLoopGroup-0-0] i.n.h.l.LoggingHandler [Slf4JLogger.java:101] [id: 0x3cd766e4] BIND: 0.0.0.0/0.0.0.0:12345
2016-06-14 18:38:16,529 INFO [nioEventLoopGroup-0-0] i.n.h.l.LoggingHandler [Slf4JLogger.java:101] [id: 0x3cd766e4, /0:0:0:0:0:0:0:0:12345] ACTIVE
2016-06-14 18:38:17,039 INFO [AVALON-akka.actor.default-dispatcher-4] a.e.s.Slf4jLogger [Slf4jLogger.scala:85] Slf4jLogger started
2016-06-14 18:38:17,053 DEBUG [AVALON-akka.actor.default-dispatcher-4] a.e.EventStream [Slf4jLogger.scala:82] logger log1-Slf4jLogger started
2016-06-14 18:38:17,057 DEBUG [AVALON-akka.actor.default-dispatcher-4] a.e.EventStream [Slf4jLogger.scala:82] Default Loggers started
2016-06-14 18:38:17,284 INFO [AVALON-akka.actor.default-dispatcher-4] a.r.Remoting [Slf4jLogger.scala:79] Starting remoting
2016-06-14 18:38:17,458 INFO [AVALON-akka.actor.default-dispatcher-4] a.r.Remoting [Slf4jLogger.scala:79] Remoting started; listening on addresses :[akka.tcp://AVALON@10.1.37.203:2551]
2016-06-14 18:38:17,574 DEBUG [main] AvalonEngine [AvalonMediator.java:432] initActorSystem end
2016-06-14 18:38:17,586 DEBUG [main] AvalonEngine [AvalonEngine.java:450] AvalonEngine start Application
2016-06-14 18:38:17,590 DEBUG [AVALON-akka.actor.default-dispatcher-17] ServerSupervisorSubscriber [ServerSupervisorSubscriber.java:72] ServerSupervisorSubscriber create
2016-06-14 18:38:17,592 INFO [AVALON-akka.actor.default-dispatcher-18] AvalonEngine [AvalonActorSystem.java:463] Server model is single
2016-06-14 18:38:17,595 INFO [main] GameServerListener [GameServerListener.java:37] GameServerListener 初始化服务
2016-06-14 18:38:17,604 DEBUG [AVALON-akka.actor.default-dispatcher-3] TransportSupervisor [TransportSupervisor.java:418] TransportSupervisor init ,is gate=false
2016-06-14 18:38:17,609 DEBUG [AVALON-akka.actor.default-dispatcher-3] TransportSupervisor [TransportSupervisor.java:477] CheckNoSessionTransport
2016-06-14 18:38:17,637 DEBUG [AVALON-akka.actor.default-dispatcher-18] ServerSupervisorSubscriber [ServerSupervisorSubscriber.java:210] subscribing ack
2016-06-14 18:38:17,638 DEBUG [AVALON-akka.actor.default-dispatcher-4] AvalonEngine [LogUtil.java:11] AvaLongObecj init=com.avalon.gameengine.InstanceWorld
2016-06-14 18:38:17,643 DEBUG [AVALON-akka.actor.default-dispatcher-4] AvalonEngine [LogUtil.java:11] AvaLongObecj extended actorExtendedStart=com.zero.example.extrnded.WorldManagerIExtendedControl
2016-06-14 18:38:17,643 DEBUG [AVALON-akka.actor.default-dispatcher-18] AvalonEngine [LogUtil.java:11] AvaLongObecj init=com.zero.example.manager.ZoneManager
2016-06-14 18:38:17,825 WARN [AVALON-akka.actor.default-dispatcher-18] a.r.ReliableDeliverySupervisor [Slf4jLogger.scala:76] Association with remote system [akka.tcp://AVALON@10.1.38.173:2552] has failed, address is now gated for [5000] ms. Reason: [Association failed with [akka.tcp://AVALON@10.1.38.173:2552]] Caused by: [Connection refused: /10.1.38.173:2552]
2016-06-14 18:38:17,839 INFO [AVALON-akka.actor.default-dispatcher-4] a.r.RemoteActorRefProvider$RemoteDeadLetterActorRef [Slf4jLogger.scala:79] Message [akka.cluster.InternalClusterAction$InitJoin$] from Actor[akka://AVALON/system/cluster/core/daemon/firstSeedNodeProcess-1#42120228] to Actor[akka://AVALON/deadLetters] was not delivered. [1] dead letters encountered. This logging can be turned off or adjusted with configuration settings 'akka.log-dead-letters' and 'akka.log-dead-letters-during-shutdown'.
2016-06-14 18:38:17,850 INFO [main] c.a.d.u.ScanManagedObjectUtil [ScanManagedObjectUtil.java:19] 开始查找DB Class类
2016-06-14 18:38:17,856 INFO [main] c.a.d.u.ScanManagedObjectUtil [ScanManagedObjectUtil.java:25] 发现持久化类文件:Account
2016-06-14 18:38:17,858 INFO [main] c.a.d.u.ScanManagedObjectUtil [ScanManagedObjectUtil.java:25] 发现持久化类文件:example.AccountExample$Criteria
2016-06-14 18:38:17,861 INFO [main] c.a.d.u.ScanManagedObjectUtil [ScanManagedObjectUtil.java:25] 发现持久化类文件:example.AccountExample$Criterion
2016-06-14 18:38:17,862 INFO [main] c.a.d.u.ScanManagedObjectUtil [ScanManagedObjectUtil.java:25] 发现持久化类文件:example.AccountExample$GeneratedCriteria
2016-06-14 18:38:17,862 INFO [main] c.a.d.u.ScanManagedObjectUtil [ScanManagedObjectUtil.java:25] 发现持久化类文件:example.AccountExample
2016-06-14 18:38:17,863 INFO [main] c.a.d.u.ScanManagedObjectUtil [ScanManagedObjectUtil.java:25] 发现持久化类文件:example.AccountMapper
2016-06-14 18:38:17,864 INFO [main] c.a.d.u.ScanManagedObjectUtil [ScanManagedObjectUtil.java:38] 结束查找DB Class类
2016-06-14 18:38:17,865 INFO [main] c.a.d.u.ScanManagedObjectUtil [ScanManagedObjectUtil.java:73] 发现持久化类操作Mapper文件:AccountMapper
2016-06-14 18:38:17,888 DEBUG [main] o.a.i.l.LogFactory [LogFactory.java:135] Logging initialized using 'class org.apache.ibatis.logging.slf4j.Slf4jImpl' adapter.
2016-06-14 18:38:18,572 INFO [AVALON-akka.actor.default-dispatcher-15] a.r.RemoteActorRefProvider$RemoteDeadLetterActorRef [Slf4jLogger.scala:79] Message [akka.cluster.InternalClusterAction$InitJoin$] from Actor[akka://AVALON/system/cluster/core/daemon/firstSeedNodeProcess-1#42120228] to Actor[akka://AVALON/deadLetters] was not delivered. [2] dead letters encountered. This logging can be turned off or adjusted with configuration settings 'akka.log-dead-letters' and 'akka.log-dead-letters-during-shutdown'.
2016-06-14 18:38:18,592 INFO [main] c.a.d.DBCheckHandler [DBCheckHandler.java:64] 添加已有键：Account
2016-06-14 18:38:18,596 DEBUG [main] c.a.d.h.CachedCommonHandler [MybatisCommonDBHandler.java:48] AccountMapper 初始化Id seed 5
2016-06-14 18:38:18,597 DEBUG [main] AvalonEngine [ComponentRegistryImpl.java:426] Component add component com.avalon.db.MybatisDataManagerImpl@73545b80
2016-06-14 18:38:18,607 DEBUG [main] AvalonEngine [ComponentRegistryImpl.java:426] Component add component com.zero.example.core.ExampleClientExtension@327ed9f5
2016-06-14 18:38:19,574 INFO [AVALON-akka.actor.default-dispatcher-4] a.r.RemoteActorRefProvider$RemoteDeadLetterActorRef [Slf4jLogger.scala:79] Message [akka.cluster.InternalClusterAction$InitJoin$] from Actor[akka://AVALON/system/cluster/core/daemon/firstSeedNodeProcess-1#42120228] to Actor[akka://AVALON/deadLetters] was not delivered. [3] dead letters encountered. This logging can be turned off or adjusted with configuration settings 'akka.log-dead-letters' and 'akka.log-dead-letters-during-shutdown'.
2016-06-14 18:38:20,572 INFO [AVALON-akka.actor.default-dispatcher-14] a.r.RemoteActorRefProvider$RemoteDeadLetterActorRef [Slf4jLogger.scala:79] Message [akka.cluster.InternalClusterAction$InitJoin$] from Actor[akka://AVALON/system/cluster/core/daemon/firstSeedNodeProcess-1#42120228] to Actor[akka://AVALON/deadLetters] was not delivered. [4] dead letters encountered. This logging can be turned off or adjusted with configuration settings 'akka.log-dead-letters' and 'akka.log-dead-letters-during-shutdown'.
2016-06-14 18:38:21,575 INFO [AVALON-akka.actor.default-dispatcher-16] a.r.RemoteActorRefProvider$RemoteDeadLetterActorRef [Slf4jLogger.scala:79] Message [akka.cluster.InternalClusterAction$InitJoin$] from Actor[akka://AVALON/system/cluster/core/daemon/firstSeedNodeProcess-1#42120228] to Actor[akka://AVALON/deadLetters] was not delivered. [5] dead letters encountered. This logging can be turned off or adjusted with configuration settings 'akka.log-dead-letters' and 'akka.log-dead-letters-during-shutdown'.
2016-06-14 18:38:22,599 DEBUG [AVALON-akka.actor.default-dispatcher-17] ServerSupervisorSubscriber [ServerSupervisorSubscriber.java:222] msg is ServerSupervisorMessage.ServerIsTheSame find self
2016-06-14 18:38:22,599 DEBUG [AVALON-akka.actor.default-dispatcher-3] AvalonEngine [ClusterListener.java:428] ClusterListener Member is Up: Member(address = akka.tcp://AVALON@10.1.37.203:2551, status = Up)
2016-06-14 18:38:22,603 DEBUG [AVALON-akka.actor.default-dispatcher-3] ServerSupervisorSubscriber [ServerSupervisorSubscriber.java:92] msg is ServerSupervisorMessage.ServerOnline: is then same
2016-06-14 18:38:28,621 INFO [nioEventLoopGroup-0-0] i.n.h.l.LoggingHandler [Slf4JLogger.java:101] [id: 0x3cd766e4, /0:0:0:0:0:0:0:0:12345] RECEIVED: [id: 0x9c09448d, /127.0.0.1:58472 => /127.0.0.1:12345]
2016-06-14 18:38:28,635 DEBUG [nioEventLoopGroup-1-0] i.n.u.i.JavassistTypeParameterMatcherGenerator [Slf4JLogger.java:76] Generated: io.netty.util.internal.__matchers__.com.avalon.util.MessageHeadMatcher
2016-06-14 18:38:28,639 DEBUG [AVALON-akka.actor.default-dispatcher-16] TransportSupervisor [TransportSupervisor.java:456] TransportSupervisor CreateIOSessionActor
2016-06-14 18:38:28,640 DEBUG [nioEventLoopGroup-1-0] NetHandler [NettyHandler.java:434] 注册
2016-06-14 18:38:28,641 DEBUG [AVALON-akka.actor.default-dispatcher-16] LocalTransportActor [LocalTransportActor.java:404] LocalTransportActor preStart
2016-06-14 18:38:32,278 DEBUG [nioEventLoopGroup-1-1] i.n.u.ResourceLeakDetector [Slf4JLogger.java:81] -Dio.netty.leakDetectionLevel: simple
2016-06-14 18:38:32,280 DEBUG [nioEventLoopGroup-1-1] i.n.u.Recycler [Slf4JLogger.java:76] -Dio.netty.recycler.maxCapacity: 262144
2016-06-14 18:38:32,296 DEBUG [nioEventLoopGroup-1-1] i.n.c.DefaultChannelPipeline [Slf4JLogger.java:76] Discarded inbound message com.avalon.io.MessagePackImpl@fd7721b that reached at the tail of the pipeline. Please check your pipeline configuration.
2016-06-14 18:38:32,298 DEBUG [AVALON-akka.actor.default-dispatcher-16] LocalTransportActor [LocalTransportActor.java:416] LocalTransportActor onReceive msg
2016-06-14 18:38:32,298 DEBUG [nioEventLoopGroup-1-1] NetHandler [NettyHandler.java:466] bindingTransportActor Send message
2016-06-14 18:38:32,298 DEBUG [AVALON-akka.actor.default-dispatcher-16] LocalTransportActor [LocalTransportActor.java:424] LocalTransportActor no bindingConnectionSession onReceive msg
2016-06-14 18:38:32,300 DEBUG [AVALON-akka.actor.default-dispatcher-18] ConnectionSessionSupervisor [ConnectionSessionSupervisor.java:433] Geting LocalSessionMessage
2016-06-14 18:38:32,673 WARN [AVALON-akka.actor.default-dispatcher-19] a.r.ReliableDeliverySupervisor [Slf4jLogger.scala:76] Association with remote system [akka.tcp://AVALON@10.1.7.163:2551] has failed, address is now gated for [5000] ms. Reason: [Association failed with [akka.tcp://AVALON@10.1.7.163:2551]] Caused by: [No response from remote for outbound association. Associate timed out after [15000 ms].]
2016-06-14 18:38:32,673 INFO [AVALON-akka.actor.default-dispatcher-19] a.r.RemoteActorRefProvider$RemoteDeadLetterActorRef [Slf4jLogger.scala:79] Message [akka.cluster.InternalClusterAction$InitJoin$] from Actor[akka://AVALON/system/cluster/core/daemon/firstSeedNodeProcess-1#42120228] to Actor[akka://AVALON/deadLetters] was not delivered. [6] dead letters encountered. This logging can be turned off or adjusted with configuration settings 'akka.log-dead-letters' and 'akka.log-dead-letters-during-shutdown'.
2016-06-14 18:38:32,674 INFO [AVALON-akka.actor.default-dispatcher-19] a.r.RemoteActorRefProvider$RemoteDeadLetterActorRef [Slf4jLogger.scala:79] Message [akka.cluster.InternalClusterAction$InitJoin$] from Actor[akka://AVALON/system/cluster/core/daemon/firstSeedNodeProcess-1#42120228] to Actor[akka://AVALON/deadLetters] was not delivered. [7] dead letters encountered. This logging can be turned off or adjusted with configuration settings 'akka.log-dead-letters' and 'akka.log-dead-letters-during-shutdown'.
2016-06-14 18:38:32,674 INFO [AVALON-akka.actor.default-dispatcher-19] a.r.RemoteActorRefProvider$RemoteDeadLetterActorRef [Slf4jLogger.scala:79] Message [akka.cluster.InternalClusterAction$InitJoin$] from Actor[akka://AVALON/system/cluster/core/daemon/firstSeedNodeProcess-1#42120228] to Actor[akka://AVALON/deadLetters] was not delivered. [8] dead letters encountered. This logging can be turned off or adjusted with configuration settings 'akka.log-dead-letters' and 'akka.log-dead-letters-during-shutdown'.
2016-06-14 18:38:32,675 INFO [AVALON-akka.actor.default-dispatcher-19] a.r.RemoteActorRefProvider$RemoteDeadLetterActorRef [Slf4jLogger.scala:79] Message [akka.cluster.InternalClusterAction$InitJoin$] from Actor[akka://AVALON/system/cluster/core/daemon/firstSeedNodeProcess-1#42120228] to Actor[akka://AVALON/deadLetters] was not delivered. [9] dead letters encountered. This logging can be turned off or adjusted with configuration settings 'akka.log-dead-letters' and 'akka.log-dead-letters-during-shutdown'.
2016-06-14 18:38:32,676 INFO [AVALON-akka.actor.default-dispatcher-19] a.r.RemoteActorRefProvider$RemoteDeadLetterActorRef [Slf4jLogger.scala:79] Message [akka.cluster.InternalClusterAction$InitJoin$] from Actor[akka://AVALON/system/cluster/core/daemon/firstSeedNodeProcess-1#42120228] to Actor[akka://AVALON/deadLetters] was not delivered. [10] dead letters encountered, no more dead letters will be logged. This logging can be turned off or adjusted with configuration settings 'akka.log-dead-letters' and 'akka.log-dead-letters-during-shutdown'.
2016-06-14 18:38:32,676 INFO [AVALON-akka.actor.default-dispatcher-19] a.r.t.ProtocolStateActor [Slf4jLogger.scala:79] No response from remote for outbound association. Associate timed out after [15000 ms].
2016-06-14 18:38:32,681 INFO [AVALON-akka.actor.default-dispatcher-15] a.r.t.ProtocolStateActor [Slf4jLogger.scala:79] No response from remote for outbound association. Associate timed out after [15000 ms].
2016-06-14 18:38:32,682 WARN [AVALON-akka.actor.default-dispatcher-15] a.r.ReliableDeliverySupervisor [Slf4jLogger.scala:76] Association with remote system [akka.tcp://AVALON@10.1.7.163:2552] has failed, address is now gated for [5000] ms. Reason: [Association failed with [akka.tcp://AVALON@10.1.7.163:2552]] Caused by: [No response from remote for outbound association. Associate timed out after [15000 ms].]
2016-06-14 18:39:16,672 DEBUG [AVALON-akka.actor.default-dispatcher-18] ConnectionSessionSupervisor [ConnectionSessionSupervisor.java:433] Geting LocalSessionMessage
2016-06-14 18:39:17,608 DEBUG [AVALON-akka.actor.default-dispatcher-17] TransportSupervisor [TransportSupervisor.java:477] CheckNoSessionTransport
