2016-06-07 16:35:14,931 INFO [main] AvalonEngine [AvalonEngine.java:545] File path=/Users/zero/Documents/workspace4.5/AvalonMarket/ExampleGame
2016-06-07 16:35:14,957 DEBUG [main] AvalonEngine [AvalonEngine.java:426] create AvalonEngine
2016-06-07 16:35:14,959 DEBUG [main] AvalonEngine [AvalonEngine.java:433] Severid=1 modelName=GAME
2016-06-07 16:35:14,960 DEBUG [main] AvalonEngine [ComponentRegistryImpl.java:376] ComponentRegistryImpl create
2016-06-07 16:35:14,967 DEBUG [main] AvalonEngine [ComponentRegistryImpl.java:376] ComponentRegistryImpl create
2016-06-07 16:35:14,967 DEBUG [main] AvalonEngine [AvalonEngine.java:438] AvalonEngine start create application
2016-06-07 16:35:14,967 DEBUG [main] AvalonEngine [AvalonEngine.java:447] AvalonEngine start createServices
2016-06-07 16:35:14,970 DEBUG [main] AvalonEngine [ManagementService.java:28] ManagementService init
2016-06-07 16:35:14,983 DEBUG [main] AvalonEngine [ComponentRegistryImpl.java:426] Component add component AvalonMediator 
2016-06-07 16:35:14,986 DEBUG [main] AvalonEngine [AvalonMediator.java:404] AvalonMediator init
2016-06-07 16:35:14,986 DEBUG [main] AvalonEngine [AvalonMediator.java:407] conf path:/Users/zero/Documents/workspace4.5/AvalonMarket/ExampleGame/conf
2016-06-07 16:35:14,986 DEBUG [main] AvalonEngine [AvalonMediator.java:410] akka conf path:/Users/zero/Documents/workspace4.5/AvalonMarket/ExampleGame/conf
2016-06-07 16:35:15,001 DEBUG [main] AvalonEngine [AvalonMediator.java:414] AKKA_NAME:AVALON
2016-06-07 16:35:15,002 DEBUG [main] AvalonEngine [AvalonMediator.java:416] configName:AVALON
2016-06-07 16:35:15,002 DEBUG [main] AvalonEngine [AvalonMediator.java:426] initActorSystem start: akkaName=AVALON configName:AVALON
2016-06-07 16:35:15,804 INFO [AVALON-akka.actor.default-dispatcher-4] a.e.s.Slf4jLogger [Slf4jLogger.scala:85] Slf4jLogger started
2016-06-07 16:35:15,814 DEBUG [AVALON-akka.actor.default-dispatcher-4] a.e.EventStream [Slf4jLogger.scala:82] logger log1-Slf4jLogger started
2016-06-07 16:35:15,818 DEBUG [AVALON-akka.actor.default-dispatcher-4] a.e.EventStream [Slf4jLogger.scala:82] Default Loggers started
2016-06-07 16:35:15,941 INFO [AVALON-akka.actor.default-dispatcher-4] a.r.Remoting [Slf4jLogger.scala:79] Starting remoting
2016-06-07 16:35:16,128 INFO [AVALON-akka.actor.default-dispatcher-4] a.r.Remoting [Slf4jLogger.scala:79] Remoting started; listening on addresses :[akka.tcp://AVALON@10.1.37.203:2551]
2016-06-07 16:35:16,226 DEBUG [main] AvalonEngine [AvalonMediator.java:432] initActorSystem end
2016-06-07 16:35:16,231 DEBUG [main] AvalonEngine [AvalonEngine.java:450] AvalonEngine start Application
2016-06-07 16:35:16,233 DEBUG [AVALON-akka.actor.default-dispatcher-14] ServerSupervisorSubscriber [ServerSupervisorSubscriber.java:72] ServerSupervisorSubscriber create
2016-06-07 16:35:16,234 INFO [main] GameServerListener [GameServerListener.java:37] GameServerListener 初始化服务
2016-06-07 16:35:16,235 INFO [AVALON-akka.actor.default-dispatcher-4] AvalonEngine [AvalonActorSystem.java:484] Server model is game
2016-06-07 16:35:16,253 DEBUG [AVALON-akka.actor.default-dispatcher-21] AvalonEngine [LogUtil.java:11] AvaLongObecj init=com.avalon.gameengine.InstanceWorld
2016-06-07 16:35:16,283 ERROR [AVALON-akka.actor.default-dispatcher-17] a.a.OneForOneStrategy [Slf4jLogger.scala:71] unknown actor creator [class java.lang.Class]
akka.actor.ActorInitializationException: akka://AVALON/user/AVALON_WORLD: exception during creation
	at akka.actor.ActorInitializationException$.apply(Actor.scala:174)
	at akka.actor.ActorCell.create(ActorCell.scala:606)
	at akka.actor.ActorCell.invokeAll$1(ActorCell.scala:461)
	at akka.actor.ActorCell.systemInvoke(ActorCell.scala:483)
	at akka.dispatch.Mailbox.processAllSystemMessages(Mailbox.scala:282)
	at akka.dispatch.Mailbox.run(Mailbox.scala:223)
	at akka.dispatch.Mailbox.exec(Mailbox.scala:234)
	at scala.concurrent.forkjoin.ForkJoinTask.doExec(ForkJoinTask.java:260)
	at scala.concurrent.forkjoin.ForkJoinPool$WorkQueue.runTask(ForkJoinPool.java:1339)
	at scala.concurrent.forkjoin.ForkJoinPool.runWorker(ForkJoinPool.java:1979)
	at scala.concurrent.forkjoin.ForkJoinWorkerThread.run(ForkJoinWorkerThread.java:107)
Caused by: java.lang.IllegalArgumentException: unknown actor creator [class java.lang.Class]
	at akka.actor.IndirectActorProducer$.apply(IndirectActorProducer.scala:62)
	at akka.actor.Props.producer(Props.scala:131)
	at akka.actor.Props.<init>(Props.scala:144)
	at akka.actor.AbstractProps$class.create(AbstractProps.scala:32)
	at akka.actor.Props$.create(Props.scala:22)
	at akka.actor.AbstractProps$class.create(AbstractProps.scala:32)
	at akka.actor.Props$.create(Props.scala:22)
	at akka.actor.Props.create(Props.scala)
	at com.avalon.gameengine.InstanceWorld.createANObject(InstanceWorld.java:423)
	at com.zero.example.extrnded.WorldManagerIExtendedControl.actorExtendedStart(WorldManagerIExtendedControl.java:91)
	at com.avalon.gameengine.ANObject.actorExtendedStart(ANObject.java:47)
	at com.avalon.gameengine.InstanceWorld.preStart(InstanceWorld.java:417)
	at akka.actor.Actor$class.aroundPreStart(Actor.scala:487)
	at akka.actor.UntypedActor.aroundPreStart(UntypedActor.scala:95)
	at akka.actor.ActorCell.create(ActorCell.scala:590)
	... 9 common frames omitted
2016-06-07 16:35:16,308 DEBUG [AVALON-akka.actor.default-dispatcher-17] ServerSupervisorSubscriber [ServerSupervisorSubscriber.java:210] subscribing ack
2016-06-07 16:35:16,416 INFO [main] c.a.d.u.ScanManagedObjectUtil [ScanManagedObjectUtil.java:19] 开始查找DB Class类
2016-06-07 16:35:16,422 INFO [main] c.a.d.u.ScanManagedObjectUtil [ScanManagedObjectUtil.java:25] 发现持久化类文件:Account
2016-06-07 16:35:16,424 INFO [main] c.a.d.u.ScanManagedObjectUtil [ScanManagedObjectUtil.java:25] 发现持久化类文件:example.AccountExample$Criteria
2016-06-07 16:35:16,427 INFO [main] c.a.d.u.ScanManagedObjectUtil [ScanManagedObjectUtil.java:25] 发现持久化类文件:example.AccountExample$Criterion
2016-06-07 16:35:16,428 INFO [main] c.a.d.u.ScanManagedObjectUtil [ScanManagedObjectUtil.java:25] 发现持久化类文件:example.AccountExample$GeneratedCriteria
2016-06-07 16:35:16,429 INFO [main] c.a.d.u.ScanManagedObjectUtil [ScanManagedObjectUtil.java:25] 发现持久化类文件:example.AccountExample
2016-06-07 16:35:16,430 INFO [main] c.a.d.u.ScanManagedObjectUtil [ScanManagedObjectUtil.java:25] 发现持久化类文件:example.AccountMapper
2016-06-07 16:35:16,431 INFO [main] c.a.d.u.ScanManagedObjectUtil [ScanManagedObjectUtil.java:38] 结束查找DB Class类
2016-06-07 16:35:16,432 INFO [main] c.a.d.u.ScanManagedObjectUtil [ScanManagedObjectUtil.java:73] 发现持久化类操作Mapper文件:AccountMapper
2016-06-07 16:35:16,447 DEBUG [main] o.a.i.l.LogFactory [LogFactory.java:135] Logging initialized using 'class org.apache.ibatis.logging.slf4j.Slf4jImpl' adapter.
2016-06-07 16:35:17,055 INFO [main] c.a.d.DBCheckHandler [DBCheckHandler.java:64] 添加已有键：Account
2016-06-07 16:35:17,059 DEBUG [main] c.a.d.h.CachedCommonHandler [MybatisCommonDBHandler.java:48] AccountMapper 初始化Id seed 5
2016-06-07 16:35:17,060 DEBUG [main] AvalonEngine [ComponentRegistryImpl.java:426] Component add component com.avalon.db.MybatisDataManagerImpl@1433046b
2016-06-07 16:35:17,068 DEBUG [main] AvalonEngine [ComponentRegistryImpl.java:426] Component add component com.zero.example.core.ExampleClientExtension@5778826f
2016-06-07 16:35:21,308 DEBUG [AVALON-akka.actor.default-dispatcher-17] ServerSupervisorSubscriber [ServerSupervisorSubscriber.java:222] msg is ServerSupervisorMessage.ServerIsTheSame find self
2016-06-07 16:35:21,308 DEBUG [AVALON-akka.actor.default-dispatcher-2] AvalonEngine [ClusterListener.java:428] ClusterListener Member is Up: Member(address = akka.tcp://AVALON@10.1.37.203:2551, status = Up)
2016-06-07 16:35:21,312 DEBUG [AVALON-akka.actor.default-dispatcher-2] ServerSupervisorSubscriber [ServerSupervisorSubscriber.java:92] msg is ServerSupervisorMessage.ServerOnline: is then same
2016-06-07 16:35:31,373 INFO [AVALON-akka.actor.default-dispatcher-15] a.r.t.ProtocolStateActor [Slf4jLogger.scala:79] No response from remote for outbound association. Associate timed out after [15000 ms].
2016-06-07 16:35:31,374 INFO [AVALON-akka.actor.default-dispatcher-15] a.r.t.ProtocolStateActor [Slf4jLogger.scala:79] No response from remote for outbound association. Associate timed out after [15000 ms].
2016-06-07 16:35:31,383 INFO [AVALON-akka.actor.default-dispatcher-15] a.r.t.ProtocolStateActor [Slf4jLogger.scala:79] No response from remote for outbound association. Associate timed out after [15000 ms].
2016-06-07 16:35:31,388 WARN [AVALON-akka.actor.default-dispatcher-15] a.r.ReliableDeliverySupervisor [Slf4jLogger.scala:76] Association with remote system [akka.tcp://AVALON@10.1.7.163:2551] has failed, address is now gated for [5000] ms. Reason: [Association failed with [akka.tcp://AVALON@10.1.7.163:2551]] Caused by: [No response from remote for outbound association. Associate timed out after [15000 ms].]
2016-06-07 16:35:31,389 WARN [AVALON-akka.actor.default-dispatcher-15] a.r.ReliableDeliverySupervisor [Slf4jLogger.scala:76] Association with remote system [akka.tcp://AVALON@10.1.38.173:2552] has failed, address is now gated for [5000] ms. Reason: [Association failed with [akka.tcp://AVALON@10.1.38.173:2552]] Caused by: [No response from remote for outbound association. Associate timed out after [15000 ms].]
2016-06-07 16:35:31,390 WARN [AVALON-akka.actor.default-dispatcher-15] a.r.ReliableDeliverySupervisor [Slf4jLogger.scala:76] Association with remote system [akka.tcp://AVALON@10.1.7.163:2552] has failed, address is now gated for [5000] ms. Reason: [Association failed with [akka.tcp://AVALON@10.1.7.163:2552]] Caused by: [No response from remote for outbound association. Associate timed out after [15000 ms].]
2016-06-07 16:35:31,395 INFO [AVALON-akka.actor.default-dispatcher-3] a.r.RemoteActorRefProvider$RemoteDeadLetterActorRef [Slf4jLogger.scala:79] Message [akka.cluster.InternalClusterAction$InitJoin$] from Actor[akka://AVALON/system/cluster/core/daemon/firstSeedNodeProcess-1#-1864426560] to Actor[akka://AVALON/deadLetters] was not delivered. [1] dead letters encountered. This logging can be turned off or adjusted with configuration settings 'akka.log-dead-letters' and 'akka.log-dead-letters-during-shutdown'.
2016-06-07 16:35:31,395 INFO [AVALON-akka.actor.default-dispatcher-3] a.r.RemoteActorRefProvider$RemoteDeadLetterActorRef [Slf4jLogger.scala:79] Message [akka.cluster.InternalClusterAction$InitJoin$] from Actor[akka://AVALON/system/cluster/core/daemon/firstSeedNodeProcess-1#-1864426560] to Actor[akka://AVALON/deadLetters] was not delivered. [2] dead letters encountered. This logging can be turned off or adjusted with configuration settings 'akka.log-dead-letters' and 'akka.log-dead-letters-during-shutdown'.
2016-06-07 16:35:31,395 INFO [AVALON-akka.actor.default-dispatcher-3] a.r.RemoteActorRefProvider$RemoteDeadLetterActorRef [Slf4jLogger.scala:79] Message [akka.cluster.InternalClusterAction$InitJoin$] from Actor[akka://AVALON/system/cluster/core/daemon/firstSeedNodeProcess-1#-1864426560] to Actor[akka://AVALON/deadLetters] was not delivered. [3] dead letters encountered. This logging can be turned off or adjusted with configuration settings 'akka.log-dead-letters' and 'akka.log-dead-letters-during-shutdown'.
2016-06-07 16:35:31,396 INFO [AVALON-akka.actor.default-dispatcher-3] a.r.RemoteActorRefProvider$RemoteDeadLetterActorRef [Slf4jLogger.scala:79] Message [akka.cluster.InternalClusterAction$InitJoin$] from Actor[akka://AVALON/system/cluster/core/daemon/firstSeedNodeProcess-1#-1864426560] to Actor[akka://AVALON/deadLetters] was not delivered. [4] dead letters encountered. This logging can be turned off or adjusted with configuration settings 'akka.log-dead-letters' and 'akka.log-dead-letters-during-shutdown'.
2016-06-07 16:35:31,397 INFO [AVALON-akka.actor.default-dispatcher-3] a.r.RemoteActorRefProvider$RemoteDeadLetterActorRef [Slf4jLogger.scala:79] Message [akka.cluster.InternalClusterAction$InitJoin$] from Actor[akka://AVALON/system/cluster/core/daemon/firstSeedNodeProcess-1#-1864426560] to Actor[akka://AVALON/deadLetters] was not delivered. [5] dead letters encountered. This logging can be turned off or adjusted with configuration settings 'akka.log-dead-letters' and 'akka.log-dead-letters-during-shutdown'.
2016-06-07 16:35:31,397 INFO [AVALON-akka.actor.default-dispatcher-3] a.r.RemoteActorRefProvider$RemoteDeadLetterActorRef [Slf4jLogger.scala:79] Message [akka.cluster.InternalClusterAction$InitJoin$] from Actor[akka://AVALON/system/cluster/core/daemon/firstSeedNodeProcess-1#-1864426560] to Actor[akka://AVALON/deadLetters] was not delivered. [6] dead letters encountered. This logging can be turned off or adjusted with configuration settings 'akka.log-dead-letters' and 'akka.log-dead-letters-during-shutdown'.
2016-06-07 16:35:31,398 INFO [AVALON-akka.actor.default-dispatcher-3] a.r.RemoteActorRefProvider$RemoteDeadLetterActorRef [Slf4jLogger.scala:79] Message [akka.cluster.InternalClusterAction$InitJoin$] from Actor[akka://AVALON/system/cluster/core/daemon/firstSeedNodeProcess-1#-1864426560] to Actor[akka://AVALON/deadLetters] was not delivered. [7] dead letters encountered. This logging can be turned off or adjusted with configuration settings 'akka.log-dead-letters' and 'akka.log-dead-letters-during-shutdown'.
2016-06-07 16:35:31,399 INFO [AVALON-akka.actor.default-dispatcher-3] a.r.RemoteActorRefProvider$RemoteDeadLetterActorRef [Slf4jLogger.scala:79] Message [akka.cluster.InternalClusterAction$InitJoin$] from Actor[akka://AVALON/system/cluster/core/daemon/firstSeedNodeProcess-1#-1864426560] to Actor[akka://AVALON/deadLetters] was not delivered. [8] dead letters encountered. This logging can be turned off or adjusted with configuration settings 'akka.log-dead-letters' and 'akka.log-dead-letters-during-shutdown'.
2016-06-07 16:35:31,399 INFO [AVALON-akka.actor.default-dispatcher-3] a.r.RemoteActorRefProvider$RemoteDeadLetterActorRef [Slf4jLogger.scala:79] Message [akka.cluster.InternalClusterAction$InitJoin$] from Actor[akka://AVALON/system/cluster/core/daemon/firstSeedNodeProcess-1#-1864426560] to Actor[akka://AVALON/deadLetters] was not delivered. [9] dead letters encountered. This logging can be turned off or adjusted with configuration settings 'akka.log-dead-letters' and 'akka.log-dead-letters-during-shutdown'.
2016-06-07 16:35:31,399 INFO [AVALON-akka.actor.default-dispatcher-3] a.r.RemoteActorRefProvider$RemoteDeadLetterActorRef [Slf4jLogger.scala:79] Message [akka.cluster.InternalClusterAction$InitJoin$] from Actor[akka://AVALON/system/cluster/core/daemon/firstSeedNodeProcess-1#-1864426560] to Actor[akka://AVALON/deadLetters] was not delivered. [10] dead letters encountered, no more dead letters will be logged. This logging can be turned off or adjusted with configuration settings 'akka.log-dead-letters' and 'akka.log-dead-letters-during-shutdown'.
