2016-06-16 19:41:42,992 DEBUG [AWT-EventQueue-0] i.n.u.i.l.InternalLoggerFactory [Slf4JLogger.java:71] Using SLF4J as the default logging framework
2016-06-16 19:41:43,000 DEBUG [AWT-EventQueue-0] i.n.c.MultithreadEventLoopGroup [Slf4JLogger.java:76] -Dio.netty.eventLoopThreads: 16
2016-06-16 19:41:43,070 DEBUG [AWT-EventQueue-0] i.n.u.i.PlatformDependent0 [Slf4JLogger.java:76] java.nio.Buffer.address: available
2016-06-16 19:41:43,070 DEBUG [AWT-EventQueue-0] i.n.u.i.PlatformDependent0 [Slf4JLogger.java:76] sun.misc.Unsafe.theUnsafe: available
2016-06-16 19:41:43,070 DEBUG [AWT-EventQueue-0] i.n.u.i.PlatformDependent0 [Slf4JLogger.java:71] sun.misc.Unsafe.copyMemory: available
2016-06-16 19:41:43,071 DEBUG [AWT-EventQueue-0] i.n.u.i.PlatformDependent0 [Slf4JLogger.java:76] java.nio.Bits.unaligned: true
2016-06-16 19:41:43,072 DEBUG [AWT-EventQueue-0] i.n.u.i.PlatformDependent [Slf4JLogger.java:76] Java version: 8
2016-06-16 19:41:43,073 DEBUG [AWT-EventQueue-0] i.n.u.i.PlatformDependent [Slf4JLogger.java:76] -Dio.netty.noUnsafe: false
2016-06-16 19:41:43,073 DEBUG [AWT-EventQueue-0] i.n.u.i.PlatformDependent [Slf4JLogger.java:76] sun.misc.Unsafe: available
2016-06-16 19:41:43,073 DEBUG [AWT-EventQueue-0] i.n.u.i.PlatformDependent [Slf4JLogger.java:76] -Dio.netty.noJavassist: false
2016-06-16 19:41:43,149 DEBUG [AWT-EventQueue-0] i.n.u.i.PlatformDependent [Slf4JLogger.java:71] Javassist: available
2016-06-16 19:41:43,149 DEBUG [AWT-EventQueue-0] i.n.u.i.PlatformDependent [Slf4JLogger.java:76] -Dio.netty.tmpdir: /var/folders/k1/bfwvf_dd14ggxvb58z56hl6r0000gn/T (java.io.tmpdir)
2016-06-16 19:41:43,150 DEBUG [AWT-EventQueue-0] i.n.u.i.PlatformDependent [Slf4JLogger.java:76] -Dio.netty.bitMode: 64 (sun.arch.data.model)
2016-06-16 19:41:43,150 DEBUG [AWT-EventQueue-0] i.n.u.i.PlatformDependent [Slf4JLogger.java:76] -Dio.netty.noPreferDirect: false
2016-06-16 19:41:43,151 DEBUG [AWT-EventQueue-0] i.n.c.n.NioEventLoop [Slf4JLogger.java:76] -Dio.netty.noKeySetOptimization: false
2016-06-16 19:41:43,151 DEBUG [AWT-EventQueue-0] i.n.c.n.NioEventLoop [Slf4JLogger.java:76] -Dio.netty.selectorAutoRebuildThreshold: 512
2016-06-16 19:41:43,217 DEBUG [AWT-EventQueue-0] i.n.c.DefaultChannelId [Slf4JLogger.java:76] -Dio.netty.processId: 1378 (auto-detected)
2016-06-16 19:41:43,228 DEBUG [AWT-EventQueue-0] i.n.c.DefaultChannelId [Slf4JLogger.java:76] -Dio.netty.machineId: 10:40:f3:ff:fe:a9:36:64 (auto-detected)
2016-06-16 19:41:43,230 DEBUG [AWT-EventQueue-0] i.n.u.i.ThreadLocalRandom [Slf4JLogger.java:71] -Dio.netty.initialSeedUniquifier: 0xe52a3202a196b38d (took 17 ms)
2016-06-16 19:41:43,259 DEBUG [AWT-EventQueue-0] i.n.b.PooledByteBufAllocator [Slf4JLogger.java:76] -Dio.netty.allocator.numHeapArenas: 8
2016-06-16 19:41:43,259 DEBUG [AWT-EventQueue-0] i.n.b.PooledByteBufAllocator [Slf4JLogger.java:76] -Dio.netty.allocator.numDirectArenas: 8
2016-06-16 19:41:43,260 DEBUG [AWT-EventQueue-0] i.n.b.PooledByteBufAllocator [Slf4JLogger.java:76] -Dio.netty.allocator.pageSize: 8192
2016-06-16 19:41:43,260 DEBUG [AWT-EventQueue-0] i.n.b.PooledByteBufAllocator [Slf4JLogger.java:76] -Dio.netty.allocator.maxOrder: 11
2016-06-16 19:41:43,260 DEBUG [AWT-EventQueue-0] i.n.b.PooledByteBufAllocator [Slf4JLogger.java:76] -Dio.netty.allocator.chunkSize: 16777216
2016-06-16 19:41:43,260 DEBUG [AWT-EventQueue-0] i.n.b.PooledByteBufAllocator [Slf4JLogger.java:76] -Dio.netty.allocator.tinyCacheSize: 512
2016-06-16 19:41:43,260 DEBUG [AWT-EventQueue-0] i.n.b.PooledByteBufAllocator [Slf4JLogger.java:76] -Dio.netty.allocator.smallCacheSize: 256
2016-06-16 19:41:43,261 DEBUG [AWT-EventQueue-0] i.n.b.PooledByteBufAllocator [Slf4JLogger.java:76] -Dio.netty.allocator.normalCacheSize: 64
2016-06-16 19:41:43,261 DEBUG [AWT-EventQueue-0] i.n.b.PooledByteBufAllocator [Slf4JLogger.java:76] -Dio.netty.allocator.maxCachedBufferCapacity: 32768
2016-06-16 19:41:43,261 DEBUG [AWT-EventQueue-0] i.n.b.PooledByteBufAllocator [Slf4JLogger.java:76] -Dio.netty.allocator.cacheTrimInterval: 8192
2016-06-16 19:41:43,268 DEBUG [AWT-EventQueue-0] i.n.b.ByteBufUtil [Slf4JLogger.java:76] -Dio.netty.allocator.type: pooled
2016-06-16 19:41:43,268 DEBUG [AWT-EventQueue-0] i.n.b.ByteBufUtil [Slf4JLogger.java:76] -Dio.netty.threadLocalDirectBufferSize: 65536
2016-06-16 19:41:43,309 DEBUG [AWT-EventQueue-0] i.n.u.i.JavassistTypeParameterMatcherGenerator [Slf4JLogger.java:76] Generated: io.netty.util.internal.__matchers__.java.net.InetSocketAddressMatcher
2016-06-16 19:41:43,322 DEBUG [nioEventLoopGroup-0-0] i.n.u.i.JavassistTypeParameterMatcherGenerator [Slf4JLogger.java:76] Generated: io.netty.util.internal.__matchers__.com.avalon.util.MessageHeadMatcher
2016-06-16 19:41:47,320 DEBUG [AWT-EventQueue-0] i.n.u.Recycler [Slf4JLogger.java:76] -Dio.netty.recycler.maxCapacity: 262144
2016-06-16 19:41:47,335 DEBUG [nioEventLoopGroup-0-0] i.n.u.ResourceLeakDetector [Slf4JLogger.java:81] -Dio.netty.leakDetectionLevel: simple
