2016-06-14 18:38:28,340 DEBUG [AWT-EventQueue-0] i.n.u.i.l.InternalLoggerFactory [Slf4JLogger.java:71] Using SLF4J as the default logging framework
2016-06-14 18:38:28,346 DEBUG [AWT-EventQueue-0] i.n.c.MultithreadEventLoopGroup [Slf4JLogger.java:76] -Dio.netty.eventLoopThreads: 16
2016-06-14 18:38:28,383 DEBUG [AWT-EventQueue-0] i.n.u.i.PlatformDependent0 [Slf4JLogger.java:76] java.nio.Buffer.address: available
2016-06-14 18:38:28,384 DEBUG [AWT-EventQueue-0] i.n.u.i.PlatformDependent0 [Slf4JLogger.java:76] sun.misc.Unsafe.theUnsafe: available
2016-06-14 18:38:28,384 DEBUG [AWT-EventQueue-0] i.n.u.i.PlatformDependent0 [Slf4JLogger.java:71] sun.misc.Unsafe.copyMemory: available
2016-06-14 18:38:28,385 DEBUG [AWT-EventQueue-0] i.n.u.i.PlatformDependent0 [Slf4JLogger.java:76] java.nio.Bits.unaligned: true
2016-06-14 18:38:28,385 DEBUG [AWT-EventQueue-0] i.n.u.i.PlatformDependent [Slf4JLogger.java:76] Java version: 8
2016-06-14 18:38:28,386 DEBUG [AWT-EventQueue-0] i.n.u.i.PlatformDependent [Slf4JLogger.java:76] -Dio.netty.noUnsafe: false
2016-06-14 18:38:28,386 DEBUG [AWT-EventQueue-0] i.n.u.i.PlatformDependent [Slf4JLogger.java:76] sun.misc.Unsafe: available
2016-06-14 18:38:28,387 DEBUG [AWT-EventQueue-0] i.n.u.i.PlatformDependent [Slf4JLogger.java:76] -Dio.netty.noJavassist: false
2016-06-14 18:38:28,458 DEBUG [AWT-EventQueue-0] i.n.u.i.PlatformDependent [Slf4JLogger.java:71] Javassist: available
2016-06-14 18:38:28,458 DEBUG [AWT-EventQueue-0] i.n.u.i.PlatformDependent [Slf4JLogger.java:76] -Dio.netty.tmpdir: /var/folders/k1/bfwvf_dd14ggxvb58z56hl6r0000gn/T (java.io.tmpdir)
2016-06-14 18:38:28,458 DEBUG [AWT-EventQueue-0] i.n.u.i.PlatformDependent [Slf4JLogger.java:76] -Dio.netty.bitMode: 64 (sun.arch.data.model)
2016-06-14 18:38:28,459 DEBUG [AWT-EventQueue-0] i.n.u.i.PlatformDependent [Slf4JLogger.java:76] -Dio.netty.noPreferDirect: false
2016-06-14 18:38:28,459 DEBUG [AWT-EventQueue-0] i.n.c.n.NioEventLoop [Slf4JLogger.java:76] -Dio.netty.noKeySetOptimization: false
2016-06-14 18:38:28,460 DEBUG [AWT-EventQueue-0] i.n.c.n.NioEventLoop [Slf4JLogger.java:76] -Dio.netty.selectorAutoRebuildThreshold: 512
2016-06-14 18:38:28,515 DEBUG [AWT-EventQueue-0] i.n.c.DefaultChannelId [Slf4JLogger.java:76] -Dio.netty.processId: 3182 (auto-detected)
2016-06-14 18:38:28,525 DEBUG [AWT-EventQueue-0] i.n.c.DefaultChannelId [Slf4JLogger.java:76] -Dio.netty.machineId: 10:40:f3:ff:fe:a9:36:64 (auto-detected)
2016-06-14 18:38:28,527 DEBUG [AWT-EventQueue-0] i.n.u.i.ThreadLocalRandom [Slf4JLogger.java:71] -Dio.netty.initialSeedUniquifier: 0x464698acb569d71b (took 8 ms)
2016-06-14 18:38:28,555 DEBUG [AWT-EventQueue-0] i.n.b.PooledByteBufAllocator [Slf4JLogger.java:76] -Dio.netty.allocator.numHeapArenas: 8
2016-06-14 18:38:28,555 DEBUG [AWT-EventQueue-0] i.n.b.PooledByteBufAllocator [Slf4JLogger.java:76] -Dio.netty.allocator.numDirectArenas: 8
2016-06-14 18:38:28,555 DEBUG [AWT-EventQueue-0] i.n.b.PooledByteBufAllocator [Slf4JLogger.java:76] -Dio.netty.allocator.pageSize: 8192
2016-06-14 18:38:28,555 DEBUG [AWT-EventQueue-0] i.n.b.PooledByteBufAllocator [Slf4JLogger.java:76] -Dio.netty.allocator.maxOrder: 11
2016-06-14 18:38:28,556 DEBUG [AWT-EventQueue-0] i.n.b.PooledByteBufAllocator [Slf4JLogger.java:76] -Dio.netty.allocator.chunkSize: 16777216
2016-06-14 18:38:28,556 DEBUG [AWT-EventQueue-0] i.n.b.PooledByteBufAllocator [Slf4JLogger.java:76] -Dio.netty.allocator.tinyCacheSize: 512
2016-06-14 18:38:28,556 DEBUG [AWT-EventQueue-0] i.n.b.PooledByteBufAllocator [Slf4JLogger.java:76] -Dio.netty.allocator.smallCacheSize: 256
2016-06-14 18:38:28,557 DEBUG [AWT-EventQueue-0] i.n.b.PooledByteBufAllocator [Slf4JLogger.java:76] -Dio.netty.allocator.normalCacheSize: 64
2016-06-14 18:38:28,557 DEBUG [AWT-EventQueue-0] i.n.b.PooledByteBufAllocator [Slf4JLogger.java:76] -Dio.netty.allocator.maxCachedBufferCapacity: 32768
2016-06-14 18:38:28,557 DEBUG [AWT-EventQueue-0] i.n.b.PooledByteBufAllocator [Slf4JLogger.java:76] -Dio.netty.allocator.cacheTrimInterval: 8192
2016-06-14 18:38:28,562 DEBUG [AWT-EventQueue-0] i.n.b.ByteBufUtil [Slf4JLogger.java:76] -Dio.netty.allocator.type: pooled
2016-06-14 18:38:28,563 DEBUG [AWT-EventQueue-0] i.n.b.ByteBufUtil [Slf4JLogger.java:76] -Dio.netty.threadLocalDirectBufferSize: 65536
2016-06-14 18:38:28,590 DEBUG [AWT-EventQueue-0] i.n.u.i.JavassistTypeParameterMatcherGenerator [Slf4JLogger.java:76] Generated: io.netty.util.internal.__matchers__.java.net.InetSocketAddressMatcher
2016-06-14 18:38:28,605 DEBUG [nioEventLoopGroup-0-0] i.n.u.i.JavassistTypeParameterMatcherGenerator [Slf4JLogger.java:76] Generated: io.netty.util.internal.__matchers__.com.avalon.util.MessageHeadMatcher
2016-06-14 18:38:32,239 DEBUG [AWT-EventQueue-0] i.n.u.Recycler [Slf4JLogger.java:76] -Dio.netty.recycler.maxCapacity: 262144
2016-06-14 18:38:32,251 DEBUG [nioEventLoopGroup-0-0] i.n.u.ResourceLeakDetector [Slf4JLogger.java:81] -Dio.netty.leakDetectionLevel: simple
