2016-06-14 18:34:11,376 DEBUG [AWT-EventQueue-0] i.n.u.i.l.InternalLoggerFactory [Slf4JLogger.java:71] Using SLF4J as the default logging framework
2016-06-14 18:34:11,382 DEBUG [AWT-EventQueue-0] i.n.c.MultithreadEventLoopGroup [Slf4JLogger.java:76] -Dio.netty.eventLoopThreads: 16
2016-06-14 18:34:11,421 DEBUG [AWT-EventQueue-0] i.n.u.i.PlatformDependent0 [Slf4JLogger.java:76] java.nio.Buffer.address: available
2016-06-14 18:34:11,422 DEBUG [AWT-EventQueue-0] i.n.u.i.PlatformDependent0 [Slf4JLogger.java:76] sun.misc.Unsafe.theUnsafe: available
2016-06-14 18:34:11,422 DEBUG [AWT-EventQueue-0] i.n.u.i.PlatformDependent0 [Slf4JLogger.java:71] sun.misc.Unsafe.copyMemory: available
2016-06-14 18:34:11,423 DEBUG [AWT-EventQueue-0] i.n.u.i.PlatformDependent0 [Slf4JLogger.java:76] java.nio.Bits.unaligned: true
2016-06-14 18:34:11,423 DEBUG [AWT-EventQueue-0] i.n.u.i.PlatformDependent [Slf4JLogger.java:76] Java version: 8
2016-06-14 18:34:11,423 DEBUG [AWT-EventQueue-0] i.n.u.i.PlatformDependent [Slf4JLogger.java:76] -Dio.netty.noUnsafe: false
2016-06-14 18:34:11,424 DEBUG [AWT-EventQueue-0] i.n.u.i.PlatformDependent [Slf4JLogger.java:76] sun.misc.Unsafe: available
2016-06-14 18:34:11,424 DEBUG [AWT-EventQueue-0] i.n.u.i.PlatformDependent [Slf4JLogger.java:76] -Dio.netty.noJavassist: false
2016-06-14 18:34:11,488 DEBUG [AWT-EventQueue-0] i.n.u.i.PlatformDependent [Slf4JLogger.java:71] Javassist: available
2016-06-14 18:34:11,489 DEBUG [AWT-EventQueue-0] i.n.u.i.PlatformDependent [Slf4JLogger.java:76] -Dio.netty.tmpdir: /var/folders/k1/bfwvf_dd14ggxvb58z56hl6r0000gn/T (java.io.tmpdir)
2016-06-14 18:34:11,489 DEBUG [AWT-EventQueue-0] i.n.u.i.PlatformDependent [Slf4JLogger.java:76] -Dio.netty.bitMode: 64 (sun.arch.data.model)
2016-06-14 18:34:11,490 DEBUG [AWT-EventQueue-0] i.n.u.i.PlatformDependent [Slf4JLogger.java:76] -Dio.netty.noPreferDirect: false
2016-06-14 18:34:11,490 DEBUG [AWT-EventQueue-0] i.n.c.n.NioEventLoop [Slf4JLogger.java:76] -Dio.netty.noKeySetOptimization: false
2016-06-14 18:34:11,490 DEBUG [AWT-EventQueue-0] i.n.c.n.NioEventLoop [Slf4JLogger.java:76] -Dio.netty.selectorAutoRebuildThreshold: 512
2016-06-14 18:34:11,544 DEBUG [AWT-EventQueue-0] i.n.c.DefaultChannelId [Slf4JLogger.java:76] -Dio.netty.processId: 3175 (auto-detected)
2016-06-14 18:34:11,555 DEBUG [AWT-EventQueue-0] i.n.c.DefaultChannelId [Slf4JLogger.java:76] -Dio.netty.machineId: 10:40:f3:ff:fe:a9:36:64 (auto-detected)
2016-06-14 18:34:11,557 DEBUG [AWT-EventQueue-0] i.n.u.i.ThreadLocalRandom [Slf4JLogger.java:71] -Dio.netty.initialSeedUniquifier: 0xe7cc302a876bcd24 (took 7 ms)
2016-06-14 18:34:11,582 DEBUG [AWT-EventQueue-0] i.n.b.PooledByteBufAllocator [Slf4JLogger.java:76] -Dio.netty.allocator.numHeapArenas: 8
2016-06-14 18:34:11,583 DEBUG [AWT-EventQueue-0] i.n.b.PooledByteBufAllocator [Slf4JLogger.java:76] -Dio.netty.allocator.numDirectArenas: 8
2016-06-14 18:34:11,584 DEBUG [AWT-EventQueue-0] i.n.b.PooledByteBufAllocator [Slf4JLogger.java:76] -Dio.netty.allocator.pageSize: 8192
2016-06-14 18:34:11,584 DEBUG [AWT-EventQueue-0] i.n.b.PooledByteBufAllocator [Slf4JLogger.java:76] -Dio.netty.allocator.maxOrder: 11
2016-06-14 18:34:11,584 DEBUG [AWT-EventQueue-0] i.n.b.PooledByteBufAllocator [Slf4JLogger.java:76] -Dio.netty.allocator.chunkSize: 16777216
2016-06-14 18:34:11,584 DEBUG [AWT-EventQueue-0] i.n.b.PooledByteBufAllocator [Slf4JLogger.java:76] -Dio.netty.allocator.tinyCacheSize: 512
2016-06-14 18:34:11,584 DEBUG [AWT-EventQueue-0] i.n.b.PooledByteBufAllocator [Slf4JLogger.java:76] -Dio.netty.allocator.smallCacheSize: 256
2016-06-14 18:34:11,585 DEBUG [AWT-EventQueue-0] i.n.b.PooledByteBufAllocator [Slf4JLogger.java:76] -Dio.netty.allocator.normalCacheSize: 64
2016-06-14 18:34:11,585 DEBUG [AWT-EventQueue-0] i.n.b.PooledByteBufAllocator [Slf4JLogger.java:76] -Dio.netty.allocator.maxCachedBufferCapacity: 32768
2016-06-14 18:34:11,585 DEBUG [AWT-EventQueue-0] i.n.b.PooledByteBufAllocator [Slf4JLogger.java:76] -Dio.netty.allocator.cacheTrimInterval: 8192
2016-06-14 18:34:11,590 DEBUG [AWT-EventQueue-0] i.n.b.ByteBufUtil [Slf4JLogger.java:76] -Dio.netty.allocator.type: pooled
2016-06-14 18:34:11,590 DEBUG [AWT-EventQueue-0] i.n.b.ByteBufUtil [Slf4JLogger.java:76] -Dio.netty.threadLocalDirectBufferSize: 65536
2016-06-14 18:34:11,615 DEBUG [AWT-EventQueue-0] i.n.u.i.JavassistTypeParameterMatcherGenerator [Slf4JLogger.java:76] Generated: io.netty.util.internal.__matchers__.java.net.InetSocketAddressMatcher
2016-06-14 18:34:11,631 DEBUG [nioEventLoopGroup-0-0] i.n.u.i.JavassistTypeParameterMatcherGenerator [Slf4JLogger.java:76] Generated: io.netty.util.internal.__matchers__.com.avalon.util.MessageHeadMatcher
