[2015-09-02 13:53:57] [INFO ] [com.avalon.core.AvalonEngine:188]-- /Users/zero/Documents/workspace/ExampleServer
[2015-09-02 13:53:57] [INFO ] [com.avalon.component.ComponentRegistryImpl:70]-- Component add componentcom.avalon.io.netty.NettyServer@13b6aecc
[2015-09-02 13:53:57] [INFO ] [com.avalon.component.ComponentRegistryImpl:70]-- Component add componentcom.avalon.core.AvalonProxy@3c3d9b6b
[2015-09-02 13:53:57] [INFO ] [com.avalon.io.netty.NettyServer:57]-- 初始化Netty 开始
[2015-09-02 13:53:57] [INFO ] [com.avalon.io.netty.NettyServer:89]-- 初始化Netty 线程启动
[2015-09-02 13:53:57] [DEBUG] [io.netty.util.internal.logging.InternalLoggerFactory:71]-- Using SLF4J as the default logging framework
[2015-09-02 13:53:57] [DEBUG] [io.netty.channel.MultithreadEventLoopGroup:76]-- -Dio.netty.eventLoopThreads: 16
[2015-09-02 13:53:57] [DEBUG] [io.netty.util.internal.PlatformDependent0:76]-- java.nio.Buffer.address: available
[2015-09-02 13:53:57] [DEBUG] [io.netty.util.internal.PlatformDependent0:76]-- sun.misc.Unsafe.theUnsafe: available
[2015-09-02 13:53:57] [DEBUG] [io.netty.util.internal.PlatformDependent0:71]-- sun.misc.Unsafe.copyMemory: available
[2015-09-02 13:53:57] [DEBUG] [io.netty.util.internal.PlatformDependent0:76]-- java.nio.Bits.unaligned: true
[2015-09-02 13:53:57] [DEBUG] [io.netty.util.internal.PlatformDependent:76]-- Java version: 8
[2015-09-02 13:53:57] [DEBUG] [io.netty.util.internal.PlatformDependent:76]-- -Dio.netty.noUnsafe: false
[2015-09-02 13:53:57] [DEBUG] [io.netty.util.internal.PlatformDependent:76]-- sun.misc.Unsafe: available
[2015-09-02 13:53:57] [DEBUG] [io.netty.util.internal.PlatformDependent:76]-- -Dio.netty.noJavassist: false
[2015-09-02 13:53:57] [DEBUG] [io.netty.util.internal.PlatformDependent:71]-- Javassist: available
[2015-09-02 13:53:57] [DEBUG] [io.netty.util.internal.PlatformDependent:76]-- -Dio.netty.tmpdir: /var/folders/k1/bfwvf_dd14ggxvb58z56hl6r0000gn/T (java.io.tmpdir)
[2015-09-02 13:53:57] [DEBUG] [io.netty.util.internal.PlatformDependent:76]-- -Dio.netty.bitMode: 64 (sun.arch.data.model)
[2015-09-02 13:53:57] [DEBUG] [io.netty.util.internal.PlatformDependent:76]-- -Dio.netty.noPreferDirect: false
[2015-09-02 13:53:57] [DEBUG] [io.netty.channel.nio.NioEventLoop:76]-- -Dio.netty.noKeySetOptimization: false
[2015-09-02 13:53:57] [DEBUG] [io.netty.channel.nio.NioEventLoop:76]-- -Dio.netty.selectorAutoRebuildThreshold: 512
[2015-09-02 13:53:58] [DEBUG] [io.netty.channel.DefaultChannelId:76]-- -Dio.netty.processId: 3459 (auto-detected)
[2015-09-02 13:53:58] [DEBUG] [io.netty.channel.DefaultChannelId:76]-- -Dio.netty.machineId: 10:40:f3:ff:fe:a9:36:64 (auto-detected)
[2015-09-02 13:53:58] [DEBUG] [io.netty.util.internal.ThreadLocalRandom:71]-- -Dio.netty.initialSeedUniquifier: 0x678f35dedf23bc3a (took 13 ms)
[2015-09-02 13:53:58] [DEBUG] [io.netty.buffer.PooledByteBufAllocator:76]-- -Dio.netty.allocator.numHeapArenas: 8
[2015-09-02 13:53:58] [DEBUG] [io.netty.buffer.PooledByteBufAllocator:76]-- -Dio.netty.allocator.numDirectArenas: 8
[2015-09-02 13:53:58] [DEBUG] [io.netty.buffer.PooledByteBufAllocator:76]-- -Dio.netty.allocator.pageSize: 8192
[2015-09-02 13:53:58] [DEBUG] [io.netty.buffer.PooledByteBufAllocator:76]-- -Dio.netty.allocator.maxOrder: 11
[2015-09-02 13:53:58] [DEBUG] [io.netty.buffer.PooledByteBufAllocator:76]-- -Dio.netty.allocator.chunkSize: 16777216
[2015-09-02 13:53:58] [DEBUG] [io.netty.buffer.PooledByteBufAllocator:76]-- -Dio.netty.allocator.tinyCacheSize: 512
[2015-09-02 13:53:58] [DEBUG] [io.netty.buffer.PooledByteBufAllocator:76]-- -Dio.netty.allocator.smallCacheSize: 256
[2015-09-02 13:53:58] [DEBUG] [io.netty.buffer.PooledByteBufAllocator:76]-- -Dio.netty.allocator.normalCacheSize: 64
[2015-09-02 13:53:58] [DEBUG] [io.netty.buffer.PooledByteBufAllocator:76]-- -Dio.netty.allocator.maxCachedBufferCapacity: 32768
[2015-09-02 13:53:58] [DEBUG] [io.netty.buffer.PooledByteBufAllocator:76]-- -Dio.netty.allocator.cacheTrimInterval: 8192
[2015-09-02 13:53:58] [DEBUG] [io.netty.buffer.ByteBufUtil:76]-- -Dio.netty.allocator.type: pooled
[2015-09-02 13:53:58] [DEBUG] [io.netty.buffer.ByteBufUtil:76]-- -Dio.netty.threadLocalDirectBufferSize: 65536
[2015-09-02 13:53:58] [DEBUG] [io.netty.util.NetUtil:86]-- Loopback interface: lo0 (lo0, 0:0:0:0:0:0:0:1)
[2015-09-02 13:53:58] [DEBUG] [io.netty.util.NetUtil:81]-- /proc/sys/net/core/somaxconn: 128 (non-existent)
[2015-09-02 13:53:58] [INFO ] [io.netty.handler.logging.LoggingHandler:101]-- [id: 0x6c2ccb77] REGISTERED
[2015-09-02 13:53:58] [INFO ] [io.netty.handler.logging.LoggingHandler:101]-- [id: 0x6c2ccb77] BIND: 0.0.0.0/0.0.0.0:12345
[2015-09-02 13:53:58] [INFO ] [io.netty.handler.logging.LoggingHandler:101]-- [id: 0x6c2ccb77, /0:0:0:0:0:0:0:0:12345] ACTIVE
[2015-09-02 13:54:44] [INFO ] [com.avalon.core.AvalonEngine:188]-- /Users/zero/Documents/workspace/ExampleServer
[2015-09-02 13:54:45] [INFO ] [com.avalon.component.ComponentRegistryImpl:70]-- Component add componentcom.avalon.io.netty.NettyServer@13b6aecc
[2015-09-02 13:54:45] [INFO ] [com.avalon.component.ComponentRegistryImpl:70]-- Component add componentcom.avalon.core.AvalonProxy@3c3d9b6b
[2015-09-02 13:54:45] [INFO ] [com.avalon.io.netty.NettyServer:57]-- 初始化Netty 开始
[2015-09-02 13:54:45] [INFO ] [com.avalon.io.netty.NettyServer:89]-- 初始化Netty 线程启动
[2015-09-02 13:54:45] [DEBUG] [io.netty.util.internal.logging.InternalLoggerFactory:71]-- Using SLF4J as the default logging framework
[2015-09-02 13:54:45] [DEBUG] [io.netty.channel.MultithreadEventLoopGroup:76]-- -Dio.netty.eventLoopThreads: 16
[2015-09-02 13:54:45] [DEBUG] [io.netty.util.internal.PlatformDependent0:76]-- java.nio.Buffer.address: available
[2015-09-02 13:54:45] [DEBUG] [io.netty.util.internal.PlatformDependent0:76]-- sun.misc.Unsafe.theUnsafe: available
[2015-09-02 13:54:45] [DEBUG] [io.netty.util.internal.PlatformDependent0:71]-- sun.misc.Unsafe.copyMemory: available
[2015-09-02 13:54:45] [DEBUG] [io.netty.util.internal.PlatformDependent0:76]-- java.nio.Bits.unaligned: true
[2015-09-02 13:54:45] [DEBUG] [io.netty.util.internal.PlatformDependent:76]-- Java version: 8
[2015-09-02 13:54:45] [DEBUG] [io.netty.util.internal.PlatformDependent:76]-- -Dio.netty.noUnsafe: false
[2015-09-02 13:54:45] [DEBUG] [io.netty.util.internal.PlatformDependent:76]-- sun.misc.Unsafe: available
[2015-09-02 13:54:45] [DEBUG] [io.netty.util.internal.PlatformDependent:76]-- -Dio.netty.noJavassist: false
[2015-09-02 13:54:45] [DEBUG] [io.netty.util.internal.PlatformDependent:71]-- Javassist: available
[2015-09-02 13:54:45] [DEBUG] [io.netty.util.internal.PlatformDependent:76]-- -Dio.netty.tmpdir: /var/folders/k1/bfwvf_dd14ggxvb58z56hl6r0000gn/T (java.io.tmpdir)
[2015-09-02 13:54:45] [DEBUG] [io.netty.util.internal.PlatformDependent:76]-- -Dio.netty.bitMode: 64 (sun.arch.data.model)
[2015-09-02 13:54:45] [DEBUG] [io.netty.util.internal.PlatformDependent:76]-- -Dio.netty.noPreferDirect: false
[2015-09-02 13:54:45] [DEBUG] [io.netty.channel.nio.NioEventLoop:76]-- -Dio.netty.noKeySetOptimization: false
[2015-09-02 13:54:45] [DEBUG] [io.netty.channel.nio.NioEventLoop:76]-- -Dio.netty.selectorAutoRebuildThreshold: 512
[2015-09-02 13:54:45] [DEBUG] [io.netty.channel.DefaultChannelId:76]-- -Dio.netty.processId: 3460 (auto-detected)
[2015-09-02 13:54:45] [DEBUG] [io.netty.channel.DefaultChannelId:76]-- -Dio.netty.machineId: 10:40:f3:ff:fe:a9:36:64 (auto-detected)
[2015-09-02 13:54:45] [DEBUG] [io.netty.util.internal.ThreadLocalRandom:71]-- -Dio.netty.initialSeedUniquifier: 0xfe9b3eeb306d2277 (took 13 ms)
[2015-09-02 13:54:45] [DEBUG] [io.netty.buffer.PooledByteBufAllocator:76]-- -Dio.netty.allocator.numHeapArenas: 8
[2015-09-02 13:54:45] [DEBUG] [io.netty.buffer.PooledByteBufAllocator:76]-- -Dio.netty.allocator.numDirectArenas: 8
[2015-09-02 13:54:45] [DEBUG] [io.netty.buffer.PooledByteBufAllocator:76]-- -Dio.netty.allocator.pageSize: 8192
[2015-09-02 13:54:45] [DEBUG] [io.netty.buffer.PooledByteBufAllocator:76]-- -Dio.netty.allocator.maxOrder: 11
[2015-09-02 13:54:45] [DEBUG] [io.netty.buffer.PooledByteBufAllocator:76]-- -Dio.netty.allocator.chunkSize: 16777216
[2015-09-02 13:54:45] [DEBUG] [io.netty.buffer.PooledByteBufAllocator:76]-- -Dio.netty.allocator.tinyCacheSize: 512
[2015-09-02 13:54:45] [DEBUG] [io.netty.buffer.PooledByteBufAllocator:76]-- -Dio.netty.allocator.smallCacheSize: 256
[2015-09-02 13:54:45] [DEBUG] [io.netty.buffer.PooledByteBufAllocator:76]-- -Dio.netty.allocator.normalCacheSize: 64
[2015-09-02 13:54:45] [DEBUG] [io.netty.buffer.PooledByteBufAllocator:76]-- -Dio.netty.allocator.maxCachedBufferCapacity: 32768
[2015-09-02 13:54:45] [DEBUG] [io.netty.buffer.PooledByteBufAllocator:76]-- -Dio.netty.allocator.cacheTrimInterval: 8192
[2015-09-02 13:54:45] [DEBUG] [io.netty.buffer.ByteBufUtil:76]-- -Dio.netty.allocator.type: pooled
[2015-09-02 13:54:45] [DEBUG] [io.netty.buffer.ByteBufUtil:76]-- -Dio.netty.threadLocalDirectBufferSize: 65536
[2015-09-02 13:54:45] [DEBUG] [io.netty.util.NetUtil:86]-- Loopback interface: lo0 (lo0, 0:0:0:0:0:0:0:1)
[2015-09-02 13:54:45] [DEBUG] [io.netty.util.NetUtil:81]-- /proc/sys/net/core/somaxconn: 128 (non-existent)
[2015-09-02 13:54:45] [INFO ] [io.netty.handler.logging.LoggingHandler:101]-- [id: 0x93ae3c59] REGISTERED
[2015-09-02 13:54:45] [INFO ] [io.netty.handler.logging.LoggingHandler:101]-- [id: 0x93ae3c59] BIND: 0.0.0.0/0.0.0.0:12345
[2015-09-02 13:54:45] [INFO ] [io.netty.handler.logging.LoggingHandler:101]-- [id: 0x93ae3c59, /0:0:0:0:0:0:0:0:12345] ACTIVE
[2015-09-02 13:55:20] [INFO ] [com.avalon.core.AvalonEngine:188]-- /Users/zero/Documents/workspace/ExampleServer
[2015-09-02 13:55:20] [INFO ] [com.avalon.component.ComponentRegistryImpl:70]-- Component add componentcom.avalon.io.netty.NettyServer@13b6aecc
[2015-09-02 13:55:20] [INFO ] [com.avalon.component.ComponentRegistryImpl:70]-- Component add componentcom.avalon.core.AvalonProxy@3c3d9b6b
[2015-09-02 13:55:20] [INFO ] [com.avalon.io.netty.NettyServer:57]-- 初始化Netty 开始
[2015-09-02 13:55:20] [INFO ] [com.avalon.io.netty.NettyServer:89]-- 初始化Netty 线程启动
[2015-09-02 13:55:20] [DEBUG] [io.netty.util.internal.logging.InternalLoggerFactory:71]-- Using SLF4J as the default logging framework
[2015-09-02 13:55:20] [DEBUG] [io.netty.channel.MultithreadEventLoopGroup:76]-- -Dio.netty.eventLoopThreads: 16
[2015-09-02 13:55:20] [DEBUG] [io.netty.util.internal.PlatformDependent0:76]-- java.nio.Buffer.address: available
[2015-09-02 13:55:20] [DEBUG] [io.netty.util.internal.PlatformDependent0:76]-- sun.misc.Unsafe.theUnsafe: available
[2015-09-02 13:55:20] [DEBUG] [io.netty.util.internal.PlatformDependent0:71]-- sun.misc.Unsafe.copyMemory: available
[2015-09-02 13:55:20] [DEBUG] [io.netty.util.internal.PlatformDependent0:76]-- java.nio.Bits.unaligned: true
[2015-09-02 13:55:20] [DEBUG] [io.netty.util.internal.PlatformDependent:76]-- Java version: 8
[2015-09-02 13:55:20] [DEBUG] [io.netty.util.internal.PlatformDependent:76]-- -Dio.netty.noUnsafe: false
[2015-09-02 13:55:20] [DEBUG] [io.netty.util.internal.PlatformDependent:76]-- sun.misc.Unsafe: available
[2015-09-02 13:55:20] [DEBUG] [io.netty.util.internal.PlatformDependent:76]-- -Dio.netty.noJavassist: false
[2015-09-02 13:55:21] [DEBUG] [io.netty.util.internal.PlatformDependent:71]-- Javassist: available
[2015-09-02 13:55:21] [DEBUG] [io.netty.util.internal.PlatformDependent:76]-- -Dio.netty.tmpdir: /var/folders/k1/bfwvf_dd14ggxvb58z56hl6r0000gn/T (java.io.tmpdir)
[2015-09-02 13:55:21] [DEBUG] [io.netty.util.internal.PlatformDependent:76]-- -Dio.netty.bitMode: 64 (sun.arch.data.model)
[2015-09-02 13:55:21] [DEBUG] [io.netty.util.internal.PlatformDependent:76]-- -Dio.netty.noPreferDirect: false
[2015-09-02 13:55:21] [DEBUG] [io.netty.channel.nio.NioEventLoop:76]-- -Dio.netty.noKeySetOptimization: false
[2015-09-02 13:55:21] [DEBUG] [io.netty.channel.nio.NioEventLoop:76]-- -Dio.netty.selectorAutoRebuildThreshold: 512
[2015-09-02 13:55:21] [DEBUG] [io.netty.channel.DefaultChannelId:76]-- -Dio.netty.processId: 3461 (auto-detected)
[2015-09-02 13:55:21] [DEBUG] [io.netty.channel.DefaultChannelId:76]-- -Dio.netty.machineId: 10:40:f3:ff:fe:a9:36:64 (auto-detected)
[2015-09-02 13:55:21] [DEBUG] [io.netty.util.internal.ThreadLocalRandom:71]-- -Dio.netty.initialSeedUniquifier: 0xa24c1b57426f38fe (took 15 ms)
[2015-09-02 13:55:21] [DEBUG] [io.netty.buffer.PooledByteBufAllocator:76]-- -Dio.netty.allocator.numHeapArenas: 8
[2015-09-02 13:55:21] [DEBUG] [io.netty.buffer.PooledByteBufAllocator:76]-- -Dio.netty.allocator.numDirectArenas: 8
[2015-09-02 13:55:21] [DEBUG] [io.netty.buffer.PooledByteBufAllocator:76]-- -Dio.netty.allocator.pageSize: 8192
[2015-09-02 13:55:21] [DEBUG] [io.netty.buffer.PooledByteBufAllocator:76]-- -Dio.netty.allocator.maxOrder: 11
[2015-09-02 13:55:21] [DEBUG] [io.netty.buffer.PooledByteBufAllocator:76]-- -Dio.netty.allocator.chunkSize: 16777216
[2015-09-02 13:55:21] [DEBUG] [io.netty.buffer.PooledByteBufAllocator:76]-- -Dio.netty.allocator.tinyCacheSize: 512
[2015-09-02 13:55:21] [DEBUG] [io.netty.buffer.PooledByteBufAllocator:76]-- -Dio.netty.allocator.smallCacheSize: 256
[2015-09-02 13:55:21] [DEBUG] [io.netty.buffer.PooledByteBufAllocator:76]-- -Dio.netty.allocator.normalCacheSize: 64
[2015-09-02 13:55:21] [DEBUG] [io.netty.buffer.PooledByteBufAllocator:76]-- -Dio.netty.allocator.maxCachedBufferCapacity: 32768
[2015-09-02 13:55:21] [DEBUG] [io.netty.buffer.PooledByteBufAllocator:76]-- -Dio.netty.allocator.cacheTrimInterval: 8192
[2015-09-02 13:55:21] [DEBUG] [io.netty.buffer.ByteBufUtil:76]-- -Dio.netty.allocator.type: pooled
[2015-09-02 13:55:21] [DEBUG] [io.netty.buffer.ByteBufUtil:76]-- -Dio.netty.threadLocalDirectBufferSize: 65536
[2015-09-02 13:55:21] [DEBUG] [io.netty.util.NetUtil:86]-- Loopback interface: lo0 (lo0, 0:0:0:0:0:0:0:1)
[2015-09-02 13:55:21] [DEBUG] [io.netty.util.NetUtil:81]-- /proc/sys/net/core/somaxconn: 128 (non-existent)
[2015-09-02 13:55:21] [INFO ] [io.netty.handler.logging.LoggingHandler:101]-- [id: 0x9e0fcacf] REGISTERED
[2015-09-02 13:55:21] [INFO ] [io.netty.handler.logging.LoggingHandler:101]-- [id: 0x9e0fcacf] BIND: 0.0.0.0/0.0.0.0:12345
[2015-09-02 13:55:21] [INFO ] [io.netty.handler.logging.LoggingHandler:101]-- [id: 0x9e0fcacf, /0:0:0:0:0:0:0:0:12345] ACTIVE
[2015-09-02 15:25:11] [INFO ] [com.avalon.core.AvalonEngine:188]-- /Users/zero/Documents/workspace/ExampleServer
[2015-09-02 15:25:11] [INFO ] [com.avalon.component.ComponentRegistryImpl:70]-- Component add componentcom.avalon.io.netty.NettyServer@13b6aecc
[2015-09-02 15:25:11] [INFO ] [com.avalon.component.ComponentRegistryImpl:70]-- Component add componentcom.avalon.core.AvalonProxy@3c3d9b6b
[2015-09-02 15:25:11] [INFO ] [com.avalon.io.netty.NettyServer:57]-- 初始化Netty 开始
[2015-09-02 15:25:11] [INFO ] [com.avalon.io.netty.NettyServer:89]-- 初始化Netty 线程启动
[2015-09-02 15:25:11] [DEBUG] [io.netty.util.internal.logging.InternalLoggerFactory:71]-- Using SLF4J as the default logging framework
[2015-09-02 15:25:11] [DEBUG] [io.netty.channel.MultithreadEventLoopGroup:76]-- -Dio.netty.eventLoopThreads: 16
[2015-09-02 15:25:11] [DEBUG] [io.netty.util.internal.PlatformDependent0:76]-- java.nio.Buffer.address: available
[2015-09-02 15:25:11] [DEBUG] [io.netty.util.internal.PlatformDependent0:76]-- sun.misc.Unsafe.theUnsafe: available
[2015-09-02 15:25:11] [DEBUG] [io.netty.util.internal.PlatformDependent0:71]-- sun.misc.Unsafe.copyMemory: available
[2015-09-02 15:25:11] [DEBUG] [io.netty.util.internal.PlatformDependent0:76]-- java.nio.Bits.unaligned: true
[2015-09-02 15:25:11] [DEBUG] [io.netty.util.internal.PlatformDependent:76]-- Java version: 8
[2015-09-02 15:25:11] [DEBUG] [io.netty.util.internal.PlatformDependent:76]-- -Dio.netty.noUnsafe: false
[2015-09-02 15:25:11] [DEBUG] [io.netty.util.internal.PlatformDependent:76]-- sun.misc.Unsafe: available
[2015-09-02 15:25:11] [DEBUG] [io.netty.util.internal.PlatformDependent:76]-- -Dio.netty.noJavassist: false
[2015-09-02 15:25:11] [DEBUG] [io.netty.util.internal.PlatformDependent:71]-- Javassist: available
[2015-09-02 15:25:11] [DEBUG] [io.netty.util.internal.PlatformDependent:76]-- -Dio.netty.tmpdir: /var/folders/k1/bfwvf_dd14ggxvb58z56hl6r0000gn/T (java.io.tmpdir)
[2015-09-02 15:25:11] [DEBUG] [io.netty.util.internal.PlatformDependent:76]-- -Dio.netty.bitMode: 64 (sun.arch.data.model)
[2015-09-02 15:25:11] [DEBUG] [io.netty.util.internal.PlatformDependent:76]-- -Dio.netty.noPreferDirect: false
[2015-09-02 15:25:11] [DEBUG] [io.netty.channel.nio.NioEventLoop:76]-- -Dio.netty.noKeySetOptimization: false
[2015-09-02 15:25:11] [DEBUG] [io.netty.channel.nio.NioEventLoop:76]-- -Dio.netty.selectorAutoRebuildThreshold: 512
[2015-09-02 15:25:11] [DEBUG] [io.netty.channel.DefaultChannelId:76]-- -Dio.netty.processId: 3667 (auto-detected)
[2015-09-02 15:25:11] [DEBUG] [io.netty.channel.DefaultChannelId:76]-- -Dio.netty.machineId: 10:40:f3:ff:fe:a9:36:64 (auto-detected)
[2015-09-02 15:25:11] [DEBUG] [io.netty.util.internal.ThreadLocalRandom:71]-- -Dio.netty.initialSeedUniquifier: 0x9c0d6f47170b0af7 (took 13 ms)
[2015-09-02 15:25:11] [DEBUG] [io.netty.buffer.PooledByteBufAllocator:76]-- -Dio.netty.allocator.numHeapArenas: 8
[2015-09-02 15:25:11] [DEBUG] [io.netty.buffer.PooledByteBufAllocator:76]-- -Dio.netty.allocator.numDirectArenas: 8
[2015-09-02 15:25:11] [DEBUG] [io.netty.buffer.PooledByteBufAllocator:76]-- -Dio.netty.allocator.pageSize: 8192
[2015-09-02 15:25:11] [DEBUG] [io.netty.buffer.PooledByteBufAllocator:76]-- -Dio.netty.allocator.maxOrder: 11
[2015-09-02 15:25:11] [DEBUG] [io.netty.buffer.PooledByteBufAllocator:76]-- -Dio.netty.allocator.chunkSize: 16777216
[2015-09-02 15:25:11] [DEBUG] [io.netty.buffer.PooledByteBufAllocator:76]-- -Dio.netty.allocator.tinyCacheSize: 512
[2015-09-02 15:25:11] [DEBUG] [io.netty.buffer.PooledByteBufAllocator:76]-- -Dio.netty.allocator.smallCacheSize: 256
[2015-09-02 15:25:11] [DEBUG] [io.netty.buffer.PooledByteBufAllocator:76]-- -Dio.netty.allocator.normalCacheSize: 64
[2015-09-02 15:25:11] [DEBUG] [io.netty.buffer.PooledByteBufAllocator:76]-- -Dio.netty.allocator.maxCachedBufferCapacity: 32768
[2015-09-02 15:25:11] [DEBUG] [io.netty.buffer.PooledByteBufAllocator:76]-- -Dio.netty.allocator.cacheTrimInterval: 8192
[2015-09-02 15:25:11] [DEBUG] [io.netty.buffer.ByteBufUtil:76]-- -Dio.netty.allocator.type: pooled
[2015-09-02 15:25:11] [DEBUG] [io.netty.buffer.ByteBufUtil:76]-- -Dio.netty.threadLocalDirectBufferSize: 65536
[2015-09-02 15:25:11] [DEBUG] [io.netty.util.NetUtil:86]-- Loopback interface: lo0 (lo0, 0:0:0:0:0:0:0:1)
[2015-09-02 15:25:11] [DEBUG] [io.netty.util.NetUtil:81]-- /proc/sys/net/core/somaxconn: 128 (non-existent)
[2015-09-02 15:25:11] [INFO ] [io.netty.handler.logging.LoggingHandler:101]-- [id: 0xfe2e7675] REGISTERED
[2015-09-02 15:25:11] [INFO ] [io.netty.handler.logging.LoggingHandler:101]-- [id: 0xfe2e7675] BIND: 0.0.0.0/0.0.0.0:12345
[2015-09-02 15:25:11] [INFO ] [io.netty.handler.logging.LoggingHandler:101]-- [id: 0xfe2e7675, /0:0:0:0:0:0:0:0:12345] ACTIVE
[2015-09-02 15:26:35] [INFO ] [io.netty.handler.logging.LoggingHandler:101]-- [id: 0xfe2e7675, /0:0:0:0:0:0:0:0:12345] RECEIVED: [id: 0x43f08136, /127.0.0.1:52943 => /127.0.0.1:12345]
[2015-09-02 15:26:35] [DEBUG] [io.netty.util.internal.JavassistTypeParameterMatcherGenerator:76]-- Generated: io.netty.util.internal.__matchers__.com.avalon.util.MessageHeadMatcher
[2015-09-02 15:26:35] [DEBUG] [com.avalon.io.netty.NettyHandler:62]-- 注册
[2015-09-02 15:43:51] [INFO ] [com.avalon.core.AvalonEngine:188]-- /Users/zero/Documents/workspace/ExampleServer
[2015-09-02 15:43:51] [INFO ] [com.avalon.component.ComponentRegistryImpl:70]-- Component add componentcom.avalon.io.netty.NettyServer@13b6aecc
[2015-09-02 15:43:51] [INFO ] [com.avalon.component.ComponentRegistryImpl:70]-- Component add componentcom.avalon.core.AvalonProxy@3c3d9b6b
[2015-09-02 15:43:51] [INFO ] [com.avalon.io.netty.NettyServer:57]-- 初始化Netty 开始
[2015-09-02 15:43:51] [INFO ] [com.avalon.io.netty.NettyServer:89]-- 初始化Netty 线程启动
[2015-09-02 15:43:51] [DEBUG] [io.netty.util.internal.logging.InternalLoggerFactory:71]-- Using SLF4J as the default logging framework
[2015-09-02 15:43:51] [DEBUG] [io.netty.channel.MultithreadEventLoopGroup:76]-- -Dio.netty.eventLoopThreads: 16
[2015-09-02 15:43:51] [DEBUG] [io.netty.util.internal.PlatformDependent0:76]-- java.nio.Buffer.address: available
[2015-09-02 15:43:51] [DEBUG] [io.netty.util.internal.PlatformDependent0:76]-- sun.misc.Unsafe.theUnsafe: available
[2015-09-02 15:43:51] [DEBUG] [io.netty.util.internal.PlatformDependent0:71]-- sun.misc.Unsafe.copyMemory: available
[2015-09-02 15:43:51] [DEBUG] [io.netty.util.internal.PlatformDependent0:76]-- java.nio.Bits.unaligned: true
[2015-09-02 15:43:51] [DEBUG] [io.netty.util.internal.PlatformDependent:76]-- Java version: 8
[2015-09-02 15:43:51] [DEBUG] [io.netty.util.internal.PlatformDependent:76]-- -Dio.netty.noUnsafe: false
[2015-09-02 15:43:51] [DEBUG] [io.netty.util.internal.PlatformDependent:76]-- sun.misc.Unsafe: available
[2015-09-02 15:43:51] [DEBUG] [io.netty.util.internal.PlatformDependent:76]-- -Dio.netty.noJavassist: false
[2015-09-02 15:43:51] [DEBUG] [io.netty.util.internal.PlatformDependent:71]-- Javassist: available
[2015-09-02 15:43:51] [DEBUG] [io.netty.util.internal.PlatformDependent:76]-- -Dio.netty.tmpdir: /var/folders/k1/bfwvf_dd14ggxvb58z56hl6r0000gn/T (java.io.tmpdir)
[2015-09-02 15:43:51] [DEBUG] [io.netty.util.internal.PlatformDependent:76]-- -Dio.netty.bitMode: 64 (sun.arch.data.model)
[2015-09-02 15:43:51] [DEBUG] [io.netty.util.internal.PlatformDependent:76]-- -Dio.netty.noPreferDirect: false
[2015-09-02 15:43:51] [DEBUG] [io.netty.channel.nio.NioEventLoop:76]-- -Dio.netty.noKeySetOptimization: false
[2015-09-02 15:43:51] [DEBUG] [io.netty.channel.nio.NioEventLoop:76]-- -Dio.netty.selectorAutoRebuildThreshold: 512
[2015-09-02 15:43:51] [DEBUG] [io.netty.channel.DefaultChannelId:76]-- -Dio.netty.processId: 3702 (auto-detected)
[2015-09-02 15:43:51] [DEBUG] [io.netty.channel.DefaultChannelId:76]-- -Dio.netty.machineId: 10:40:f3:ff:fe:a9:36:64 (auto-detected)
[2015-09-02 15:43:51] [DEBUG] [io.netty.util.internal.ThreadLocalRandom:71]-- -Dio.netty.initialSeedUniquifier: 0x74fb684b7981fc65 (took 13 ms)
[2015-09-02 15:43:51] [DEBUG] [io.netty.buffer.PooledByteBufAllocator:76]-- -Dio.netty.allocator.numHeapArenas: 8
[2015-09-02 15:43:51] [DEBUG] [io.netty.buffer.PooledByteBufAllocator:76]-- -Dio.netty.allocator.numDirectArenas: 8
[2015-09-02 15:43:51] [DEBUG] [io.netty.buffer.PooledByteBufAllocator:76]-- -Dio.netty.allocator.pageSize: 8192
[2015-09-02 15:43:51] [DEBUG] [io.netty.buffer.PooledByteBufAllocator:76]-- -Dio.netty.allocator.maxOrder: 11
[2015-09-02 15:43:51] [DEBUG] [io.netty.buffer.PooledByteBufAllocator:76]-- -Dio.netty.allocator.chunkSize: 16777216
[2015-09-02 15:43:51] [DEBUG] [io.netty.buffer.PooledByteBufAllocator:76]-- -Dio.netty.allocator.tinyCacheSize: 512
[2015-09-02 15:43:51] [DEBUG] [io.netty.buffer.PooledByteBufAllocator:76]-- -Dio.netty.allocator.smallCacheSize: 256
[2015-09-02 15:43:51] [DEBUG] [io.netty.buffer.PooledByteBufAllocator:76]-- -Dio.netty.allocator.normalCacheSize: 64
[2015-09-02 15:43:51] [DEBUG] [io.netty.buffer.PooledByteBufAllocator:76]-- -Dio.netty.allocator.maxCachedBufferCapacity: 32768
[2015-09-02 15:43:51] [DEBUG] [io.netty.buffer.PooledByteBufAllocator:76]-- -Dio.netty.allocator.cacheTrimInterval: 8192
[2015-09-02 15:43:51] [DEBUG] [io.netty.buffer.ByteBufUtil:76]-- -Dio.netty.allocator.type: pooled
[2015-09-02 15:43:51] [DEBUG] [io.netty.buffer.ByteBufUtil:76]-- -Dio.netty.threadLocalDirectBufferSize: 65536
[2015-09-02 15:43:51] [DEBUG] [io.netty.util.NetUtil:86]-- Loopback interface: lo0 (lo0, 0:0:0:0:0:0:0:1)
[2015-09-02 15:43:51] [DEBUG] [io.netty.util.NetUtil:81]-- /proc/sys/net/core/somaxconn: 128 (non-existent)
[2015-09-02 15:43:51] [INFO ] [io.netty.handler.logging.LoggingHandler:101]-- [id: 0x93ecd552] REGISTERED
[2015-09-02 15:43:51] [INFO ] [io.netty.handler.logging.LoggingHandler:101]-- [id: 0x93ecd552] BIND: 0.0.0.0/0.0.0.0:12345
[2015-09-02 15:43:51] [INFO ] [io.netty.handler.logging.LoggingHandler:101]-- [id: 0x93ecd552, /0:0:0:0:0:0:0:0:12345] ACTIVE
[2015-09-02 15:44:42] [INFO ] [io.netty.handler.logging.LoggingHandler:101]-- [id: 0x93ecd552, /0:0:0:0:0:0:0:0:12345] RECEIVED: [id: 0xb50c1e2d, /127.0.0.1:53092 => /127.0.0.1:12345]
[2015-09-02 15:44:42] [DEBUG] [io.netty.util.internal.JavassistTypeParameterMatcherGenerator:76]-- Generated: io.netty.util.internal.__matchers__.com.avalon.util.MessageHeadMatcher
[2015-09-02 15:44:42] [DEBUG] [com.avalon.io.netty.NettyHandler:62]-- 注册
[2015-09-02 15:45:36] [DEBUG] [io.netty.util.ResourceLeakDetector:81]-- -Dio.netty.leakDetectionLevel: simple
[2015-09-02 15:45:36] [DEBUG] [io.netty.util.Recycler:76]-- -Dio.netty.recycler.maxCapacity: 262144
[2015-09-02 15:45:36] [DEBUG] [io.netty.channel.DefaultChannelPipeline:76]-- Discarded inbound message com.avalon.io.MessagePackImpl@84bf957 that reached at the tail of the pipeline. Please check your pipeline configuration.
[2015-09-02 15:46:08] [DEBUG] [io.netty.channel.DefaultChannelPipeline:76]-- Discarded inbound message com.avalon.io.MessagePackImpl@439383d7 that reached at the tail of the pipeline. Please check your pipeline configuration.
[2015-09-02 15:54:20] [DEBUG] [com.avalon.io.netty.NettyHandler:45]-- 解除注册
[2015-09-02 15:54:43] [INFO ] [io.netty.handler.logging.LoggingHandler:101]-- [id: 0x93ecd552, /0:0:0:0:0:0:0:0:12345] RECEIVED: [id: 0xf6574a04, /127.0.0.1:53157 => /127.0.0.1:12345]
[2015-09-02 15:54:43] [DEBUG] [com.avalon.io.netty.NettyHandler:62]-- 注册
[2015-09-02 15:55:11] [DEBUG] [io.netty.channel.DefaultChannelPipeline:76]-- Discarded inbound message com.avalon.io.MessagePackImpl@7e0d12d0 that reached at the tail of the pipeline. Please check your pipeline configuration.
[2015-09-02 15:57:02] [DEBUG] [io.netty.channel.DefaultChannelPipeline:76]-- Discarded inbound message com.avalon.io.MessagePackImpl@7a3289c9 that reached at the tail of the pipeline. Please check your pipeline configuration.
[2015-09-02 16:08:48] [DEBUG] [com.avalon.io.netty.NettyHandler:45]-- 解除注册
[2015-09-02 16:08:59] [INFO ] [io.netty.handler.logging.LoggingHandler:101]-- [id: 0x93ecd552, /0:0:0:0:0:0:0:0:12345] RECEIVED: [id: 0x89c2e16b, /127.0.0.1:53255 => /127.0.0.1:12345]
[2015-09-02 16:08:59] [DEBUG] [com.avalon.io.netty.NettyHandler:62]-- 注册
[2015-09-02 16:09:16] [DEBUG] [io.netty.channel.DefaultChannelPipeline:76]-- Discarded inbound message com.avalon.io.MessagePackImpl@79c0b41f that reached at the tail of the pipeline. Please check your pipeline configuration.
[2015-09-02 16:10:49] [DEBUG] [io.netty.channel.DefaultChannelPipeline:76]-- Discarded inbound message com.avalon.io.MessagePackImpl@39f1056b that reached at the tail of the pipeline. Please check your pipeline configuration.
[2015-09-02 16:13:40] [DEBUG] [io.netty.channel.DefaultChannelPipeline:76]-- Discarded inbound message com.avalon.io.MessagePackImpl@137fa9a2 that reached at the tail of the pipeline. Please check your pipeline configuration.
[2015-09-02 16:14:24] [DEBUG] [io.netty.channel.DefaultChannelPipeline:76]-- Discarded inbound message com.avalon.io.MessagePackImpl@3cceef03 that reached at the tail of the pipeline. Please check your pipeline configuration.
[2015-09-02 16:16:02] [DEBUG] [io.netty.channel.DefaultChannelPipeline:76]-- Discarded inbound message com.avalon.io.MessagePackImpl@226b731a that reached at the tail of the pipeline. Please check your pipeline configuration.
[2015-09-02 16:22:39] [DEBUG] [io.netty.channel.DefaultChannelPipeline:76]-- Discarded inbound message com.avalon.io.MessagePackImpl@40d2c4c9 that reached at the tail of the pipeline. Please check your pipeline configuration.
[2015-09-02 16:24:55] [DEBUG] [io.netty.channel.DefaultChannelPipeline:76]-- Discarded inbound message com.avalon.io.MessagePackImpl@71b94be5 that reached at the tail of the pipeline. Please check your pipeline configuration.
[2015-09-02 16:28:04] [DEBUG] [io.netty.channel.DefaultChannelPipeline:76]-- Discarded inbound message com.avalon.io.MessagePackImpl@1f65dec9 that reached at the tail of the pipeline. Please check your pipeline configuration.
[2015-09-02 16:29:42] [DEBUG] [io.netty.channel.DefaultChannelPipeline:76]-- Discarded inbound message com.avalon.io.MessagePackImpl@2cac8927 that reached at the tail of the pipeline. Please check your pipeline configuration.
[2015-09-02 16:34:03] [DEBUG] [com.avalon.io.netty.NettyHandler:45]-- 解除注册
[2015-09-02 16:34:14] [INFO ] [io.netty.handler.logging.LoggingHandler:101]-- [id: 0x93ecd552, /0:0:0:0:0:0:0:0:12345] RECEIVED: [id: 0x3833b2a0, /127.0.0.1:53355 => /127.0.0.1:12345]
[2015-09-02 16:34:14] [DEBUG] [com.avalon.io.netty.NettyHandler:62]-- 注册
[2015-09-02 16:34:22] [DEBUG] [io.netty.channel.DefaultChannelPipeline:76]-- Discarded inbound message com.avalon.io.MessagePackImpl@680d80fe that reached at the tail of the pipeline. Please check your pipeline configuration.
[2015-09-02 16:38:08] [DEBUG] [io.netty.channel.DefaultChannelPipeline:76]-- Discarded inbound message com.avalon.io.MessagePackImpl@3f3018eb that reached at the tail of the pipeline. Please check your pipeline configuration.
[2015-09-02 16:39:31] [DEBUG] [io.netty.channel.DefaultChannelPipeline:76]-- Discarded inbound message com.avalon.io.MessagePackImpl@54989cd1 that reached at the tail of the pipeline. Please check your pipeline configuration.
[2015-09-02 16:40:52] [DEBUG] [io.netty.channel.DefaultChannelPipeline:76]-- Discarded inbound message com.avalon.io.MessagePackImpl@2893186a that reached at the tail of the pipeline. Please check your pipeline configuration.
[2015-09-02 16:42:07] [DEBUG] [io.netty.channel.DefaultChannelPipeline:76]-- Discarded inbound message com.avalon.io.MessagePackImpl@6d91831c that reached at the tail of the pipeline. Please check your pipeline configuration.
[2015-09-02 16:43:05] [DEBUG] [io.netty.channel.DefaultChannelPipeline:76]-- Discarded inbound message com.avalon.io.MessagePackImpl@6ed129e9 that reached at the tail of the pipeline. Please check your pipeline configuration.
[2015-09-02 16:48:10] [DEBUG] [io.netty.channel.DefaultChannelPipeline:76]-- Discarded inbound message com.avalon.io.MessagePackImpl@18c8fa9e that reached at the tail of the pipeline. Please check your pipeline configuration.
[2015-09-02 16:51:21] [DEBUG] [io.netty.channel.DefaultChannelPipeline:76]-- Discarded inbound message com.avalon.io.MessagePackImpl@7f9b724c that reached at the tail of the pipeline. Please check your pipeline configuration.
[2015-09-02 16:52:47] [DEBUG] [io.netty.channel.DefaultChannelPipeline:76]-- Discarded inbound message com.avalon.io.MessagePackImpl@2baee07 that reached at the tail of the pipeline. Please check your pipeline configuration.
[2015-09-02 16:58:36] [DEBUG] [com.avalon.io.netty.NettyHandler:45]-- 解除注册
[2015-09-02 16:58:47] [INFO ] [io.netty.handler.logging.LoggingHandler:101]-- [id: 0x93ecd552, /0:0:0:0:0:0:0:0:12345] RECEIVED: [id: 0x3012c0ab, /127.0.0.1:53524 => /127.0.0.1:12345]
[2015-09-02 16:58:47] [DEBUG] [com.avalon.io.netty.NettyHandler:62]-- 注册
[2015-09-02 16:58:56] [DEBUG] [io.netty.channel.DefaultChannelPipeline:76]-- Discarded inbound message com.avalon.io.MessagePackImpl@2a23a40 that reached at the tail of the pipeline. Please check your pipeline configuration.
[2015-09-02 17:02:42] [DEBUG] [io.netty.channel.DefaultChannelPipeline:76]-- Discarded inbound message com.avalon.io.MessagePackImpl@6ac409a that reached at the tail of the pipeline. Please check your pipeline configuration.
[2015-09-02 17:04:02] [DEBUG] [io.netty.channel.DefaultChannelPipeline:76]-- Discarded inbound message com.avalon.io.MessagePackImpl@22015b11 that reached at the tail of the pipeline. Please check your pipeline configuration.
