[2015-09-03 19:56:09] [INFO ] [com.avalon.core.AvalonEngine:188]-- /Users/zero/Documents/workspace/ExampleServer
[2015-09-03 19:56:10] [INFO ] [com.avalon.component.ComponentRegistryImpl:70]-- Component add componentcom.avalon.io.netty.NettyServer@79be0360
[2015-09-03 19:56:10] [INFO ] [com.avalon.component.ComponentRegistryImpl:70]-- Component add componentcom.avalon.core.AvalonProxy@3b084709
[2015-09-03 19:56:10] [INFO ] [com.avalon.io.netty.NettyServer:57]-- 初始化Netty 开始
[2015-09-03 19:56:10] [INFO ] [com.avalon.io.netty.NettyServer:89]-- 初始化Netty 线程启动
[2015-09-03 19:56:10] [DEBUG] [io.netty.util.internal.logging.InternalLoggerFactory:71]-- Using SLF4J as the default logging framework
[2015-09-03 19:56:10] [DEBUG] [io.netty.channel.MultithreadEventLoopGroup:76]-- -Dio.netty.eventLoopThreads: 16
[2015-09-03 19:56:10] [DEBUG] [io.netty.util.internal.PlatformDependent0:76]-- java.nio.Buffer.address: available
[2015-09-03 19:56:10] [DEBUG] [io.netty.util.internal.PlatformDependent0:76]-- sun.misc.Unsafe.theUnsafe: available
[2015-09-03 19:56:10] [DEBUG] [io.netty.util.internal.PlatformDependent0:71]-- sun.misc.Unsafe.copyMemory: available
[2015-09-03 19:56:10] [DEBUG] [io.netty.util.internal.PlatformDependent0:76]-- java.nio.Bits.unaligned: true
[2015-09-03 19:56:10] [DEBUG] [io.netty.util.internal.PlatformDependent:76]-- Java version: 8
[2015-09-03 19:56:10] [DEBUG] [io.netty.util.internal.PlatformDependent:76]-- -Dio.netty.noUnsafe: false
[2015-09-03 19:56:10] [DEBUG] [io.netty.util.internal.PlatformDependent:76]-- sun.misc.Unsafe: available
[2015-09-03 19:56:10] [DEBUG] [io.netty.util.internal.PlatformDependent:76]-- -Dio.netty.noJavassist: false
[2015-09-03 19:56:10] [DEBUG] [io.netty.util.internal.PlatformDependent:71]-- Javassist: available
[2015-09-03 19:56:10] [DEBUG] [io.netty.util.internal.PlatformDependent:76]-- -Dio.netty.tmpdir: /var/folders/k1/bfwvf_dd14ggxvb58z56hl6r0000gn/T (java.io.tmpdir)
[2015-09-03 19:56:10] [DEBUG] [io.netty.util.internal.PlatformDependent:76]-- -Dio.netty.bitMode: 64 (sun.arch.data.model)
[2015-09-03 19:56:10] [DEBUG] [io.netty.util.internal.PlatformDependent:76]-- -Dio.netty.noPreferDirect: false
[2015-09-03 19:56:10] [DEBUG] [io.netty.channel.nio.NioEventLoop:76]-- -Dio.netty.noKeySetOptimization: false
[2015-09-03 19:56:10] [DEBUG] [io.netty.channel.nio.NioEventLoop:76]-- -Dio.netty.selectorAutoRebuildThreshold: 512
[2015-09-03 19:56:10] [DEBUG] [io.netty.channel.DefaultChannelId:76]-- -Dio.netty.processId: 647 (auto-detected)
[2015-09-03 19:56:10] [DEBUG] [io.netty.channel.DefaultChannelId:76]-- -Dio.netty.machineId: 10:40:f3:ff:fe:a9:36:64 (auto-detected)
[2015-09-03 19:56:10] [DEBUG] [io.netty.util.internal.ThreadLocalRandom:71]-- -Dio.netty.initialSeedUniquifier: 0xa5b4b4f8698f71cb (took 20 ms)
[2015-09-03 19:56:10] [DEBUG] [io.netty.buffer.PooledByteBufAllocator:76]-- -Dio.netty.allocator.numHeapArenas: 8
[2015-09-03 19:56:10] [DEBUG] [io.netty.buffer.PooledByteBufAllocator:76]-- -Dio.netty.allocator.numDirectArenas: 8
[2015-09-03 19:56:10] [DEBUG] [io.netty.buffer.PooledByteBufAllocator:76]-- -Dio.netty.allocator.pageSize: 8192
[2015-09-03 19:56:10] [DEBUG] [io.netty.buffer.PooledByteBufAllocator:76]-- -Dio.netty.allocator.maxOrder: 11
[2015-09-03 19:56:10] [DEBUG] [io.netty.buffer.PooledByteBufAllocator:76]-- -Dio.netty.allocator.chunkSize: 16777216
[2015-09-03 19:56:10] [DEBUG] [io.netty.buffer.PooledByteBufAllocator:76]-- -Dio.netty.allocator.tinyCacheSize: 512
[2015-09-03 19:56:10] [DEBUG] [io.netty.buffer.PooledByteBufAllocator:76]-- -Dio.netty.allocator.smallCacheSize: 256
[2015-09-03 19:56:10] [DEBUG] [io.netty.buffer.PooledByteBufAllocator:76]-- -Dio.netty.allocator.normalCacheSize: 64
[2015-09-03 19:56:10] [DEBUG] [io.netty.buffer.PooledByteBufAllocator:76]-- -Dio.netty.allocator.maxCachedBufferCapacity: 32768
[2015-09-03 19:56:10] [DEBUG] [io.netty.buffer.PooledByteBufAllocator:76]-- -Dio.netty.allocator.cacheTrimInterval: 8192
[2015-09-03 19:56:10] [DEBUG] [io.netty.buffer.ByteBufUtil:76]-- -Dio.netty.allocator.type: pooled
[2015-09-03 19:56:10] [DEBUG] [io.netty.buffer.ByteBufUtil:76]-- -Dio.netty.threadLocalDirectBufferSize: 65536
[2015-09-03 19:56:10] [DEBUG] [io.netty.util.NetUtil:86]-- Loopback interface: lo0 (lo0, 0:0:0:0:0:0:0:1)
[2015-09-03 19:56:10] [DEBUG] [io.netty.util.NetUtil:81]-- /proc/sys/net/core/somaxconn: 128 (non-existent)
[2015-09-03 19:56:10] [INFO ] [io.netty.handler.logging.LoggingHandler:101]-- [id: 0x0fe2da62] REGISTERED
[2015-09-03 19:56:10] [INFO ] [io.netty.handler.logging.LoggingHandler:101]-- [id: 0x0fe2da62] BIND: 0.0.0.0/0.0.0.0:12345
[2015-09-03 19:56:10] [INFO ] [io.netty.handler.logging.LoggingHandler:101]-- [id: 0x0fe2da62, /0:0:0:0:0:0:0:0:12345] ACTIVE
[2015-09-03 19:56:40] [INFO ] [com.avalon.core.AvalonEngine:188]-- /Users/zero/Documents/workspace/ExampleServer
[2015-09-03 19:56:40] [INFO ] [com.avalon.component.ComponentRegistryImpl:70]-- Component add componentcom.avalon.io.netty.NettyServer@57855c9a
[2015-09-03 19:56:40] [INFO ] [com.avalon.component.ComponentRegistryImpl:70]-- Component add componentcom.avalon.core.AvalonProxy@63e2203c
[2015-09-03 19:56:40] [INFO ] [com.avalon.io.netty.NettyServer:57]-- 初始化Netty 开始
[2015-09-03 19:56:40] [INFO ] [com.avalon.io.netty.NettyServer:89]-- 初始化Netty 线程启动
[2015-09-03 19:56:40] [DEBUG] [io.netty.util.internal.logging.InternalLoggerFactory:71]-- Using SLF4J as the default logging framework
[2015-09-03 19:56:40] [DEBUG] [io.netty.channel.MultithreadEventLoopGroup:76]-- -Dio.netty.eventLoopThreads: 16
[2015-09-03 19:56:40] [DEBUG] [io.netty.util.internal.PlatformDependent0:76]-- java.nio.Buffer.address: available
[2015-09-03 19:56:40] [DEBUG] [io.netty.util.internal.PlatformDependent0:76]-- sun.misc.Unsafe.theUnsafe: available
[2015-09-03 19:56:40] [DEBUG] [io.netty.util.internal.PlatformDependent0:71]-- sun.misc.Unsafe.copyMemory: available
[2015-09-03 19:56:40] [DEBUG] [io.netty.util.internal.PlatformDependent0:76]-- java.nio.Bits.unaligned: true
[2015-09-03 19:56:40] [DEBUG] [io.netty.util.internal.PlatformDependent:76]-- Java version: 8
[2015-09-03 19:56:40] [DEBUG] [io.netty.util.internal.PlatformDependent:76]-- -Dio.netty.noUnsafe: false
[2015-09-03 19:56:40] [DEBUG] [io.netty.util.internal.PlatformDependent:76]-- sun.misc.Unsafe: available
[2015-09-03 19:56:40] [DEBUG] [io.netty.util.internal.PlatformDependent:76]-- -Dio.netty.noJavassist: false
[2015-09-03 19:56:41] [DEBUG] [io.netty.util.internal.PlatformDependent:71]-- Javassist: available
[2015-09-03 19:56:41] [DEBUG] [io.netty.util.internal.PlatformDependent:76]-- -Dio.netty.tmpdir: /var/folders/k1/bfwvf_dd14ggxvb58z56hl6r0000gn/T (java.io.tmpdir)
[2015-09-03 19:56:41] [DEBUG] [io.netty.util.internal.PlatformDependent:76]-- -Dio.netty.bitMode: 64 (sun.arch.data.model)
[2015-09-03 19:56:41] [DEBUG] [io.netty.util.internal.PlatformDependent:76]-- -Dio.netty.noPreferDirect: false
[2015-09-03 19:56:41] [DEBUG] [io.netty.channel.nio.NioEventLoop:76]-- -Dio.netty.noKeySetOptimization: false
[2015-09-03 19:56:41] [DEBUG] [io.netty.channel.nio.NioEventLoop:76]-- -Dio.netty.selectorAutoRebuildThreshold: 512
[2015-09-03 19:56:41] [DEBUG] [io.netty.channel.DefaultChannelId:76]-- -Dio.netty.processId: 648 (auto-detected)
[2015-09-03 19:56:41] [DEBUG] [io.netty.channel.DefaultChannelId:76]-- -Dio.netty.machineId: 10:40:f3:ff:fe:a9:36:64 (auto-detected)
[2015-09-03 19:56:41] [DEBUG] [io.netty.util.internal.ThreadLocalRandom:71]-- -Dio.netty.initialSeedUniquifier: 0x27f8481c79d0711b (took 12 ms)
[2015-09-03 19:56:41] [DEBUG] [io.netty.buffer.PooledByteBufAllocator:76]-- -Dio.netty.allocator.numHeapArenas: 8
[2015-09-03 19:56:41] [DEBUG] [io.netty.buffer.PooledByteBufAllocator:76]-- -Dio.netty.allocator.numDirectArenas: 8
[2015-09-03 19:56:41] [DEBUG] [io.netty.buffer.PooledByteBufAllocator:76]-- -Dio.netty.allocator.pageSize: 8192
[2015-09-03 19:56:41] [DEBUG] [io.netty.buffer.PooledByteBufAllocator:76]-- -Dio.netty.allocator.maxOrder: 11
[2015-09-03 19:56:41] [DEBUG] [io.netty.buffer.PooledByteBufAllocator:76]-- -Dio.netty.allocator.chunkSize: 16777216
[2015-09-03 19:56:41] [DEBUG] [io.netty.buffer.PooledByteBufAllocator:76]-- -Dio.netty.allocator.tinyCacheSize: 512
[2015-09-03 19:56:41] [DEBUG] [io.netty.buffer.PooledByteBufAllocator:76]-- -Dio.netty.allocator.smallCacheSize: 256
[2015-09-03 19:56:41] [DEBUG] [io.netty.buffer.PooledByteBufAllocator:76]-- -Dio.netty.allocator.normalCacheSize: 64
[2015-09-03 19:56:41] [DEBUG] [io.netty.buffer.PooledByteBufAllocator:76]-- -Dio.netty.allocator.maxCachedBufferCapacity: 32768
[2015-09-03 19:56:41] [DEBUG] [io.netty.buffer.PooledByteBufAllocator:76]-- -Dio.netty.allocator.cacheTrimInterval: 8192
[2015-09-03 19:56:41] [DEBUG] [io.netty.buffer.ByteBufUtil:76]-- -Dio.netty.allocator.type: pooled
[2015-09-03 19:56:41] [DEBUG] [io.netty.buffer.ByteBufUtil:76]-- -Dio.netty.threadLocalDirectBufferSize: 65536
[2015-09-03 19:56:41] [DEBUG] [io.netty.util.NetUtil:86]-- Loopback interface: lo0 (lo0, 0:0:0:0:0:0:0:1)
[2015-09-03 19:56:41] [DEBUG] [io.netty.util.NetUtil:81]-- /proc/sys/net/core/somaxconn: 128 (non-existent)
[2015-09-03 19:56:41] [INFO ] [io.netty.handler.logging.LoggingHandler:101]-- [id: 0x741b37b4] REGISTERED
[2015-09-03 19:56:41] [INFO ] [io.netty.handler.logging.LoggingHandler:101]-- [id: 0x741b37b4] BIND: 0.0.0.0/0.0.0.0:12345
[2015-09-03 19:56:41] [INFO ] [io.netty.handler.logging.LoggingHandler:101]-- [id: 0x741b37b4, /0:0:0:0:0:0:0:0:12345] ACTIVE
[2015-09-03 19:59:42] [INFO ] [com.avalon.core.AvalonEngine:188]-- /Users/zero/Documents/workspace/ExampleServer
[2015-09-03 19:59:42] [INFO ] [com.avalon.component.ComponentRegistryImpl:70]-- Component add componentcom.avalon.io.netty.NettyServer@1ce24091
[2015-09-03 19:59:42] [INFO ] [com.avalon.component.ComponentRegistryImpl:70]-- Component add componentcom.avalon.core.AvalonProxy@7a8c8dcf
[2015-09-03 19:59:42] [INFO ] [com.avalon.io.netty.NettyServer:57]-- 初始化Netty 开始
[2015-09-03 19:59:42] [INFO ] [com.avalon.io.netty.NettyServer:89]-- 初始化Netty 线程启动
[2015-09-03 19:59:42] [DEBUG] [io.netty.util.internal.logging.InternalLoggerFactory:71]-- Using SLF4J as the default logging framework
[2015-09-03 19:59:42] [DEBUG] [io.netty.channel.MultithreadEventLoopGroup:76]-- -Dio.netty.eventLoopThreads: 16
[2015-09-03 19:59:42] [DEBUG] [io.netty.util.internal.PlatformDependent0:76]-- java.nio.Buffer.address: available
[2015-09-03 19:59:42] [DEBUG] [io.netty.util.internal.PlatformDependent0:76]-- sun.misc.Unsafe.theUnsafe: available
[2015-09-03 19:59:42] [DEBUG] [io.netty.util.internal.PlatformDependent0:71]-- sun.misc.Unsafe.copyMemory: available
[2015-09-03 19:59:42] [DEBUG] [io.netty.util.internal.PlatformDependent0:76]-- java.nio.Bits.unaligned: true
[2015-09-03 19:59:42] [DEBUG] [io.netty.util.internal.PlatformDependent:76]-- Java version: 8
[2015-09-03 19:59:42] [DEBUG] [io.netty.util.internal.PlatformDependent:76]-- -Dio.netty.noUnsafe: false
[2015-09-03 19:59:42] [DEBUG] [io.netty.util.internal.PlatformDependent:76]-- sun.misc.Unsafe: available
[2015-09-03 19:59:42] [DEBUG] [io.netty.util.internal.PlatformDependent:76]-- -Dio.netty.noJavassist: false
[2015-09-03 19:59:42] [DEBUG] [io.netty.util.internal.PlatformDependent:71]-- Javassist: available
[2015-09-03 19:59:42] [DEBUG] [io.netty.util.internal.PlatformDependent:76]-- -Dio.netty.tmpdir: /var/folders/k1/bfwvf_dd14ggxvb58z56hl6r0000gn/T (java.io.tmpdir)
[2015-09-03 19:59:42] [DEBUG] [io.netty.util.internal.PlatformDependent:76]-- -Dio.netty.bitMode: 64 (sun.arch.data.model)
[2015-09-03 19:59:42] [DEBUG] [io.netty.util.internal.PlatformDependent:76]-- -Dio.netty.noPreferDirect: false
[2015-09-03 19:59:42] [DEBUG] [io.netty.channel.nio.NioEventLoop:76]-- -Dio.netty.noKeySetOptimization: false
[2015-09-03 19:59:42] [DEBUG] [io.netty.channel.nio.NioEventLoop:76]-- -Dio.netty.selectorAutoRebuildThreshold: 512
[2015-09-03 19:59:42] [DEBUG] [io.netty.channel.DefaultChannelId:76]-- -Dio.netty.processId: 762 (auto-detected)
[2015-09-03 19:59:42] [DEBUG] [io.netty.channel.DefaultChannelId:76]-- -Dio.netty.machineId: 10:40:f3:ff:fe:a9:36:64 (auto-detected)
[2015-09-03 19:59:42] [DEBUG] [io.netty.util.internal.ThreadLocalRandom:71]-- -Dio.netty.initialSeedUniquifier: 0xa236a39ce7f9e3d4 (took 14 ms)
[2015-09-03 19:59:43] [DEBUG] [io.netty.buffer.PooledByteBufAllocator:76]-- -Dio.netty.allocator.numHeapArenas: 8
[2015-09-03 19:59:43] [DEBUG] [io.netty.buffer.PooledByteBufAllocator:76]-- -Dio.netty.allocator.numDirectArenas: 8
[2015-09-03 19:59:43] [DEBUG] [io.netty.buffer.PooledByteBufAllocator:76]-- -Dio.netty.allocator.pageSize: 8192
[2015-09-03 19:59:43] [DEBUG] [io.netty.buffer.PooledByteBufAllocator:76]-- -Dio.netty.allocator.maxOrder: 11
[2015-09-03 19:59:43] [DEBUG] [io.netty.buffer.PooledByteBufAllocator:76]-- -Dio.netty.allocator.chunkSize: 16777216
[2015-09-03 19:59:43] [DEBUG] [io.netty.buffer.PooledByteBufAllocator:76]-- -Dio.netty.allocator.tinyCacheSize: 512
[2015-09-03 19:59:43] [DEBUG] [io.netty.buffer.PooledByteBufAllocator:76]-- -Dio.netty.allocator.smallCacheSize: 256
[2015-09-03 19:59:43] [DEBUG] [io.netty.buffer.PooledByteBufAllocator:76]-- -Dio.netty.allocator.normalCacheSize: 64
[2015-09-03 19:59:43] [DEBUG] [io.netty.buffer.PooledByteBufAllocator:76]-- -Dio.netty.allocator.maxCachedBufferCapacity: 32768
[2015-09-03 19:59:43] [DEBUG] [io.netty.buffer.PooledByteBufAllocator:76]-- -Dio.netty.allocator.cacheTrimInterval: 8192
[2015-09-03 19:59:43] [DEBUG] [io.netty.buffer.ByteBufUtil:76]-- -Dio.netty.allocator.type: pooled
[2015-09-03 19:59:43] [DEBUG] [io.netty.buffer.ByteBufUtil:76]-- -Dio.netty.threadLocalDirectBufferSize: 65536
[2015-09-03 19:59:43] [DEBUG] [io.netty.util.NetUtil:86]-- Loopback interface: lo0 (lo0, 0:0:0:0:0:0:0:1)
[2015-09-03 19:59:43] [DEBUG] [io.netty.util.NetUtil:81]-- /proc/sys/net/core/somaxconn: 128 (non-existent)
[2015-09-03 19:59:43] [INFO ] [io.netty.handler.logging.LoggingHandler:101]-- [id: 0x72c6a765] REGISTERED
[2015-09-03 19:59:43] [INFO ] [io.netty.handler.logging.LoggingHandler:101]-- [id: 0x72c6a765] BIND: 0.0.0.0/0.0.0.0:12345
[2015-09-03 19:59:43] [INFO ] [io.netty.handler.logging.LoggingHandler:101]-- [id: 0x72c6a765, /0:0:0:0:0:0:0:0:12345] ACTIVE
[2015-09-03 20:01:51] [INFO ] [com.avalon.core.AvalonEngine:188]-- /Users/zero/Documents/workspace/ExampleServer
[2015-09-03 20:01:51] [INFO ] [com.avalon.component.ComponentRegistryImpl:70]-- Component add componentcom.avalon.io.netty.NettyServer@2aceadd4
[2015-09-03 20:01:51] [INFO ] [com.avalon.component.ComponentRegistryImpl:70]-- Component add componentcom.avalon.core.AvalonProxy@3a52dba3
[2015-09-03 20:01:52] [INFO ] [com.avalon.io.netty.NettyServer:57]-- 初始化Netty 开始
[2015-09-03 20:01:52] [INFO ] [com.avalon.io.netty.NettyServer:89]-- 初始化Netty 线程启动
[2015-09-03 20:01:52] [DEBUG] [io.netty.util.internal.logging.InternalLoggerFactory:71]-- Using SLF4J as the default logging framework
[2015-09-03 20:01:52] [DEBUG] [io.netty.channel.MultithreadEventLoopGroup:76]-- -Dio.netty.eventLoopThreads: 16
[2015-09-03 20:01:52] [DEBUG] [io.netty.util.internal.PlatformDependent0:76]-- java.nio.Buffer.address: available
[2015-09-03 20:01:52] [DEBUG] [io.netty.util.internal.PlatformDependent0:76]-- sun.misc.Unsafe.theUnsafe: available
[2015-09-03 20:01:52] [DEBUG] [io.netty.util.internal.PlatformDependent0:71]-- sun.misc.Unsafe.copyMemory: available
[2015-09-03 20:01:52] [DEBUG] [io.netty.util.internal.PlatformDependent0:76]-- java.nio.Bits.unaligned: true
[2015-09-03 20:01:52] [DEBUG] [io.netty.util.internal.PlatformDependent:76]-- Java version: 8
[2015-09-03 20:01:52] [DEBUG] [io.netty.util.internal.PlatformDependent:76]-- -Dio.netty.noUnsafe: false
[2015-09-03 20:01:52] [DEBUG] [io.netty.util.internal.PlatformDependent:76]-- sun.misc.Unsafe: available
[2015-09-03 20:01:52] [DEBUG] [io.netty.util.internal.PlatformDependent:76]-- -Dio.netty.noJavassist: false
[2015-09-03 20:01:52] [DEBUG] [io.netty.util.internal.PlatformDependent:71]-- Javassist: available
[2015-09-03 20:01:52] [DEBUG] [io.netty.util.internal.PlatformDependent:76]-- -Dio.netty.tmpdir: /var/folders/k1/bfwvf_dd14ggxvb58z56hl6r0000gn/T (java.io.tmpdir)
[2015-09-03 20:01:52] [DEBUG] [io.netty.util.internal.PlatformDependent:76]-- -Dio.netty.bitMode: 64 (sun.arch.data.model)
[2015-09-03 20:01:52] [DEBUG] [io.netty.util.internal.PlatformDependent:76]-- -Dio.netty.noPreferDirect: false
[2015-09-03 20:01:52] [DEBUG] [io.netty.channel.nio.NioEventLoop:76]-- -Dio.netty.noKeySetOptimization: false
[2015-09-03 20:01:52] [DEBUG] [io.netty.channel.nio.NioEventLoop:76]-- -Dio.netty.selectorAutoRebuildThreshold: 512
[2015-09-03 20:01:52] [DEBUG] [io.netty.channel.DefaultChannelId:76]-- -Dio.netty.processId: 857 (auto-detected)
[2015-09-03 20:01:52] [DEBUG] [io.netty.channel.DefaultChannelId:76]-- -Dio.netty.machineId: 10:40:f3:ff:fe:a9:36:64 (auto-detected)
[2015-09-03 20:01:52] [DEBUG] [io.netty.util.internal.ThreadLocalRandom:71]-- -Dio.netty.initialSeedUniquifier: 0xf51362e5f1d78982 (took 13 ms)
[2015-09-03 20:01:52] [DEBUG] [io.netty.buffer.PooledByteBufAllocator:76]-- -Dio.netty.allocator.numHeapArenas: 8
[2015-09-03 20:01:52] [DEBUG] [io.netty.buffer.PooledByteBufAllocator:76]-- -Dio.netty.allocator.numDirectArenas: 8
[2015-09-03 20:01:52] [DEBUG] [io.netty.buffer.PooledByteBufAllocator:76]-- -Dio.netty.allocator.pageSize: 8192
[2015-09-03 20:01:52] [DEBUG] [io.netty.buffer.PooledByteBufAllocator:76]-- -Dio.netty.allocator.maxOrder: 11
[2015-09-03 20:01:52] [DEBUG] [io.netty.buffer.PooledByteBufAllocator:76]-- -Dio.netty.allocator.chunkSize: 16777216
[2015-09-03 20:01:52] [DEBUG] [io.netty.buffer.PooledByteBufAllocator:76]-- -Dio.netty.allocator.tinyCacheSize: 512
[2015-09-03 20:01:52] [DEBUG] [io.netty.buffer.PooledByteBufAllocator:76]-- -Dio.netty.allocator.smallCacheSize: 256
[2015-09-03 20:01:52] [DEBUG] [io.netty.buffer.PooledByteBufAllocator:76]-- -Dio.netty.allocator.normalCacheSize: 64
[2015-09-03 20:01:52] [DEBUG] [io.netty.buffer.PooledByteBufAllocator:76]-- -Dio.netty.allocator.maxCachedBufferCapacity: 32768
[2015-09-03 20:01:52] [DEBUG] [io.netty.buffer.PooledByteBufAllocator:76]-- -Dio.netty.allocator.cacheTrimInterval: 8192
[2015-09-03 20:01:52] [DEBUG] [io.netty.buffer.ByteBufUtil:76]-- -Dio.netty.allocator.type: pooled
[2015-09-03 20:01:52] [DEBUG] [io.netty.buffer.ByteBufUtil:76]-- -Dio.netty.threadLocalDirectBufferSize: 65536
[2015-09-03 20:01:52] [DEBUG] [io.netty.util.NetUtil:86]-- Loopback interface: lo0 (lo0, 0:0:0:0:0:0:0:1)
[2015-09-03 20:01:52] [DEBUG] [io.netty.util.NetUtil:81]-- /proc/sys/net/core/somaxconn: 128 (non-existent)
[2015-09-03 20:01:52] [INFO ] [io.netty.handler.logging.LoggingHandler:101]-- [id: 0x47a443ad] REGISTERED
[2015-09-03 20:01:52] [INFO ] [io.netty.handler.logging.LoggingHandler:101]-- [id: 0x47a443ad] BIND: 0.0.0.0/0.0.0.0:12345
[2015-09-03 20:01:52] [INFO ] [io.netty.handler.logging.LoggingHandler:101]-- [id: 0x47a443ad, /0:0:0:0:0:0:0:0:12345] ACTIVE
[2015-09-03 20:02:30] [INFO ] [com.avalon.core.AvalonEngine:188]-- /Users/zero/Documents/workspace/ExampleServer
[2015-09-03 20:02:30] [INFO ] [com.avalon.component.ComponentRegistryImpl:70]-- Component add componentcom.avalon.core.AvalonProxy@ba2f4ec
[2015-09-03 20:02:53] [INFO ] [io.netty.handler.logging.LoggingHandler:101]-- [id: 0x47a443ad, /0:0:0:0:0:0:0:0:12345] RECEIVED: [id: 0x44f1a53f, /127.0.0.1:51397 => /127.0.0.1:12345]
[2015-09-03 20:02:53] [DEBUG] [io.netty.util.internal.JavassistTypeParameterMatcherGenerator:76]-- Generated: io.netty.util.internal.__matchers__.com.avalon.util.MessageHeadMatcher
[2015-09-03 20:02:53] [DEBUG] [com.avalon.io.netty.NettyHandler:62]-- 注册
[2015-09-03 20:03:11] [DEBUG] [io.netty.util.ResourceLeakDetector:81]-- -Dio.netty.leakDetectionLevel: simple
[2015-09-03 20:03:11] [DEBUG] [io.netty.util.Recycler:76]-- -Dio.netty.recycler.maxCapacity: 262144
[2015-09-03 20:03:12] [DEBUG] [io.netty.channel.DefaultChannelPipeline:76]-- Discarded inbound message com.avalon.io.MessagePackImpl@76362375 that reached at the tail of the pipeline. Please check your pipeline configuration.
[2015-09-03 20:04:20] [DEBUG] [com.avalon.io.netty.NettyHandler:45]-- 解除注册
[2015-09-03 20:07:06] [INFO ] [com.avalon.core.AvalonEngine:188]-- /Users/zero/Documents/workspace/ExampleServer
[2015-09-03 20:07:06] [INFO ] [com.avalon.component.ComponentRegistryImpl:70]-- Component add componentcom.avalon.core.AvalonProxy@ba2f4ec
[2015-09-03 20:11:49] [INFO ] [com.avalon.core.AvalonEngine:188]-- /Users/zero/Documents/workspace/ExampleServer
[2015-09-03 20:11:49] [INFO ] [com.avalon.component.ComponentRegistryImpl:70]-- Component add componentcom.avalon.core.AvalonProxy@ba2f4ec
[2015-09-03 20:28:52] [INFO ] [com.avalon.core.AvalonEngine:188]-- /Users/zero/Documents/workspace/ExampleServer
[2015-09-03 20:28:52] [INFO ] [com.avalon.component.ComponentRegistryImpl:70]-- Component add componentcom.avalon.core.AvalonProxy@ba2f4ec
[2015-09-03 22:25:08] [INFO ] [com.avalon.core.AvalonEngine:188]-- /Users/zero/Documents/workspace/ExampleSingleServer
[2015-09-03 22:25:08] [INFO ] [com.avalon.component.ComponentRegistryImpl:70]-- Component add componentcom.avalon.io.netty.NettyServer@2aceadd4
[2015-09-03 22:25:08] [INFO ] [com.avalon.component.ComponentRegistryImpl:70]-- Component add componentcom.avalon.core.AvalonProxy@3a52dba3
[2015-09-03 22:25:08] [INFO ] [com.avalon.io.netty.NettyServer:57]-- 初始化Netty 开始
[2015-09-03 22:25:08] [INFO ] [com.avalon.io.netty.NettyServer:89]-- 初始化Netty 线程启动
[2015-09-03 22:25:08] [DEBUG] [io.netty.util.internal.logging.InternalLoggerFactory:71]-- Using SLF4J as the default logging framework
[2015-09-03 22:25:08] [DEBUG] [io.netty.channel.MultithreadEventLoopGroup:76]-- -Dio.netty.eventLoopThreads: 16
[2015-09-03 22:25:08] [DEBUG] [io.netty.util.internal.PlatformDependent0:76]-- java.nio.Buffer.address: available
[2015-09-03 22:25:08] [DEBUG] [io.netty.util.internal.PlatformDependent0:76]-- sun.misc.Unsafe.theUnsafe: available
[2015-09-03 22:25:08] [DEBUG] [io.netty.util.internal.PlatformDependent0:71]-- sun.misc.Unsafe.copyMemory: available
[2015-09-03 22:25:08] [DEBUG] [io.netty.util.internal.PlatformDependent0:76]-- java.nio.Bits.unaligned: true
[2015-09-03 22:25:08] [DEBUG] [io.netty.util.internal.PlatformDependent:76]-- Java version: 8
[2015-09-03 22:25:08] [DEBUG] [io.netty.util.internal.PlatformDependent:76]-- -Dio.netty.noUnsafe: false
[2015-09-03 22:25:08] [DEBUG] [io.netty.util.internal.PlatformDependent:76]-- sun.misc.Unsafe: available
[2015-09-03 22:25:08] [DEBUG] [io.netty.util.internal.PlatformDependent:76]-- -Dio.netty.noJavassist: false
[2015-09-03 22:25:08] [DEBUG] [io.netty.util.internal.PlatformDependent:71]-- Javassist: available
[2015-09-03 22:25:08] [DEBUG] [io.netty.util.internal.PlatformDependent:76]-- -Dio.netty.tmpdir: /var/folders/k1/bfwvf_dd14ggxvb58z56hl6r0000gn/T (java.io.tmpdir)
[2015-09-03 22:25:08] [DEBUG] [io.netty.util.internal.PlatformDependent:76]-- -Dio.netty.bitMode: 64 (sun.arch.data.model)
[2015-09-03 22:25:08] [DEBUG] [io.netty.util.internal.PlatformDependent:76]-- -Dio.netty.noPreferDirect: false
[2015-09-03 22:25:08] [DEBUG] [io.netty.channel.nio.NioEventLoop:76]-- -Dio.netty.noKeySetOptimization: false
[2015-09-03 22:25:08] [DEBUG] [io.netty.channel.nio.NioEventLoop:76]-- -Dio.netty.selectorAutoRebuildThreshold: 512
[2015-09-03 22:25:08] [DEBUG] [io.netty.channel.DefaultChannelId:76]-- -Dio.netty.processId: 1072 (auto-detected)
[2015-09-03 22:25:08] [DEBUG] [io.netty.channel.DefaultChannelId:76]-- -Dio.netty.machineId: 10:40:f3:ff:fe:a9:36:64 (auto-detected)
[2015-09-03 22:25:08] [DEBUG] [io.netty.util.internal.ThreadLocalRandom:71]-- -Dio.netty.initialSeedUniquifier: 0x1a2fc39d926b3aca (took 14 ms)
[2015-09-03 22:25:08] [DEBUG] [io.netty.buffer.PooledByteBufAllocator:76]-- -Dio.netty.allocator.numHeapArenas: 8
[2015-09-03 22:25:08] [DEBUG] [io.netty.buffer.PooledByteBufAllocator:76]-- -Dio.netty.allocator.numDirectArenas: 8
[2015-09-03 22:25:08] [DEBUG] [io.netty.buffer.PooledByteBufAllocator:76]-- -Dio.netty.allocator.pageSize: 8192
[2015-09-03 22:25:08] [DEBUG] [io.netty.buffer.PooledByteBufAllocator:76]-- -Dio.netty.allocator.maxOrder: 11
[2015-09-03 22:25:08] [DEBUG] [io.netty.buffer.PooledByteBufAllocator:76]-- -Dio.netty.allocator.chunkSize: 16777216
[2015-09-03 22:25:08] [DEBUG] [io.netty.buffer.PooledByteBufAllocator:76]-- -Dio.netty.allocator.tinyCacheSize: 512
[2015-09-03 22:25:08] [DEBUG] [io.netty.buffer.PooledByteBufAllocator:76]-- -Dio.netty.allocator.smallCacheSize: 256
[2015-09-03 22:25:08] [DEBUG] [io.netty.buffer.PooledByteBufAllocator:76]-- -Dio.netty.allocator.normalCacheSize: 64
[2015-09-03 22:25:08] [DEBUG] [io.netty.buffer.PooledByteBufAllocator:76]-- -Dio.netty.allocator.maxCachedBufferCapacity: 32768
[2015-09-03 22:25:08] [DEBUG] [io.netty.buffer.PooledByteBufAllocator:76]-- -Dio.netty.allocator.cacheTrimInterval: 8192
[2015-09-03 22:25:08] [DEBUG] [io.netty.buffer.ByteBufUtil:76]-- -Dio.netty.allocator.type: pooled
[2015-09-03 22:25:08] [DEBUG] [io.netty.buffer.ByteBufUtil:76]-- -Dio.netty.threadLocalDirectBufferSize: 65536
[2015-09-03 22:25:08] [DEBUG] [io.netty.util.NetUtil:86]-- Loopback interface: lo0 (lo0, 0:0:0:0:0:0:0:1)
[2015-09-03 22:25:08] [DEBUG] [io.netty.util.NetUtil:81]-- /proc/sys/net/core/somaxconn: 128 (non-existent)
[2015-09-03 22:25:08] [INFO ] [io.netty.handler.logging.LoggingHandler:101]-- [id: 0xa1ea4059] REGISTERED
[2015-09-03 22:25:08] [INFO ] [io.netty.handler.logging.LoggingHandler:101]-- [id: 0xa1ea4059] BIND: 0.0.0.0/0.0.0.0:12345
[2015-09-03 22:25:08] [INFO ] [io.netty.handler.logging.LoggingHandler:101]-- [id: 0xa1ea4059, /0:0:0:0:0:0:0:0:12345] ACTIVE
[2015-09-03 22:25:35] [INFO ] [io.netty.handler.logging.LoggingHandler:101]-- [id: 0xa1ea4059, /0:0:0:0:0:0:0:0:12345] RECEIVED: [id: 0xad72c909, /127.0.0.1:52615 => /127.0.0.1:12345]
[2015-09-03 22:25:35] [DEBUG] [io.netty.util.internal.JavassistTypeParameterMatcherGenerator:76]-- Generated: io.netty.util.internal.__matchers__.com.avalon.util.MessageHeadMatcher
[2015-09-03 22:25:35] [DEBUG] [com.avalon.io.netty.NettyHandler:62]-- 注册
[2015-09-03 22:26:13] [DEBUG] [io.netty.util.ResourceLeakDetector:81]-- -Dio.netty.leakDetectionLevel: simple
[2015-09-03 22:26:13] [DEBUG] [io.netty.util.Recycler:76]-- -Dio.netty.recycler.maxCapacity: 262144
[2015-09-03 22:26:13] [DEBUG] [io.netty.channel.DefaultChannelPipeline:76]-- Discarded inbound message com.avalon.io.MessagePackImpl@1832961f that reached at the tail of the pipeline. Please check your pipeline configuration.
