[2015-10-20 11:13:02] [INFO ] [com.avalon.core.AvalonEngine:557]-- /Users/zero/Documents/workspace/ExampleSingleServer
[2015-10-20 11:13:02] [INFO ] [com.avalon.component.ComponentRegistryImpl:425]-- Component add componentcom.avalon.io.netty.NettyServer@247bddad
[2015-10-20 11:13:02] [INFO ] [com.avalon.component.ComponentRegistryImpl:425]-- Component add componentcom.avalon.core.AvalonProxy@7770f470
[2015-10-20 11:13:02] [INFO ] [com.avalon.io.netty.NettyServer:426]-- 初始化Netty 开始
[2015-10-20 11:13:02] [INFO ] [com.avalon.io.netty.NettyServer:458]-- 初始化Netty 线程启动
[2015-10-20 11:13:02] [DEBUG] [io.netty.util.internal.logging.InternalLoggerFactory:71]-- Using SLF4J as the default logging framework
[2015-10-20 11:13:02] [DEBUG] [io.netty.channel.MultithreadEventLoopGroup:76]-- -Dio.netty.eventLoopThreads: 16
[2015-10-20 11:13:02] [DEBUG] [io.netty.util.internal.PlatformDependent0:76]-- java.nio.Buffer.address: available
[2015-10-20 11:13:02] [DEBUG] [io.netty.util.internal.PlatformDependent0:76]-- sun.misc.Unsafe.theUnsafe: available
[2015-10-20 11:13:02] [DEBUG] [io.netty.util.internal.PlatformDependent0:71]-- sun.misc.Unsafe.copyMemory: available
[2015-10-20 11:13:02] [DEBUG] [io.netty.util.internal.PlatformDependent0:76]-- java.nio.Bits.unaligned: true
[2015-10-20 11:13:02] [DEBUG] [io.netty.util.internal.PlatformDependent:76]-- Java version: 8
[2015-10-20 11:13:02] [DEBUG] [io.netty.util.internal.PlatformDependent:76]-- -Dio.netty.noUnsafe: false
[2015-10-20 11:13:02] [DEBUG] [io.netty.util.internal.PlatformDependent:76]-- sun.misc.Unsafe: available
[2015-10-20 11:13:02] [DEBUG] [io.netty.util.internal.PlatformDependent:76]-- -Dio.netty.noJavassist: false
[2015-10-20 11:13:02] [DEBUG] [io.netty.util.internal.PlatformDependent:71]-- Javassist: available
[2015-10-20 11:13:02] [DEBUG] [io.netty.util.internal.PlatformDependent:76]-- -Dio.netty.tmpdir: /var/folders/k1/bfwvf_dd14ggxvb58z56hl6r0000gn/T (java.io.tmpdir)
[2015-10-20 11:13:02] [DEBUG] [io.netty.util.internal.PlatformDependent:76]-- -Dio.netty.bitMode: 64 (sun.arch.data.model)
[2015-10-20 11:13:02] [DEBUG] [io.netty.util.internal.PlatformDependent:76]-- -Dio.netty.noPreferDirect: false
[2015-10-20 11:13:02] [DEBUG] [io.netty.channel.nio.NioEventLoop:76]-- -Dio.netty.noKeySetOptimization: false
[2015-10-20 11:13:02] [DEBUG] [io.netty.channel.nio.NioEventLoop:76]-- -Dio.netty.selectorAutoRebuildThreshold: 512
[2015-10-20 11:13:02] [DEBUG] [io.netty.channel.DefaultChannelId:76]-- -Dio.netty.processId: 627 (auto-detected)
[2015-10-20 11:13:02] [DEBUG] [io.netty.channel.DefaultChannelId:76]-- -Dio.netty.machineId: 10:40:f3:ff:fe:a9:36:64 (auto-detected)
[2015-10-20 11:13:02] [DEBUG] [io.netty.util.internal.ThreadLocalRandom:71]-- -Dio.netty.initialSeedUniquifier: 0x8a2f6fb74c8461a9 (took 14 ms)
[2015-10-20 11:13:02] [DEBUG] [io.netty.buffer.PooledByteBufAllocator:76]-- -Dio.netty.allocator.numHeapArenas: 8
[2015-10-20 11:13:02] [DEBUG] [io.netty.buffer.PooledByteBufAllocator:76]-- -Dio.netty.allocator.numDirectArenas: 8
[2015-10-20 11:13:02] [DEBUG] [io.netty.buffer.PooledByteBufAllocator:76]-- -Dio.netty.allocator.pageSize: 8192
[2015-10-20 11:13:02] [DEBUG] [io.netty.buffer.PooledByteBufAllocator:76]-- -Dio.netty.allocator.maxOrder: 11
[2015-10-20 11:13:02] [DEBUG] [io.netty.buffer.PooledByteBufAllocator:76]-- -Dio.netty.allocator.chunkSize: 16777216
[2015-10-20 11:13:02] [DEBUG] [io.netty.buffer.PooledByteBufAllocator:76]-- -Dio.netty.allocator.tinyCacheSize: 512
[2015-10-20 11:13:02] [DEBUG] [io.netty.buffer.PooledByteBufAllocator:76]-- -Dio.netty.allocator.smallCacheSize: 256
[2015-10-20 11:13:02] [DEBUG] [io.netty.buffer.PooledByteBufAllocator:76]-- -Dio.netty.allocator.normalCacheSize: 64
[2015-10-20 11:13:02] [DEBUG] [io.netty.buffer.PooledByteBufAllocator:76]-- -Dio.netty.allocator.maxCachedBufferCapacity: 32768
[2015-10-20 11:13:02] [DEBUG] [io.netty.buffer.PooledByteBufAllocator:76]-- -Dio.netty.allocator.cacheTrimInterval: 8192
[2015-10-20 11:13:02] [DEBUG] [io.netty.buffer.ByteBufUtil:76]-- -Dio.netty.allocator.type: pooled
[2015-10-20 11:13:02] [DEBUG] [io.netty.buffer.ByteBufUtil:76]-- -Dio.netty.threadLocalDirectBufferSize: 65536
[2015-10-20 11:13:02] [DEBUG] [io.netty.util.NetUtil:86]-- Loopback interface: lo0 (lo0, 0:0:0:0:0:0:0:1)
[2015-10-20 11:13:02] [DEBUG] [io.netty.util.NetUtil:81]-- /proc/sys/net/core/somaxconn: 128 (non-existent)
[2015-10-20 11:13:02] [INFO ] [io.netty.handler.logging.LoggingHandler:101]-- [id: 0x3c099d78] REGISTERED
[2015-10-20 11:13:02] [INFO ] [io.netty.handler.logging.LoggingHandler:101]-- [id: 0x3c099d78] BIND: 0.0.0.0/0.0.0.0:12345
[2015-10-20 11:13:02] [INFO ] [io.netty.handler.logging.LoggingHandler:101]-- [id: 0x3c099d78, /0:0:0:0:0:0:0:0:12345] ACTIVE
[2015-10-20 11:13:52] [INFO ] [com.avalon.core.AvalonEngine:557]-- /Users/zero/Documents/workspace/ExampleSingleServer
[2015-10-20 11:13:52] [INFO ] [com.avalon.component.ComponentRegistryImpl:425]-- Component add componentcom.avalon.io.netty.NettyServer@544fa968
[2015-10-20 11:13:52] [INFO ] [com.avalon.component.ComponentRegistryImpl:425]-- Component add componentcom.avalon.core.AvalonProxy@d35dea7
[2015-10-20 11:13:52] [INFO ] [com.avalon.io.netty.NettyServer:426]-- 初始化Netty 开始
[2015-10-20 11:13:52] [INFO ] [com.avalon.io.netty.NettyServer:458]-- 初始化Netty 线程启动
[2015-10-20 11:13:52] [DEBUG] [io.netty.util.internal.logging.InternalLoggerFactory:71]-- Using SLF4J as the default logging framework
[2015-10-20 11:13:52] [DEBUG] [io.netty.channel.MultithreadEventLoopGroup:76]-- -Dio.netty.eventLoopThreads: 16
[2015-10-20 11:13:52] [DEBUG] [io.netty.util.internal.PlatformDependent0:76]-- java.nio.Buffer.address: available
[2015-10-20 11:13:52] [DEBUG] [io.netty.util.internal.PlatformDependent0:76]-- sun.misc.Unsafe.theUnsafe: available
[2015-10-20 11:13:52] [DEBUG] [io.netty.util.internal.PlatformDependent0:71]-- sun.misc.Unsafe.copyMemory: available
[2015-10-20 11:13:52] [DEBUG] [io.netty.util.internal.PlatformDependent0:76]-- java.nio.Bits.unaligned: true
[2015-10-20 11:13:52] [DEBUG] [io.netty.util.internal.PlatformDependent:76]-- Java version: 8
[2015-10-20 11:13:52] [DEBUG] [io.netty.util.internal.PlatformDependent:76]-- -Dio.netty.noUnsafe: false
[2015-10-20 11:13:52] [DEBUG] [io.netty.util.internal.PlatformDependent:76]-- sun.misc.Unsafe: available
[2015-10-20 11:13:52] [DEBUG] [io.netty.util.internal.PlatformDependent:76]-- -Dio.netty.noJavassist: false
[2015-10-20 11:13:52] [DEBUG] [io.netty.util.internal.PlatformDependent:71]-- Javassist: available
[2015-10-20 11:13:52] [DEBUG] [io.netty.util.internal.PlatformDependent:76]-- -Dio.netty.tmpdir: /var/folders/k1/bfwvf_dd14ggxvb58z56hl6r0000gn/T (java.io.tmpdir)
[2015-10-20 11:13:52] [DEBUG] [io.netty.util.internal.PlatformDependent:76]-- -Dio.netty.bitMode: 64 (sun.arch.data.model)
[2015-10-20 11:13:52] [DEBUG] [io.netty.util.internal.PlatformDependent:76]-- -Dio.netty.noPreferDirect: false
[2015-10-20 11:13:52] [DEBUG] [io.netty.channel.nio.NioEventLoop:76]-- -Dio.netty.noKeySetOptimization: false
[2015-10-20 11:13:52] [DEBUG] [io.netty.channel.nio.NioEventLoop:76]-- -Dio.netty.selectorAutoRebuildThreshold: 512
[2015-10-20 11:13:52] [DEBUG] [io.netty.channel.DefaultChannelId:76]-- -Dio.netty.processId: 642 (auto-detected)
[2015-10-20 11:13:52] [DEBUG] [io.netty.channel.DefaultChannelId:76]-- -Dio.netty.machineId: 10:40:f3:ff:fe:a9:36:64 (auto-detected)
[2015-10-20 11:13:52] [DEBUG] [io.netty.util.internal.ThreadLocalRandom:71]-- -Dio.netty.initialSeedUniquifier: 0x2a516a634d096ca0 (took 14 ms)
[2015-10-20 11:13:52] [DEBUG] [io.netty.buffer.PooledByteBufAllocator:76]-- -Dio.netty.allocator.numHeapArenas: 8
[2015-10-20 11:13:52] [DEBUG] [io.netty.buffer.PooledByteBufAllocator:76]-- -Dio.netty.allocator.numDirectArenas: 8
[2015-10-20 11:13:52] [DEBUG] [io.netty.buffer.PooledByteBufAllocator:76]-- -Dio.netty.allocator.pageSize: 8192
[2015-10-20 11:13:52] [DEBUG] [io.netty.buffer.PooledByteBufAllocator:76]-- -Dio.netty.allocator.maxOrder: 11
[2015-10-20 11:13:52] [DEBUG] [io.netty.buffer.PooledByteBufAllocator:76]-- -Dio.netty.allocator.chunkSize: 16777216
[2015-10-20 11:13:52] [DEBUG] [io.netty.buffer.PooledByteBufAllocator:76]-- -Dio.netty.allocator.tinyCacheSize: 512
[2015-10-20 11:13:52] [DEBUG] [io.netty.buffer.PooledByteBufAllocator:76]-- -Dio.netty.allocator.smallCacheSize: 256
[2015-10-20 11:13:52] [DEBUG] [io.netty.buffer.PooledByteBufAllocator:76]-- -Dio.netty.allocator.normalCacheSize: 64
[2015-10-20 11:13:52] [DEBUG] [io.netty.buffer.PooledByteBufAllocator:76]-- -Dio.netty.allocator.maxCachedBufferCapacity: 32768
[2015-10-20 11:13:52] [DEBUG] [io.netty.buffer.PooledByteBufAllocator:76]-- -Dio.netty.allocator.cacheTrimInterval: 8192
[2015-10-20 11:13:52] [DEBUG] [io.netty.buffer.ByteBufUtil:76]-- -Dio.netty.allocator.type: pooled
[2015-10-20 11:13:52] [DEBUG] [io.netty.buffer.ByteBufUtil:76]-- -Dio.netty.threadLocalDirectBufferSize: 65536
[2015-10-20 11:13:52] [DEBUG] [io.netty.util.NetUtil:86]-- Loopback interface: lo0 (lo0, 0:0:0:0:0:0:0:1)
[2015-10-20 11:13:52] [DEBUG] [io.netty.util.NetUtil:81]-- /proc/sys/net/core/somaxconn: 128 (non-existent)
[2015-10-20 11:13:52] [INFO ] [io.netty.handler.logging.LoggingHandler:101]-- [id: 0xc7e264d2] REGISTERED
[2015-10-20 11:13:52] [INFO ] [io.netty.handler.logging.LoggingHandler:101]-- [id: 0xc7e264d2] BIND: 0.0.0.0/0.0.0.0:12345
[2015-10-20 11:13:52] [INFO ] [io.netty.handler.logging.LoggingHandler:101]-- [id: 0xc7e264d2, /0:0:0:0:0:0:0:0:12345] ACTIVE
[2015-10-20 11:13:53] [INFO ] [com.avalon.component.ComponentRegistryImpl:425]-- Component add componentcom.zero.example.core.ExampleClientExtension@aa10649
[2015-10-20 11:14:00] [INFO ] [io.netty.handler.logging.LoggingHandler:101]-- [id: 0xc7e264d2, /0:0:0:0:0:0:0:0:12345] RECEIVED: [id: 0x92ea155b, /127.0.0.1:51353 => /127.0.0.1:12345]
[2015-10-20 11:14:00] [DEBUG] [io.netty.util.internal.JavassistTypeParameterMatcherGenerator:76]-- Generated: io.netty.util.internal.__matchers__.com.avalon.util.MessageHeadMatcher
[2015-10-20 11:14:00] [DEBUG] [com.avalon.io.netty.NettyHandler:422]-- 注册
[2015-10-20 11:14:03] [DEBUG] [io.netty.util.ResourceLeakDetector:81]-- -Dio.netty.leakDetectionLevel: simple
[2015-10-20 11:14:03] [DEBUG] [io.netty.util.Recycler:76]-- -Dio.netty.recycler.maxCapacity: 262144
[2015-10-20 11:14:03] [DEBUG] [io.netty.channel.DefaultChannelPipeline:76]-- Discarded inbound message com.avalon.io.MessagePackImpl@c96c617 that reached at the tail of the pipeline. Please check your pipeline configuration.
[2015-10-20 11:15:40] [DEBUG] [io.netty.channel.DefaultChannelPipeline:76]-- Discarded inbound message com.avalon.io.MessagePackImpl@7a32cb91 that reached at the tail of the pipeline. Please check your pipeline configuration.
[2015-10-20 11:15:55] [DEBUG] [io.netty.channel.DefaultChannelPipeline:76]-- Discarded inbound message com.avalon.io.MessagePackImpl@1c1d0b94 that reached at the tail of the pipeline. Please check your pipeline configuration.
[2015-10-20 11:39:34] [DEBUG] [com.avalon.io.netty.NettyHandler:402]-- 解除注册
[2015-10-20 11:39:38] [INFO ] [io.netty.handler.logging.LoggingHandler:101]-- [id: 0xc7e264d2, /0:0:0:0:0:0:0:0:12345] RECEIVED: [id: 0x58daf049, /127.0.0.1:52028 => /127.0.0.1:12345]
[2015-10-20 11:39:38] [DEBUG] [com.avalon.io.netty.NettyHandler:422]-- 注册
[2015-10-20 11:41:08] [DEBUG] [com.avalon.io.netty.NettyHandler:402]-- 解除注册
[2015-10-20 11:41:12] [INFO ] [io.netty.handler.logging.LoggingHandler:101]-- [id: 0xc7e264d2, /0:0:0:0:0:0:0:0:12345] RECEIVED: [id: 0x166064ca, /127.0.0.1:52074 => /127.0.0.1:12345]
[2015-10-20 11:41:12] [DEBUG] [com.avalon.io.netty.NettyHandler:422]-- 注册
[2015-10-20 11:41:22] [DEBUG] [com.avalon.io.netty.NettyHandler:402]-- 解除注册
[2015-10-20 11:41:52] [INFO ] [io.netty.handler.logging.LoggingHandler:101]-- [id: 0xc7e264d2, /0:0:0:0:0:0:0:0:12345] RECEIVED: [id: 0xc3323318, /127.0.0.1:52087 => /127.0.0.1:12345]
[2015-10-20 11:41:52] [DEBUG] [com.avalon.io.netty.NettyHandler:422]-- 注册
[2015-10-20 11:41:56] [DEBUG] [com.avalon.io.netty.NettyHandler:402]-- 解除注册
[2015-10-20 11:44:53] [INFO ] [com.avalon.core.AvalonEngine:557]-- /Users/zero/Documents/workspace/ExampleSingleServer
[2015-10-20 11:44:53] [INFO ] [com.avalon.component.ComponentRegistryImpl:425]-- Component add componentcom.avalon.io.netty.NettyServer@544fa968
[2015-10-20 11:44:53] [INFO ] [com.avalon.component.ComponentRegistryImpl:425]-- Component add componentcom.avalon.core.AvalonProxy@d35dea7
[2015-10-20 11:44:53] [INFO ] [com.avalon.io.netty.NettyServer:426]-- 初始化Netty 开始
[2015-10-20 11:44:53] [INFO ] [com.avalon.io.netty.NettyServer:458]-- 初始化Netty 线程启动
[2015-10-20 11:44:53] [DEBUG] [io.netty.util.internal.logging.InternalLoggerFactory:71]-- Using SLF4J as the default logging framework
[2015-10-20 11:44:53] [DEBUG] [io.netty.channel.MultithreadEventLoopGroup:76]-- -Dio.netty.eventLoopThreads: 16
[2015-10-20 11:44:54] [DEBUG] [io.netty.util.internal.PlatformDependent0:76]-- java.nio.Buffer.address: available
[2015-10-20 11:44:54] [DEBUG] [io.netty.util.internal.PlatformDependent0:76]-- sun.misc.Unsafe.theUnsafe: available
[2015-10-20 11:44:54] [DEBUG] [io.netty.util.internal.PlatformDependent0:71]-- sun.misc.Unsafe.copyMemory: available
[2015-10-20 11:44:54] [DEBUG] [io.netty.util.internal.PlatformDependent0:76]-- java.nio.Bits.unaligned: true
[2015-10-20 11:44:54] [DEBUG] [io.netty.util.internal.PlatformDependent:76]-- Java version: 8
[2015-10-20 11:44:54] [DEBUG] [io.netty.util.internal.PlatformDependent:76]-- -Dio.netty.noUnsafe: false
[2015-10-20 11:44:54] [DEBUG] [io.netty.util.internal.PlatformDependent:76]-- sun.misc.Unsafe: available
[2015-10-20 11:44:54] [DEBUG] [io.netty.util.internal.PlatformDependent:76]-- -Dio.netty.noJavassist: false
[2015-10-20 11:44:54] [DEBUG] [io.netty.util.internal.PlatformDependent:71]-- Javassist: available
[2015-10-20 11:44:54] [DEBUG] [io.netty.util.internal.PlatformDependent:76]-- -Dio.netty.tmpdir: /var/folders/k1/bfwvf_dd14ggxvb58z56hl6r0000gn/T (java.io.tmpdir)
[2015-10-20 11:44:54] [DEBUG] [io.netty.util.internal.PlatformDependent:76]-- -Dio.netty.bitMode: 64 (sun.arch.data.model)
[2015-10-20 11:44:54] [DEBUG] [io.netty.util.internal.PlatformDependent:76]-- -Dio.netty.noPreferDirect: false
[2015-10-20 11:44:54] [DEBUG] [io.netty.channel.nio.NioEventLoop:76]-- -Dio.netty.noKeySetOptimization: false
[2015-10-20 11:44:54] [DEBUG] [io.netty.channel.nio.NioEventLoop:76]-- -Dio.netty.selectorAutoRebuildThreshold: 512
[2015-10-20 11:44:54] [DEBUG] [io.netty.channel.DefaultChannelId:76]-- -Dio.netty.processId: 684 (auto-detected)
[2015-10-20 11:44:54] [DEBUG] [io.netty.channel.DefaultChannelId:76]-- -Dio.netty.machineId: 10:40:f3:ff:fe:a9:36:64 (auto-detected)
[2015-10-20 11:44:54] [DEBUG] [io.netty.util.internal.ThreadLocalRandom:71]-- -Dio.netty.initialSeedUniquifier: 0x7258c160384ce3b6 (took 13 ms)
[2015-10-20 11:44:54] [DEBUG] [io.netty.buffer.PooledByteBufAllocator:76]-- -Dio.netty.allocator.numHeapArenas: 8
[2015-10-20 11:44:54] [DEBUG] [io.netty.buffer.PooledByteBufAllocator:76]-- -Dio.netty.allocator.numDirectArenas: 8
[2015-10-20 11:44:54] [DEBUG] [io.netty.buffer.PooledByteBufAllocator:76]-- -Dio.netty.allocator.pageSize: 8192
[2015-10-20 11:44:54] [DEBUG] [io.netty.buffer.PooledByteBufAllocator:76]-- -Dio.netty.allocator.maxOrder: 11
[2015-10-20 11:44:54] [DEBUG] [io.netty.buffer.PooledByteBufAllocator:76]-- -Dio.netty.allocator.chunkSize: 16777216
[2015-10-20 11:44:54] [DEBUG] [io.netty.buffer.PooledByteBufAllocator:76]-- -Dio.netty.allocator.tinyCacheSize: 512
[2015-10-20 11:44:54] [DEBUG] [io.netty.buffer.PooledByteBufAllocator:76]-- -Dio.netty.allocator.smallCacheSize: 256
[2015-10-20 11:44:54] [DEBUG] [io.netty.buffer.PooledByteBufAllocator:76]-- -Dio.netty.allocator.normalCacheSize: 64
[2015-10-20 11:44:54] [DEBUG] [io.netty.buffer.PooledByteBufAllocator:76]-- -Dio.netty.allocator.maxCachedBufferCapacity: 32768
[2015-10-20 11:44:54] [DEBUG] [io.netty.buffer.PooledByteBufAllocator:76]-- -Dio.netty.allocator.cacheTrimInterval: 8192
[2015-10-20 11:44:54] [DEBUG] [io.netty.buffer.ByteBufUtil:76]-- -Dio.netty.allocator.type: pooled
[2015-10-20 11:44:54] [DEBUG] [io.netty.buffer.ByteBufUtil:76]-- -Dio.netty.threadLocalDirectBufferSize: 65536
[2015-10-20 11:44:54] [DEBUG] [io.netty.util.NetUtil:86]-- Loopback interface: lo0 (lo0, 0:0:0:0:0:0:0:1)
[2015-10-20 11:44:54] [DEBUG] [io.netty.util.NetUtil:81]-- /proc/sys/net/core/somaxconn: 128 (non-existent)
[2015-10-20 11:44:54] [INFO ] [io.netty.handler.logging.LoggingHandler:101]-- [id: 0x27638a9d] REGISTERED
[2015-10-20 11:44:54] [INFO ] [io.netty.handler.logging.LoggingHandler:101]-- [id: 0x27638a9d] BIND: 0.0.0.0/0.0.0.0:12345
[2015-10-20 11:44:54] [INFO ] [io.netty.handler.logging.LoggingHandler:101]-- [id: 0x27638a9d, /0:0:0:0:0:0:0:0:12345] ACTIVE
[2015-10-20 11:44:55] [INFO ] [com.avalon.component.ComponentRegistryImpl:425]-- Component add componentcom.zero.example.core.ExampleClientExtension@aa10649
[2015-10-20 11:45:57] [INFO ] [io.netty.handler.logging.LoggingHandler:101]-- [id: 0x27638a9d, /0:0:0:0:0:0:0:0:12345] RECEIVED: [id: 0x8624497a, /127.0.0.1:52155 => /127.0.0.1:12345]
[2015-10-20 11:45:57] [DEBUG] [io.netty.util.internal.JavassistTypeParameterMatcherGenerator:76]-- Generated: io.netty.util.internal.__matchers__.com.avalon.util.MessageHeadMatcher
[2015-10-20 11:45:57] [DEBUG] [com.avalon.io.netty.NettyHandler:422]-- 注册
[2015-10-20 11:46:01] [DEBUG] [io.netty.util.ResourceLeakDetector:81]-- -Dio.netty.leakDetectionLevel: simple
[2015-10-20 11:46:01] [DEBUG] [io.netty.util.Recycler:76]-- -Dio.netty.recycler.maxCapacity: 262144
[2015-10-20 11:46:01] [DEBUG] [io.netty.channel.DefaultChannelPipeline:76]-- Discarded inbound message com.avalon.io.MessagePackImpl@26108e38 that reached at the tail of the pipeline. Please check your pipeline configuration.
[2015-10-20 11:46:08] [DEBUG] [io.netty.channel.DefaultChannelPipeline:76]-- Discarded inbound message com.avalon.io.MessagePackImpl@7ac9c7fe that reached at the tail of the pipeline. Please check your pipeline configuration.
[2015-10-20 11:47:00] [DEBUG] [io.netty.channel.DefaultChannelPipeline:76]-- Discarded inbound message com.avalon.io.MessagePackImpl@48b5947f that reached at the tail of the pipeline. Please check your pipeline configuration.
[2015-10-20 11:47:06] [DEBUG] [io.netty.channel.DefaultChannelPipeline:76]-- Discarded inbound message com.avalon.io.MessagePackImpl@6846e8be that reached at the tail of the pipeline. Please check your pipeline configuration.
[2015-10-20 11:48:34] [INFO ] [com.avalon.core.AvalonEngine:557]-- /Users/zero/Documents/workspace/ExampleSingleServer
[2015-10-20 11:48:34] [INFO ] [com.avalon.component.ComponentRegistryImpl:425]-- Component add componentcom.avalon.io.netty.NettyServer@544fa968
[2015-10-20 11:48:34] [INFO ] [com.avalon.component.ComponentRegistryImpl:425]-- Component add componentcom.avalon.core.AvalonProxy@d35dea7
[2015-10-20 11:48:34] [INFO ] [com.avalon.io.netty.NettyServer:426]-- 初始化Netty 开始
[2015-10-20 11:48:34] [INFO ] [com.avalon.io.netty.NettyServer:458]-- 初始化Netty 线程启动
[2015-10-20 11:48:34] [DEBUG] [io.netty.util.internal.logging.InternalLoggerFactory:71]-- Using SLF4J as the default logging framework
[2015-10-20 11:48:34] [DEBUG] [io.netty.channel.MultithreadEventLoopGroup:76]-- -Dio.netty.eventLoopThreads: 16
[2015-10-20 11:48:34] [DEBUG] [io.netty.util.internal.PlatformDependent0:76]-- java.nio.Buffer.address: available
[2015-10-20 11:48:34] [DEBUG] [io.netty.util.internal.PlatformDependent0:76]-- sun.misc.Unsafe.theUnsafe: available
[2015-10-20 11:48:34] [DEBUG] [io.netty.util.internal.PlatformDependent0:71]-- sun.misc.Unsafe.copyMemory: available
[2015-10-20 11:48:34] [DEBUG] [io.netty.util.internal.PlatformDependent0:76]-- java.nio.Bits.unaligned: true
[2015-10-20 11:48:34] [DEBUG] [io.netty.util.internal.PlatformDependent:76]-- Java version: 8
[2015-10-20 11:48:34] [DEBUG] [io.netty.util.internal.PlatformDependent:76]-- -Dio.netty.noUnsafe: false
[2015-10-20 11:48:34] [DEBUG] [io.netty.util.internal.PlatformDependent:76]-- sun.misc.Unsafe: available
[2015-10-20 11:48:34] [DEBUG] [io.netty.util.internal.PlatformDependent:76]-- -Dio.netty.noJavassist: false
[2015-10-20 11:48:34] [DEBUG] [io.netty.util.internal.PlatformDependent:71]-- Javassist: available
[2015-10-20 11:48:34] [DEBUG] [io.netty.util.internal.PlatformDependent:76]-- -Dio.netty.tmpdir: /var/folders/k1/bfwvf_dd14ggxvb58z56hl6r0000gn/T (java.io.tmpdir)
[2015-10-20 11:48:34] [DEBUG] [io.netty.util.internal.PlatformDependent:76]-- -Dio.netty.bitMode: 64 (sun.arch.data.model)
[2015-10-20 11:48:34] [DEBUG] [io.netty.util.internal.PlatformDependent:76]-- -Dio.netty.noPreferDirect: false
[2015-10-20 11:48:34] [DEBUG] [io.netty.channel.nio.NioEventLoop:76]-- -Dio.netty.noKeySetOptimization: false
[2015-10-20 11:48:34] [DEBUG] [io.netty.channel.nio.NioEventLoop:76]-- -Dio.netty.selectorAutoRebuildThreshold: 512
[2015-10-20 11:48:34] [DEBUG] [io.netty.channel.DefaultChannelId:76]-- -Dio.netty.processId: 687 (auto-detected)
[2015-10-20 11:48:34] [DEBUG] [io.netty.channel.DefaultChannelId:76]-- -Dio.netty.machineId: 10:40:f3:ff:fe:a9:36:64 (auto-detected)
[2015-10-20 11:48:34] [DEBUG] [io.netty.util.internal.ThreadLocalRandom:71]-- -Dio.netty.initialSeedUniquifier: 0x130bab69d730dde6 (took 13 ms)
[2015-10-20 11:48:34] [DEBUG] [io.netty.buffer.PooledByteBufAllocator:76]-- -Dio.netty.allocator.numHeapArenas: 8
[2015-10-20 11:48:34] [DEBUG] [io.netty.buffer.PooledByteBufAllocator:76]-- -Dio.netty.allocator.numDirectArenas: 8
[2015-10-20 11:48:34] [DEBUG] [io.netty.buffer.PooledByteBufAllocator:76]-- -Dio.netty.allocator.pageSize: 8192
[2015-10-20 11:48:34] [DEBUG] [io.netty.buffer.PooledByteBufAllocator:76]-- -Dio.netty.allocator.maxOrder: 11
[2015-10-20 11:48:34] [DEBUG] [io.netty.buffer.PooledByteBufAllocator:76]-- -Dio.netty.allocator.chunkSize: 16777216
[2015-10-20 11:48:34] [DEBUG] [io.netty.buffer.PooledByteBufAllocator:76]-- -Dio.netty.allocator.tinyCacheSize: 512
[2015-10-20 11:48:34] [DEBUG] [io.netty.buffer.PooledByteBufAllocator:76]-- -Dio.netty.allocator.smallCacheSize: 256
[2015-10-20 11:48:34] [DEBUG] [io.netty.buffer.PooledByteBufAllocator:76]-- -Dio.netty.allocator.normalCacheSize: 64
[2015-10-20 11:48:34] [DEBUG] [io.netty.buffer.PooledByteBufAllocator:76]-- -Dio.netty.allocator.maxCachedBufferCapacity: 32768
[2015-10-20 11:48:34] [DEBUG] [io.netty.buffer.PooledByteBufAllocator:76]-- -Dio.netty.allocator.cacheTrimInterval: 8192
[2015-10-20 11:48:34] [DEBUG] [io.netty.buffer.ByteBufUtil:76]-- -Dio.netty.allocator.type: pooled
[2015-10-20 11:48:34] [DEBUG] [io.netty.buffer.ByteBufUtil:76]-- -Dio.netty.threadLocalDirectBufferSize: 65536
[2015-10-20 11:48:34] [DEBUG] [io.netty.util.NetUtil:86]-- Loopback interface: lo0 (lo0, 0:0:0:0:0:0:0:1)
[2015-10-20 11:48:34] [DEBUG] [io.netty.util.NetUtil:81]-- /proc/sys/net/core/somaxconn: 128 (non-existent)
[2015-10-20 11:48:34] [INFO ] [io.netty.handler.logging.LoggingHandler:101]-- [id: 0x6aaddca3] REGISTERED
[2015-10-20 11:48:34] [INFO ] [io.netty.handler.logging.LoggingHandler:101]-- [id: 0x6aaddca3] BIND: 0.0.0.0/0.0.0.0:12345
[2015-10-20 11:48:34] [INFO ] [io.netty.handler.logging.LoggingHandler:101]-- [id: 0x6aaddca3, /0:0:0:0:0:0:0:0:12345] ACTIVE
[2015-10-20 11:48:35] [INFO ] [com.avalon.component.ComponentRegistryImpl:425]-- Component add componentcom.zero.example.core.ExampleClientExtension@1f12e153
[2015-10-20 11:48:42] [INFO ] [io.netty.handler.logging.LoggingHandler:101]-- [id: 0x6aaddca3, /0:0:0:0:0:0:0:0:12345] RECEIVED: [id: 0xc472d4f5, /127.0.0.1:52188 => /127.0.0.1:12345]
[2015-10-20 11:48:42] [DEBUG] [io.netty.util.internal.JavassistTypeParameterMatcherGenerator:76]-- Generated: io.netty.util.internal.__matchers__.com.avalon.util.MessageHeadMatcher
[2015-10-20 11:48:42] [DEBUG] [com.avalon.io.netty.NettyHandler:422]-- 注册
[2015-10-20 11:48:46] [DEBUG] [io.netty.util.ResourceLeakDetector:81]-- -Dio.netty.leakDetectionLevel: simple
[2015-10-20 11:48:46] [DEBUG] [io.netty.util.Recycler:76]-- -Dio.netty.recycler.maxCapacity: 262144
[2015-10-20 11:48:46] [DEBUG] [io.netty.channel.DefaultChannelPipeline:76]-- Discarded inbound message com.avalon.io.MessagePackImpl@2ca6eb73 that reached at the tail of the pipeline. Please check your pipeline configuration.
[2015-10-20 11:48:58] [DEBUG] [io.netty.channel.DefaultChannelPipeline:76]-- Discarded inbound message com.avalon.io.MessagePackImpl@8c639af that reached at the tail of the pipeline. Please check your pipeline configuration.
[2015-10-20 11:49:24] [INFO ] [com.avalon.core.AvalonEngine:557]-- /Users/zero/Documents/workspace/ExampleSingleServer
[2015-10-20 11:49:24] [INFO ] [com.avalon.component.ComponentRegistryImpl:425]-- Component add componentcom.avalon.io.netty.NettyServer@5d76b067
[2015-10-20 11:49:24] [INFO ] [com.avalon.component.ComponentRegistryImpl:425]-- Component add componentcom.avalon.core.AvalonProxy@1e6d1014
[2015-10-20 11:49:24] [INFO ] [com.avalon.io.netty.NettyServer:426]-- 初始化Netty 开始
[2015-10-20 11:49:24] [INFO ] [com.avalon.io.netty.NettyServer:458]-- 初始化Netty 线程启动
[2015-10-20 11:49:24] [DEBUG] [io.netty.util.internal.logging.InternalLoggerFactory:71]-- Using SLF4J as the default logging framework
[2015-10-20 11:49:24] [DEBUG] [io.netty.channel.MultithreadEventLoopGroup:76]-- -Dio.netty.eventLoopThreads: 16
[2015-10-20 11:49:24] [DEBUG] [io.netty.util.internal.PlatformDependent0:76]-- java.nio.Buffer.address: available
[2015-10-20 11:49:24] [DEBUG] [io.netty.util.internal.PlatformDependent0:76]-- sun.misc.Unsafe.theUnsafe: available
[2015-10-20 11:49:24] [DEBUG] [io.netty.util.internal.PlatformDependent0:71]-- sun.misc.Unsafe.copyMemory: available
[2015-10-20 11:49:24] [DEBUG] [io.netty.util.internal.PlatformDependent0:76]-- java.nio.Bits.unaligned: true
[2015-10-20 11:49:24] [DEBUG] [io.netty.util.internal.PlatformDependent:76]-- Java version: 8
[2015-10-20 11:49:24] [DEBUG] [io.netty.util.internal.PlatformDependent:76]-- -Dio.netty.noUnsafe: false
[2015-10-20 11:49:24] [DEBUG] [io.netty.util.internal.PlatformDependent:76]-- sun.misc.Unsafe: available
[2015-10-20 11:49:24] [DEBUG] [io.netty.util.internal.PlatformDependent:76]-- -Dio.netty.noJavassist: false
[2015-10-20 11:49:24] [DEBUG] [io.netty.util.internal.PlatformDependent:71]-- Javassist: available
[2015-10-20 11:49:24] [DEBUG] [io.netty.util.internal.PlatformDependent:76]-- -Dio.netty.tmpdir: /var/folders/k1/bfwvf_dd14ggxvb58z56hl6r0000gn/T (java.io.tmpdir)
[2015-10-20 11:49:24] [DEBUG] [io.netty.util.internal.PlatformDependent:76]-- -Dio.netty.bitMode: 64 (sun.arch.data.model)
[2015-10-20 11:49:24] [DEBUG] [io.netty.util.internal.PlatformDependent:76]-- -Dio.netty.noPreferDirect: false
[2015-10-20 11:49:24] [DEBUG] [io.netty.channel.nio.NioEventLoop:76]-- -Dio.netty.noKeySetOptimization: false
[2015-10-20 11:49:24] [DEBUG] [io.netty.channel.nio.NioEventLoop:76]-- -Dio.netty.selectorAutoRebuildThreshold: 512
[2015-10-20 11:49:24] [DEBUG] [io.netty.channel.DefaultChannelId:76]-- -Dio.netty.processId: 690 (auto-detected)
[2015-10-20 11:49:24] [DEBUG] [io.netty.channel.DefaultChannelId:76]-- -Dio.netty.machineId: 10:40:f3:ff:fe:a9:36:64 (auto-detected)
[2015-10-20 11:49:24] [DEBUG] [io.netty.util.internal.ThreadLocalRandom:71]-- -Dio.netty.initialSeedUniquifier: 0x7c074df286666935 (took 13 ms)
[2015-10-20 11:49:24] [DEBUG] [io.netty.buffer.PooledByteBufAllocator:76]-- -Dio.netty.allocator.numHeapArenas: 8
[2015-10-20 11:49:24] [DEBUG] [io.netty.buffer.PooledByteBufAllocator:76]-- -Dio.netty.allocator.numDirectArenas: 8
[2015-10-20 11:49:24] [DEBUG] [io.netty.buffer.PooledByteBufAllocator:76]-- -Dio.netty.allocator.pageSize: 8192
[2015-10-20 11:49:24] [DEBUG] [io.netty.buffer.PooledByteBufAllocator:76]-- -Dio.netty.allocator.maxOrder: 11
[2015-10-20 11:49:24] [DEBUG] [io.netty.buffer.PooledByteBufAllocator:76]-- -Dio.netty.allocator.chunkSize: 16777216
[2015-10-20 11:49:24] [DEBUG] [io.netty.buffer.PooledByteBufAllocator:76]-- -Dio.netty.allocator.tinyCacheSize: 512
[2015-10-20 11:49:24] [DEBUG] [io.netty.buffer.PooledByteBufAllocator:76]-- -Dio.netty.allocator.smallCacheSize: 256
[2015-10-20 11:49:24] [DEBUG] [io.netty.buffer.PooledByteBufAllocator:76]-- -Dio.netty.allocator.normalCacheSize: 64
[2015-10-20 11:49:24] [DEBUG] [io.netty.buffer.PooledByteBufAllocator:76]-- -Dio.netty.allocator.maxCachedBufferCapacity: 32768
[2015-10-20 11:49:24] [DEBUG] [io.netty.buffer.PooledByteBufAllocator:76]-- -Dio.netty.allocator.cacheTrimInterval: 8192
[2015-10-20 11:49:24] [DEBUG] [io.netty.buffer.ByteBufUtil:76]-- -Dio.netty.allocator.type: pooled
[2015-10-20 11:49:24] [DEBUG] [io.netty.buffer.ByteBufUtil:76]-- -Dio.netty.threadLocalDirectBufferSize: 65536
[2015-10-20 11:49:24] [DEBUG] [io.netty.util.NetUtil:86]-- Loopback interface: lo0 (lo0, 0:0:0:0:0:0:0:1)
[2015-10-20 11:49:24] [DEBUG] [io.netty.util.NetUtil:81]-- /proc/sys/net/core/somaxconn: 128 (non-existent)
[2015-10-20 11:49:24] [INFO ] [io.netty.handler.logging.LoggingHandler:101]-- [id: 0x63f02113] REGISTERED
[2015-10-20 11:49:24] [INFO ] [io.netty.handler.logging.LoggingHandler:101]-- [id: 0x63f02113] BIND: 0.0.0.0/0.0.0.0:12345
[2015-10-20 11:49:24] [INFO ] [io.netty.handler.logging.LoggingHandler:101]-- [id: 0x63f02113, /0:0:0:0:0:0:0:0:12345] ACTIVE
[2015-10-20 11:49:25] [INFO ] [com.avalon.component.ComponentRegistryImpl:425]-- Component add componentcom.zero.example.core.ExampleClientExtension@4b6e2263
[2015-10-20 11:50:11] [INFO ] [io.netty.handler.logging.LoggingHandler:101]-- [id: 0x63f02113, /0:0:0:0:0:0:0:0:12345] RECEIVED: [id: 0xdd031764, /127.0.0.1:52209 => /127.0.0.1:12345]
[2015-10-20 11:50:11] [DEBUG] [io.netty.util.internal.JavassistTypeParameterMatcherGenerator:76]-- Generated: io.netty.util.internal.__matchers__.com.avalon.util.MessageHeadMatcher
[2015-10-20 11:50:11] [DEBUG] [com.avalon.io.netty.NettyHandler:422]-- 注册
[2015-10-20 11:50:16] [DEBUG] [io.netty.util.ResourceLeakDetector:81]-- -Dio.netty.leakDetectionLevel: simple
[2015-10-20 11:50:16] [DEBUG] [io.netty.util.Recycler:76]-- -Dio.netty.recycler.maxCapacity: 262144
[2015-10-20 11:50:16] [DEBUG] [io.netty.channel.DefaultChannelPipeline:76]-- Discarded inbound message com.avalon.io.MessagePackImpl@34f0ec18 that reached at the tail of the pipeline. Please check your pipeline configuration.
[2015-10-20 11:50:21] [DEBUG] [io.netty.channel.DefaultChannelPipeline:76]-- Discarded inbound message com.avalon.io.MessagePackImpl@4e1408ad that reached at the tail of the pipeline. Please check your pipeline configuration.
[2015-10-20 11:50:23] [DEBUG] [io.netty.channel.DefaultChannelPipeline:76]-- Discarded inbound message com.avalon.io.MessagePackImpl@1a079f5 that reached at the tail of the pipeline. Please check your pipeline configuration.
[2015-10-20 11:50:31] [DEBUG] [io.netty.channel.DefaultChannelPipeline:76]-- Discarded inbound message com.avalon.io.MessagePackImpl@528cb0b7 that reached at the tail of the pipeline. Please check your pipeline configuration.
[2015-10-20 11:52:59] [DEBUG] [com.avalon.io.netty.NettyHandler:402]-- 解除注册
[2015-10-20 11:53:06] [INFO ] [com.avalon.core.AvalonEngine:557]-- /Users/zero/Documents/workspace/ExampleSingleServer
[2015-10-20 11:53:06] [INFO ] [com.avalon.component.ComponentRegistryImpl:425]-- Component add componentcom.avalon.io.netty.NettyServer@5d76b067
[2015-10-20 11:53:06] [INFO ] [com.avalon.component.ComponentRegistryImpl:425]-- Component add componentcom.avalon.core.AvalonProxy@1e6d1014
[2015-10-20 11:53:06] [INFO ] [com.avalon.io.netty.NettyServer:426]-- 初始化Netty 开始
[2015-10-20 11:53:06] [INFO ] [com.avalon.io.netty.NettyServer:458]-- 初始化Netty 线程启动
[2015-10-20 11:53:06] [DEBUG] [io.netty.util.internal.logging.InternalLoggerFactory:71]-- Using SLF4J as the default logging framework
[2015-10-20 11:53:06] [DEBUG] [io.netty.channel.MultithreadEventLoopGroup:76]-- -Dio.netty.eventLoopThreads: 16
[2015-10-20 11:53:07] [DEBUG] [io.netty.util.internal.PlatformDependent0:76]-- java.nio.Buffer.address: available
[2015-10-20 11:53:07] [DEBUG] [io.netty.util.internal.PlatformDependent0:76]-- sun.misc.Unsafe.theUnsafe: available
[2015-10-20 11:53:07] [DEBUG] [io.netty.util.internal.PlatformDependent0:71]-- sun.misc.Unsafe.copyMemory: available
[2015-10-20 11:53:07] [DEBUG] [io.netty.util.internal.PlatformDependent0:76]-- java.nio.Bits.unaligned: true
[2015-10-20 11:53:07] [DEBUG] [io.netty.util.internal.PlatformDependent:76]-- Java version: 8
[2015-10-20 11:53:07] [DEBUG] [io.netty.util.internal.PlatformDependent:76]-- -Dio.netty.noUnsafe: false
[2015-10-20 11:53:07] [DEBUG] [io.netty.util.internal.PlatformDependent:76]-- sun.misc.Unsafe: available
[2015-10-20 11:53:07] [DEBUG] [io.netty.util.internal.PlatformDependent:76]-- -Dio.netty.noJavassist: false
[2015-10-20 11:53:07] [DEBUG] [io.netty.util.internal.PlatformDependent:71]-- Javassist: available
[2015-10-20 11:53:07] [DEBUG] [io.netty.util.internal.PlatformDependent:76]-- -Dio.netty.tmpdir: /var/folders/k1/bfwvf_dd14ggxvb58z56hl6r0000gn/T (java.io.tmpdir)
[2015-10-20 11:53:07] [DEBUG] [io.netty.util.internal.PlatformDependent:76]-- -Dio.netty.bitMode: 64 (sun.arch.data.model)
[2015-10-20 11:53:07] [DEBUG] [io.netty.util.internal.PlatformDependent:76]-- -Dio.netty.noPreferDirect: false
[2015-10-20 11:53:07] [DEBUG] [io.netty.channel.nio.NioEventLoop:76]-- -Dio.netty.noKeySetOptimization: false
[2015-10-20 11:53:07] [DEBUG] [io.netty.channel.nio.NioEventLoop:76]-- -Dio.netty.selectorAutoRebuildThreshold: 512
[2015-10-20 11:53:07] [DEBUG] [io.netty.channel.DefaultChannelId:76]-- -Dio.netty.processId: 694 (auto-detected)
[2015-10-20 11:53:07] [DEBUG] [io.netty.channel.DefaultChannelId:76]-- -Dio.netty.machineId: 10:40:f3:ff:fe:a9:36:64 (auto-detected)
[2015-10-20 11:53:07] [DEBUG] [io.netty.util.internal.ThreadLocalRandom:71]-- -Dio.netty.initialSeedUniquifier: 0xe48154ccdb5dfb79 (took 12 ms)
[2015-10-20 11:53:07] [DEBUG] [io.netty.buffer.PooledByteBufAllocator:76]-- -Dio.netty.allocator.numHeapArenas: 8
[2015-10-20 11:53:07] [DEBUG] [io.netty.buffer.PooledByteBufAllocator:76]-- -Dio.netty.allocator.numDirectArenas: 8
[2015-10-20 11:53:07] [DEBUG] [io.netty.buffer.PooledByteBufAllocator:76]-- -Dio.netty.allocator.pageSize: 8192
[2015-10-20 11:53:07] [DEBUG] [io.netty.buffer.PooledByteBufAllocator:76]-- -Dio.netty.allocator.maxOrder: 11
[2015-10-20 11:53:07] [DEBUG] [io.netty.buffer.PooledByteBufAllocator:76]-- -Dio.netty.allocator.chunkSize: 16777216
[2015-10-20 11:53:07] [DEBUG] [io.netty.buffer.PooledByteBufAllocator:76]-- -Dio.netty.allocator.tinyCacheSize: 512
[2015-10-20 11:53:07] [DEBUG] [io.netty.buffer.PooledByteBufAllocator:76]-- -Dio.netty.allocator.smallCacheSize: 256
[2015-10-20 11:53:07] [DEBUG] [io.netty.buffer.PooledByteBufAllocator:76]-- -Dio.netty.allocator.normalCacheSize: 64
[2015-10-20 11:53:07] [DEBUG] [io.netty.buffer.PooledByteBufAllocator:76]-- -Dio.netty.allocator.maxCachedBufferCapacity: 32768
[2015-10-20 11:53:07] [DEBUG] [io.netty.buffer.PooledByteBufAllocator:76]-- -Dio.netty.allocator.cacheTrimInterval: 8192
[2015-10-20 11:53:07] [DEBUG] [io.netty.buffer.ByteBufUtil:76]-- -Dio.netty.allocator.type: pooled
[2015-10-20 11:53:07] [DEBUG] [io.netty.buffer.ByteBufUtil:76]-- -Dio.netty.threadLocalDirectBufferSize: 65536
[2015-10-20 11:53:07] [DEBUG] [io.netty.util.NetUtil:86]-- Loopback interface: lo0 (lo0, 0:0:0:0:0:0:0:1)
[2015-10-20 11:53:07] [DEBUG] [io.netty.util.NetUtil:81]-- /proc/sys/net/core/somaxconn: 128 (non-existent)
[2015-10-20 11:53:07] [INFO ] [io.netty.handler.logging.LoggingHandler:101]-- [id: 0x2ab5a94d] REGISTERED
[2015-10-20 11:53:07] [INFO ] [io.netty.handler.logging.LoggingHandler:101]-- [id: 0x2ab5a94d] BIND: 0.0.0.0/0.0.0.0:12345
[2015-10-20 11:53:07] [INFO ] [io.netty.handler.logging.LoggingHandler:101]-- [id: 0x2ab5a94d, /0:0:0:0:0:0:0:0:12345] ACTIVE
[2015-10-20 11:53:07] [INFO ] [com.avalon.component.ComponentRegistryImpl:425]-- Component add componentcom.zero.example.core.ExampleClientExtension@4b6e2263
[2015-10-20 11:53:13] [INFO ] [io.netty.handler.logging.LoggingHandler:101]-- [id: 0x2ab5a94d, /0:0:0:0:0:0:0:0:12345] RECEIVED: [id: 0x8b770e63, /127.0.0.1:52260 => /127.0.0.1:12345]
[2015-10-20 11:53:13] [DEBUG] [io.netty.util.internal.JavassistTypeParameterMatcherGenerator:76]-- Generated: io.netty.util.internal.__matchers__.com.avalon.util.MessageHeadMatcher
[2015-10-20 11:53:13] [DEBUG] [com.avalon.io.netty.NettyHandler:422]-- 注册
[2015-10-20 11:53:17] [DEBUG] [io.netty.util.ResourceLeakDetector:81]-- -Dio.netty.leakDetectionLevel: simple
[2015-10-20 11:53:17] [DEBUG] [io.netty.util.Recycler:76]-- -Dio.netty.recycler.maxCapacity: 262144
[2015-10-20 11:53:17] [DEBUG] [io.netty.channel.DefaultChannelPipeline:76]-- Discarded inbound message com.avalon.io.MessagePackImpl@73945f12 that reached at the tail of the pipeline. Please check your pipeline configuration.
[2015-10-20 11:53:20] [DEBUG] [io.netty.channel.DefaultChannelPipeline:76]-- Discarded inbound message com.avalon.io.MessagePackImpl@cda2431 that reached at the tail of the pipeline. Please check your pipeline configuration.
[2015-10-20 11:53:27] [DEBUG] [com.avalon.io.netty.NettyHandler:402]-- 解除注册
[2015-10-20 11:53:52] [INFO ] [io.netty.handler.logging.LoggingHandler:101]-- [id: 0x2ab5a94d, /0:0:0:0:0:0:0:0:12345] RECEIVED: [id: 0x06ca8065, /127.0.0.1:52268 => /127.0.0.1:12345]
[2015-10-20 11:53:52] [DEBUG] [com.avalon.io.netty.NettyHandler:422]-- 注册
[2015-10-20 11:53:59] [DEBUG] [com.avalon.io.netty.NettyHandler:402]-- 解除注册
[2015-10-20 11:54:11] [INFO ] [io.netty.handler.logging.LoggingHandler:101]-- [id: 0x2ab5a94d, /0:0:0:0:0:0:0:0:12345] RECEIVED: [id: 0xcf885ee7, /127.0.0.1:52278 => /127.0.0.1:12345]
[2015-10-20 11:54:11] [DEBUG] [com.avalon.io.netty.NettyHandler:422]-- 注册
[2015-10-20 11:54:28] [DEBUG] [com.avalon.io.netty.NettyHandler:402]-- 解除注册
[2015-10-20 11:54:45] [INFO ] [io.netty.handler.logging.LoggingHandler:101]-- [id: 0x2ab5a94d, /0:0:0:0:0:0:0:0:12345] RECEIVED: [id: 0xfb01dfe8, /127.0.0.1:52288 => /127.0.0.1:12345]
[2015-10-20 11:54:45] [DEBUG] [com.avalon.io.netty.NettyHandler:422]-- 注册
[2015-10-20 11:54:51] [DEBUG] [com.avalon.io.netty.NettyHandler:402]-- 解除注册
[2015-10-20 13:57:29] [INFO ] [com.avalon.core.AvalonEngine:557]-- /Users/zero/Documents/workspace/ExampleSingleServer
[2015-10-20 13:57:30] [INFO ] [com.avalon.component.ComponentRegistryImpl:425]-- Component add componentcom.avalon.io.netty.NettyServer@544fa968
[2015-10-20 13:57:30] [INFO ] [com.avalon.component.ComponentRegistryImpl:425]-- Component add componentcom.avalon.core.AvalonProxy@d35dea7
[2015-10-20 13:57:30] [INFO ] [com.avalon.io.netty.NettyServer:426]-- 初始化Netty 开始
[2015-10-20 13:57:30] [INFO ] [com.avalon.io.netty.NettyServer:458]-- 初始化Netty 线程启动
[2015-10-20 13:57:30] [DEBUG] [io.netty.util.internal.logging.InternalLoggerFactory:71]-- Using SLF4J as the default logging framework
[2015-10-20 13:57:30] [DEBUG] [io.netty.channel.MultithreadEventLoopGroup:76]-- -Dio.netty.eventLoopThreads: 16
[2015-10-20 13:57:30] [DEBUG] [io.netty.util.internal.PlatformDependent0:76]-- java.nio.Buffer.address: available
[2015-10-20 13:57:30] [DEBUG] [io.netty.util.internal.PlatformDependent0:76]-- sun.misc.Unsafe.theUnsafe: available
[2015-10-20 13:57:30] [DEBUG] [io.netty.util.internal.PlatformDependent0:71]-- sun.misc.Unsafe.copyMemory: available
[2015-10-20 13:57:30] [DEBUG] [io.netty.util.internal.PlatformDependent0:76]-- java.nio.Bits.unaligned: true
[2015-10-20 13:57:30] [DEBUG] [io.netty.util.internal.PlatformDependent:76]-- Java version: 8
[2015-10-20 13:57:30] [DEBUG] [io.netty.util.internal.PlatformDependent:76]-- -Dio.netty.noUnsafe: false
[2015-10-20 13:57:30] [DEBUG] [io.netty.util.internal.PlatformDependent:76]-- sun.misc.Unsafe: available
[2015-10-20 13:57:30] [DEBUG] [io.netty.util.internal.PlatformDependent:76]-- -Dio.netty.noJavassist: false
[2015-10-20 13:57:30] [DEBUG] [io.netty.util.internal.PlatformDependent:71]-- Javassist: available
[2015-10-20 13:57:30] [DEBUG] [io.netty.util.internal.PlatformDependent:76]-- -Dio.netty.tmpdir: /var/folders/k1/bfwvf_dd14ggxvb58z56hl6r0000gn/T (java.io.tmpdir)
[2015-10-20 13:57:30] [DEBUG] [io.netty.util.internal.PlatformDependent:76]-- -Dio.netty.bitMode: 64 (sun.arch.data.model)
[2015-10-20 13:57:30] [DEBUG] [io.netty.util.internal.PlatformDependent:76]-- -Dio.netty.noPreferDirect: false
[2015-10-20 13:57:30] [DEBUG] [io.netty.channel.nio.NioEventLoop:76]-- -Dio.netty.noKeySetOptimization: false
[2015-10-20 13:57:30] [DEBUG] [io.netty.channel.nio.NioEventLoop:76]-- -Dio.netty.selectorAutoRebuildThreshold: 512
[2015-10-20 13:57:30] [DEBUG] [io.netty.channel.DefaultChannelId:76]-- -Dio.netty.processId: 891 (auto-detected)
[2015-10-20 13:57:30] [DEBUG] [io.netty.channel.DefaultChannelId:76]-- -Dio.netty.machineId: 10:40:f3:ff:fe:a9:36:64 (auto-detected)
[2015-10-20 13:57:30] [DEBUG] [io.netty.util.internal.ThreadLocalRandom:71]-- -Dio.netty.initialSeedUniquifier: 0xa1fb2c8e5c454a52 (took 10 ms)
[2015-10-20 13:57:30] [DEBUG] [io.netty.buffer.PooledByteBufAllocator:76]-- -Dio.netty.allocator.numHeapArenas: 8
[2015-10-20 13:57:30] [DEBUG] [io.netty.buffer.PooledByteBufAllocator:76]-- -Dio.netty.allocator.numDirectArenas: 8
[2015-10-20 13:57:30] [DEBUG] [io.netty.buffer.PooledByteBufAllocator:76]-- -Dio.netty.allocator.pageSize: 8192
[2015-10-20 13:57:30] [DEBUG] [io.netty.buffer.PooledByteBufAllocator:76]-- -Dio.netty.allocator.maxOrder: 11
[2015-10-20 13:57:30] [DEBUG] [io.netty.buffer.PooledByteBufAllocator:76]-- -Dio.netty.allocator.chunkSize: 16777216
[2015-10-20 13:57:30] [DEBUG] [io.netty.buffer.PooledByteBufAllocator:76]-- -Dio.netty.allocator.tinyCacheSize: 512
[2015-10-20 13:57:30] [DEBUG] [io.netty.buffer.PooledByteBufAllocator:76]-- -Dio.netty.allocator.smallCacheSize: 256
[2015-10-20 13:57:30] [DEBUG] [io.netty.buffer.PooledByteBufAllocator:76]-- -Dio.netty.allocator.normalCacheSize: 64
[2015-10-20 13:57:30] [DEBUG] [io.netty.buffer.PooledByteBufAllocator:76]-- -Dio.netty.allocator.maxCachedBufferCapacity: 32768
[2015-10-20 13:57:30] [DEBUG] [io.netty.buffer.PooledByteBufAllocator:76]-- -Dio.netty.allocator.cacheTrimInterval: 8192
[2015-10-20 13:57:30] [DEBUG] [io.netty.buffer.ByteBufUtil:76]-- -Dio.netty.allocator.type: pooled
[2015-10-20 13:57:30] [DEBUG] [io.netty.buffer.ByteBufUtil:76]-- -Dio.netty.threadLocalDirectBufferSize: 65536
[2015-10-20 13:57:30] [DEBUG] [io.netty.util.NetUtil:86]-- Loopback interface: lo0 (lo0, 0:0:0:0:0:0:0:1)
[2015-10-20 13:57:30] [DEBUG] [io.netty.util.NetUtil:81]-- /proc/sys/net/core/somaxconn: 128 (non-existent)
[2015-10-20 13:57:30] [INFO ] [io.netty.handler.logging.LoggingHandler:101]-- [id: 0xa74a8721] REGISTERED
[2015-10-20 13:57:30] [INFO ] [io.netty.handler.logging.LoggingHandler:101]-- [id: 0xa74a8721] BIND: 0.0.0.0/0.0.0.0:12345
[2015-10-20 13:57:30] [INFO ] [io.netty.handler.logging.LoggingHandler:101]-- [id: 0xa74a8721, /0:0:0:0:0:0:0:0:12345] ACTIVE
[2015-10-20 13:57:31] [INFO ] [com.avalon.component.ComponentRegistryImpl:425]-- Component add componentcom.zero.example.core.ExampleClientExtension@13e698c7
[2015-10-20 13:58:26] [INFO ] [io.netty.handler.logging.LoggingHandler:101]-- [id: 0xa74a8721, /0:0:0:0:0:0:0:0:12345] RECEIVED: [id: 0x1462c048, /127.0.0.1:55304 => /127.0.0.1:12345]
[2015-10-20 13:58:26] [DEBUG] [io.netty.util.internal.JavassistTypeParameterMatcherGenerator:76]-- Generated: io.netty.util.internal.__matchers__.com.avalon.util.MessageHeadMatcher
[2015-10-20 13:58:26] [DEBUG] [com.avalon.io.netty.NettyHandler:422]-- 注册
[2015-10-20 13:58:30] [DEBUG] [io.netty.util.ResourceLeakDetector:81]-- -Dio.netty.leakDetectionLevel: simple
[2015-10-20 13:58:30] [DEBUG] [io.netty.util.Recycler:76]-- -Dio.netty.recycler.maxCapacity: 262144
[2015-10-20 13:58:30] [DEBUG] [io.netty.channel.DefaultChannelPipeline:76]-- Discarded inbound message com.avalon.io.MessagePackImpl@36bdf910 that reached at the tail of the pipeline. Please check your pipeline configuration.
[2015-10-20 13:58:40] [DEBUG] [io.netty.channel.DefaultChannelPipeline:76]-- Discarded inbound message com.avalon.io.MessagePackImpl@78c612f that reached at the tail of the pipeline. Please check your pipeline configuration.
[2015-10-20 14:00:00] [DEBUG] [io.netty.channel.DefaultChannelPipeline:76]-- Discarded inbound message com.avalon.io.MessagePackImpl@1ba3a96 that reached at the tail of the pipeline. Please check your pipeline configuration.
[2015-10-20 14:00:11] [DEBUG] [io.netty.channel.DefaultChannelPipeline:76]-- Discarded inbound message com.avalon.io.MessagePackImpl@14092a35 that reached at the tail of the pipeline. Please check your pipeline configuration.
[2015-10-20 14:02:38] [DEBUG] [com.avalon.io.netty.NettyHandler:402]-- 解除注册
