[2015-10-26 10:57:34] [INFO ] [com.avalon.core.AvalonEngine:557]-- /Users/zero/Documents/workspace/ExampleGateServer2
[2015-10-26 10:57:35] [INFO ] [com.avalon.component.ComponentRegistryImpl:425]-- Component add componentcom.avalon.io.netty.NettyServer@7770f470
[2015-10-26 10:57:35] [INFO ] [com.avalon.component.ComponentRegistryImpl:425]-- Component add componentcom.avalon.core.AvalonProxy@24313fcc
[2015-10-26 10:57:35] [INFO ] [com.avalon.io.netty.NettyServer:426]-- 初始化Netty 开始
[2015-10-26 10:57:35] [INFO ] [com.avalon.io.netty.NettyServer:458]-- 初始化Netty 线程启动
[2015-10-26 10:57:35] [DEBUG] [io.netty.util.internal.logging.InternalLoggerFactory:71]-- Using SLF4J as the default logging framework
[2015-10-26 10:57:35] [DEBUG] [io.netty.channel.MultithreadEventLoopGroup:76]-- -Dio.netty.eventLoopThreads: 16
[2015-10-26 10:57:35] [DEBUG] [io.netty.util.internal.PlatformDependent0:76]-- java.nio.Buffer.address: available
[2015-10-26 10:57:35] [DEBUG] [io.netty.util.internal.PlatformDependent0:76]-- sun.misc.Unsafe.theUnsafe: available
[2015-10-26 10:57:35] [DEBUG] [io.netty.util.internal.PlatformDependent0:71]-- sun.misc.Unsafe.copyMemory: available
[2015-10-26 10:57:35] [DEBUG] [io.netty.util.internal.PlatformDependent0:76]-- java.nio.Bits.unaligned: true
[2015-10-26 10:57:35] [DEBUG] [io.netty.util.internal.PlatformDependent:76]-- Java version: 8
[2015-10-26 10:57:35] [DEBUG] [io.netty.util.internal.PlatformDependent:76]-- -Dio.netty.noUnsafe: false
[2015-10-26 10:57:35] [DEBUG] [io.netty.util.internal.PlatformDependent:76]-- sun.misc.Unsafe: available
[2015-10-26 10:57:35] [DEBUG] [io.netty.util.internal.PlatformDependent:76]-- -Dio.netty.noJavassist: false
[2015-10-26 10:57:35] [DEBUG] [io.netty.util.internal.PlatformDependent:71]-- Javassist: available
[2015-10-26 10:57:35] [DEBUG] [io.netty.util.internal.PlatformDependent:76]-- -Dio.netty.tmpdir: /var/folders/k1/bfwvf_dd14ggxvb58z56hl6r0000gn/T (java.io.tmpdir)
[2015-10-26 10:57:35] [DEBUG] [io.netty.util.internal.PlatformDependent:76]-- -Dio.netty.bitMode: 64 (sun.arch.data.model)
[2015-10-26 10:57:35] [DEBUG] [io.netty.util.internal.PlatformDependent:76]-- -Dio.netty.noPreferDirect: false
[2015-10-26 10:57:35] [DEBUG] [io.netty.channel.nio.NioEventLoop:76]-- -Dio.netty.noKeySetOptimization: false
[2015-10-26 10:57:35] [DEBUG] [io.netty.channel.nio.NioEventLoop:76]-- -Dio.netty.selectorAutoRebuildThreshold: 512
[2015-10-26 10:57:35] [DEBUG] [io.netty.channel.DefaultChannelId:76]-- -Dio.netty.processId: 773 (auto-detected)
[2015-10-26 10:57:35] [DEBUG] [io.netty.channel.DefaultChannelId:76]-- -Dio.netty.machineId: 10:40:f3:ff:fe:a9:36:64 (auto-detected)
[2015-10-26 10:57:35] [DEBUG] [io.netty.util.internal.ThreadLocalRandom:71]-- -Dio.netty.initialSeedUniquifier: 0x48b3ed2a580f073a (took 13 ms)
[2015-10-26 10:57:35] [DEBUG] [io.netty.buffer.PooledByteBufAllocator:76]-- -Dio.netty.allocator.numHeapArenas: 8
[2015-10-26 10:57:35] [DEBUG] [io.netty.buffer.PooledByteBufAllocator:76]-- -Dio.netty.allocator.numDirectArenas: 8
[2015-10-26 10:57:35] [DEBUG] [io.netty.buffer.PooledByteBufAllocator:76]-- -Dio.netty.allocator.pageSize: 8192
[2015-10-26 10:57:35] [DEBUG] [io.netty.buffer.PooledByteBufAllocator:76]-- -Dio.netty.allocator.maxOrder: 11
[2015-10-26 10:57:35] [DEBUG] [io.netty.buffer.PooledByteBufAllocator:76]-- -Dio.netty.allocator.chunkSize: 16777216
[2015-10-26 10:57:35] [DEBUG] [io.netty.buffer.PooledByteBufAllocator:76]-- -Dio.netty.allocator.tinyCacheSize: 512
[2015-10-26 10:57:35] [DEBUG] [io.netty.buffer.PooledByteBufAllocator:76]-- -Dio.netty.allocator.smallCacheSize: 256
[2015-10-26 10:57:35] [DEBUG] [io.netty.buffer.PooledByteBufAllocator:76]-- -Dio.netty.allocator.normalCacheSize: 64
[2015-10-26 10:57:35] [DEBUG] [io.netty.buffer.PooledByteBufAllocator:76]-- -Dio.netty.allocator.maxCachedBufferCapacity: 32768
[2015-10-26 10:57:35] [DEBUG] [io.netty.buffer.PooledByteBufAllocator:76]-- -Dio.netty.allocator.cacheTrimInterval: 8192
[2015-10-26 10:57:35] [DEBUG] [io.netty.buffer.ByteBufUtil:76]-- -Dio.netty.allocator.type: pooled
[2015-10-26 10:57:35] [DEBUG] [io.netty.buffer.ByteBufUtil:76]-- -Dio.netty.threadLocalDirectBufferSize: 65536
[2015-10-26 10:57:35] [DEBUG] [io.netty.util.NetUtil:86]-- Loopback interface: lo0 (lo0, 0:0:0:0:0:0:0:1)
[2015-10-26 10:57:35] [DEBUG] [io.netty.util.NetUtil:81]-- /proc/sys/net/core/somaxconn: 128 (non-existent)
[2015-10-26 10:57:35] [INFO ] [io.netty.handler.logging.LoggingHandler:101]-- [id: 0xab984daf] REGISTERED
[2015-10-26 10:57:35] [INFO ] [io.netty.handler.logging.LoggingHandler:101]-- [id: 0xab984daf] BIND: 0.0.0.0/0.0.0.0:12346
[2015-10-26 10:57:35] [INFO ] [io.netty.handler.logging.LoggingHandler:101]-- [id: 0xab984daf, /0:0:0:0:0:0:0:0:12346] ACTIVE
[2015-10-26 10:59:26] [INFO ] [com.avalon.core.AvalonEngine:557]-- /Users/zero/Documents/workspace/ExampleGateServer2
[2015-10-26 10:59:27] [INFO ] [com.avalon.component.ComponentRegistryImpl:425]-- Component add componentcom.avalon.io.netty.NettyServer@d35dea7
[2015-10-26 10:59:27] [INFO ] [com.avalon.component.ComponentRegistryImpl:425]-- Component add componentcom.avalon.core.AvalonProxy@5e5d171f
[2015-10-26 10:59:27] [INFO ] [com.avalon.io.netty.NettyServer:426]-- 初始化Netty 开始
[2015-10-26 10:59:27] [INFO ] [com.avalon.io.netty.NettyServer:458]-- 初始化Netty 线程启动
[2015-10-26 10:59:27] [DEBUG] [io.netty.util.internal.logging.InternalLoggerFactory:71]-- Using SLF4J as the default logging framework
[2015-10-26 10:59:27] [DEBUG] [io.netty.channel.MultithreadEventLoopGroup:76]-- -Dio.netty.eventLoopThreads: 16
[2015-10-26 10:59:27] [DEBUG] [io.netty.util.internal.PlatformDependent0:76]-- java.nio.Buffer.address: available
[2015-10-26 10:59:27] [DEBUG] [io.netty.util.internal.PlatformDependent0:76]-- sun.misc.Unsafe.theUnsafe: available
[2015-10-26 10:59:27] [DEBUG] [io.netty.util.internal.PlatformDependent0:71]-- sun.misc.Unsafe.copyMemory: available
[2015-10-26 10:59:27] [DEBUG] [io.netty.util.internal.PlatformDependent0:76]-- java.nio.Bits.unaligned: true
[2015-10-26 10:59:27] [DEBUG] [io.netty.util.internal.PlatformDependent:76]-- Java version: 8
[2015-10-26 10:59:27] [DEBUG] [io.netty.util.internal.PlatformDependent:76]-- -Dio.netty.noUnsafe: false
[2015-10-26 10:59:27] [DEBUG] [io.netty.util.internal.PlatformDependent:76]-- sun.misc.Unsafe: available
[2015-10-26 10:59:27] [DEBUG] [io.netty.util.internal.PlatformDependent:76]-- -Dio.netty.noJavassist: false
[2015-10-26 10:59:27] [DEBUG] [io.netty.util.internal.PlatformDependent:71]-- Javassist: available
[2015-10-26 10:59:27] [DEBUG] [io.netty.util.internal.PlatformDependent:76]-- -Dio.netty.tmpdir: /var/folders/k1/bfwvf_dd14ggxvb58z56hl6r0000gn/T (java.io.tmpdir)
[2015-10-26 10:59:27] [DEBUG] [io.netty.util.internal.PlatformDependent:76]-- -Dio.netty.bitMode: 64 (sun.arch.data.model)
[2015-10-26 10:59:27] [DEBUG] [io.netty.util.internal.PlatformDependent:76]-- -Dio.netty.noPreferDirect: false
[2015-10-26 10:59:27] [DEBUG] [io.netty.channel.nio.NioEventLoop:76]-- -Dio.netty.noKeySetOptimization: false
[2015-10-26 10:59:27] [DEBUG] [io.netty.channel.nio.NioEventLoop:76]-- -Dio.netty.selectorAutoRebuildThreshold: 512
[2015-10-26 10:59:27] [DEBUG] [io.netty.channel.DefaultChannelId:76]-- -Dio.netty.processId: 775 (auto-detected)
[2015-10-26 10:59:27] [DEBUG] [io.netty.channel.DefaultChannelId:76]-- -Dio.netty.machineId: 10:40:f3:ff:fe:a9:36:64 (auto-detected)
[2015-10-26 10:59:27] [DEBUG] [io.netty.util.internal.ThreadLocalRandom:71]-- -Dio.netty.initialSeedUniquifier: 0x45c1ab3fda614381 (took 13 ms)
[2015-10-26 10:59:27] [DEBUG] [io.netty.buffer.PooledByteBufAllocator:76]-- -Dio.netty.allocator.numHeapArenas: 8
[2015-10-26 10:59:27] [DEBUG] [io.netty.buffer.PooledByteBufAllocator:76]-- -Dio.netty.allocator.numDirectArenas: 8
[2015-10-26 10:59:27] [DEBUG] [io.netty.buffer.PooledByteBufAllocator:76]-- -Dio.netty.allocator.pageSize: 8192
[2015-10-26 10:59:27] [DEBUG] [io.netty.buffer.PooledByteBufAllocator:76]-- -Dio.netty.allocator.maxOrder: 11
[2015-10-26 10:59:27] [DEBUG] [io.netty.buffer.PooledByteBufAllocator:76]-- -Dio.netty.allocator.chunkSize: 16777216
[2015-10-26 10:59:27] [DEBUG] [io.netty.buffer.PooledByteBufAllocator:76]-- -Dio.netty.allocator.tinyCacheSize: 512
[2015-10-26 10:59:27] [DEBUG] [io.netty.buffer.PooledByteBufAllocator:76]-- -Dio.netty.allocator.smallCacheSize: 256
[2015-10-26 10:59:27] [DEBUG] [io.netty.buffer.PooledByteBufAllocator:76]-- -Dio.netty.allocator.normalCacheSize: 64
[2015-10-26 10:59:27] [DEBUG] [io.netty.buffer.PooledByteBufAllocator:76]-- -Dio.netty.allocator.maxCachedBufferCapacity: 32768
[2015-10-26 10:59:27] [DEBUG] [io.netty.buffer.PooledByteBufAllocator:76]-- -Dio.netty.allocator.cacheTrimInterval: 8192
[2015-10-26 10:59:27] [DEBUG] [io.netty.buffer.ByteBufUtil:76]-- -Dio.netty.allocator.type: pooled
[2015-10-26 10:59:27] [DEBUG] [io.netty.buffer.ByteBufUtil:76]-- -Dio.netty.threadLocalDirectBufferSize: 65536
[2015-10-26 10:59:27] [DEBUG] [io.netty.util.NetUtil:86]-- Loopback interface: lo0 (lo0, 0:0:0:0:0:0:0:1)
[2015-10-26 10:59:27] [DEBUG] [io.netty.util.NetUtil:81]-- /proc/sys/net/core/somaxconn: 128 (non-existent)
[2015-10-26 10:59:27] [INFO ] [io.netty.handler.logging.LoggingHandler:101]-- [id: 0x4c5fb696] REGISTERED
[2015-10-26 10:59:27] [INFO ] [io.netty.handler.logging.LoggingHandler:101]-- [id: 0x4c5fb696] BIND: 0.0.0.0/0.0.0.0:12346
[2015-10-26 10:59:27] [INFO ] [io.netty.handler.logging.LoggingHandler:101]-- [id: 0x4c5fb696, /0:0:0:0:0:0:0:0:12346] ACTIVE
[2015-10-26 11:26:23] [INFO ] [com.avalon.core.AvalonEngine:557]-- /Users/zero/Documents/workspace/ExampleGateServer2
[2015-10-26 11:26:23] [INFO ] [com.avalon.component.ComponentRegistryImpl:425]-- Component add componentcom.avalon.io.netty.NettyServer@d35dea7
[2015-10-26 11:26:23] [INFO ] [com.avalon.component.ComponentRegistryImpl:425]-- Component add componentcom.avalon.core.AvalonProxy@5e5d171f
[2015-10-26 11:26:23] [INFO ] [com.avalon.io.netty.NettyServer:426]-- 初始化Netty 开始
[2015-10-26 11:26:23] [INFO ] [com.avalon.io.netty.NettyServer:458]-- 初始化Netty 线程启动
[2015-10-26 11:26:23] [DEBUG] [io.netty.util.internal.logging.InternalLoggerFactory:71]-- Using SLF4J as the default logging framework
[2015-10-26 11:26:23] [DEBUG] [io.netty.channel.MultithreadEventLoopGroup:76]-- -Dio.netty.eventLoopThreads: 16
[2015-10-26 11:26:23] [DEBUG] [io.netty.util.internal.PlatformDependent0:76]-- java.nio.Buffer.address: available
[2015-10-26 11:26:23] [DEBUG] [io.netty.util.internal.PlatformDependent0:76]-- sun.misc.Unsafe.theUnsafe: available
[2015-10-26 11:26:23] [DEBUG] [io.netty.util.internal.PlatformDependent0:71]-- sun.misc.Unsafe.copyMemory: available
[2015-10-26 11:26:23] [DEBUG] [io.netty.util.internal.PlatformDependent0:76]-- java.nio.Bits.unaligned: true
[2015-10-26 11:26:23] [DEBUG] [io.netty.util.internal.PlatformDependent:76]-- Java version: 8
[2015-10-26 11:26:23] [DEBUG] [io.netty.util.internal.PlatformDependent:76]-- -Dio.netty.noUnsafe: false
[2015-10-26 11:26:23] [DEBUG] [io.netty.util.internal.PlatformDependent:76]-- sun.misc.Unsafe: available
[2015-10-26 11:26:23] [DEBUG] [io.netty.util.internal.PlatformDependent:76]-- -Dio.netty.noJavassist: false
[2015-10-26 11:26:24] [DEBUG] [io.netty.util.internal.PlatformDependent:71]-- Javassist: available
[2015-10-26 11:26:24] [DEBUG] [io.netty.util.internal.PlatformDependent:76]-- -Dio.netty.tmpdir: /var/folders/k1/bfwvf_dd14ggxvb58z56hl6r0000gn/T (java.io.tmpdir)
[2015-10-26 11:26:24] [DEBUG] [io.netty.util.internal.PlatformDependent:76]-- -Dio.netty.bitMode: 64 (sun.arch.data.model)
[2015-10-26 11:26:24] [DEBUG] [io.netty.util.internal.PlatformDependent:76]-- -Dio.netty.noPreferDirect: false
[2015-10-26 11:26:24] [DEBUG] [io.netty.channel.nio.NioEventLoop:76]-- -Dio.netty.noKeySetOptimization: false
[2015-10-26 11:26:24] [DEBUG] [io.netty.channel.nio.NioEventLoop:76]-- -Dio.netty.selectorAutoRebuildThreshold: 512
[2015-10-26 11:26:24] [DEBUG] [io.netty.channel.DefaultChannelId:76]-- -Dio.netty.processId: 798 (auto-detected)
[2015-10-26 11:26:24] [DEBUG] [io.netty.channel.DefaultChannelId:76]-- -Dio.netty.machineId: 10:40:f3:ff:fe:a9:36:64 (auto-detected)
[2015-10-26 11:26:24] [DEBUG] [io.netty.util.internal.ThreadLocalRandom:71]-- -Dio.netty.initialSeedUniquifier: 0x1c732456e48a5605 (took 12 ms)
[2015-10-26 11:26:24] [DEBUG] [io.netty.buffer.PooledByteBufAllocator:76]-- -Dio.netty.allocator.numHeapArenas: 8
[2015-10-26 11:26:24] [DEBUG] [io.netty.buffer.PooledByteBufAllocator:76]-- -Dio.netty.allocator.numDirectArenas: 8
[2015-10-26 11:26:24] [DEBUG] [io.netty.buffer.PooledByteBufAllocator:76]-- -Dio.netty.allocator.pageSize: 8192
[2015-10-26 11:26:24] [DEBUG] [io.netty.buffer.PooledByteBufAllocator:76]-- -Dio.netty.allocator.maxOrder: 11
[2015-10-26 11:26:24] [DEBUG] [io.netty.buffer.PooledByteBufAllocator:76]-- -Dio.netty.allocator.chunkSize: 16777216
[2015-10-26 11:26:24] [DEBUG] [io.netty.buffer.PooledByteBufAllocator:76]-- -Dio.netty.allocator.tinyCacheSize: 512
[2015-10-26 11:26:24] [DEBUG] [io.netty.buffer.PooledByteBufAllocator:76]-- -Dio.netty.allocator.smallCacheSize: 256
[2015-10-26 11:26:24] [DEBUG] [io.netty.buffer.PooledByteBufAllocator:76]-- -Dio.netty.allocator.normalCacheSize: 64
[2015-10-26 11:26:24] [DEBUG] [io.netty.buffer.PooledByteBufAllocator:76]-- -Dio.netty.allocator.maxCachedBufferCapacity: 32768
[2015-10-26 11:26:24] [DEBUG] [io.netty.buffer.PooledByteBufAllocator:76]-- -Dio.netty.allocator.cacheTrimInterval: 8192
[2015-10-26 11:26:24] [DEBUG] [io.netty.buffer.ByteBufUtil:76]-- -Dio.netty.allocator.type: pooled
[2015-10-26 11:26:24] [DEBUG] [io.netty.buffer.ByteBufUtil:76]-- -Dio.netty.threadLocalDirectBufferSize: 65536
[2015-10-26 11:26:24] [DEBUG] [io.netty.util.NetUtil:86]-- Loopback interface: lo0 (lo0, 0:0:0:0:0:0:0:1)
[2015-10-26 11:26:24] [DEBUG] [io.netty.util.NetUtil:81]-- /proc/sys/net/core/somaxconn: 128 (non-existent)
[2015-10-26 11:26:24] [INFO ] [io.netty.handler.logging.LoggingHandler:101]-- [id: 0x7d191c82] REGISTERED
[2015-10-26 11:26:24] [INFO ] [io.netty.handler.logging.LoggingHandler:101]-- [id: 0x7d191c82] BIND: 0.0.0.0/0.0.0.0:12346
[2015-10-26 11:26:24] [INFO ] [io.netty.handler.logging.LoggingHandler:101]-- [id: 0x7d191c82, /0:0:0:0:0:0:0:0:12346] ACTIVE
[2015-10-26 11:29:33] [INFO ] [com.avalon.core.AvalonEngine:557]-- /Users/zero/Documents/workspace/ExampleGateServer2
[2015-10-26 11:29:33] [INFO ] [com.avalon.component.ComponentRegistryImpl:425]-- Component add componentcom.avalon.io.netty.NettyServer@d35dea7
[2015-10-26 11:29:33] [INFO ] [com.avalon.component.ComponentRegistryImpl:425]-- Component add componentcom.avalon.core.AvalonProxy@5e5d171f
[2015-10-26 11:29:33] [INFO ] [com.avalon.io.netty.NettyServer:426]-- 初始化Netty 开始
[2015-10-26 11:29:33] [INFO ] [com.avalon.io.netty.NettyServer:458]-- 初始化Netty 线程启动
[2015-10-26 11:29:33] [DEBUG] [io.netty.util.internal.logging.InternalLoggerFactory:71]-- Using SLF4J as the default logging framework
[2015-10-26 11:29:33] [DEBUG] [io.netty.channel.MultithreadEventLoopGroup:76]-- -Dio.netty.eventLoopThreads: 16
[2015-10-26 11:29:33] [DEBUG] [io.netty.util.internal.PlatformDependent0:76]-- java.nio.Buffer.address: available
[2015-10-26 11:29:33] [DEBUG] [io.netty.util.internal.PlatformDependent0:76]-- sun.misc.Unsafe.theUnsafe: available
[2015-10-26 11:29:33] [DEBUG] [io.netty.util.internal.PlatformDependent0:71]-- sun.misc.Unsafe.copyMemory: available
[2015-10-26 11:29:33] [DEBUG] [io.netty.util.internal.PlatformDependent0:76]-- java.nio.Bits.unaligned: true
[2015-10-26 11:29:33] [DEBUG] [io.netty.util.internal.PlatformDependent:76]-- Java version: 8
[2015-10-26 11:29:33] [DEBUG] [io.netty.util.internal.PlatformDependent:76]-- -Dio.netty.noUnsafe: false
[2015-10-26 11:29:33] [DEBUG] [io.netty.util.internal.PlatformDependent:76]-- sun.misc.Unsafe: available
[2015-10-26 11:29:33] [DEBUG] [io.netty.util.internal.PlatformDependent:76]-- -Dio.netty.noJavassist: false
[2015-10-26 11:29:33] [DEBUG] [io.netty.util.internal.PlatformDependent:71]-- Javassist: available
[2015-10-26 11:29:33] [DEBUG] [io.netty.util.internal.PlatformDependent:76]-- -Dio.netty.tmpdir: /var/folders/k1/bfwvf_dd14ggxvb58z56hl6r0000gn/T (java.io.tmpdir)
[2015-10-26 11:29:33] [DEBUG] [io.netty.util.internal.PlatformDependent:76]-- -Dio.netty.bitMode: 64 (sun.arch.data.model)
[2015-10-26 11:29:33] [DEBUG] [io.netty.util.internal.PlatformDependent:76]-- -Dio.netty.noPreferDirect: false
[2015-10-26 11:29:33] [DEBUG] [io.netty.channel.nio.NioEventLoop:76]-- -Dio.netty.noKeySetOptimization: false
[2015-10-26 11:29:33] [DEBUG] [io.netty.channel.nio.NioEventLoop:76]-- -Dio.netty.selectorAutoRebuildThreshold: 512
[2015-10-26 11:29:33] [DEBUG] [io.netty.channel.DefaultChannelId:76]-- -Dio.netty.processId: 801 (auto-detected)
[2015-10-26 11:29:33] [DEBUG] [io.netty.channel.DefaultChannelId:76]-- -Dio.netty.machineId: 10:40:f3:ff:fe:a9:36:64 (auto-detected)
[2015-10-26 11:29:33] [DEBUG] [io.netty.util.internal.ThreadLocalRandom:71]-- -Dio.netty.initialSeedUniquifier: 0x514cfa2287a792b3 (took 12 ms)
[2015-10-26 11:29:33] [DEBUG] [io.netty.buffer.PooledByteBufAllocator:76]-- -Dio.netty.allocator.numHeapArenas: 8
[2015-10-26 11:29:33] [DEBUG] [io.netty.buffer.PooledByteBufAllocator:76]-- -Dio.netty.allocator.numDirectArenas: 8
[2015-10-26 11:29:33] [DEBUG] [io.netty.buffer.PooledByteBufAllocator:76]-- -Dio.netty.allocator.pageSize: 8192
[2015-10-26 11:29:33] [DEBUG] [io.netty.buffer.PooledByteBufAllocator:76]-- -Dio.netty.allocator.maxOrder: 11
[2015-10-26 11:29:33] [DEBUG] [io.netty.buffer.PooledByteBufAllocator:76]-- -Dio.netty.allocator.chunkSize: 16777216
[2015-10-26 11:29:33] [DEBUG] [io.netty.buffer.PooledByteBufAllocator:76]-- -Dio.netty.allocator.tinyCacheSize: 512
[2015-10-26 11:29:33] [DEBUG] [io.netty.buffer.PooledByteBufAllocator:76]-- -Dio.netty.allocator.smallCacheSize: 256
[2015-10-26 11:29:33] [DEBUG] [io.netty.buffer.PooledByteBufAllocator:76]-- -Dio.netty.allocator.normalCacheSize: 64
[2015-10-26 11:29:33] [DEBUG] [io.netty.buffer.PooledByteBufAllocator:76]-- -Dio.netty.allocator.maxCachedBufferCapacity: 32768
[2015-10-26 11:29:33] [DEBUG] [io.netty.buffer.PooledByteBufAllocator:76]-- -Dio.netty.allocator.cacheTrimInterval: 8192
[2015-10-26 11:29:33] [DEBUG] [io.netty.buffer.ByteBufUtil:76]-- -Dio.netty.allocator.type: pooled
[2015-10-26 11:29:33] [DEBUG] [io.netty.buffer.ByteBufUtil:76]-- -Dio.netty.threadLocalDirectBufferSize: 65536
[2015-10-26 11:29:33] [DEBUG] [io.netty.util.NetUtil:86]-- Loopback interface: lo0 (lo0, 0:0:0:0:0:0:0:1)
[2015-10-26 11:29:33] [DEBUG] [io.netty.util.NetUtil:81]-- /proc/sys/net/core/somaxconn: 128 (non-existent)
[2015-10-26 11:29:33] [INFO ] [io.netty.handler.logging.LoggingHandler:101]-- [id: 0x97e008d3] REGISTERED
[2015-10-26 11:29:33] [INFO ] [io.netty.handler.logging.LoggingHandler:101]-- [id: 0x97e008d3] BIND: 0.0.0.0/0.0.0.0:12346
[2015-10-26 11:29:33] [INFO ] [io.netty.handler.logging.LoggingHandler:101]-- [id: 0x97e008d3, /0:0:0:0:0:0:0:0:12346] ACTIVE
[2015-10-26 11:39:29] [INFO ] [com.avalon.core.AvalonEngine:557]-- /Users/zero/Documents/workspace/ExampleGateServer2
[2015-10-26 11:39:29] [INFO ] [com.avalon.component.ComponentRegistryImpl:425]-- Component add componentcom.avalon.io.netty.NettyServer@d35dea7
[2015-10-26 11:39:29] [INFO ] [com.avalon.component.ComponentRegistryImpl:425]-- Component add componentcom.avalon.core.AvalonProxy@5e5d171f
[2015-10-26 11:39:29] [INFO ] [com.avalon.io.netty.NettyServer:426]-- 初始化Netty 开始
[2015-10-26 11:39:29] [INFO ] [com.avalon.io.netty.NettyServer:458]-- 初始化Netty 线程启动
[2015-10-26 11:39:29] [DEBUG] [io.netty.util.internal.logging.InternalLoggerFactory:71]-- Using SLF4J as the default logging framework
[2015-10-26 11:39:29] [DEBUG] [io.netty.channel.MultithreadEventLoopGroup:76]-- -Dio.netty.eventLoopThreads: 16
[2015-10-26 11:39:29] [DEBUG] [io.netty.util.internal.PlatformDependent0:76]-- java.nio.Buffer.address: available
[2015-10-26 11:39:29] [DEBUG] [io.netty.util.internal.PlatformDependent0:76]-- sun.misc.Unsafe.theUnsafe: available
[2015-10-26 11:39:29] [DEBUG] [io.netty.util.internal.PlatformDependent0:71]-- sun.misc.Unsafe.copyMemory: available
[2015-10-26 11:39:29] [DEBUG] [io.netty.util.internal.PlatformDependent0:76]-- java.nio.Bits.unaligned: true
[2015-10-26 11:39:29] [DEBUG] [io.netty.util.internal.PlatformDependent:76]-- Java version: 8
[2015-10-26 11:39:29] [DEBUG] [io.netty.util.internal.PlatformDependent:76]-- -Dio.netty.noUnsafe: false
[2015-10-26 11:39:29] [DEBUG] [io.netty.util.internal.PlatformDependent:76]-- sun.misc.Unsafe: available
[2015-10-26 11:39:29] [DEBUG] [io.netty.util.internal.PlatformDependent:76]-- -Dio.netty.noJavassist: false
[2015-10-26 11:39:29] [DEBUG] [io.netty.util.internal.PlatformDependent:71]-- Javassist: available
[2015-10-26 11:39:29] [DEBUG] [io.netty.util.internal.PlatformDependent:76]-- -Dio.netty.tmpdir: /var/folders/k1/bfwvf_dd14ggxvb58z56hl6r0000gn/T (java.io.tmpdir)
[2015-10-26 11:39:29] [DEBUG] [io.netty.util.internal.PlatformDependent:76]-- -Dio.netty.bitMode: 64 (sun.arch.data.model)
[2015-10-26 11:39:29] [DEBUG] [io.netty.util.internal.PlatformDependent:76]-- -Dio.netty.noPreferDirect: false
[2015-10-26 11:39:29] [DEBUG] [io.netty.channel.nio.NioEventLoop:76]-- -Dio.netty.noKeySetOptimization: false
[2015-10-26 11:39:29] [DEBUG] [io.netty.channel.nio.NioEventLoop:76]-- -Dio.netty.selectorAutoRebuildThreshold: 512
[2015-10-26 11:39:29] [DEBUG] [io.netty.channel.DefaultChannelId:76]-- -Dio.netty.processId: 808 (auto-detected)
[2015-10-26 11:39:29] [DEBUG] [io.netty.channel.DefaultChannelId:76]-- -Dio.netty.machineId: 10:40:f3:ff:fe:a9:36:64 (auto-detected)
[2015-10-26 11:39:29] [DEBUG] [io.netty.util.internal.ThreadLocalRandom:71]-- -Dio.netty.initialSeedUniquifier: 0x3cff128cf7a3e039 (took 12 ms)
[2015-10-26 11:39:29] [DEBUG] [io.netty.buffer.PooledByteBufAllocator:76]-- -Dio.netty.allocator.numHeapArenas: 8
[2015-10-26 11:39:29] [DEBUG] [io.netty.buffer.PooledByteBufAllocator:76]-- -Dio.netty.allocator.numDirectArenas: 8
[2015-10-26 11:39:29] [DEBUG] [io.netty.buffer.PooledByteBufAllocator:76]-- -Dio.netty.allocator.pageSize: 8192
[2015-10-26 11:39:29] [DEBUG] [io.netty.buffer.PooledByteBufAllocator:76]-- -Dio.netty.allocator.maxOrder: 11
[2015-10-26 11:39:29] [DEBUG] [io.netty.buffer.PooledByteBufAllocator:76]-- -Dio.netty.allocator.chunkSize: 16777216
[2015-10-26 11:39:29] [DEBUG] [io.netty.buffer.PooledByteBufAllocator:76]-- -Dio.netty.allocator.tinyCacheSize: 512
[2015-10-26 11:39:29] [DEBUG] [io.netty.buffer.PooledByteBufAllocator:76]-- -Dio.netty.allocator.smallCacheSize: 256
[2015-10-26 11:39:29] [DEBUG] [io.netty.buffer.PooledByteBufAllocator:76]-- -Dio.netty.allocator.normalCacheSize: 64
[2015-10-26 11:39:29] [DEBUG] [io.netty.buffer.PooledByteBufAllocator:76]-- -Dio.netty.allocator.maxCachedBufferCapacity: 32768
[2015-10-26 11:39:29] [DEBUG] [io.netty.buffer.PooledByteBufAllocator:76]-- -Dio.netty.allocator.cacheTrimInterval: 8192
[2015-10-26 11:39:29] [DEBUG] [io.netty.buffer.ByteBufUtil:76]-- -Dio.netty.allocator.type: pooled
[2015-10-26 11:39:29] [DEBUG] [io.netty.buffer.ByteBufUtil:76]-- -Dio.netty.threadLocalDirectBufferSize: 65536
[2015-10-26 11:39:29] [DEBUG] [io.netty.util.NetUtil:86]-- Loopback interface: lo0 (lo0, 0:0:0:0:0:0:0:1)
[2015-10-26 11:39:29] [DEBUG] [io.netty.util.NetUtil:81]-- /proc/sys/net/core/somaxconn: 128 (non-existent)
[2015-10-26 11:39:29] [INFO ] [io.netty.handler.logging.LoggingHandler:101]-- [id: 0x7f7430b1] REGISTERED
[2015-10-26 11:39:29] [INFO ] [io.netty.handler.logging.LoggingHandler:101]-- [id: 0x7f7430b1] BIND: 0.0.0.0/0.0.0.0:12346
[2015-10-26 11:39:29] [INFO ] [io.netty.handler.logging.LoggingHandler:101]-- [id: 0x7f7430b1, /0:0:0:0:0:0:0:0:12346] ACTIVE
[2015-10-26 11:46:00] [INFO ] [com.avalon.core.AvalonEngine:557]-- /Users/zero/Documents/workspace/ExampleGateServer2
[2015-10-26 11:46:00] [INFO ] [com.avalon.component.ComponentRegistryImpl:425]-- Component add componentcom.avalon.io.netty.NettyServer@d35dea7
[2015-10-26 11:46:00] [INFO ] [com.avalon.component.ComponentRegistryImpl:425]-- Component add componentcom.avalon.core.AvalonProxy@5e5d171f
[2015-10-26 11:46:00] [INFO ] [com.avalon.io.netty.NettyServer:426]-- 初始化Netty 开始
[2015-10-26 11:46:00] [INFO ] [com.avalon.io.netty.NettyServer:458]-- 初始化Netty 线程启动
[2015-10-26 11:46:00] [DEBUG] [io.netty.util.internal.logging.InternalLoggerFactory:71]-- Using SLF4J as the default logging framework
[2015-10-26 11:46:00] [DEBUG] [io.netty.channel.MultithreadEventLoopGroup:76]-- -Dio.netty.eventLoopThreads: 16
[2015-10-26 11:46:00] [DEBUG] [io.netty.util.internal.PlatformDependent0:76]-- java.nio.Buffer.address: available
[2015-10-26 11:46:00] [DEBUG] [io.netty.util.internal.PlatformDependent0:76]-- sun.misc.Unsafe.theUnsafe: available
[2015-10-26 11:46:00] [DEBUG] [io.netty.util.internal.PlatformDependent0:71]-- sun.misc.Unsafe.copyMemory: available
[2015-10-26 11:46:00] [DEBUG] [io.netty.util.internal.PlatformDependent0:76]-- java.nio.Bits.unaligned: true
[2015-10-26 11:46:00] [DEBUG] [io.netty.util.internal.PlatformDependent:76]-- Java version: 8
[2015-10-26 11:46:00] [DEBUG] [io.netty.util.internal.PlatformDependent:76]-- -Dio.netty.noUnsafe: false
[2015-10-26 11:46:00] [DEBUG] [io.netty.util.internal.PlatformDependent:76]-- sun.misc.Unsafe: available
[2015-10-26 11:46:00] [DEBUG] [io.netty.util.internal.PlatformDependent:76]-- -Dio.netty.noJavassist: false
[2015-10-26 11:46:00] [DEBUG] [io.netty.util.internal.PlatformDependent:71]-- Javassist: available
[2015-10-26 11:46:00] [DEBUG] [io.netty.util.internal.PlatformDependent:76]-- -Dio.netty.tmpdir: /var/folders/k1/bfwvf_dd14ggxvb58z56hl6r0000gn/T (java.io.tmpdir)
[2015-10-26 11:46:00] [DEBUG] [io.netty.util.internal.PlatformDependent:76]-- -Dio.netty.bitMode: 64 (sun.arch.data.model)
[2015-10-26 11:46:00] [DEBUG] [io.netty.util.internal.PlatformDependent:76]-- -Dio.netty.noPreferDirect: false
[2015-10-26 11:46:00] [DEBUG] [io.netty.channel.nio.NioEventLoop:76]-- -Dio.netty.noKeySetOptimization: false
[2015-10-26 11:46:00] [DEBUG] [io.netty.channel.nio.NioEventLoop:76]-- -Dio.netty.selectorAutoRebuildThreshold: 512
[2015-10-26 11:46:00] [DEBUG] [io.netty.channel.DefaultChannelId:76]-- -Dio.netty.processId: 810 (auto-detected)
[2015-10-26 11:46:00] [DEBUG] [io.netty.channel.DefaultChannelId:76]-- -Dio.netty.machineId: 10:40:f3:ff:fe:a9:36:64 (auto-detected)
[2015-10-26 11:46:00] [DEBUG] [io.netty.util.internal.ThreadLocalRandom:71]-- -Dio.netty.initialSeedUniquifier: 0x86edfde9ee9823e2 (took 12 ms)
[2015-10-26 11:46:00] [DEBUG] [io.netty.buffer.PooledByteBufAllocator:76]-- -Dio.netty.allocator.numHeapArenas: 8
[2015-10-26 11:46:00] [DEBUG] [io.netty.buffer.PooledByteBufAllocator:76]-- -Dio.netty.allocator.numDirectArenas: 8
[2015-10-26 11:46:00] [DEBUG] [io.netty.buffer.PooledByteBufAllocator:76]-- -Dio.netty.allocator.pageSize: 8192
[2015-10-26 11:46:00] [DEBUG] [io.netty.buffer.PooledByteBufAllocator:76]-- -Dio.netty.allocator.maxOrder: 11
[2015-10-26 11:46:00] [DEBUG] [io.netty.buffer.PooledByteBufAllocator:76]-- -Dio.netty.allocator.chunkSize: 16777216
[2015-10-26 11:46:00] [DEBUG] [io.netty.buffer.PooledByteBufAllocator:76]-- -Dio.netty.allocator.tinyCacheSize: 512
[2015-10-26 11:46:00] [DEBUG] [io.netty.buffer.PooledByteBufAllocator:76]-- -Dio.netty.allocator.smallCacheSize: 256
[2015-10-26 11:46:00] [DEBUG] [io.netty.buffer.PooledByteBufAllocator:76]-- -Dio.netty.allocator.normalCacheSize: 64
[2015-10-26 11:46:00] [DEBUG] [io.netty.buffer.PooledByteBufAllocator:76]-- -Dio.netty.allocator.maxCachedBufferCapacity: 32768
[2015-10-26 11:46:00] [DEBUG] [io.netty.buffer.PooledByteBufAllocator:76]-- -Dio.netty.allocator.cacheTrimInterval: 8192
[2015-10-26 11:46:00] [DEBUG] [io.netty.buffer.ByteBufUtil:76]-- -Dio.netty.allocator.type: pooled
[2015-10-26 11:46:00] [DEBUG] [io.netty.buffer.ByteBufUtil:76]-- -Dio.netty.threadLocalDirectBufferSize: 65536
[2015-10-26 11:46:00] [DEBUG] [io.netty.util.NetUtil:86]-- Loopback interface: lo0 (lo0, 0:0:0:0:0:0:0:1)
[2015-10-26 11:46:00] [DEBUG] [io.netty.util.NetUtil:81]-- /proc/sys/net/core/somaxconn: 128 (non-existent)
[2015-10-26 11:46:00] [INFO ] [io.netty.handler.logging.LoggingHandler:101]-- [id: 0x0438fd7e] REGISTERED
[2015-10-26 11:46:00] [INFO ] [io.netty.handler.logging.LoggingHandler:101]-- [id: 0x0438fd7e] BIND: 0.0.0.0/0.0.0.0:12346
[2015-10-26 11:46:00] [INFO ] [io.netty.handler.logging.LoggingHandler:101]-- [id: 0x0438fd7e, /0:0:0:0:0:0:0:0:12346] ACTIVE
[2015-10-26 11:47:29] [INFO ] [com.avalon.core.AvalonEngine:557]-- /Users/zero/Documents/workspace/ExampleGateServer2
[2015-10-26 11:47:29] [INFO ] [com.avalon.component.ComponentRegistryImpl:425]-- Component add componentcom.avalon.io.netty.NettyServer@d35dea7
[2015-10-26 11:47:29] [INFO ] [com.avalon.component.ComponentRegistryImpl:425]-- Component add componentcom.avalon.core.AvalonProxy@5e5d171f
[2015-10-26 11:47:29] [INFO ] [com.avalon.io.netty.NettyServer:426]-- 初始化Netty 开始
[2015-10-26 11:47:29] [INFO ] [com.avalon.io.netty.NettyServer:458]-- 初始化Netty 线程启动
[2015-10-26 11:47:29] [DEBUG] [io.netty.util.internal.logging.InternalLoggerFactory:71]-- Using SLF4J as the default logging framework
[2015-10-26 11:47:29] [DEBUG] [io.netty.channel.MultithreadEventLoopGroup:76]-- -Dio.netty.eventLoopThreads: 16
[2015-10-26 11:47:29] [DEBUG] [io.netty.util.internal.PlatformDependent0:76]-- java.nio.Buffer.address: available
[2015-10-26 11:47:29] [DEBUG] [io.netty.util.internal.PlatformDependent0:76]-- sun.misc.Unsafe.theUnsafe: available
[2015-10-26 11:47:29] [DEBUG] [io.netty.util.internal.PlatformDependent0:71]-- sun.misc.Unsafe.copyMemory: available
[2015-10-26 11:47:29] [DEBUG] [io.netty.util.internal.PlatformDependent0:76]-- java.nio.Bits.unaligned: true
[2015-10-26 11:47:29] [DEBUG] [io.netty.util.internal.PlatformDependent:76]-- Java version: 8
[2015-10-26 11:47:29] [DEBUG] [io.netty.util.internal.PlatformDependent:76]-- -Dio.netty.noUnsafe: false
[2015-10-26 11:47:29] [DEBUG] [io.netty.util.internal.PlatformDependent:76]-- sun.misc.Unsafe: available
[2015-10-26 11:47:29] [DEBUG] [io.netty.util.internal.PlatformDependent:76]-- -Dio.netty.noJavassist: false
[2015-10-26 11:47:29] [DEBUG] [io.netty.util.internal.PlatformDependent:71]-- Javassist: available
[2015-10-26 11:47:29] [DEBUG] [io.netty.util.internal.PlatformDependent:76]-- -Dio.netty.tmpdir: /var/folders/k1/bfwvf_dd14ggxvb58z56hl6r0000gn/T (java.io.tmpdir)
[2015-10-26 11:47:29] [DEBUG] [io.netty.util.internal.PlatformDependent:76]-- -Dio.netty.bitMode: 64 (sun.arch.data.model)
[2015-10-26 11:47:29] [DEBUG] [io.netty.util.internal.PlatformDependent:76]-- -Dio.netty.noPreferDirect: false
[2015-10-26 11:47:29] [DEBUG] [io.netty.channel.nio.NioEventLoop:76]-- -Dio.netty.noKeySetOptimization: false
[2015-10-26 11:47:29] [DEBUG] [io.netty.channel.nio.NioEventLoop:76]-- -Dio.netty.selectorAutoRebuildThreshold: 512
[2015-10-26 11:47:29] [DEBUG] [io.netty.channel.DefaultChannelId:76]-- -Dio.netty.processId: 812 (auto-detected)
[2015-10-26 11:47:29] [DEBUG] [io.netty.channel.DefaultChannelId:76]-- -Dio.netty.machineId: 10:40:f3:ff:fe:a9:36:64 (auto-detected)
[2015-10-26 11:47:29] [DEBUG] [io.netty.util.internal.ThreadLocalRandom:71]-- -Dio.netty.initialSeedUniquifier: 0x250fee3784addfd7 (took 13 ms)
[2015-10-26 11:47:29] [DEBUG] [io.netty.buffer.PooledByteBufAllocator:76]-- -Dio.netty.allocator.numHeapArenas: 8
[2015-10-26 11:47:29] [DEBUG] [io.netty.buffer.PooledByteBufAllocator:76]-- -Dio.netty.allocator.numDirectArenas: 8
[2015-10-26 11:47:29] [DEBUG] [io.netty.buffer.PooledByteBufAllocator:76]-- -Dio.netty.allocator.pageSize: 8192
[2015-10-26 11:47:29] [DEBUG] [io.netty.buffer.PooledByteBufAllocator:76]-- -Dio.netty.allocator.maxOrder: 11
[2015-10-26 11:47:29] [DEBUG] [io.netty.buffer.PooledByteBufAllocator:76]-- -Dio.netty.allocator.chunkSize: 16777216
[2015-10-26 11:47:29] [DEBUG] [io.netty.buffer.PooledByteBufAllocator:76]-- -Dio.netty.allocator.tinyCacheSize: 512
[2015-10-26 11:47:29] [DEBUG] [io.netty.buffer.PooledByteBufAllocator:76]-- -Dio.netty.allocator.smallCacheSize: 256
[2015-10-26 11:47:29] [DEBUG] [io.netty.buffer.PooledByteBufAllocator:76]-- -Dio.netty.allocator.normalCacheSize: 64
[2015-10-26 11:47:29] [DEBUG] [io.netty.buffer.PooledByteBufAllocator:76]-- -Dio.netty.allocator.maxCachedBufferCapacity: 32768
[2015-10-26 11:47:29] [DEBUG] [io.netty.buffer.PooledByteBufAllocator:76]-- -Dio.netty.allocator.cacheTrimInterval: 8192
[2015-10-26 11:47:29] [DEBUG] [io.netty.buffer.ByteBufUtil:76]-- -Dio.netty.allocator.type: pooled
[2015-10-26 11:47:29] [DEBUG] [io.netty.buffer.ByteBufUtil:76]-- -Dio.netty.threadLocalDirectBufferSize: 65536
[2015-10-26 11:47:29] [DEBUG] [io.netty.util.NetUtil:86]-- Loopback interface: lo0 (lo0, 0:0:0:0:0:0:0:1)
[2015-10-26 11:47:29] [DEBUG] [io.netty.util.NetUtil:81]-- /proc/sys/net/core/somaxconn: 128 (non-existent)
[2015-10-26 11:47:29] [INFO ] [io.netty.handler.logging.LoggingHandler:101]-- [id: 0x075e10c0] REGISTERED
[2015-10-26 11:47:29] [INFO ] [io.netty.handler.logging.LoggingHandler:101]-- [id: 0x075e10c0] BIND: 0.0.0.0/0.0.0.0:12346
[2015-10-26 11:47:29] [INFO ] [io.netty.handler.logging.LoggingHandler:101]-- [id: 0x075e10c0, /0:0:0:0:0:0:0:0:12346] ACTIVE
[2015-10-26 11:52:55] [INFO ] [com.avalon.core.AvalonEngine:557]-- /Users/zero/Documents/workspace/ExampleGateServer2
[2015-10-26 11:52:55] [INFO ] [com.avalon.component.ComponentRegistryImpl:425]-- Component add componentcom.avalon.io.netty.NettyServer@d35dea7
[2015-10-26 11:52:55] [INFO ] [com.avalon.component.ComponentRegistryImpl:425]-- Component add componentcom.avalon.core.AvalonProxy@5e5d171f
[2015-10-26 11:52:55] [INFO ] [com.avalon.io.netty.NettyServer:426]-- 初始化Netty 开始
[2015-10-26 11:52:55] [INFO ] [com.avalon.io.netty.NettyServer:458]-- 初始化Netty 线程启动
[2015-10-26 11:52:55] [DEBUG] [io.netty.util.internal.logging.InternalLoggerFactory:71]-- Using SLF4J as the default logging framework
[2015-10-26 11:52:55] [DEBUG] [io.netty.channel.MultithreadEventLoopGroup:76]-- -Dio.netty.eventLoopThreads: 16
[2015-10-26 11:52:56] [DEBUG] [io.netty.util.internal.PlatformDependent0:76]-- java.nio.Buffer.address: available
[2015-10-26 11:52:56] [DEBUG] [io.netty.util.internal.PlatformDependent0:76]-- sun.misc.Unsafe.theUnsafe: available
[2015-10-26 11:52:56] [DEBUG] [io.netty.util.internal.PlatformDependent0:71]-- sun.misc.Unsafe.copyMemory: available
[2015-10-26 11:52:56] [DEBUG] [io.netty.util.internal.PlatformDependent0:76]-- java.nio.Bits.unaligned: true
[2015-10-26 11:52:56] [DEBUG] [io.netty.util.internal.PlatformDependent:76]-- Java version: 8
[2015-10-26 11:52:56] [DEBUG] [io.netty.util.internal.PlatformDependent:76]-- -Dio.netty.noUnsafe: false
[2015-10-26 11:52:56] [DEBUG] [io.netty.util.internal.PlatformDependent:76]-- sun.misc.Unsafe: available
[2015-10-26 11:52:56] [DEBUG] [io.netty.util.internal.PlatformDependent:76]-- -Dio.netty.noJavassist: false
[2015-10-26 11:52:56] [DEBUG] [io.netty.util.internal.PlatformDependent:71]-- Javassist: available
[2015-10-26 11:52:56] [DEBUG] [io.netty.util.internal.PlatformDependent:76]-- -Dio.netty.tmpdir: /var/folders/k1/bfwvf_dd14ggxvb58z56hl6r0000gn/T (java.io.tmpdir)
[2015-10-26 11:52:56] [DEBUG] [io.netty.util.internal.PlatformDependent:76]-- -Dio.netty.bitMode: 64 (sun.arch.data.model)
[2015-10-26 11:52:56] [DEBUG] [io.netty.util.internal.PlatformDependent:76]-- -Dio.netty.noPreferDirect: false
[2015-10-26 11:52:56] [DEBUG] [io.netty.channel.nio.NioEventLoop:76]-- -Dio.netty.noKeySetOptimization: false
[2015-10-26 11:52:56] [DEBUG] [io.netty.channel.nio.NioEventLoop:76]-- -Dio.netty.selectorAutoRebuildThreshold: 512
[2015-10-26 11:52:56] [DEBUG] [io.netty.channel.DefaultChannelId:76]-- -Dio.netty.processId: 823 (auto-detected)
[2015-10-26 11:52:56] [DEBUG] [io.netty.channel.DefaultChannelId:76]-- -Dio.netty.machineId: 10:40:f3:ff:fe:a9:36:64 (auto-detected)
[2015-10-26 11:52:56] [DEBUG] [io.netty.util.internal.ThreadLocalRandom:71]-- -Dio.netty.initialSeedUniquifier: 0x6b09887c3b7f5244 (took 15 ms)
[2015-10-26 11:52:56] [DEBUG] [io.netty.buffer.PooledByteBufAllocator:76]-- -Dio.netty.allocator.numHeapArenas: 8
[2015-10-26 11:52:56] [DEBUG] [io.netty.buffer.PooledByteBufAllocator:76]-- -Dio.netty.allocator.numDirectArenas: 8
[2015-10-26 11:52:56] [DEBUG] [io.netty.buffer.PooledByteBufAllocator:76]-- -Dio.netty.allocator.pageSize: 8192
[2015-10-26 11:52:56] [DEBUG] [io.netty.buffer.PooledByteBufAllocator:76]-- -Dio.netty.allocator.maxOrder: 11
[2015-10-26 11:52:56] [DEBUG] [io.netty.buffer.PooledByteBufAllocator:76]-- -Dio.netty.allocator.chunkSize: 16777216
[2015-10-26 11:52:56] [DEBUG] [io.netty.buffer.PooledByteBufAllocator:76]-- -Dio.netty.allocator.tinyCacheSize: 512
[2015-10-26 11:52:56] [DEBUG] [io.netty.buffer.PooledByteBufAllocator:76]-- -Dio.netty.allocator.smallCacheSize: 256
[2015-10-26 11:52:56] [DEBUG] [io.netty.buffer.PooledByteBufAllocator:76]-- -Dio.netty.allocator.normalCacheSize: 64
[2015-10-26 11:52:56] [DEBUG] [io.netty.buffer.PooledByteBufAllocator:76]-- -Dio.netty.allocator.maxCachedBufferCapacity: 32768
[2015-10-26 11:52:56] [DEBUG] [io.netty.buffer.PooledByteBufAllocator:76]-- -Dio.netty.allocator.cacheTrimInterval: 8192
[2015-10-26 11:52:56] [DEBUG] [io.netty.buffer.ByteBufUtil:76]-- -Dio.netty.allocator.type: pooled
[2015-10-26 11:52:56] [DEBUG] [io.netty.buffer.ByteBufUtil:76]-- -Dio.netty.threadLocalDirectBufferSize: 65536
[2015-10-26 11:52:56] [DEBUG] [io.netty.util.NetUtil:86]-- Loopback interface: lo0 (lo0, 0:0:0:0:0:0:0:1)
[2015-10-26 11:52:56] [DEBUG] [io.netty.util.NetUtil:81]-- /proc/sys/net/core/somaxconn: 128 (non-existent)
[2015-10-26 11:52:56] [INFO ] [io.netty.handler.logging.LoggingHandler:101]-- [id: 0x2dfcebb0] REGISTERED
[2015-10-26 11:52:56] [INFO ] [io.netty.handler.logging.LoggingHandler:101]-- [id: 0x2dfcebb0] BIND: 0.0.0.0/0.0.0.0:12346
[2015-10-26 11:52:56] [INFO ] [io.netty.handler.logging.LoggingHandler:101]-- [id: 0x2dfcebb0, /0:0:0:0:0:0:0:0:12346] ACTIVE
[2015-10-26 11:56:41] [INFO ] [com.avalon.core.AvalonEngine:557]-- /Users/zero/Documents/workspace/ExampleGateServer2
[2015-10-26 11:56:41] [INFO ] [com.avalon.component.ComponentRegistryImpl:425]-- Component add componentcom.avalon.io.netty.NettyServer@d35dea7
[2015-10-26 11:56:41] [INFO ] [com.avalon.component.ComponentRegistryImpl:425]-- Component add componentcom.avalon.core.AvalonProxy@5e5d171f
[2015-10-26 11:56:41] [INFO ] [com.avalon.io.netty.NettyServer:426]-- 初始化Netty 开始
[2015-10-26 11:56:41] [INFO ] [com.avalon.io.netty.NettyServer:458]-- 初始化Netty 线程启动
[2015-10-26 11:56:41] [DEBUG] [io.netty.util.internal.logging.InternalLoggerFactory:71]-- Using SLF4J as the default logging framework
[2015-10-26 11:56:41] [DEBUG] [io.netty.channel.MultithreadEventLoopGroup:76]-- -Dio.netty.eventLoopThreads: 16
[2015-10-26 11:56:41] [DEBUG] [io.netty.util.internal.PlatformDependent0:76]-- java.nio.Buffer.address: available
[2015-10-26 11:56:41] [DEBUG] [io.netty.util.internal.PlatformDependent0:76]-- sun.misc.Unsafe.theUnsafe: available
[2015-10-26 11:56:41] [DEBUG] [io.netty.util.internal.PlatformDependent0:71]-- sun.misc.Unsafe.copyMemory: available
[2015-10-26 11:56:41] [DEBUG] [io.netty.util.internal.PlatformDependent0:76]-- java.nio.Bits.unaligned: true
[2015-10-26 11:56:41] [DEBUG] [io.netty.util.internal.PlatformDependent:76]-- Java version: 8
[2015-10-26 11:56:41] [DEBUG] [io.netty.util.internal.PlatformDependent:76]-- -Dio.netty.noUnsafe: false
[2015-10-26 11:56:41] [DEBUG] [io.netty.util.internal.PlatformDependent:76]-- sun.misc.Unsafe: available
[2015-10-26 11:56:41] [DEBUG] [io.netty.util.internal.PlatformDependent:76]-- -Dio.netty.noJavassist: false
[2015-10-26 11:56:41] [DEBUG] [io.netty.util.internal.PlatformDependent:71]-- Javassist: available
[2015-10-26 11:56:41] [DEBUG] [io.netty.util.internal.PlatformDependent:76]-- -Dio.netty.tmpdir: /var/folders/k1/bfwvf_dd14ggxvb58z56hl6r0000gn/T (java.io.tmpdir)
[2015-10-26 11:56:41] [DEBUG] [io.netty.util.internal.PlatformDependent:76]-- -Dio.netty.bitMode: 64 (sun.arch.data.model)
[2015-10-26 11:56:41] [DEBUG] [io.netty.util.internal.PlatformDependent:76]-- -Dio.netty.noPreferDirect: false
[2015-10-26 11:56:41] [DEBUG] [io.netty.channel.nio.NioEventLoop:76]-- -Dio.netty.noKeySetOptimization: false
[2015-10-26 11:56:41] [DEBUG] [io.netty.channel.nio.NioEventLoop:76]-- -Dio.netty.selectorAutoRebuildThreshold: 512
[2015-10-26 11:56:41] [DEBUG] [io.netty.channel.DefaultChannelId:76]-- -Dio.netty.processId: 825 (auto-detected)
[2015-10-26 11:56:41] [DEBUG] [io.netty.channel.DefaultChannelId:76]-- -Dio.netty.machineId: 10:40:f3:ff:fe:a9:36:64 (auto-detected)
[2015-10-26 11:56:41] [DEBUG] [io.netty.util.internal.ThreadLocalRandom:71]-- -Dio.netty.initialSeedUniquifier: 0x4c352dfd3360a9cc (took 13 ms)
[2015-10-26 11:56:41] [DEBUG] [io.netty.buffer.PooledByteBufAllocator:76]-- -Dio.netty.allocator.numHeapArenas: 8
[2015-10-26 11:56:41] [DEBUG] [io.netty.buffer.PooledByteBufAllocator:76]-- -Dio.netty.allocator.numDirectArenas: 8
[2015-10-26 11:56:41] [DEBUG] [io.netty.buffer.PooledByteBufAllocator:76]-- -Dio.netty.allocator.pageSize: 8192
[2015-10-26 11:56:41] [DEBUG] [io.netty.buffer.PooledByteBufAllocator:76]-- -Dio.netty.allocator.maxOrder: 11
[2015-10-26 11:56:41] [DEBUG] [io.netty.buffer.PooledByteBufAllocator:76]-- -Dio.netty.allocator.chunkSize: 16777216
[2015-10-26 11:56:41] [DEBUG] [io.netty.buffer.PooledByteBufAllocator:76]-- -Dio.netty.allocator.tinyCacheSize: 512
[2015-10-26 11:56:41] [DEBUG] [io.netty.buffer.PooledByteBufAllocator:76]-- -Dio.netty.allocator.smallCacheSize: 256
[2015-10-26 11:56:41] [DEBUG] [io.netty.buffer.PooledByteBufAllocator:76]-- -Dio.netty.allocator.normalCacheSize: 64
[2015-10-26 11:56:41] [DEBUG] [io.netty.buffer.PooledByteBufAllocator:76]-- -Dio.netty.allocator.maxCachedBufferCapacity: 32768
[2015-10-26 11:56:41] [DEBUG] [io.netty.buffer.PooledByteBufAllocator:76]-- -Dio.netty.allocator.cacheTrimInterval: 8192
[2015-10-26 11:56:41] [DEBUG] [io.netty.buffer.ByteBufUtil:76]-- -Dio.netty.allocator.type: pooled
[2015-10-26 11:56:41] [DEBUG] [io.netty.buffer.ByteBufUtil:76]-- -Dio.netty.threadLocalDirectBufferSize: 65536
[2015-10-26 11:56:41] [DEBUG] [io.netty.util.NetUtil:86]-- Loopback interface: lo0 (lo0, 0:0:0:0:0:0:0:1)
[2015-10-26 11:56:41] [DEBUG] [io.netty.util.NetUtil:81]-- /proc/sys/net/core/somaxconn: 128 (non-existent)
[2015-10-26 11:56:41] [INFO ] [io.netty.handler.logging.LoggingHandler:101]-- [id: 0x4dc112c6] REGISTERED
[2015-10-26 11:56:41] [INFO ] [io.netty.handler.logging.LoggingHandler:101]-- [id: 0x4dc112c6] BIND: 0.0.0.0/0.0.0.0:12346
[2015-10-26 11:56:41] [INFO ] [io.netty.handler.logging.LoggingHandler:101]-- [id: 0x4dc112c6, /0:0:0:0:0:0:0:0:12346] ACTIVE
