[2015-10-21 15:12:11] [INFO ] [com.avalon.core.AvalonEngine:557]-- /Users/zero/Documents/workspace/ExampleSingleServer
[2015-10-21 15:12:11] [INFO ] [com.avalon.component.ComponentRegistryImpl:425]-- Component add componentcom.avalon.io.netty.NettyServer@247bddad
[2015-10-21 15:12:11] [INFO ] [com.avalon.component.ComponentRegistryImpl:425]-- Component add componentcom.avalon.core.AvalonProxy@7770f470
[2015-10-21 15:12:11] [INFO ] [com.avalon.io.netty.NettyServer:426]-- 初始化Netty 开始
[2015-10-21 15:12:11] [INFO ] [com.avalon.io.netty.NettyServer:458]-- 初始化Netty 线程启动
[2015-10-21 15:12:11] [DEBUG] [io.netty.util.internal.logging.InternalLoggerFactory:71]-- Using SLF4J as the default logging framework
[2015-10-21 15:12:11] [DEBUG] [io.netty.channel.MultithreadEventLoopGroup:76]-- -Dio.netty.eventLoopThreads: 16
[2015-10-21 15:12:11] [DEBUG] [io.netty.util.internal.PlatformDependent0:76]-- java.nio.Buffer.address: available
[2015-10-21 15:12:11] [DEBUG] [io.netty.util.internal.PlatformDependent0:76]-- sun.misc.Unsafe.theUnsafe: available
[2015-10-21 15:12:11] [DEBUG] [io.netty.util.internal.PlatformDependent0:71]-- sun.misc.Unsafe.copyMemory: available
[2015-10-21 15:12:11] [DEBUG] [io.netty.util.internal.PlatformDependent0:76]-- java.nio.Bits.unaligned: true
[2015-10-21 15:12:11] [DEBUG] [io.netty.util.internal.PlatformDependent:76]-- Java version: 8
[2015-10-21 15:12:11] [DEBUG] [io.netty.util.internal.PlatformDependent:76]-- -Dio.netty.noUnsafe: false
[2015-10-21 15:12:11] [DEBUG] [io.netty.util.internal.PlatformDependent:76]-- sun.misc.Unsafe: available
[2015-10-21 15:12:11] [DEBUG] [io.netty.util.internal.PlatformDependent:76]-- -Dio.netty.noJavassist: false
[2015-10-21 15:12:11] [DEBUG] [io.netty.util.internal.PlatformDependent:71]-- Javassist: available
[2015-10-21 15:12:11] [DEBUG] [io.netty.util.internal.PlatformDependent:76]-- -Dio.netty.tmpdir: /var/folders/k1/bfwvf_dd14ggxvb58z56hl6r0000gn/T (java.io.tmpdir)
[2015-10-21 15:12:11] [DEBUG] [io.netty.util.internal.PlatformDependent:76]-- -Dio.netty.bitMode: 64 (sun.arch.data.model)
[2015-10-21 15:12:11] [DEBUG] [io.netty.util.internal.PlatformDependent:76]-- -Dio.netty.noPreferDirect: false
[2015-10-21 15:12:11] [DEBUG] [io.netty.channel.nio.NioEventLoop:76]-- -Dio.netty.noKeySetOptimization: false
[2015-10-21 15:12:11] [DEBUG] [io.netty.channel.nio.NioEventLoop:76]-- -Dio.netty.selectorAutoRebuildThreshold: 512
[2015-10-21 15:12:11] [DEBUG] [io.netty.channel.DefaultChannelId:76]-- -Dio.netty.processId: 13086 (auto-detected)
[2015-10-21 15:12:11] [DEBUG] [io.netty.channel.DefaultChannelId:76]-- -Dio.netty.machineId: 10:40:f3:ff:fe:a9:36:64 (auto-detected)
[2015-10-21 15:12:11] [DEBUG] [io.netty.util.internal.ThreadLocalRandom:71]-- -Dio.netty.initialSeedUniquifier: 0xa274e3597d90f5ab (took 27 ms)
[2015-10-21 15:12:12] [DEBUG] [io.netty.buffer.PooledByteBufAllocator:76]-- -Dio.netty.allocator.numHeapArenas: 8
[2015-10-21 15:12:12] [DEBUG] [io.netty.buffer.PooledByteBufAllocator:76]-- -Dio.netty.allocator.numDirectArenas: 8
[2015-10-21 15:12:12] [DEBUG] [io.netty.buffer.PooledByteBufAllocator:76]-- -Dio.netty.allocator.pageSize: 8192
[2015-10-21 15:12:12] [DEBUG] [io.netty.buffer.PooledByteBufAllocator:76]-- -Dio.netty.allocator.maxOrder: 11
[2015-10-21 15:12:12] [DEBUG] [io.netty.buffer.PooledByteBufAllocator:76]-- -Dio.netty.allocator.chunkSize: 16777216
[2015-10-21 15:12:12] [DEBUG] [io.netty.buffer.PooledByteBufAllocator:76]-- -Dio.netty.allocator.tinyCacheSize: 512
[2015-10-21 15:12:12] [DEBUG] [io.netty.buffer.PooledByteBufAllocator:76]-- -Dio.netty.allocator.smallCacheSize: 256
[2015-10-21 15:12:12] [DEBUG] [io.netty.buffer.PooledByteBufAllocator:76]-- -Dio.netty.allocator.normalCacheSize: 64
[2015-10-21 15:12:12] [DEBUG] [io.netty.buffer.PooledByteBufAllocator:76]-- -Dio.netty.allocator.maxCachedBufferCapacity: 32768
[2015-10-21 15:12:12] [DEBUG] [io.netty.buffer.PooledByteBufAllocator:76]-- -Dio.netty.allocator.cacheTrimInterval: 8192
[2015-10-21 15:12:12] [DEBUG] [io.netty.buffer.ByteBufUtil:76]-- -Dio.netty.allocator.type: pooled
[2015-10-21 15:12:12] [DEBUG] [io.netty.buffer.ByteBufUtil:76]-- -Dio.netty.threadLocalDirectBufferSize: 65536
[2015-10-21 15:12:12] [DEBUG] [io.netty.util.NetUtil:86]-- Loopback interface: lo0 (lo0, 0:0:0:0:0:0:0:1)
[2015-10-21 15:12:12] [DEBUG] [io.netty.util.NetUtil:81]-- /proc/sys/net/core/somaxconn: 128 (non-existent)
[2015-10-21 15:12:12] [INFO ] [io.netty.handler.logging.LoggingHandler:101]-- [id: 0x72e977e0] REGISTERED
[2015-10-21 15:12:12] [INFO ] [io.netty.handler.logging.LoggingHandler:101]-- [id: 0x72e977e0] BIND: 0.0.0.0/0.0.0.0:12345
[2015-10-21 15:12:12] [INFO ] [io.netty.handler.logging.LoggingHandler:101]-- [id: 0x72e977e0, /0:0:0:0:0:0:0:0:12345] ACTIVE
[2015-10-21 15:12:13] [INFO ] [com.avalon.component.ComponentRegistryImpl:425]-- Component add componentcom.zero.example.core.ExampleClientExtension@2eb79cbe
[2015-10-21 15:12:23] [INFO ] [io.netty.handler.logging.LoggingHandler:101]-- [id: 0x72e977e0, /0:0:0:0:0:0:0:0:12345] RECEIVED: [id: 0x204a475b, /127.0.0.1:53315 => /127.0.0.1:12345]
[2015-10-21 15:12:23] [DEBUG] [io.netty.util.internal.JavassistTypeParameterMatcherGenerator:76]-- Generated: io.netty.util.internal.__matchers__.com.avalon.util.MessageHeadMatcher
[2015-10-21 15:12:23] [DEBUG] [com.avalon.io.netty.NettyHandler:422]-- 注册
[2015-10-21 15:12:28] [DEBUG] [io.netty.util.ResourceLeakDetector:81]-- -Dio.netty.leakDetectionLevel: simple
[2015-10-21 15:12:28] [DEBUG] [io.netty.util.Recycler:76]-- -Dio.netty.recycler.maxCapacity: 262144
[2015-10-21 15:12:28] [DEBUG] [io.netty.channel.DefaultChannelPipeline:76]-- Discarded inbound message com.avalon.io.MessagePackImpl@3dba6a19 that reached at the tail of the pipeline. Please check your pipeline configuration.
[2015-10-21 15:12:31] [DEBUG] [io.netty.channel.DefaultChannelPipeline:76]-- Discarded inbound message com.avalon.io.MessagePackImpl@beb8cf1 that reached at the tail of the pipeline. Please check your pipeline configuration.
[2015-10-21 15:13:56] [DEBUG] [io.netty.channel.DefaultChannelPipeline:76]-- Discarded inbound message com.avalon.io.MessagePackImpl@578cf62a that reached at the tail of the pipeline. Please check your pipeline configuration.
[2015-10-21 15:25:24] [INFO ] [com.avalon.core.AvalonEngine:557]-- /Users/zero/Documents/workspace/ExampleSingleServer
[2015-10-21 15:25:24] [INFO ] [com.avalon.component.ComponentRegistryImpl:425]-- Component add componentcom.avalon.io.netty.NettyServer@544fa968
[2015-10-21 15:25:24] [INFO ] [com.avalon.component.ComponentRegistryImpl:425]-- Component add componentcom.avalon.core.AvalonProxy@d35dea7
[2015-10-21 15:25:24] [INFO ] [com.avalon.io.netty.NettyServer:426]-- 初始化Netty 开始
[2015-10-21 15:25:24] [INFO ] [com.avalon.io.netty.NettyServer:458]-- 初始化Netty 线程启动
[2015-10-21 15:25:24] [DEBUG] [io.netty.util.internal.logging.InternalLoggerFactory:71]-- Using SLF4J as the default logging framework
[2015-10-21 15:25:24] [DEBUG] [io.netty.channel.MultithreadEventLoopGroup:76]-- -Dio.netty.eventLoopThreads: 16
[2015-10-21 15:25:24] [DEBUG] [io.netty.util.internal.PlatformDependent0:76]-- java.nio.Buffer.address: available
[2015-10-21 15:25:24] [DEBUG] [io.netty.util.internal.PlatformDependent0:76]-- sun.misc.Unsafe.theUnsafe: available
[2015-10-21 15:25:24] [DEBUG] [io.netty.util.internal.PlatformDependent0:71]-- sun.misc.Unsafe.copyMemory: available
[2015-10-21 15:25:24] [DEBUG] [io.netty.util.internal.PlatformDependent0:76]-- java.nio.Bits.unaligned: true
[2015-10-21 15:25:24] [DEBUG] [io.netty.util.internal.PlatformDependent:76]-- Java version: 8
[2015-10-21 15:25:24] [DEBUG] [io.netty.util.internal.PlatformDependent:76]-- -Dio.netty.noUnsafe: false
[2015-10-21 15:25:24] [DEBUG] [io.netty.util.internal.PlatformDependent:76]-- sun.misc.Unsafe: available
[2015-10-21 15:25:24] [DEBUG] [io.netty.util.internal.PlatformDependent:76]-- -Dio.netty.noJavassist: false
[2015-10-21 15:25:24] [DEBUG] [io.netty.util.internal.PlatformDependent:71]-- Javassist: available
[2015-10-21 15:25:25] [DEBUG] [io.netty.util.internal.PlatformDependent:76]-- -Dio.netty.tmpdir: /var/folders/k1/bfwvf_dd14ggxvb58z56hl6r0000gn/T (java.io.tmpdir)
[2015-10-21 15:25:25] [DEBUG] [io.netty.util.internal.PlatformDependent:76]-- -Dio.netty.bitMode: 64 (sun.arch.data.model)
[2015-10-21 15:25:25] [DEBUG] [io.netty.util.internal.PlatformDependent:76]-- -Dio.netty.noPreferDirect: false
[2015-10-21 15:25:25] [DEBUG] [io.netty.channel.nio.NioEventLoop:76]-- -Dio.netty.noKeySetOptimization: false
[2015-10-21 15:25:25] [DEBUG] [io.netty.channel.nio.NioEventLoop:76]-- -Dio.netty.selectorAutoRebuildThreshold: 512
[2015-10-21 15:25:25] [DEBUG] [io.netty.channel.DefaultChannelId:76]-- -Dio.netty.processId: 13106 (auto-detected)
[2015-10-21 15:25:25] [DEBUG] [io.netty.channel.DefaultChannelId:76]-- -Dio.netty.machineId: 10:40:f3:ff:fe:a9:36:64 (auto-detected)
[2015-10-21 15:25:25] [DEBUG] [io.netty.util.internal.ThreadLocalRandom:71]-- -Dio.netty.initialSeedUniquifier: 0x6299b4200074efa1 (took 12 ms)
[2015-10-21 15:25:25] [DEBUG] [io.netty.buffer.PooledByteBufAllocator:76]-- -Dio.netty.allocator.numHeapArenas: 8
[2015-10-21 15:25:25] [DEBUG] [io.netty.buffer.PooledByteBufAllocator:76]-- -Dio.netty.allocator.numDirectArenas: 8
[2015-10-21 15:25:25] [DEBUG] [io.netty.buffer.PooledByteBufAllocator:76]-- -Dio.netty.allocator.pageSize: 8192
[2015-10-21 15:25:25] [DEBUG] [io.netty.buffer.PooledByteBufAllocator:76]-- -Dio.netty.allocator.maxOrder: 11
[2015-10-21 15:25:25] [DEBUG] [io.netty.buffer.PooledByteBufAllocator:76]-- -Dio.netty.allocator.chunkSize: 16777216
[2015-10-21 15:25:25] [DEBUG] [io.netty.buffer.PooledByteBufAllocator:76]-- -Dio.netty.allocator.tinyCacheSize: 512
[2015-10-21 15:25:25] [DEBUG] [io.netty.buffer.PooledByteBufAllocator:76]-- -Dio.netty.allocator.smallCacheSize: 256
[2015-10-21 15:25:25] [DEBUG] [io.netty.buffer.PooledByteBufAllocator:76]-- -Dio.netty.allocator.normalCacheSize: 64
[2015-10-21 15:25:25] [DEBUG] [io.netty.buffer.PooledByteBufAllocator:76]-- -Dio.netty.allocator.maxCachedBufferCapacity: 32768
[2015-10-21 15:25:25] [DEBUG] [io.netty.buffer.PooledByteBufAllocator:76]-- -Dio.netty.allocator.cacheTrimInterval: 8192
[2015-10-21 15:25:25] [DEBUG] [io.netty.buffer.ByteBufUtil:76]-- -Dio.netty.allocator.type: pooled
[2015-10-21 15:25:25] [DEBUG] [io.netty.buffer.ByteBufUtil:76]-- -Dio.netty.threadLocalDirectBufferSize: 65536
[2015-10-21 15:25:25] [DEBUG] [io.netty.util.NetUtil:86]-- Loopback interface: lo0 (lo0, 0:0:0:0:0:0:0:1)
[2015-10-21 15:25:25] [DEBUG] [io.netty.util.NetUtil:81]-- /proc/sys/net/core/somaxconn: 128 (non-existent)
[2015-10-21 15:25:25] [INFO ] [io.netty.handler.logging.LoggingHandler:101]-- [id: 0xb9b5abad] REGISTERED
[2015-10-21 15:25:25] [INFO ] [io.netty.handler.logging.LoggingHandler:101]-- [id: 0xb9b5abad] BIND: 0.0.0.0/0.0.0.0:12345
[2015-10-21 15:25:25] [INFO ] [io.netty.handler.logging.LoggingHandler:101]-- [id: 0xb9b5abad, /0:0:0:0:0:0:0:0:12345] ACTIVE
[2015-10-21 15:25:25] [INFO ] [com.avalon.component.ComponentRegistryImpl:425]-- Component add componentcom.zero.example.core.ExampleClientExtension@aed0151
[2015-10-21 15:25:33] [INFO ] [io.netty.handler.logging.LoggingHandler:101]-- [id: 0xb9b5abad, /0:0:0:0:0:0:0:0:12345] RECEIVED: [id: 0x57563f97, /127.0.0.1:53504 => /127.0.0.1:12345]
[2015-10-21 15:25:33] [DEBUG] [io.netty.util.internal.JavassistTypeParameterMatcherGenerator:76]-- Generated: io.netty.util.internal.__matchers__.com.avalon.util.MessageHeadMatcher
[2015-10-21 15:25:33] [DEBUG] [com.avalon.io.netty.NettyHandler:422]-- 注册
[2015-10-21 15:25:37] [DEBUG] [io.netty.util.ResourceLeakDetector:81]-- -Dio.netty.leakDetectionLevel: simple
[2015-10-21 15:25:37] [DEBUG] [io.netty.util.Recycler:76]-- -Dio.netty.recycler.maxCapacity: 262144
[2015-10-21 15:25:37] [DEBUG] [io.netty.channel.DefaultChannelPipeline:76]-- Discarded inbound message com.avalon.io.MessagePackImpl@64a91c87 that reached at the tail of the pipeline. Please check your pipeline configuration.
[2015-10-21 15:26:05] [DEBUG] [io.netty.channel.DefaultChannelPipeline:76]-- Discarded inbound message com.avalon.io.MessagePackImpl@4948741b that reached at the tail of the pipeline. Please check your pipeline configuration.
[2015-10-21 15:26:31] [DEBUG] [io.netty.channel.DefaultChannelPipeline:76]-- Discarded inbound message com.avalon.io.MessagePackImpl@6b4de52b that reached at the tail of the pipeline. Please check your pipeline configuration.
[2015-10-21 15:27:16] [INFO ] [com.avalon.core.AvalonEngine:557]-- /Users/zero/Documents/workspace/ExampleSingleServer
[2015-10-21 15:27:16] [INFO ] [com.avalon.component.ComponentRegistryImpl:425]-- Component add componentcom.avalon.io.netty.NettyServer@544fa968
[2015-10-21 15:27:16] [INFO ] [com.avalon.component.ComponentRegistryImpl:425]-- Component add componentcom.avalon.core.AvalonProxy@d35dea7
[2015-10-21 15:27:16] [INFO ] [com.avalon.io.netty.NettyServer:426]-- 初始化Netty 开始
[2015-10-21 15:27:16] [INFO ] [com.avalon.io.netty.NettyServer:458]-- 初始化Netty 线程启动
[2015-10-21 15:27:16] [DEBUG] [io.netty.util.internal.logging.InternalLoggerFactory:71]-- Using SLF4J as the default logging framework
[2015-10-21 15:27:16] [DEBUG] [io.netty.channel.MultithreadEventLoopGroup:76]-- -Dio.netty.eventLoopThreads: 16
[2015-10-21 15:27:16] [DEBUG] [io.netty.util.internal.PlatformDependent0:76]-- java.nio.Buffer.address: available
[2015-10-21 15:27:16] [DEBUG] [io.netty.util.internal.PlatformDependent0:76]-- sun.misc.Unsafe.theUnsafe: available
[2015-10-21 15:27:16] [DEBUG] [io.netty.util.internal.PlatformDependent0:71]-- sun.misc.Unsafe.copyMemory: available
[2015-10-21 15:27:16] [DEBUG] [io.netty.util.internal.PlatformDependent0:76]-- java.nio.Bits.unaligned: true
[2015-10-21 15:27:16] [DEBUG] [io.netty.util.internal.PlatformDependent:76]-- Java version: 8
[2015-10-21 15:27:16] [DEBUG] [io.netty.util.internal.PlatformDependent:76]-- -Dio.netty.noUnsafe: false
[2015-10-21 15:27:16] [DEBUG] [io.netty.util.internal.PlatformDependent:76]-- sun.misc.Unsafe: available
[2015-10-21 15:27:16] [DEBUG] [io.netty.util.internal.PlatformDependent:76]-- -Dio.netty.noJavassist: false
[2015-10-21 15:27:17] [DEBUG] [io.netty.util.internal.PlatformDependent:71]-- Javassist: available
[2015-10-21 15:27:17] [DEBUG] [io.netty.util.internal.PlatformDependent:76]-- -Dio.netty.tmpdir: /var/folders/k1/bfwvf_dd14ggxvb58z56hl6r0000gn/T (java.io.tmpdir)
[2015-10-21 15:27:17] [DEBUG] [io.netty.util.internal.PlatformDependent:76]-- -Dio.netty.bitMode: 64 (sun.arch.data.model)
[2015-10-21 15:27:17] [DEBUG] [io.netty.util.internal.PlatformDependent:76]-- -Dio.netty.noPreferDirect: false
[2015-10-21 15:27:17] [DEBUG] [io.netty.channel.nio.NioEventLoop:76]-- -Dio.netty.noKeySetOptimization: false
[2015-10-21 15:27:17] [DEBUG] [io.netty.channel.nio.NioEventLoop:76]-- -Dio.netty.selectorAutoRebuildThreshold: 512
[2015-10-21 15:27:17] [DEBUG] [io.netty.channel.DefaultChannelId:76]-- -Dio.netty.processId: 13109 (auto-detected)
[2015-10-21 15:27:17] [DEBUG] [io.netty.channel.DefaultChannelId:76]-- -Dio.netty.machineId: 10:40:f3:ff:fe:a9:36:64 (auto-detected)
[2015-10-21 15:27:17] [DEBUG] [io.netty.util.internal.ThreadLocalRandom:71]-- -Dio.netty.initialSeedUniquifier: 0x2f493bd0b8bd149e (took 13 ms)
[2015-10-21 15:27:17] [DEBUG] [io.netty.buffer.PooledByteBufAllocator:76]-- -Dio.netty.allocator.numHeapArenas: 8
[2015-10-21 15:27:17] [DEBUG] [io.netty.buffer.PooledByteBufAllocator:76]-- -Dio.netty.allocator.numDirectArenas: 8
[2015-10-21 15:27:17] [DEBUG] [io.netty.buffer.PooledByteBufAllocator:76]-- -Dio.netty.allocator.pageSize: 8192
[2015-10-21 15:27:17] [DEBUG] [io.netty.buffer.PooledByteBufAllocator:76]-- -Dio.netty.allocator.maxOrder: 11
[2015-10-21 15:27:17] [DEBUG] [io.netty.buffer.PooledByteBufAllocator:76]-- -Dio.netty.allocator.chunkSize: 16777216
[2015-10-21 15:27:17] [DEBUG] [io.netty.buffer.PooledByteBufAllocator:76]-- -Dio.netty.allocator.tinyCacheSize: 512
[2015-10-21 15:27:17] [DEBUG] [io.netty.buffer.PooledByteBufAllocator:76]-- -Dio.netty.allocator.smallCacheSize: 256
[2015-10-21 15:27:17] [DEBUG] [io.netty.buffer.PooledByteBufAllocator:76]-- -Dio.netty.allocator.normalCacheSize: 64
[2015-10-21 15:27:17] [DEBUG] [io.netty.buffer.PooledByteBufAllocator:76]-- -Dio.netty.allocator.maxCachedBufferCapacity: 32768
[2015-10-21 15:27:17] [DEBUG] [io.netty.buffer.PooledByteBufAllocator:76]-- -Dio.netty.allocator.cacheTrimInterval: 8192
[2015-10-21 15:27:17] [DEBUG] [io.netty.buffer.ByteBufUtil:76]-- -Dio.netty.allocator.type: pooled
[2015-10-21 15:27:17] [DEBUG] [io.netty.buffer.ByteBufUtil:76]-- -Dio.netty.threadLocalDirectBufferSize: 65536
[2015-10-21 15:27:17] [DEBUG] [io.netty.util.NetUtil:86]-- Loopback interface: lo0 (lo0, 0:0:0:0:0:0:0:1)
[2015-10-21 15:27:17] [DEBUG] [io.netty.util.NetUtil:81]-- /proc/sys/net/core/somaxconn: 128 (non-existent)
[2015-10-21 15:27:17] [INFO ] [io.netty.handler.logging.LoggingHandler:101]-- [id: 0x9380a28c] REGISTERED
[2015-10-21 15:27:17] [INFO ] [io.netty.handler.logging.LoggingHandler:101]-- [id: 0x9380a28c] BIND: 0.0.0.0/0.0.0.0:12345
[2015-10-21 15:27:17] [INFO ] [io.netty.handler.logging.LoggingHandler:101]-- [id: 0x9380a28c, /0:0:0:0:0:0:0:0:12345] ACTIVE
[2015-10-21 15:27:18] [INFO ] [com.avalon.component.ComponentRegistryImpl:425]-- Component add componentcom.zero.example.core.ExampleClientExtension@759d81f3
[2015-10-21 15:28:07] [INFO ] [io.netty.handler.logging.LoggingHandler:101]-- [id: 0x9380a28c, /0:0:0:0:0:0:0:0:12345] RECEIVED: [id: 0xba2ba611, /127.0.0.1:53540 => /127.0.0.1:12345]
[2015-10-21 15:28:07] [DEBUG] [io.netty.util.internal.JavassistTypeParameterMatcherGenerator:76]-- Generated: io.netty.util.internal.__matchers__.com.avalon.util.MessageHeadMatcher
[2015-10-21 15:28:07] [DEBUG] [com.avalon.io.netty.NettyHandler:422]-- 注册
[2015-10-21 15:28:11] [DEBUG] [io.netty.util.ResourceLeakDetector:81]-- -Dio.netty.leakDetectionLevel: simple
[2015-10-21 15:28:11] [DEBUG] [io.netty.util.Recycler:76]-- -Dio.netty.recycler.maxCapacity: 262144
[2015-10-21 15:28:11] [DEBUG] [io.netty.channel.DefaultChannelPipeline:76]-- Discarded inbound message com.avalon.io.MessagePackImpl@2a135015 that reached at the tail of the pipeline. Please check your pipeline configuration.
[2015-10-21 15:28:23] [DEBUG] [io.netty.channel.DefaultChannelPipeline:76]-- Discarded inbound message com.avalon.io.MessagePackImpl@7903eaf1 that reached at the tail of the pipeline. Please check your pipeline configuration.
[2015-10-21 15:32:02] [INFO ] [com.avalon.core.AvalonEngine:557]-- /Users/zero/Documents/workspace/ExampleSingleServer
[2015-10-21 15:32:03] [INFO ] [com.avalon.component.ComponentRegistryImpl:425]-- Component add componentcom.avalon.io.netty.NettyServer@544fa968
[2015-10-21 15:32:03] [INFO ] [com.avalon.component.ComponentRegistryImpl:425]-- Component add componentcom.avalon.core.AvalonProxy@d35dea7
[2015-10-21 15:32:03] [INFO ] [com.avalon.io.netty.NettyServer:426]-- 初始化Netty 开始
[2015-10-21 15:32:03] [INFO ] [com.avalon.io.netty.NettyServer:458]-- 初始化Netty 线程启动
[2015-10-21 15:32:03] [DEBUG] [io.netty.util.internal.logging.InternalLoggerFactory:71]-- Using SLF4J as the default logging framework
[2015-10-21 15:32:03] [DEBUG] [io.netty.channel.MultithreadEventLoopGroup:76]-- -Dio.netty.eventLoopThreads: 16
[2015-10-21 15:32:03] [DEBUG] [io.netty.util.internal.PlatformDependent0:76]-- java.nio.Buffer.address: available
[2015-10-21 15:32:03] [DEBUG] [io.netty.util.internal.PlatformDependent0:76]-- sun.misc.Unsafe.theUnsafe: available
[2015-10-21 15:32:03] [DEBUG] [io.netty.util.internal.PlatformDependent0:71]-- sun.misc.Unsafe.copyMemory: available
[2015-10-21 15:32:03] [DEBUG] [io.netty.util.internal.PlatformDependent0:76]-- java.nio.Bits.unaligned: true
[2015-10-21 15:32:03] [DEBUG] [io.netty.util.internal.PlatformDependent:76]-- Java version: 8
[2015-10-21 15:32:03] [DEBUG] [io.netty.util.internal.PlatformDependent:76]-- -Dio.netty.noUnsafe: false
[2015-10-21 15:32:03] [DEBUG] [io.netty.util.internal.PlatformDependent:76]-- sun.misc.Unsafe: available
[2015-10-21 15:32:03] [DEBUG] [io.netty.util.internal.PlatformDependent:76]-- -Dio.netty.noJavassist: false
[2015-10-21 15:32:03] [DEBUG] [io.netty.util.internal.PlatformDependent:71]-- Javassist: available
[2015-10-21 15:32:03] [DEBUG] [io.netty.util.internal.PlatformDependent:76]-- -Dio.netty.tmpdir: /var/folders/k1/bfwvf_dd14ggxvb58z56hl6r0000gn/T (java.io.tmpdir)
[2015-10-21 15:32:03] [DEBUG] [io.netty.util.internal.PlatformDependent:76]-- -Dio.netty.bitMode: 64 (sun.arch.data.model)
[2015-10-21 15:32:03] [DEBUG] [io.netty.util.internal.PlatformDependent:76]-- -Dio.netty.noPreferDirect: false
[2015-10-21 15:32:03] [DEBUG] [io.netty.channel.nio.NioEventLoop:76]-- -Dio.netty.noKeySetOptimization: false
[2015-10-21 15:32:03] [DEBUG] [io.netty.channel.nio.NioEventLoop:76]-- -Dio.netty.selectorAutoRebuildThreshold: 512
[2015-10-21 15:32:03] [DEBUG] [io.netty.channel.DefaultChannelId:76]-- -Dio.netty.processId: 13128 (auto-detected)
[2015-10-21 15:32:03] [DEBUG] [io.netty.channel.DefaultChannelId:76]-- -Dio.netty.machineId: 10:40:f3:ff:fe:a9:36:64 (auto-detected)
[2015-10-21 15:32:03] [DEBUG] [io.netty.util.internal.ThreadLocalRandom:71]-- -Dio.netty.initialSeedUniquifier: 0x07c9fb2a0721f2c1 (took 11 ms)
[2015-10-21 15:32:03] [DEBUG] [io.netty.buffer.PooledByteBufAllocator:76]-- -Dio.netty.allocator.numHeapArenas: 8
[2015-10-21 15:32:03] [DEBUG] [io.netty.buffer.PooledByteBufAllocator:76]-- -Dio.netty.allocator.numDirectArenas: 8
[2015-10-21 15:32:03] [DEBUG] [io.netty.buffer.PooledByteBufAllocator:76]-- -Dio.netty.allocator.pageSize: 8192
[2015-10-21 15:32:03] [DEBUG] [io.netty.buffer.PooledByteBufAllocator:76]-- -Dio.netty.allocator.maxOrder: 11
[2015-10-21 15:32:03] [DEBUG] [io.netty.buffer.PooledByteBufAllocator:76]-- -Dio.netty.allocator.chunkSize: 16777216
[2015-10-21 15:32:03] [DEBUG] [io.netty.buffer.PooledByteBufAllocator:76]-- -Dio.netty.allocator.tinyCacheSize: 512
[2015-10-21 15:32:03] [DEBUG] [io.netty.buffer.PooledByteBufAllocator:76]-- -Dio.netty.allocator.smallCacheSize: 256
[2015-10-21 15:32:03] [DEBUG] [io.netty.buffer.PooledByteBufAllocator:76]-- -Dio.netty.allocator.normalCacheSize: 64
[2015-10-21 15:32:03] [DEBUG] [io.netty.buffer.PooledByteBufAllocator:76]-- -Dio.netty.allocator.maxCachedBufferCapacity: 32768
[2015-10-21 15:32:03] [DEBUG] [io.netty.buffer.PooledByteBufAllocator:76]-- -Dio.netty.allocator.cacheTrimInterval: 8192
[2015-10-21 15:32:03] [DEBUG] [io.netty.buffer.ByteBufUtil:76]-- -Dio.netty.allocator.type: pooled
[2015-10-21 15:32:03] [DEBUG] [io.netty.buffer.ByteBufUtil:76]-- -Dio.netty.threadLocalDirectBufferSize: 65536
[2015-10-21 15:32:03] [DEBUG] [io.netty.util.NetUtil:86]-- Loopback interface: lo0 (lo0, 0:0:0:0:0:0:0:1)
[2015-10-21 15:32:03] [DEBUG] [io.netty.util.NetUtil:81]-- /proc/sys/net/core/somaxconn: 128 (non-existent)
[2015-10-21 15:32:03] [INFO ] [io.netty.handler.logging.LoggingHandler:101]-- [id: 0xc4bf7862] REGISTERED
[2015-10-21 15:32:03] [INFO ] [io.netty.handler.logging.LoggingHandler:101]-- [id: 0xc4bf7862] BIND: 0.0.0.0/0.0.0.0:12345
[2015-10-21 15:32:03] [INFO ] [io.netty.handler.logging.LoggingHandler:101]-- [id: 0xc4bf7862, /0:0:0:0:0:0:0:0:12345] ACTIVE
[2015-10-21 15:32:04] [INFO ] [com.avalon.component.ComponentRegistryImpl:425]-- Component add componentcom.zero.example.core.ExampleClientExtension@759d81f3
[2015-10-21 15:32:09] [INFO ] [io.netty.handler.logging.LoggingHandler:101]-- [id: 0xc4bf7862, /0:0:0:0:0:0:0:0:12345] RECEIVED: [id: 0x21c55a03, /127.0.0.1:53614 => /127.0.0.1:12345]
[2015-10-21 15:32:09] [DEBUG] [io.netty.util.internal.JavassistTypeParameterMatcherGenerator:76]-- Generated: io.netty.util.internal.__matchers__.com.avalon.util.MessageHeadMatcher
[2015-10-21 15:32:09] [DEBUG] [com.avalon.io.netty.NettyHandler:422]-- 注册
[2015-10-21 15:32:13] [DEBUG] [io.netty.util.ResourceLeakDetector:81]-- -Dio.netty.leakDetectionLevel: simple
[2015-10-21 15:32:13] [DEBUG] [io.netty.util.Recycler:76]-- -Dio.netty.recycler.maxCapacity: 262144
[2015-10-21 15:32:13] [DEBUG] [io.netty.channel.DefaultChannelPipeline:76]-- Discarded inbound message com.avalon.io.MessagePackImpl@7379d44e that reached at the tail of the pipeline. Please check your pipeline configuration.
[2015-10-21 15:32:16] [DEBUG] [io.netty.channel.DefaultChannelPipeline:76]-- Discarded inbound message com.avalon.io.MessagePackImpl@68e62fe1 that reached at the tail of the pipeline. Please check your pipeline configuration.
[2015-10-21 15:32:45] [DEBUG] [io.netty.channel.DefaultChannelPipeline:76]-- Discarded inbound message com.avalon.io.MessagePackImpl@358778af that reached at the tail of the pipeline. Please check your pipeline configuration.
[2015-10-21 15:32:47] [DEBUG] [io.netty.channel.DefaultChannelPipeline:76]-- Discarded inbound message com.avalon.io.MessagePackImpl@2b27d49e that reached at the tail of the pipeline. Please check your pipeline configuration.
[2015-10-21 15:33:57] [INFO ] [com.avalon.core.AvalonEngine:557]-- /Users/zero/Documents/workspace/ExampleSingleServer
[2015-10-21 15:33:58] [INFO ] [com.avalon.component.ComponentRegistryImpl:425]-- Component add componentcom.avalon.io.netty.NettyServer@544fa968
[2015-10-21 15:33:58] [INFO ] [com.avalon.component.ComponentRegistryImpl:425]-- Component add componentcom.avalon.core.AvalonProxy@d35dea7
[2015-10-21 15:33:58] [INFO ] [com.avalon.io.netty.NettyServer:426]-- 初始化Netty 开始
[2015-10-21 15:33:58] [INFO ] [com.avalon.io.netty.NettyServer:458]-- 初始化Netty 线程启动
[2015-10-21 15:33:58] [DEBUG] [io.netty.util.internal.logging.InternalLoggerFactory:71]-- Using SLF4J as the default logging framework
[2015-10-21 15:33:58] [DEBUG] [io.netty.channel.MultithreadEventLoopGroup:76]-- -Dio.netty.eventLoopThreads: 16
[2015-10-21 15:33:58] [DEBUG] [io.netty.util.internal.PlatformDependent0:76]-- java.nio.Buffer.address: available
[2015-10-21 15:33:58] [DEBUG] [io.netty.util.internal.PlatformDependent0:76]-- sun.misc.Unsafe.theUnsafe: available
[2015-10-21 15:33:58] [DEBUG] [io.netty.util.internal.PlatformDependent0:71]-- sun.misc.Unsafe.copyMemory: available
[2015-10-21 15:33:58] [DEBUG] [io.netty.util.internal.PlatformDependent0:76]-- java.nio.Bits.unaligned: true
[2015-10-21 15:33:58] [DEBUG] [io.netty.util.internal.PlatformDependent:76]-- Java version: 8
[2015-10-21 15:33:58] [DEBUG] [io.netty.util.internal.PlatformDependent:76]-- -Dio.netty.noUnsafe: false
[2015-10-21 15:33:58] [DEBUG] [io.netty.util.internal.PlatformDependent:76]-- sun.misc.Unsafe: available
[2015-10-21 15:33:58] [DEBUG] [io.netty.util.internal.PlatformDependent:76]-- -Dio.netty.noJavassist: false
[2015-10-21 15:33:58] [DEBUG] [io.netty.util.internal.PlatformDependent:71]-- Javassist: available
[2015-10-21 15:33:58] [DEBUG] [io.netty.util.internal.PlatformDependent:76]-- -Dio.netty.tmpdir: /var/folders/k1/bfwvf_dd14ggxvb58z56hl6r0000gn/T (java.io.tmpdir)
[2015-10-21 15:33:58] [DEBUG] [io.netty.util.internal.PlatformDependent:76]-- -Dio.netty.bitMode: 64 (sun.arch.data.model)
[2015-10-21 15:33:58] [DEBUG] [io.netty.util.internal.PlatformDependent:76]-- -Dio.netty.noPreferDirect: false
[2015-10-21 15:33:58] [DEBUG] [io.netty.channel.nio.NioEventLoop:76]-- -Dio.netty.noKeySetOptimization: false
[2015-10-21 15:33:58] [DEBUG] [io.netty.channel.nio.NioEventLoop:76]-- -Dio.netty.selectorAutoRebuildThreshold: 512
[2015-10-21 15:33:58] [DEBUG] [io.netty.channel.DefaultChannelId:76]-- -Dio.netty.processId: 13136 (auto-detected)
[2015-10-21 15:33:58] [DEBUG] [io.netty.channel.DefaultChannelId:76]-- -Dio.netty.machineId: 10:40:f3:ff:fe:a9:36:64 (auto-detected)
[2015-10-21 15:33:58] [DEBUG] [io.netty.util.internal.ThreadLocalRandom:71]-- -Dio.netty.initialSeedUniquifier: 0x775b4de20f568ba8 (took 14 ms)
[2015-10-21 15:33:58] [DEBUG] [io.netty.buffer.PooledByteBufAllocator:76]-- -Dio.netty.allocator.numHeapArenas: 8
[2015-10-21 15:33:58] [DEBUG] [io.netty.buffer.PooledByteBufAllocator:76]-- -Dio.netty.allocator.numDirectArenas: 8
[2015-10-21 15:33:58] [DEBUG] [io.netty.buffer.PooledByteBufAllocator:76]-- -Dio.netty.allocator.pageSize: 8192
[2015-10-21 15:33:58] [DEBUG] [io.netty.buffer.PooledByteBufAllocator:76]-- -Dio.netty.allocator.maxOrder: 11
[2015-10-21 15:33:58] [DEBUG] [io.netty.buffer.PooledByteBufAllocator:76]-- -Dio.netty.allocator.chunkSize: 16777216
[2015-10-21 15:33:58] [DEBUG] [io.netty.buffer.PooledByteBufAllocator:76]-- -Dio.netty.allocator.tinyCacheSize: 512
[2015-10-21 15:33:58] [DEBUG] [io.netty.buffer.PooledByteBufAllocator:76]-- -Dio.netty.allocator.smallCacheSize: 256
[2015-10-21 15:33:58] [DEBUG] [io.netty.buffer.PooledByteBufAllocator:76]-- -Dio.netty.allocator.normalCacheSize: 64
[2015-10-21 15:33:58] [DEBUG] [io.netty.buffer.PooledByteBufAllocator:76]-- -Dio.netty.allocator.maxCachedBufferCapacity: 32768
[2015-10-21 15:33:58] [DEBUG] [io.netty.buffer.PooledByteBufAllocator:76]-- -Dio.netty.allocator.cacheTrimInterval: 8192
[2015-10-21 15:33:58] [DEBUG] [io.netty.buffer.ByteBufUtil:76]-- -Dio.netty.allocator.type: pooled
[2015-10-21 15:33:58] [DEBUG] [io.netty.buffer.ByteBufUtil:76]-- -Dio.netty.threadLocalDirectBufferSize: 65536
[2015-10-21 15:33:58] [DEBUG] [io.netty.util.NetUtil:86]-- Loopback interface: lo0 (lo0, 0:0:0:0:0:0:0:1)
[2015-10-21 15:33:58] [DEBUG] [io.netty.util.NetUtil:81]-- /proc/sys/net/core/somaxconn: 128 (non-existent)
[2015-10-21 15:33:58] [INFO ] [io.netty.handler.logging.LoggingHandler:101]-- [id: 0x456e6a34] REGISTERED
[2015-10-21 15:33:58] [INFO ] [io.netty.handler.logging.LoggingHandler:101]-- [id: 0x456e6a34] BIND: 0.0.0.0/0.0.0.0:12345
[2015-10-21 15:33:58] [INFO ] [io.netty.handler.logging.LoggingHandler:101]-- [id: 0x456e6a34, /0:0:0:0:0:0:0:0:12345] ACTIVE
[2015-10-21 15:33:59] [INFO ] [com.avalon.component.ComponentRegistryImpl:425]-- Component add componentcom.zero.example.core.ExampleClientExtension@781a9412
[2015-10-21 15:36:16] [INFO ] [io.netty.handler.logging.LoggingHandler:101]-- [id: 0x456e6a34, /0:0:0:0:0:0:0:0:12345] RECEIVED: [id: 0xa69918eb, /127.0.0.1:53695 => /127.0.0.1:12345]
[2015-10-21 15:36:16] [DEBUG] [io.netty.util.internal.JavassistTypeParameterMatcherGenerator:76]-- Generated: io.netty.util.internal.__matchers__.com.avalon.util.MessageHeadMatcher
[2015-10-21 15:36:16] [DEBUG] [com.avalon.io.netty.NettyHandler:422]-- 注册
[2015-10-21 15:36:20] [DEBUG] [io.netty.util.ResourceLeakDetector:81]-- -Dio.netty.leakDetectionLevel: simple
[2015-10-21 15:36:20] [DEBUG] [io.netty.util.Recycler:76]-- -Dio.netty.recycler.maxCapacity: 262144
[2015-10-21 15:36:20] [DEBUG] [io.netty.channel.DefaultChannelPipeline:76]-- Discarded inbound message com.avalon.io.MessagePackImpl@17e98b78 that reached at the tail of the pipeline. Please check your pipeline configuration.
[2015-10-21 15:36:38] [DEBUG] [io.netty.channel.DefaultChannelPipeline:76]-- Discarded inbound message com.avalon.io.MessagePackImpl@7544210c that reached at the tail of the pipeline. Please check your pipeline configuration.
[2015-10-21 15:37:03] [INFO ] [io.netty.handler.logging.LoggingHandler:101]-- [id: 0x456e6a34, /0:0:0:0:0:0:0:0:12345] RECEIVED: [id: 0x55e0b57b, /127.0.0.1:53708 => /127.0.0.1:12345]
[2015-10-21 15:37:03] [DEBUG] [com.avalon.io.netty.NettyHandler:422]-- 注册
[2015-10-21 15:37:08] [DEBUG] [io.netty.channel.DefaultChannelPipeline:76]-- Discarded inbound message com.avalon.io.MessagePackImpl@3ea19727 that reached at the tail of the pipeline. Please check your pipeline configuration.
[2015-10-21 15:37:16] [DEBUG] [io.netty.channel.DefaultChannelPipeline:76]-- Discarded inbound message com.avalon.io.MessagePackImpl@532e0824 that reached at the tail of the pipeline. Please check your pipeline configuration.
[2015-10-21 15:37:43] [DEBUG] [com.avalon.io.netty.NettyHandler:402]-- 解除注册
[2015-10-21 15:37:44] [DEBUG] [com.avalon.io.netty.NettyHandler:402]-- 解除注册
[2015-10-21 16:07:45] [INFO ] [com.avalon.core.AvalonEngine:557]-- /Users/zero/Documents/workspace/ExampleSingleServer
[2015-10-21 16:07:45] [INFO ] [com.avalon.component.ComponentRegistryImpl:425]-- Component add componentcom.avalon.io.netty.NettyServer@544fa968
[2015-10-21 16:07:45] [INFO ] [com.avalon.component.ComponentRegistryImpl:425]-- Component add componentcom.avalon.core.AvalonProxy@d35dea7
[2015-10-21 16:07:45] [INFO ] [com.avalon.io.netty.NettyServer:426]-- 初始化Netty 开始
[2015-10-21 16:07:45] [INFO ] [com.avalon.io.netty.NettyServer:458]-- 初始化Netty 线程启动
[2015-10-21 16:07:45] [DEBUG] [io.netty.util.internal.logging.InternalLoggerFactory:71]-- Using SLF4J as the default logging framework
[2015-10-21 16:07:45] [DEBUG] [io.netty.channel.MultithreadEventLoopGroup:76]-- -Dio.netty.eventLoopThreads: 16
[2015-10-21 16:07:45] [DEBUG] [io.netty.util.internal.PlatformDependent0:76]-- java.nio.Buffer.address: available
[2015-10-21 16:07:45] [DEBUG] [io.netty.util.internal.PlatformDependent0:76]-- sun.misc.Unsafe.theUnsafe: available
[2015-10-21 16:07:45] [DEBUG] [io.netty.util.internal.PlatformDependent0:71]-- sun.misc.Unsafe.copyMemory: available
[2015-10-21 16:07:45] [DEBUG] [io.netty.util.internal.PlatformDependent0:76]-- java.nio.Bits.unaligned: true
[2015-10-21 16:07:45] [DEBUG] [io.netty.util.internal.PlatformDependent:76]-- Java version: 8
[2015-10-21 16:07:45] [DEBUG] [io.netty.util.internal.PlatformDependent:76]-- -Dio.netty.noUnsafe: false
[2015-10-21 16:07:45] [DEBUG] [io.netty.util.internal.PlatformDependent:76]-- sun.misc.Unsafe: available
[2015-10-21 16:07:45] [DEBUG] [io.netty.util.internal.PlatformDependent:76]-- -Dio.netty.noJavassist: false
[2015-10-21 16:07:45] [DEBUG] [io.netty.util.internal.PlatformDependent:71]-- Javassist: available
[2015-10-21 16:07:45] [DEBUG] [io.netty.util.internal.PlatformDependent:76]-- -Dio.netty.tmpdir: /var/folders/k1/bfwvf_dd14ggxvb58z56hl6r0000gn/T (java.io.tmpdir)
[2015-10-21 16:07:45] [DEBUG] [io.netty.util.internal.PlatformDependent:76]-- -Dio.netty.bitMode: 64 (sun.arch.data.model)
[2015-10-21 16:07:45] [DEBUG] [io.netty.util.internal.PlatformDependent:76]-- -Dio.netty.noPreferDirect: false
[2015-10-21 16:07:45] [DEBUG] [io.netty.channel.nio.NioEventLoop:76]-- -Dio.netty.noKeySetOptimization: false
[2015-10-21 16:07:45] [DEBUG] [io.netty.channel.nio.NioEventLoop:76]-- -Dio.netty.selectorAutoRebuildThreshold: 512
[2015-10-21 16:07:45] [DEBUG] [io.netty.channel.DefaultChannelId:76]-- -Dio.netty.processId: 13186 (auto-detected)
[2015-10-21 16:07:45] [DEBUG] [io.netty.channel.DefaultChannelId:76]-- -Dio.netty.machineId: 10:40:f3:ff:fe:a9:36:64 (auto-detected)
[2015-10-21 16:07:45] [DEBUG] [io.netty.util.internal.ThreadLocalRandom:71]-- -Dio.netty.initialSeedUniquifier: 0x6a06959764602292 (took 11 ms)
[2015-10-21 16:07:45] [DEBUG] [io.netty.buffer.PooledByteBufAllocator:76]-- -Dio.netty.allocator.numHeapArenas: 8
[2015-10-21 16:07:45] [DEBUG] [io.netty.buffer.PooledByteBufAllocator:76]-- -Dio.netty.allocator.numDirectArenas: 8
[2015-10-21 16:07:45] [DEBUG] [io.netty.buffer.PooledByteBufAllocator:76]-- -Dio.netty.allocator.pageSize: 8192
[2015-10-21 16:07:45] [DEBUG] [io.netty.buffer.PooledByteBufAllocator:76]-- -Dio.netty.allocator.maxOrder: 11
[2015-10-21 16:07:45] [DEBUG] [io.netty.buffer.PooledByteBufAllocator:76]-- -Dio.netty.allocator.chunkSize: 16777216
[2015-10-21 16:07:45] [DEBUG] [io.netty.buffer.PooledByteBufAllocator:76]-- -Dio.netty.allocator.tinyCacheSize: 512
[2015-10-21 16:07:45] [DEBUG] [io.netty.buffer.PooledByteBufAllocator:76]-- -Dio.netty.allocator.smallCacheSize: 256
[2015-10-21 16:07:45] [DEBUG] [io.netty.buffer.PooledByteBufAllocator:76]-- -Dio.netty.allocator.normalCacheSize: 64
[2015-10-21 16:07:45] [DEBUG] [io.netty.buffer.PooledByteBufAllocator:76]-- -Dio.netty.allocator.maxCachedBufferCapacity: 32768
[2015-10-21 16:07:45] [DEBUG] [io.netty.buffer.PooledByteBufAllocator:76]-- -Dio.netty.allocator.cacheTrimInterval: 8192
[2015-10-21 16:07:45] [DEBUG] [io.netty.buffer.ByteBufUtil:76]-- -Dio.netty.allocator.type: pooled
[2015-10-21 16:07:45] [DEBUG] [io.netty.buffer.ByteBufUtil:76]-- -Dio.netty.threadLocalDirectBufferSize: 65536
[2015-10-21 16:07:45] [DEBUG] [io.netty.util.NetUtil:86]-- Loopback interface: lo0 (lo0, 0:0:0:0:0:0:0:1)
[2015-10-21 16:07:45] [DEBUG] [io.netty.util.NetUtil:81]-- /proc/sys/net/core/somaxconn: 128 (non-existent)
[2015-10-21 16:07:45] [INFO ] [io.netty.handler.logging.LoggingHandler:101]-- [id: 0xa8091fcb] REGISTERED
[2015-10-21 16:07:45] [INFO ] [io.netty.handler.logging.LoggingHandler:101]-- [id: 0xa8091fcb] BIND: 0.0.0.0/0.0.0.0:12345
[2015-10-21 16:07:45] [INFO ] [io.netty.handler.logging.LoggingHandler:101]-- [id: 0xa8091fcb, /0:0:0:0:0:0:0:0:12345] ACTIVE
[2015-10-21 16:07:46] [INFO ] [com.avalon.component.ComponentRegistryImpl:425]-- Component add componentcom.zero.example.core.ExampleClientExtension@12a160c2
[2015-10-21 16:07:51] [INFO ] [io.netty.handler.logging.LoggingHandler:101]-- [id: 0xa8091fcb, /0:0:0:0:0:0:0:0:12345] RECEIVED: [id: 0xa50e2c49, /127.0.0.1:54306 => /127.0.0.1:12345]
[2015-10-21 16:07:51] [DEBUG] [io.netty.util.internal.JavassistTypeParameterMatcherGenerator:76]-- Generated: io.netty.util.internal.__matchers__.com.avalon.util.MessageHeadMatcher
[2015-10-21 16:07:51] [DEBUG] [com.avalon.io.netty.NettyHandler:422]-- 注册
[2015-10-21 16:07:56] [DEBUG] [io.netty.util.ResourceLeakDetector:81]-- -Dio.netty.leakDetectionLevel: simple
[2015-10-21 16:07:56] [DEBUG] [io.netty.util.Recycler:76]-- -Dio.netty.recycler.maxCapacity: 262144
[2015-10-21 16:07:56] [DEBUG] [io.netty.channel.DefaultChannelPipeline:76]-- Discarded inbound message com.avalon.io.MessagePackImpl@1066a74 that reached at the tail of the pipeline. Please check your pipeline configuration.
[2015-10-21 16:08:11] [DEBUG] [io.netty.channel.DefaultChannelPipeline:76]-- Discarded inbound message com.avalon.io.MessagePackImpl@7d24e46e that reached at the tail of the pipeline. Please check your pipeline configuration.
[2015-10-21 16:08:14] [DEBUG] [io.netty.channel.DefaultChannelPipeline:76]-- Discarded inbound message com.avalon.io.MessagePackImpl@7a1af20e that reached at the tail of the pipeline. Please check your pipeline configuration.
[2015-10-21 16:08:28] [INFO ] [io.netty.handler.logging.LoggingHandler:101]-- [id: 0xa8091fcb, /0:0:0:0:0:0:0:0:12345] RECEIVED: [id: 0xa47eb9b3, /127.0.0.1:54316 => /127.0.0.1:12345]
[2015-10-21 16:08:28] [DEBUG] [com.avalon.io.netty.NettyHandler:422]-- 注册
[2015-10-21 16:08:32] [DEBUG] [io.netty.channel.DefaultChannelPipeline:76]-- Discarded inbound message com.avalon.io.MessagePackImpl@114f0814 that reached at the tail of the pipeline. Please check your pipeline configuration.
[2015-10-21 16:08:40] [DEBUG] [io.netty.channel.DefaultChannelPipeline:76]-- Discarded inbound message com.avalon.io.MessagePackImpl@8262a4 that reached at the tail of the pipeline. Please check your pipeline configuration.
[2015-10-21 16:08:56] [DEBUG] [com.avalon.io.netty.NettyHandler:402]-- 解除注册
[2015-10-21 16:08:58] [DEBUG] [com.avalon.io.netty.NettyHandler:402]-- 解除注册
[2015-10-21 16:18:31] [INFO ] [com.avalon.core.AvalonEngine:557]-- /Users/zero/Documents/workspace/ExampleSingleServer
[2015-10-21 16:18:31] [INFO ] [com.avalon.component.ComponentRegistryImpl:425]-- Component add componentcom.avalon.io.netty.NettyServer@544fa968
[2015-10-21 16:18:31] [INFO ] [com.avalon.component.ComponentRegistryImpl:425]-- Component add componentcom.avalon.core.AvalonProxy@d35dea7
[2015-10-21 16:18:31] [INFO ] [com.avalon.io.netty.NettyServer:426]-- 初始化Netty 开始
[2015-10-21 16:18:31] [INFO ] [com.avalon.io.netty.NettyServer:458]-- 初始化Netty 线程启动
[2015-10-21 16:18:31] [DEBUG] [io.netty.util.internal.logging.InternalLoggerFactory:71]-- Using SLF4J as the default logging framework
[2015-10-21 16:18:31] [DEBUG] [io.netty.channel.MultithreadEventLoopGroup:76]-- -Dio.netty.eventLoopThreads: 16
[2015-10-21 16:18:31] [DEBUG] [io.netty.util.internal.PlatformDependent0:76]-- java.nio.Buffer.address: available
[2015-10-21 16:18:31] [DEBUG] [io.netty.util.internal.PlatformDependent0:76]-- sun.misc.Unsafe.theUnsafe: available
[2015-10-21 16:18:31] [DEBUG] [io.netty.util.internal.PlatformDependent0:71]-- sun.misc.Unsafe.copyMemory: available
[2015-10-21 16:18:31] [DEBUG] [io.netty.util.internal.PlatformDependent0:76]-- java.nio.Bits.unaligned: true
[2015-10-21 16:18:31] [DEBUG] [io.netty.util.internal.PlatformDependent:76]-- Java version: 8
[2015-10-21 16:18:31] [DEBUG] [io.netty.util.internal.PlatformDependent:76]-- -Dio.netty.noUnsafe: false
[2015-10-21 16:18:31] [DEBUG] [io.netty.util.internal.PlatformDependent:76]-- sun.misc.Unsafe: available
[2015-10-21 16:18:31] [DEBUG] [io.netty.util.internal.PlatformDependent:76]-- -Dio.netty.noJavassist: false
[2015-10-21 16:18:32] [DEBUG] [io.netty.util.internal.PlatformDependent:71]-- Javassist: available
[2015-10-21 16:18:32] [DEBUG] [io.netty.util.internal.PlatformDependent:76]-- -Dio.netty.tmpdir: /var/folders/k1/bfwvf_dd14ggxvb58z56hl6r0000gn/T (java.io.tmpdir)
[2015-10-21 16:18:32] [DEBUG] [io.netty.util.internal.PlatformDependent:76]-- -Dio.netty.bitMode: 64 (sun.arch.data.model)
[2015-10-21 16:18:32] [DEBUG] [io.netty.util.internal.PlatformDependent:76]-- -Dio.netty.noPreferDirect: false
[2015-10-21 16:18:32] [DEBUG] [io.netty.channel.nio.NioEventLoop:76]-- -Dio.netty.noKeySetOptimization: false
[2015-10-21 16:18:32] [DEBUG] [io.netty.channel.nio.NioEventLoop:76]-- -Dio.netty.selectorAutoRebuildThreshold: 512
[2015-10-21 16:18:32] [DEBUG] [io.netty.channel.DefaultChannelId:76]-- -Dio.netty.processId: 13204 (auto-detected)
[2015-10-21 16:18:32] [DEBUG] [io.netty.channel.DefaultChannelId:76]-- -Dio.netty.machineId: 10:40:f3:ff:fe:a9:36:64 (auto-detected)
[2015-10-21 16:18:32] [DEBUG] [io.netty.util.internal.ThreadLocalRandom:71]-- -Dio.netty.initialSeedUniquifier: 0x07b5c8661b6f95eb (took 17 ms)
[2015-10-21 16:18:32] [DEBUG] [io.netty.buffer.PooledByteBufAllocator:76]-- -Dio.netty.allocator.numHeapArenas: 8
[2015-10-21 16:18:32] [DEBUG] [io.netty.buffer.PooledByteBufAllocator:76]-- -Dio.netty.allocator.numDirectArenas: 8
[2015-10-21 16:18:32] [DEBUG] [io.netty.buffer.PooledByteBufAllocator:76]-- -Dio.netty.allocator.pageSize: 8192
[2015-10-21 16:18:32] [DEBUG] [io.netty.buffer.PooledByteBufAllocator:76]-- -Dio.netty.allocator.maxOrder: 11
[2015-10-21 16:18:32] [DEBUG] [io.netty.buffer.PooledByteBufAllocator:76]-- -Dio.netty.allocator.chunkSize: 16777216
[2015-10-21 16:18:32] [DEBUG] [io.netty.buffer.PooledByteBufAllocator:76]-- -Dio.netty.allocator.tinyCacheSize: 512
[2015-10-21 16:18:32] [DEBUG] [io.netty.buffer.PooledByteBufAllocator:76]-- -Dio.netty.allocator.smallCacheSize: 256
[2015-10-21 16:18:32] [DEBUG] [io.netty.buffer.PooledByteBufAllocator:76]-- -Dio.netty.allocator.normalCacheSize: 64
[2015-10-21 16:18:32] [DEBUG] [io.netty.buffer.PooledByteBufAllocator:76]-- -Dio.netty.allocator.maxCachedBufferCapacity: 32768
[2015-10-21 16:18:32] [DEBUG] [io.netty.buffer.PooledByteBufAllocator:76]-- -Dio.netty.allocator.cacheTrimInterval: 8192
[2015-10-21 16:18:32] [DEBUG] [io.netty.buffer.ByteBufUtil:76]-- -Dio.netty.allocator.type: pooled
[2015-10-21 16:18:32] [DEBUG] [io.netty.buffer.ByteBufUtil:76]-- -Dio.netty.threadLocalDirectBufferSize: 65536
[2015-10-21 16:18:32] [DEBUG] [io.netty.util.NetUtil:86]-- Loopback interface: lo0 (lo0, 0:0:0:0:0:0:0:1)
[2015-10-21 16:18:32] [DEBUG] [io.netty.util.NetUtil:81]-- /proc/sys/net/core/somaxconn: 128 (non-existent)
[2015-10-21 16:18:32] [INFO ] [io.netty.handler.logging.LoggingHandler:101]-- [id: 0x3693dee3] REGISTERED
[2015-10-21 16:18:32] [INFO ] [io.netty.handler.logging.LoggingHandler:101]-- [id: 0x3693dee3] BIND: 0.0.0.0/0.0.0.0:12345
[2015-10-21 16:18:32] [INFO ] [io.netty.handler.logging.LoggingHandler:101]-- [id: 0x3693dee3, /0:0:0:0:0:0:0:0:12345] ACTIVE
[2015-10-21 16:18:33] [INFO ] [com.avalon.component.ComponentRegistryImpl:425]-- Component add componentcom.zero.example.core.ExampleClientExtension@12a160c2
[2015-10-21 16:18:40] [INFO ] [io.netty.handler.logging.LoggingHandler:101]-- [id: 0x3693dee3, /0:0:0:0:0:0:0:0:12345] RECEIVED: [id: 0x78f12f80, /127.0.0.1:54464 => /127.0.0.1:12345]
[2015-10-21 16:18:40] [DEBUG] [io.netty.util.internal.JavassistTypeParameterMatcherGenerator:76]-- Generated: io.netty.util.internal.__matchers__.com.avalon.util.MessageHeadMatcher
[2015-10-21 16:18:40] [DEBUG] [com.avalon.io.netty.NettyHandler:422]-- 注册
[2015-10-21 16:18:43] [DEBUG] [io.netty.util.ResourceLeakDetector:81]-- -Dio.netty.leakDetectionLevel: simple
[2015-10-21 16:18:43] [DEBUG] [io.netty.util.Recycler:76]-- -Dio.netty.recycler.maxCapacity: 262144
[2015-10-21 16:18:43] [DEBUG] [io.netty.channel.DefaultChannelPipeline:76]-- Discarded inbound message com.avalon.io.MessagePackImpl@5834db98 that reached at the tail of the pipeline. Please check your pipeline configuration.
[2015-10-21 16:18:47] [DEBUG] [io.netty.channel.DefaultChannelPipeline:76]-- Discarded inbound message com.avalon.io.MessagePackImpl@1ce9f243 that reached at the tail of the pipeline. Please check your pipeline configuration.
[2015-10-21 16:18:49] [DEBUG] [com.avalon.io.netty.NettyHandler:402]-- 解除注册
[2015-10-21 17:30:39] [INFO ] [com.avalon.core.AvalonEngine:557]-- /Users/zero/Documents/workspace/ExampleSingleServer
[2015-10-21 17:30:39] [INFO ] [com.avalon.component.ComponentRegistryImpl:425]-- Component add componentcom.avalon.io.netty.NettyServer@5d76b067
[2015-10-21 17:30:39] [INFO ] [com.avalon.component.ComponentRegistryImpl:425]-- Component add componentcom.avalon.core.AvalonProxy@1e6d1014
[2015-10-21 17:30:39] [INFO ] [com.avalon.io.netty.NettyServer:426]-- 初始化Netty 开始
[2015-10-21 17:30:39] [INFO ] [com.avalon.io.netty.NettyServer:458]-- 初始化Netty 线程启动
[2015-10-21 17:30:39] [DEBUG] [io.netty.util.internal.logging.InternalLoggerFactory:71]-- Using SLF4J as the default logging framework
[2015-10-21 17:30:39] [DEBUG] [io.netty.channel.MultithreadEventLoopGroup:76]-- -Dio.netty.eventLoopThreads: 16
[2015-10-21 17:30:39] [DEBUG] [io.netty.util.internal.PlatformDependent0:76]-- java.nio.Buffer.address: available
[2015-10-21 17:30:39] [DEBUG] [io.netty.util.internal.PlatformDependent0:76]-- sun.misc.Unsafe.theUnsafe: available
[2015-10-21 17:30:39] [DEBUG] [io.netty.util.internal.PlatformDependent0:71]-- sun.misc.Unsafe.copyMemory: available
[2015-10-21 17:30:39] [DEBUG] [io.netty.util.internal.PlatformDependent0:76]-- java.nio.Bits.unaligned: true
[2015-10-21 17:30:39] [DEBUG] [io.netty.util.internal.PlatformDependent:76]-- Java version: 8
[2015-10-21 17:30:39] [DEBUG] [io.netty.util.internal.PlatformDependent:76]-- -Dio.netty.noUnsafe: false
[2015-10-21 17:30:39] [DEBUG] [io.netty.util.internal.PlatformDependent:76]-- sun.misc.Unsafe: available
[2015-10-21 17:30:39] [DEBUG] [io.netty.util.internal.PlatformDependent:76]-- -Dio.netty.noJavassist: false
[2015-10-21 17:30:39] [DEBUG] [io.netty.util.internal.PlatformDependent:71]-- Javassist: available
[2015-10-21 17:30:39] [DEBUG] [io.netty.util.internal.PlatformDependent:76]-- -Dio.netty.tmpdir: /var/folders/k1/bfwvf_dd14ggxvb58z56hl6r0000gn/T (java.io.tmpdir)
[2015-10-21 17:30:39] [DEBUG] [io.netty.util.internal.PlatformDependent:76]-- -Dio.netty.bitMode: 64 (sun.arch.data.model)
[2015-10-21 17:30:39] [DEBUG] [io.netty.util.internal.PlatformDependent:76]-- -Dio.netty.noPreferDirect: false
[2015-10-21 17:30:39] [DEBUG] [io.netty.channel.nio.NioEventLoop:76]-- -Dio.netty.noKeySetOptimization: false
[2015-10-21 17:30:39] [DEBUG] [io.netty.channel.nio.NioEventLoop:76]-- -Dio.netty.selectorAutoRebuildThreshold: 512
[2015-10-21 17:30:39] [DEBUG] [io.netty.channel.DefaultChannelId:76]-- -Dio.netty.processId: 13443 (auto-detected)
[2015-10-21 17:30:39] [DEBUG] [io.netty.channel.DefaultChannelId:76]-- -Dio.netty.machineId: 10:40:f3:ff:fe:a9:36:64 (auto-detected)
[2015-10-21 17:30:39] [DEBUG] [io.netty.util.internal.ThreadLocalRandom:71]-- -Dio.netty.initialSeedUniquifier: 0xf88c83fe62ff2a4e (took 12 ms)
[2015-10-21 17:30:39] [DEBUG] [io.netty.buffer.PooledByteBufAllocator:76]-- -Dio.netty.allocator.numHeapArenas: 8
[2015-10-21 17:30:39] [DEBUG] [io.netty.buffer.PooledByteBufAllocator:76]-- -Dio.netty.allocator.numDirectArenas: 8
[2015-10-21 17:30:39] [DEBUG] [io.netty.buffer.PooledByteBufAllocator:76]-- -Dio.netty.allocator.pageSize: 8192
[2015-10-21 17:30:39] [DEBUG] [io.netty.buffer.PooledByteBufAllocator:76]-- -Dio.netty.allocator.maxOrder: 11
[2015-10-21 17:30:39] [DEBUG] [io.netty.buffer.PooledByteBufAllocator:76]-- -Dio.netty.allocator.chunkSize: 16777216
[2015-10-21 17:30:39] [DEBUG] [io.netty.buffer.PooledByteBufAllocator:76]-- -Dio.netty.allocator.tinyCacheSize: 512
[2015-10-21 17:30:39] [DEBUG] [io.netty.buffer.PooledByteBufAllocator:76]-- -Dio.netty.allocator.smallCacheSize: 256
[2015-10-21 17:30:39] [DEBUG] [io.netty.buffer.PooledByteBufAllocator:76]-- -Dio.netty.allocator.normalCacheSize: 64
[2015-10-21 17:30:39] [DEBUG] [io.netty.buffer.PooledByteBufAllocator:76]-- -Dio.netty.allocator.maxCachedBufferCapacity: 32768
[2015-10-21 17:30:39] [DEBUG] [io.netty.buffer.PooledByteBufAllocator:76]-- -Dio.netty.allocator.cacheTrimInterval: 8192
[2015-10-21 17:30:39] [DEBUG] [io.netty.buffer.ByteBufUtil:76]-- -Dio.netty.allocator.type: pooled
[2015-10-21 17:30:39] [DEBUG] [io.netty.buffer.ByteBufUtil:76]-- -Dio.netty.threadLocalDirectBufferSize: 65536
[2015-10-21 17:30:39] [DEBUG] [io.netty.util.NetUtil:86]-- Loopback interface: lo0 (lo0, 0:0:0:0:0:0:0:1)
[2015-10-21 17:30:39] [DEBUG] [io.netty.util.NetUtil:81]-- /proc/sys/net/core/somaxconn: 128 (non-existent)
[2015-10-21 17:30:39] [INFO ] [io.netty.handler.logging.LoggingHandler:101]-- [id: 0xe44cd993] REGISTERED
[2015-10-21 17:30:39] [INFO ] [io.netty.handler.logging.LoggingHandler:101]-- [id: 0xe44cd993] BIND: 0.0.0.0/0.0.0.0:12345
[2015-10-21 17:30:39] [INFO ] [io.netty.handler.logging.LoggingHandler:101]-- [id: 0xe44cd993, /0:0:0:0:0:0:0:0:12345] ACTIVE
[2015-10-21 17:30:40] [INFO ] [com.avalon.component.ComponentRegistryImpl:425]-- Component add componentcom.zero.example.core.ExampleClientExtension@4b6e2263
[2015-10-21 17:30:44] [INFO ] [io.netty.handler.logging.LoggingHandler:101]-- [id: 0xe44cd993, /0:0:0:0:0:0:0:0:12345] RECEIVED: [id: 0xd715a37b, /127.0.0.1:57936 => /127.0.0.1:12345]
[2015-10-21 17:30:44] [DEBUG] [io.netty.util.internal.JavassistTypeParameterMatcherGenerator:76]-- Generated: io.netty.util.internal.__matchers__.com.avalon.util.MessageHeadMatcher
[2015-10-21 17:30:44] [DEBUG] [com.avalon.io.netty.NettyHandler:422]-- 注册
[2015-10-21 17:30:48] [DEBUG] [io.netty.util.ResourceLeakDetector:81]-- -Dio.netty.leakDetectionLevel: simple
[2015-10-21 17:30:48] [DEBUG] [io.netty.util.Recycler:76]-- -Dio.netty.recycler.maxCapacity: 262144
[2015-10-21 17:30:48] [DEBUG] [io.netty.channel.DefaultChannelPipeline:76]-- Discarded inbound message com.avalon.io.MessagePackImpl@498e215 that reached at the tail of the pipeline. Please check your pipeline configuration.
[2015-10-21 17:30:50] [DEBUG] [io.netty.channel.DefaultChannelPipeline:76]-- Discarded inbound message com.avalon.io.MessagePackImpl@c94e5f9 that reached at the tail of the pipeline. Please check your pipeline configuration.
[2015-10-21 17:30:56] [DEBUG] [io.netty.channel.DefaultChannelPipeline:76]-- Discarded inbound message com.avalon.io.MessagePackImpl@322b0646 that reached at the tail of the pipeline. Please check your pipeline configuration.
[2015-10-21 17:31:01] [DEBUG] [io.netty.channel.DefaultChannelPipeline:76]-- Discarded inbound message com.avalon.io.MessagePackImpl@f58bdd2 that reached at the tail of the pipeline. Please check your pipeline configuration.
[2015-10-21 17:31:06] [INFO ] [io.netty.handler.logging.LoggingHandler:101]-- [id: 0xe44cd993, /0:0:0:0:0:0:0:0:12345] RECEIVED: [id: 0xc33c55a5, /127.0.0.1:57947 => /127.0.0.1:12345]
[2015-10-21 17:31:06] [DEBUG] [com.avalon.io.netty.NettyHandler:422]-- 注册
[2015-10-21 17:31:10] [DEBUG] [io.netty.channel.DefaultChannelPipeline:76]-- Discarded inbound message com.avalon.io.MessagePackImpl@730d85cf that reached at the tail of the pipeline. Please check your pipeline configuration.
[2015-10-21 17:31:13] [DEBUG] [io.netty.channel.DefaultChannelPipeline:76]-- Discarded inbound message com.avalon.io.MessagePackImpl@39710051 that reached at the tail of the pipeline. Please check your pipeline configuration.
[2015-10-21 17:31:17] [DEBUG] [io.netty.channel.DefaultChannelPipeline:76]-- Discarded inbound message com.avalon.io.MessagePackImpl@3b7981ca that reached at the tail of the pipeline. Please check your pipeline configuration.
[2015-10-21 17:31:17] [DEBUG] [io.netty.channel.DefaultChannelPipeline:76]-- Discarded inbound message com.avalon.io.MessagePackImpl@f7649e that reached at the tail of the pipeline. Please check your pipeline configuration.
[2015-10-21 17:31:19] [DEBUG] [io.netty.channel.DefaultChannelPipeline:76]-- Discarded inbound message com.avalon.io.MessagePackImpl@195d1bb1 that reached at the tail of the pipeline. Please check your pipeline configuration.
[2015-10-21 17:31:21] [DEBUG] [io.netty.channel.DefaultChannelPipeline:76]-- Discarded inbound message com.avalon.io.MessagePackImpl@dbaf81a that reached at the tail of the pipeline. Please check your pipeline configuration.
[2015-10-21 17:31:27] [DEBUG] [io.netty.channel.DefaultChannelPipeline:76]-- Discarded inbound message com.avalon.io.MessagePackImpl@4a76fced that reached at the tail of the pipeline. Please check your pipeline configuration.
[2015-10-21 17:31:34] [DEBUG] [com.avalon.io.netty.NettyHandler:402]-- 解除注册
[2015-10-21 17:31:36] [DEBUG] [com.avalon.io.netty.NettyHandler:402]-- 解除注册
