[2015-10-22 10:26:35] [INFO ] [com.avalon.core.AvalonEngine:557]-- /Users/zero/Documents/workspace/ExampleSingleServer
[2015-10-22 10:26:35] [INFO ] [com.avalon.component.ComponentRegistryImpl:425]-- Component add componentcom.avalon.io.netty.NettyServer@247bddad
[2015-10-22 10:26:35] [INFO ] [com.avalon.component.ComponentRegistryImpl:425]-- Component add componentcom.avalon.core.AvalonProxy@7770f470
[2015-10-22 10:26:35] [INFO ] [com.avalon.io.netty.NettyServer:426]-- 初始化Netty 开始
[2015-10-22 10:26:35] [INFO ] [com.avalon.io.netty.NettyServer:458]-- 初始化Netty 线程启动
[2015-10-22 10:26:35] [DEBUG] [io.netty.util.internal.logging.InternalLoggerFactory:71]-- Using SLF4J as the default logging framework
[2015-10-22 10:26:35] [DEBUG] [io.netty.channel.MultithreadEventLoopGroup:76]-- -Dio.netty.eventLoopThreads: 16
[2015-10-22 10:26:35] [DEBUG] [io.netty.util.internal.PlatformDependent0:76]-- java.nio.Buffer.address: available
[2015-10-22 10:26:35] [DEBUG] [io.netty.util.internal.PlatformDependent0:76]-- sun.misc.Unsafe.theUnsafe: available
[2015-10-22 10:26:35] [DEBUG] [io.netty.util.internal.PlatformDependent0:71]-- sun.misc.Unsafe.copyMemory: available
[2015-10-22 10:26:35] [DEBUG] [io.netty.util.internal.PlatformDependent0:76]-- java.nio.Bits.unaligned: true
[2015-10-22 10:26:35] [DEBUG] [io.netty.util.internal.PlatformDependent:76]-- Java version: 8
[2015-10-22 10:26:35] [DEBUG] [io.netty.util.internal.PlatformDependent:76]-- -Dio.netty.noUnsafe: false
[2015-10-22 10:26:35] [DEBUG] [io.netty.util.internal.PlatformDependent:76]-- sun.misc.Unsafe: available
[2015-10-22 10:26:35] [DEBUG] [io.netty.util.internal.PlatformDependent:76]-- -Dio.netty.noJavassist: false
[2015-10-22 10:26:36] [DEBUG] [io.netty.util.internal.PlatformDependent:71]-- Javassist: available
[2015-10-22 10:26:36] [DEBUG] [io.netty.util.internal.PlatformDependent:76]-- -Dio.netty.tmpdir: /var/folders/k1/bfwvf_dd14ggxvb58z56hl6r0000gn/T (java.io.tmpdir)
[2015-10-22 10:26:36] [DEBUG] [io.netty.util.internal.PlatformDependent:76]-- -Dio.netty.bitMode: 64 (sun.arch.data.model)
[2015-10-22 10:26:36] [DEBUG] [io.netty.util.internal.PlatformDependent:76]-- -Dio.netty.noPreferDirect: false
[2015-10-22 10:26:36] [DEBUG] [io.netty.channel.nio.NioEventLoop:76]-- -Dio.netty.noKeySetOptimization: false
[2015-10-22 10:26:36] [DEBUG] [io.netty.channel.nio.NioEventLoop:76]-- -Dio.netty.selectorAutoRebuildThreshold: 512
[2015-10-22 10:26:36] [DEBUG] [io.netty.channel.DefaultChannelId:76]-- -Dio.netty.processId: 581 (auto-detected)
[2015-10-22 10:26:36] [DEBUG] [io.netty.channel.DefaultChannelId:76]-- -Dio.netty.machineId: 10:40:f3:ff:fe:a9:36:64 (auto-detected)
[2015-10-22 10:26:36] [DEBUG] [io.netty.util.internal.ThreadLocalRandom:71]-- -Dio.netty.initialSeedUniquifier: 0x2619cfc211a354d5 (took 21 ms)
[2015-10-22 10:26:36] [DEBUG] [io.netty.buffer.PooledByteBufAllocator:76]-- -Dio.netty.allocator.numHeapArenas: 8
[2015-10-22 10:26:36] [DEBUG] [io.netty.buffer.PooledByteBufAllocator:76]-- -Dio.netty.allocator.numDirectArenas: 8
[2015-10-22 10:26:36] [DEBUG] [io.netty.buffer.PooledByteBufAllocator:76]-- -Dio.netty.allocator.pageSize: 8192
[2015-10-22 10:26:36] [DEBUG] [io.netty.buffer.PooledByteBufAllocator:76]-- -Dio.netty.allocator.maxOrder: 11
[2015-10-22 10:26:36] [DEBUG] [io.netty.buffer.PooledByteBufAllocator:76]-- -Dio.netty.allocator.chunkSize: 16777216
[2015-10-22 10:26:36] [DEBUG] [io.netty.buffer.PooledByteBufAllocator:76]-- -Dio.netty.allocator.tinyCacheSize: 512
[2015-10-22 10:26:36] [DEBUG] [io.netty.buffer.PooledByteBufAllocator:76]-- -Dio.netty.allocator.smallCacheSize: 256
[2015-10-22 10:26:36] [DEBUG] [io.netty.buffer.PooledByteBufAllocator:76]-- -Dio.netty.allocator.normalCacheSize: 64
[2015-10-22 10:26:36] [DEBUG] [io.netty.buffer.PooledByteBufAllocator:76]-- -Dio.netty.allocator.maxCachedBufferCapacity: 32768
[2015-10-22 10:26:36] [DEBUG] [io.netty.buffer.PooledByteBufAllocator:76]-- -Dio.netty.allocator.cacheTrimInterval: 8192
[2015-10-22 10:26:36] [DEBUG] [io.netty.buffer.ByteBufUtil:76]-- -Dio.netty.allocator.type: pooled
[2015-10-22 10:26:36] [DEBUG] [io.netty.buffer.ByteBufUtil:76]-- -Dio.netty.threadLocalDirectBufferSize: 65536
[2015-10-22 10:26:36] [DEBUG] [io.netty.util.NetUtil:86]-- Loopback interface: lo0 (lo0, 0:0:0:0:0:0:0:1)
[2015-10-22 10:26:36] [DEBUG] [io.netty.util.NetUtil:81]-- /proc/sys/net/core/somaxconn: 128 (non-existent)
[2015-10-22 10:26:36] [INFO ] [io.netty.handler.logging.LoggingHandler:101]-- [id: 0xeafb37e0] REGISTERED
[2015-10-22 10:26:36] [INFO ] [io.netty.handler.logging.LoggingHandler:101]-- [id: 0xeafb37e0] BIND: 0.0.0.0/0.0.0.0:12345
[2015-10-22 10:26:36] [INFO ] [io.netty.handler.logging.LoggingHandler:101]-- [id: 0xeafb37e0, /0:0:0:0:0:0:0:0:12345] ACTIVE
[2015-10-22 10:26:37] [INFO ] [com.avalon.component.ComponentRegistryImpl:425]-- Component add componentcom.zero.example.core.ExampleClientExtension@2ca6546f
[2015-10-22 10:26:42] [INFO ] [io.netty.handler.logging.LoggingHandler:101]-- [id: 0xeafb37e0, /0:0:0:0:0:0:0:0:12345] RECEIVED: [id: 0xdd605e99, /127.0.0.1:50504 => /127.0.0.1:12345]
[2015-10-22 10:26:42] [DEBUG] [io.netty.util.internal.JavassistTypeParameterMatcherGenerator:76]-- Generated: io.netty.util.internal.__matchers__.com.avalon.util.MessageHeadMatcher
[2015-10-22 10:26:42] [DEBUG] [com.avalon.io.netty.NettyHandler:422]-- 注册
[2015-10-22 10:26:45] [DEBUG] [io.netty.util.ResourceLeakDetector:81]-- -Dio.netty.leakDetectionLevel: simple
[2015-10-22 10:26:45] [DEBUG] [io.netty.util.Recycler:76]-- -Dio.netty.recycler.maxCapacity: 262144
[2015-10-22 10:26:45] [DEBUG] [io.netty.channel.DefaultChannelPipeline:76]-- Discarded inbound message com.avalon.io.MessagePackImpl@4f504da3 that reached at the tail of the pipeline. Please check your pipeline configuration.
[2015-10-22 10:26:48] [DEBUG] [io.netty.channel.DefaultChannelPipeline:76]-- Discarded inbound message com.avalon.io.MessagePackImpl@3e90457d that reached at the tail of the pipeline. Please check your pipeline configuration.
[2015-10-22 10:26:52] [DEBUG] [io.netty.channel.DefaultChannelPipeline:76]-- Discarded inbound message com.avalon.io.MessagePackImpl@62e1e3e9 that reached at the tail of the pipeline. Please check your pipeline configuration.
[2015-10-22 10:26:53] [DEBUG] [io.netty.channel.DefaultChannelPipeline:76]-- Discarded inbound message com.avalon.io.MessagePackImpl@7d78ecc5 that reached at the tail of the pipeline. Please check your pipeline configuration.
[2015-10-22 10:27:03] [DEBUG] [io.netty.channel.DefaultChannelPipeline:76]-- Discarded inbound message com.avalon.io.MessagePackImpl@f281d8a that reached at the tail of the pipeline. Please check your pipeline configuration.
[2015-10-22 10:27:03] [DEBUG] [io.netty.channel.DefaultChannelPipeline:76]-- Discarded inbound message com.avalon.io.MessagePackImpl@bdc9cc9 that reached at the tail of the pipeline. Please check your pipeline configuration.
[2015-10-22 10:27:04] [DEBUG] [io.netty.channel.DefaultChannelPipeline:76]-- Discarded inbound message com.avalon.io.MessagePackImpl@33fbbe91 that reached at the tail of the pipeline. Please check your pipeline configuration.
[2015-10-22 10:27:04] [DEBUG] [io.netty.channel.DefaultChannelPipeline:76]-- Discarded inbound message com.avalon.io.MessagePackImpl@7c702129 that reached at the tail of the pipeline. Please check your pipeline configuration.
[2015-10-22 10:27:05] [DEBUG] [io.netty.channel.DefaultChannelPipeline:76]-- Discarded inbound message com.avalon.io.MessagePackImpl@f7c39a8 that reached at the tail of the pipeline. Please check your pipeline configuration.
[2015-10-22 10:27:05] [DEBUG] [io.netty.channel.DefaultChannelPipeline:76]-- Discarded inbound message com.avalon.io.MessagePackImpl@60a9d65a that reached at the tail of the pipeline. Please check your pipeline configuration.
[2015-10-22 10:27:05] [DEBUG] [io.netty.channel.DefaultChannelPipeline:76]-- Discarded inbound message com.avalon.io.MessagePackImpl@ec8f3e8 that reached at the tail of the pipeline. Please check your pipeline configuration.
[2015-10-22 10:27:05] [DEBUG] [io.netty.channel.DefaultChannelPipeline:76]-- Discarded inbound message com.avalon.io.MessagePackImpl@4de472a7 that reached at the tail of the pipeline. Please check your pipeline configuration.
[2015-10-22 10:27:06] [DEBUG] [io.netty.channel.DefaultChannelPipeline:76]-- Discarded inbound message com.avalon.io.MessagePackImpl@7674f0eb that reached at the tail of the pipeline. Please check your pipeline configuration.
[2015-10-22 10:27:06] [DEBUG] [io.netty.channel.DefaultChannelPipeline:76]-- Discarded inbound message com.avalon.io.MessagePackImpl@7768c5f that reached at the tail of the pipeline. Please check your pipeline configuration.
[2015-10-22 10:27:07] [DEBUG] [com.avalon.io.netty.NettyHandler:402]-- 解除注册
[2015-10-22 14:17:18] [INFO ] [com.avalon.core.AvalonEngine:557]-- /Users/zero/Documents/workspace/ExampleSingleServer
[2015-10-22 14:17:18] [INFO ] [com.avalon.component.ComponentRegistryImpl:425]-- Component add componentcom.avalon.io.netty.NettyServer@5d76b067
[2015-10-22 14:17:18] [INFO ] [com.avalon.component.ComponentRegistryImpl:425]-- Component add componentcom.avalon.core.AvalonProxy@1e6d1014
[2015-10-22 14:17:18] [INFO ] [com.avalon.io.netty.NettyServer:426]-- 初始化Netty 开始
[2015-10-22 14:17:18] [INFO ] [com.avalon.io.netty.NettyServer:458]-- 初始化Netty 线程启动
[2015-10-22 14:17:18] [DEBUG] [io.netty.util.internal.logging.InternalLoggerFactory:71]-- Using SLF4J as the default logging framework
[2015-10-22 14:17:18] [DEBUG] [io.netty.channel.MultithreadEventLoopGroup:76]-- -Dio.netty.eventLoopThreads: 16
[2015-10-22 14:17:18] [DEBUG] [io.netty.util.internal.PlatformDependent0:76]-- java.nio.Buffer.address: available
[2015-10-22 14:17:18] [DEBUG] [io.netty.util.internal.PlatformDependent0:76]-- sun.misc.Unsafe.theUnsafe: available
[2015-10-22 14:17:18] [DEBUG] [io.netty.util.internal.PlatformDependent0:71]-- sun.misc.Unsafe.copyMemory: available
[2015-10-22 14:17:18] [DEBUG] [io.netty.util.internal.PlatformDependent0:76]-- java.nio.Bits.unaligned: true
[2015-10-22 14:17:18] [DEBUG] [io.netty.util.internal.PlatformDependent:76]-- Java version: 8
[2015-10-22 14:17:18] [DEBUG] [io.netty.util.internal.PlatformDependent:76]-- -Dio.netty.noUnsafe: false
[2015-10-22 14:17:18] [DEBUG] [io.netty.util.internal.PlatformDependent:76]-- sun.misc.Unsafe: available
[2015-10-22 14:17:18] [DEBUG] [io.netty.util.internal.PlatformDependent:76]-- -Dio.netty.noJavassist: false
[2015-10-22 14:17:18] [DEBUG] [io.netty.util.internal.PlatformDependent:71]-- Javassist: available
[2015-10-22 14:17:18] [DEBUG] [io.netty.util.internal.PlatformDependent:76]-- -Dio.netty.tmpdir: /var/folders/k1/bfwvf_dd14ggxvb58z56hl6r0000gn/T (java.io.tmpdir)
[2015-10-22 14:17:18] [DEBUG] [io.netty.util.internal.PlatformDependent:76]-- -Dio.netty.bitMode: 64 (sun.arch.data.model)
[2015-10-22 14:17:18] [DEBUG] [io.netty.util.internal.PlatformDependent:76]-- -Dio.netty.noPreferDirect: false
[2015-10-22 14:17:18] [DEBUG] [io.netty.channel.nio.NioEventLoop:76]-- -Dio.netty.noKeySetOptimization: false
[2015-10-22 14:17:18] [DEBUG] [io.netty.channel.nio.NioEventLoop:76]-- -Dio.netty.selectorAutoRebuildThreshold: 512
[2015-10-22 14:17:18] [DEBUG] [io.netty.channel.DefaultChannelId:76]-- -Dio.netty.processId: 7504 (auto-detected)
[2015-10-22 14:17:18] [DEBUG] [io.netty.channel.DefaultChannelId:76]-- -Dio.netty.machineId: 10:40:f3:ff:fe:a9:36:64 (auto-detected)
[2015-10-22 14:17:18] [DEBUG] [io.netty.util.internal.ThreadLocalRandom:71]-- -Dio.netty.initialSeedUniquifier: 0xb3e1783ee3e770e3 (took 13 ms)
[2015-10-22 14:17:18] [DEBUG] [io.netty.buffer.PooledByteBufAllocator:76]-- -Dio.netty.allocator.numHeapArenas: 8
[2015-10-22 14:17:18] [DEBUG] [io.netty.buffer.PooledByteBufAllocator:76]-- -Dio.netty.allocator.numDirectArenas: 8
[2015-10-22 14:17:18] [DEBUG] [io.netty.buffer.PooledByteBufAllocator:76]-- -Dio.netty.allocator.pageSize: 8192
[2015-10-22 14:17:18] [DEBUG] [io.netty.buffer.PooledByteBufAllocator:76]-- -Dio.netty.allocator.maxOrder: 11
[2015-10-22 14:17:18] [DEBUG] [io.netty.buffer.PooledByteBufAllocator:76]-- -Dio.netty.allocator.chunkSize: 16777216
[2015-10-22 14:17:18] [DEBUG] [io.netty.buffer.PooledByteBufAllocator:76]-- -Dio.netty.allocator.tinyCacheSize: 512
[2015-10-22 14:17:18] [DEBUG] [io.netty.buffer.PooledByteBufAllocator:76]-- -Dio.netty.allocator.smallCacheSize: 256
[2015-10-22 14:17:18] [DEBUG] [io.netty.buffer.PooledByteBufAllocator:76]-- -Dio.netty.allocator.normalCacheSize: 64
[2015-10-22 14:17:18] [DEBUG] [io.netty.buffer.PooledByteBufAllocator:76]-- -Dio.netty.allocator.maxCachedBufferCapacity: 32768
[2015-10-22 14:17:18] [DEBUG] [io.netty.buffer.PooledByteBufAllocator:76]-- -Dio.netty.allocator.cacheTrimInterval: 8192
[2015-10-22 14:17:18] [DEBUG] [io.netty.buffer.ByteBufUtil:76]-- -Dio.netty.allocator.type: pooled
[2015-10-22 14:17:18] [DEBUG] [io.netty.buffer.ByteBufUtil:76]-- -Dio.netty.threadLocalDirectBufferSize: 65536
[2015-10-22 14:17:18] [DEBUG] [io.netty.util.NetUtil:86]-- Loopback interface: lo0 (lo0, 0:0:0:0:0:0:0:1)
[2015-10-22 14:17:18] [DEBUG] [io.netty.util.NetUtil:81]-- /proc/sys/net/core/somaxconn: 128 (non-existent)
[2015-10-22 14:17:18] [INFO ] [io.netty.handler.logging.LoggingHandler:101]-- [id: 0xad4eec97] REGISTERED
[2015-10-22 14:17:18] [INFO ] [io.netty.handler.logging.LoggingHandler:101]-- [id: 0xad4eec97] BIND: 0.0.0.0/0.0.0.0:12345
[2015-10-22 14:17:18] [INFO ] [io.netty.handler.logging.LoggingHandler:101]-- [id: 0xad4eec97] CLOSE
[2015-10-22 14:17:18] [INFO ] [io.netty.handler.logging.LoggingHandler:101]-- [id: 0xad4eec97] UNREGISTERED
[2015-10-22 14:17:30] [INFO ] [com.avalon.core.AvalonEngine:557]-- /Users/zero/Documents/workspace/ExampleSingleServer
[2015-10-22 14:17:30] [INFO ] [com.avalon.component.ComponentRegistryImpl:425]-- Component add componentcom.avalon.io.netty.NettyServer@5d76b067
[2015-10-22 14:17:30] [INFO ] [com.avalon.component.ComponentRegistryImpl:425]-- Component add componentcom.avalon.core.AvalonProxy@1e6d1014
[2015-10-22 14:17:30] [INFO ] [com.avalon.io.netty.NettyServer:426]-- 初始化Netty 开始
[2015-10-22 14:17:30] [INFO ] [com.avalon.io.netty.NettyServer:458]-- 初始化Netty 线程启动
[2015-10-22 14:17:30] [DEBUG] [io.netty.util.internal.logging.InternalLoggerFactory:71]-- Using SLF4J as the default logging framework
[2015-10-22 14:17:30] [DEBUG] [io.netty.channel.MultithreadEventLoopGroup:76]-- -Dio.netty.eventLoopThreads: 16
[2015-10-22 14:17:30] [DEBUG] [io.netty.util.internal.PlatformDependent0:76]-- java.nio.Buffer.address: available
[2015-10-22 14:17:30] [DEBUG] [io.netty.util.internal.PlatformDependent0:76]-- sun.misc.Unsafe.theUnsafe: available
[2015-10-22 14:17:30] [DEBUG] [io.netty.util.internal.PlatformDependent0:71]-- sun.misc.Unsafe.copyMemory: available
[2015-10-22 14:17:30] [DEBUG] [io.netty.util.internal.PlatformDependent0:76]-- java.nio.Bits.unaligned: true
[2015-10-22 14:17:30] [DEBUG] [io.netty.util.internal.PlatformDependent:76]-- Java version: 8
[2015-10-22 14:17:30] [DEBUG] [io.netty.util.internal.PlatformDependent:76]-- -Dio.netty.noUnsafe: false
[2015-10-22 14:17:30] [DEBUG] [io.netty.util.internal.PlatformDependent:76]-- sun.misc.Unsafe: available
[2015-10-22 14:17:30] [DEBUG] [io.netty.util.internal.PlatformDependent:76]-- -Dio.netty.noJavassist: false
[2015-10-22 14:17:30] [DEBUG] [io.netty.util.internal.PlatformDependent:71]-- Javassist: available
[2015-10-22 14:17:30] [DEBUG] [io.netty.util.internal.PlatformDependent:76]-- -Dio.netty.tmpdir: /var/folders/k1/bfwvf_dd14ggxvb58z56hl6r0000gn/T (java.io.tmpdir)
[2015-10-22 14:17:30] [DEBUG] [io.netty.util.internal.PlatformDependent:76]-- -Dio.netty.bitMode: 64 (sun.arch.data.model)
[2015-10-22 14:17:30] [DEBUG] [io.netty.util.internal.PlatformDependent:76]-- -Dio.netty.noPreferDirect: false
[2015-10-22 14:17:30] [DEBUG] [io.netty.channel.nio.NioEventLoop:76]-- -Dio.netty.noKeySetOptimization: false
[2015-10-22 14:17:30] [DEBUG] [io.netty.channel.nio.NioEventLoop:76]-- -Dio.netty.selectorAutoRebuildThreshold: 512
[2015-10-22 14:17:30] [DEBUG] [io.netty.channel.DefaultChannelId:76]-- -Dio.netty.processId: 7505 (auto-detected)
[2015-10-22 14:17:30] [DEBUG] [io.netty.channel.DefaultChannelId:76]-- -Dio.netty.machineId: 10:40:f3:ff:fe:a9:36:64 (auto-detected)
[2015-10-22 14:17:30] [DEBUG] [io.netty.util.internal.ThreadLocalRandom:71]-- -Dio.netty.initialSeedUniquifier: 0xf0bd1eefe472f56e (took 12 ms)
[2015-10-22 14:17:30] [DEBUG] [io.netty.buffer.PooledByteBufAllocator:76]-- -Dio.netty.allocator.numHeapArenas: 8
[2015-10-22 14:17:30] [DEBUG] [io.netty.buffer.PooledByteBufAllocator:76]-- -Dio.netty.allocator.numDirectArenas: 8
[2015-10-22 14:17:30] [DEBUG] [io.netty.buffer.PooledByteBufAllocator:76]-- -Dio.netty.allocator.pageSize: 8192
[2015-10-22 14:17:30] [DEBUG] [io.netty.buffer.PooledByteBufAllocator:76]-- -Dio.netty.allocator.maxOrder: 11
[2015-10-22 14:17:30] [DEBUG] [io.netty.buffer.PooledByteBufAllocator:76]-- -Dio.netty.allocator.chunkSize: 16777216
[2015-10-22 14:17:30] [DEBUG] [io.netty.buffer.PooledByteBufAllocator:76]-- -Dio.netty.allocator.tinyCacheSize: 512
[2015-10-22 14:17:30] [DEBUG] [io.netty.buffer.PooledByteBufAllocator:76]-- -Dio.netty.allocator.smallCacheSize: 256
[2015-10-22 14:17:30] [DEBUG] [io.netty.buffer.PooledByteBufAllocator:76]-- -Dio.netty.allocator.normalCacheSize: 64
[2015-10-22 14:17:30] [DEBUG] [io.netty.buffer.PooledByteBufAllocator:76]-- -Dio.netty.allocator.maxCachedBufferCapacity: 32768
[2015-10-22 14:17:30] [DEBUG] [io.netty.buffer.PooledByteBufAllocator:76]-- -Dio.netty.allocator.cacheTrimInterval: 8192
[2015-10-22 14:17:30] [DEBUG] [io.netty.buffer.ByteBufUtil:76]-- -Dio.netty.allocator.type: pooled
[2015-10-22 14:17:30] [DEBUG] [io.netty.buffer.ByteBufUtil:76]-- -Dio.netty.threadLocalDirectBufferSize: 65536
[2015-10-22 14:17:30] [DEBUG] [io.netty.util.NetUtil:86]-- Loopback interface: lo0 (lo0, 0:0:0:0:0:0:0:1)
[2015-10-22 14:17:30] [DEBUG] [io.netty.util.NetUtil:81]-- /proc/sys/net/core/somaxconn: 128 (non-existent)
[2015-10-22 14:17:30] [INFO ] [io.netty.handler.logging.LoggingHandler:101]-- [id: 0xeaec223d] REGISTERED
[2015-10-22 14:17:30] [INFO ] [io.netty.handler.logging.LoggingHandler:101]-- [id: 0xeaec223d] BIND: 0.0.0.0/0.0.0.0:12345
[2015-10-22 14:17:30] [INFO ] [io.netty.handler.logging.LoggingHandler:101]-- [id: 0xeaec223d, /0:0:0:0:0:0:0:0:12345] ACTIVE
[2015-10-22 14:17:31] [INFO ] [com.avalon.component.ComponentRegistryImpl:425]-- Component add componentcom.zero.example.core.ExampleClientExtension@4b6e2263
[2015-10-22 14:17:36] [INFO ] [io.netty.handler.logging.LoggingHandler:101]-- [id: 0xeaec223d, /0:0:0:0:0:0:0:0:12345] RECEIVED: [id: 0x010337bd, /127.0.0.1:56828 => /127.0.0.1:12345]
[2015-10-22 14:17:36] [DEBUG] [io.netty.util.internal.JavassistTypeParameterMatcherGenerator:76]-- Generated: io.netty.util.internal.__matchers__.com.avalon.util.MessageHeadMatcher
[2015-10-22 14:17:36] [DEBUG] [com.avalon.io.netty.NettyHandler:422]-- 注册
[2015-10-22 14:17:40] [DEBUG] [io.netty.util.ResourceLeakDetector:81]-- -Dio.netty.leakDetectionLevel: simple
[2015-10-22 14:17:40] [DEBUG] [io.netty.util.Recycler:76]-- -Dio.netty.recycler.maxCapacity: 262144
[2015-10-22 14:17:40] [DEBUG] [io.netty.channel.DefaultChannelPipeline:76]-- Discarded inbound message com.avalon.io.MessagePackImpl@3d37c241 that reached at the tail of the pipeline. Please check your pipeline configuration.
[2015-10-22 14:17:43] [DEBUG] [io.netty.channel.DefaultChannelPipeline:76]-- Discarded inbound message com.avalon.io.MessagePackImpl@3fc862f9 that reached at the tail of the pipeline. Please check your pipeline configuration.
[2015-10-22 14:17:46] [DEBUG] [io.netty.channel.DefaultChannelPipeline:76]-- Discarded inbound message com.avalon.io.MessagePackImpl@64150ad6 that reached at the tail of the pipeline. Please check your pipeline configuration.
[2015-10-22 14:17:50] [DEBUG] [io.netty.channel.DefaultChannelPipeline:76]-- Discarded inbound message com.avalon.io.MessagePackImpl@7629391f that reached at the tail of the pipeline. Please check your pipeline configuration.
[2015-10-22 14:17:50] [DEBUG] [io.netty.channel.DefaultChannelPipeline:76]-- Discarded inbound message com.avalon.io.MessagePackImpl@a0a4289 that reached at the tail of the pipeline. Please check your pipeline configuration.
[2015-10-22 14:17:50] [DEBUG] [io.netty.channel.DefaultChannelPipeline:76]-- Discarded inbound message com.avalon.io.MessagePackImpl@37ceae81 that reached at the tail of the pipeline. Please check your pipeline configuration.
[2015-10-22 14:17:50] [DEBUG] [io.netty.channel.DefaultChannelPipeline:76]-- Discarded inbound message com.avalon.io.MessagePackImpl@7b415114 that reached at the tail of the pipeline. Please check your pipeline configuration.
[2015-10-22 14:17:51] [DEBUG] [io.netty.channel.DefaultChannelPipeline:76]-- Discarded inbound message com.avalon.io.MessagePackImpl@449f6ea2 that reached at the tail of the pipeline. Please check your pipeline configuration.
[2015-10-22 14:17:51] [DEBUG] [io.netty.channel.DefaultChannelPipeline:76]-- Discarded inbound message com.avalon.io.MessagePackImpl@1c5962b2 that reached at the tail of the pipeline. Please check your pipeline configuration.
[2015-10-22 14:17:51] [DEBUG] [io.netty.channel.DefaultChannelPipeline:76]-- Discarded inbound message com.avalon.io.MessagePackImpl@5ea17d1e that reached at the tail of the pipeline. Please check your pipeline configuration.
[2015-10-22 14:17:51] [DEBUG] [io.netty.channel.DefaultChannelPipeline:76]-- Discarded inbound message com.avalon.io.MessagePackImpl@2f994e2f that reached at the tail of the pipeline. Please check your pipeline configuration.
[2015-10-22 14:17:51] [DEBUG] [io.netty.channel.DefaultChannelPipeline:76]-- Discarded inbound message com.avalon.io.MessagePackImpl@104ccf00 that reached at the tail of the pipeline. Please check your pipeline configuration.
[2015-10-22 14:48:51] [INFO ] [com.avalon.core.AvalonEngine:557]-- /Users/zero/Documents/workspace/ExampleSingleServer
[2015-10-22 14:48:51] [INFO ] [com.avalon.component.ComponentRegistryImpl:425]-- Component add componentcom.avalon.io.netty.NettyServer@544fa968
[2015-10-22 14:48:51] [INFO ] [com.avalon.component.ComponentRegistryImpl:425]-- Component add componentcom.avalon.core.AvalonProxy@d35dea7
[2015-10-22 14:48:51] [INFO ] [com.avalon.io.netty.NettyServer:426]-- 初始化Netty 开始
[2015-10-22 14:48:51] [INFO ] [com.avalon.io.netty.NettyServer:458]-- 初始化Netty 线程启动
[2015-10-22 14:48:51] [DEBUG] [io.netty.util.internal.logging.InternalLoggerFactory:71]-- Using SLF4J as the default logging framework
[2015-10-22 14:48:51] [DEBUG] [io.netty.channel.MultithreadEventLoopGroup:76]-- -Dio.netty.eventLoopThreads: 16
[2015-10-22 14:48:52] [DEBUG] [io.netty.util.internal.PlatformDependent0:76]-- java.nio.Buffer.address: available
[2015-10-22 14:48:52] [DEBUG] [io.netty.util.internal.PlatformDependent0:76]-- sun.misc.Unsafe.theUnsafe: available
[2015-10-22 14:48:52] [DEBUG] [io.netty.util.internal.PlatformDependent0:71]-- sun.misc.Unsafe.copyMemory: available
[2015-10-22 14:48:52] [DEBUG] [io.netty.util.internal.PlatformDependent0:76]-- java.nio.Bits.unaligned: true
[2015-10-22 14:48:52] [DEBUG] [io.netty.util.internal.PlatformDependent:76]-- Java version: 8
[2015-10-22 14:48:52] [DEBUG] [io.netty.util.internal.PlatformDependent:76]-- -Dio.netty.noUnsafe: false
[2015-10-22 14:48:52] [DEBUG] [io.netty.util.internal.PlatformDependent:76]-- sun.misc.Unsafe: available
[2015-10-22 14:48:52] [DEBUG] [io.netty.util.internal.PlatformDependent:76]-- -Dio.netty.noJavassist: false
[2015-10-22 14:48:52] [DEBUG] [io.netty.util.internal.PlatformDependent:71]-- Javassist: available
[2015-10-22 14:48:52] [DEBUG] [io.netty.util.internal.PlatformDependent:76]-- -Dio.netty.tmpdir: /var/folders/k1/bfwvf_dd14ggxvb58z56hl6r0000gn/T (java.io.tmpdir)
[2015-10-22 14:48:52] [DEBUG] [io.netty.util.internal.PlatformDependent:76]-- -Dio.netty.bitMode: 64 (sun.arch.data.model)
[2015-10-22 14:48:52] [DEBUG] [io.netty.util.internal.PlatformDependent:76]-- -Dio.netty.noPreferDirect: false
[2015-10-22 14:48:52] [DEBUG] [io.netty.channel.nio.NioEventLoop:76]-- -Dio.netty.noKeySetOptimization: false
[2015-10-22 14:48:52] [DEBUG] [io.netty.channel.nio.NioEventLoop:76]-- -Dio.netty.selectorAutoRebuildThreshold: 512
[2015-10-22 14:48:52] [DEBUG] [io.netty.channel.DefaultChannelId:76]-- -Dio.netty.processId: 7540 (auto-detected)
[2015-10-22 14:48:52] [DEBUG] [io.netty.channel.DefaultChannelId:76]-- -Dio.netty.machineId: 10:40:f3:ff:fe:a9:36:64 (auto-detected)
[2015-10-22 14:48:52] [DEBUG] [io.netty.util.internal.ThreadLocalRandom:71]-- -Dio.netty.initialSeedUniquifier: 0x97e9bc6c6bc55121 (took 13 ms)
[2015-10-22 14:48:52] [DEBUG] [io.netty.buffer.PooledByteBufAllocator:76]-- -Dio.netty.allocator.numHeapArenas: 8
[2015-10-22 14:48:52] [DEBUG] [io.netty.buffer.PooledByteBufAllocator:76]-- -Dio.netty.allocator.numDirectArenas: 8
[2015-10-22 14:48:52] [DEBUG] [io.netty.buffer.PooledByteBufAllocator:76]-- -Dio.netty.allocator.pageSize: 8192
[2015-10-22 14:48:52] [DEBUG] [io.netty.buffer.PooledByteBufAllocator:76]-- -Dio.netty.allocator.maxOrder: 11
[2015-10-22 14:48:52] [DEBUG] [io.netty.buffer.PooledByteBufAllocator:76]-- -Dio.netty.allocator.chunkSize: 16777216
[2015-10-22 14:48:52] [DEBUG] [io.netty.buffer.PooledByteBufAllocator:76]-- -Dio.netty.allocator.tinyCacheSize: 512
[2015-10-22 14:48:52] [DEBUG] [io.netty.buffer.PooledByteBufAllocator:76]-- -Dio.netty.allocator.smallCacheSize: 256
[2015-10-22 14:48:52] [DEBUG] [io.netty.buffer.PooledByteBufAllocator:76]-- -Dio.netty.allocator.normalCacheSize: 64
[2015-10-22 14:48:52] [DEBUG] [io.netty.buffer.PooledByteBufAllocator:76]-- -Dio.netty.allocator.maxCachedBufferCapacity: 32768
[2015-10-22 14:48:52] [DEBUG] [io.netty.buffer.PooledByteBufAllocator:76]-- -Dio.netty.allocator.cacheTrimInterval: 8192
[2015-10-22 14:48:52] [DEBUG] [io.netty.buffer.ByteBufUtil:76]-- -Dio.netty.allocator.type: pooled
[2015-10-22 14:48:52] [DEBUG] [io.netty.buffer.ByteBufUtil:76]-- -Dio.netty.threadLocalDirectBufferSize: 65536
[2015-10-22 14:48:52] [DEBUG] [io.netty.util.NetUtil:86]-- Loopback interface: lo0 (lo0, 0:0:0:0:0:0:0:1)
[2015-10-22 14:48:52] [DEBUG] [io.netty.util.NetUtil:81]-- /proc/sys/net/core/somaxconn: 128 (non-existent)
[2015-10-22 14:48:52] [INFO ] [io.netty.handler.logging.LoggingHandler:101]-- [id: 0xd9dd6797] REGISTERED
[2015-10-22 14:48:52] [INFO ] [io.netty.handler.logging.LoggingHandler:101]-- [id: 0xd9dd6797] BIND: 0.0.0.0/0.0.0.0:12345
[2015-10-22 14:48:52] [INFO ] [io.netty.handler.logging.LoggingHandler:101]-- [id: 0xd9dd6797, /0:0:0:0:0:0:0:0:12345] ACTIVE
[2015-10-22 14:48:53] [INFO ] [com.avalon.component.ComponentRegistryImpl:425]-- Component add componentcom.zero.example.core.ExampleClientExtension@368d5c00
[2015-10-22 14:49:05] [INFO ] [io.netty.handler.logging.LoggingHandler:101]-- [id: 0xd9dd6797, /0:0:0:0:0:0:0:0:12345] RECEIVED: [id: 0x79d09dc1, /127.0.0.1:57346 => /127.0.0.1:12345]
[2015-10-22 14:49:05] [DEBUG] [io.netty.util.internal.JavassistTypeParameterMatcherGenerator:76]-- Generated: io.netty.util.internal.__matchers__.com.avalon.util.MessageHeadMatcher
[2015-10-22 14:49:05] [DEBUG] [com.avalon.io.netty.NettyHandler:422]-- 注册
[2015-10-22 14:49:08] [DEBUG] [io.netty.util.ResourceLeakDetector:81]-- -Dio.netty.leakDetectionLevel: simple
[2015-10-22 14:49:08] [DEBUG] [io.netty.util.Recycler:76]-- -Dio.netty.recycler.maxCapacity: 262144
[2015-10-22 14:49:09] [DEBUG] [io.netty.channel.DefaultChannelPipeline:76]-- Discarded inbound message com.avalon.io.MessagePackImpl@7f2cac8a that reached at the tail of the pipeline. Please check your pipeline configuration.
[2015-10-22 14:49:11] [DEBUG] [io.netty.channel.DefaultChannelPipeline:76]-- Discarded inbound message com.avalon.io.MessagePackImpl@45c1fdf8 that reached at the tail of the pipeline. Please check your pipeline configuration.
[2015-10-22 14:49:24] [DEBUG] [io.netty.channel.DefaultChannelPipeline:76]-- Discarded inbound message com.avalon.io.MessagePackImpl@4b061b30 that reached at the tail of the pipeline. Please check your pipeline configuration.
[2015-10-22 14:50:47] [INFO ] [com.avalon.core.AvalonEngine:557]-- /Users/zero/Documents/workspace/ExampleSingleServer
[2015-10-22 14:50:47] [INFO ] [com.avalon.component.ComponentRegistryImpl:425]-- Component add componentcom.avalon.io.netty.NettyServer@544fa968
[2015-10-22 14:50:47] [INFO ] [com.avalon.component.ComponentRegistryImpl:425]-- Component add componentcom.avalon.core.AvalonProxy@d35dea7
[2015-10-22 14:50:47] [INFO ] [com.avalon.io.netty.NettyServer:426]-- 初始化Netty 开始
[2015-10-22 14:50:47] [INFO ] [com.avalon.io.netty.NettyServer:458]-- 初始化Netty 线程启动
[2015-10-22 14:50:47] [DEBUG] [io.netty.util.internal.logging.InternalLoggerFactory:71]-- Using SLF4J as the default logging framework
[2015-10-22 14:50:47] [DEBUG] [io.netty.channel.MultithreadEventLoopGroup:76]-- -Dio.netty.eventLoopThreads: 16
[2015-10-22 14:50:47] [DEBUG] [io.netty.util.internal.PlatformDependent0:76]-- java.nio.Buffer.address: available
[2015-10-22 14:50:47] [DEBUG] [io.netty.util.internal.PlatformDependent0:76]-- sun.misc.Unsafe.theUnsafe: available
[2015-10-22 14:50:47] [DEBUG] [io.netty.util.internal.PlatformDependent0:71]-- sun.misc.Unsafe.copyMemory: available
[2015-10-22 14:50:47] [DEBUG] [io.netty.util.internal.PlatformDependent0:76]-- java.nio.Bits.unaligned: true
[2015-10-22 14:50:47] [DEBUG] [io.netty.util.internal.PlatformDependent:76]-- Java version: 8
[2015-10-22 14:50:47] [DEBUG] [io.netty.util.internal.PlatformDependent:76]-- -Dio.netty.noUnsafe: false
[2015-10-22 14:50:47] [DEBUG] [io.netty.util.internal.PlatformDependent:76]-- sun.misc.Unsafe: available
[2015-10-22 14:50:47] [DEBUG] [io.netty.util.internal.PlatformDependent:76]-- -Dio.netty.noJavassist: false
[2015-10-22 14:50:47] [DEBUG] [io.netty.util.internal.PlatformDependent:71]-- Javassist: available
[2015-10-22 14:50:47] [DEBUG] [io.netty.util.internal.PlatformDependent:76]-- -Dio.netty.tmpdir: /var/folders/k1/bfwvf_dd14ggxvb58z56hl6r0000gn/T (java.io.tmpdir)
[2015-10-22 14:50:47] [DEBUG] [io.netty.util.internal.PlatformDependent:76]-- -Dio.netty.bitMode: 64 (sun.arch.data.model)
[2015-10-22 14:50:47] [DEBUG] [io.netty.util.internal.PlatformDependent:76]-- -Dio.netty.noPreferDirect: false
[2015-10-22 14:50:47] [DEBUG] [io.netty.channel.nio.NioEventLoop:76]-- -Dio.netty.noKeySetOptimization: false
[2015-10-22 14:50:47] [DEBUG] [io.netty.channel.nio.NioEventLoop:76]-- -Dio.netty.selectorAutoRebuildThreshold: 512
[2015-10-22 14:50:48] [DEBUG] [io.netty.channel.DefaultChannelId:76]-- -Dio.netty.processId: 7543 (auto-detected)
[2015-10-22 14:50:48] [DEBUG] [io.netty.channel.DefaultChannelId:76]-- -Dio.netty.machineId: 10:40:f3:ff:fe:a9:36:64 (auto-detected)
[2015-10-22 14:50:48] [DEBUG] [io.netty.util.internal.ThreadLocalRandom:71]-- -Dio.netty.initialSeedUniquifier: 0x3214a8dd45d136a5 (took 12 ms)
[2015-10-22 14:50:48] [DEBUG] [io.netty.buffer.PooledByteBufAllocator:76]-- -Dio.netty.allocator.numHeapArenas: 8
[2015-10-22 14:50:48] [DEBUG] [io.netty.buffer.PooledByteBufAllocator:76]-- -Dio.netty.allocator.numDirectArenas: 8
[2015-10-22 14:50:48] [DEBUG] [io.netty.buffer.PooledByteBufAllocator:76]-- -Dio.netty.allocator.pageSize: 8192
[2015-10-22 14:50:48] [DEBUG] [io.netty.buffer.PooledByteBufAllocator:76]-- -Dio.netty.allocator.maxOrder: 11
[2015-10-22 14:50:48] [DEBUG] [io.netty.buffer.PooledByteBufAllocator:76]-- -Dio.netty.allocator.chunkSize: 16777216
[2015-10-22 14:50:48] [DEBUG] [io.netty.buffer.PooledByteBufAllocator:76]-- -Dio.netty.allocator.tinyCacheSize: 512
[2015-10-22 14:50:48] [DEBUG] [io.netty.buffer.PooledByteBufAllocator:76]-- -Dio.netty.allocator.smallCacheSize: 256
[2015-10-22 14:50:48] [DEBUG] [io.netty.buffer.PooledByteBufAllocator:76]-- -Dio.netty.allocator.normalCacheSize: 64
[2015-10-22 14:50:48] [DEBUG] [io.netty.buffer.PooledByteBufAllocator:76]-- -Dio.netty.allocator.maxCachedBufferCapacity: 32768
[2015-10-22 14:50:48] [DEBUG] [io.netty.buffer.PooledByteBufAllocator:76]-- -Dio.netty.allocator.cacheTrimInterval: 8192
[2015-10-22 14:50:48] [DEBUG] [io.netty.buffer.ByteBufUtil:76]-- -Dio.netty.allocator.type: pooled
[2015-10-22 14:50:48] [DEBUG] [io.netty.buffer.ByteBufUtil:76]-- -Dio.netty.threadLocalDirectBufferSize: 65536
[2015-10-22 14:50:48] [DEBUG] [io.netty.util.NetUtil:86]-- Loopback interface: lo0 (lo0, 0:0:0:0:0:0:0:1)
[2015-10-22 14:50:48] [DEBUG] [io.netty.util.NetUtil:81]-- /proc/sys/net/core/somaxconn: 128 (non-existent)
[2015-10-22 14:50:48] [INFO ] [io.netty.handler.logging.LoggingHandler:101]-- [id: 0x4ef9f365] REGISTERED
[2015-10-22 14:50:48] [INFO ] [io.netty.handler.logging.LoggingHandler:101]-- [id: 0x4ef9f365] BIND: 0.0.0.0/0.0.0.0:12345
[2015-10-22 14:50:48] [INFO ] [io.netty.handler.logging.LoggingHandler:101]-- [id: 0x4ef9f365, /0:0:0:0:0:0:0:0:12345] ACTIVE
[2015-10-22 14:50:48] [INFO ] [com.avalon.component.ComponentRegistryImpl:425]-- Component add componentcom.zero.example.core.ExampleClientExtension@759d81f3
[2015-10-22 14:50:54] [INFO ] [io.netty.handler.logging.LoggingHandler:101]-- [id: 0x4ef9f365, /0:0:0:0:0:0:0:0:12345] RECEIVED: [id: 0x4fceb94a, /127.0.0.1:57369 => /127.0.0.1:12345]
[2015-10-22 14:50:54] [DEBUG] [io.netty.util.internal.JavassistTypeParameterMatcherGenerator:76]-- Generated: io.netty.util.internal.__matchers__.com.avalon.util.MessageHeadMatcher
[2015-10-22 14:50:54] [DEBUG] [com.avalon.io.netty.NettyHandler:422]-- 注册
[2015-10-22 14:50:59] [DEBUG] [io.netty.util.ResourceLeakDetector:81]-- -Dio.netty.leakDetectionLevel: simple
[2015-10-22 14:50:59] [DEBUG] [io.netty.util.Recycler:76]-- -Dio.netty.recycler.maxCapacity: 262144
[2015-10-22 14:50:59] [DEBUG] [io.netty.channel.DefaultChannelPipeline:76]-- Discarded inbound message com.avalon.io.MessagePackImpl@d55b154 that reached at the tail of the pipeline. Please check your pipeline configuration.
[2015-10-22 14:51:32] [DEBUG] [io.netty.channel.DefaultChannelPipeline:76]-- Discarded inbound message com.avalon.io.MessagePackImpl@446e3012 that reached at the tail of the pipeline. Please check your pipeline configuration.
[2015-10-22 14:51:32] [DEBUG] [io.netty.channel.DefaultChannelPipeline:76]-- Discarded inbound message com.avalon.io.MessagePackImpl@122602b that reached at the tail of the pipeline. Please check your pipeline configuration.
[2015-10-22 14:52:41] [INFO ] [com.avalon.core.AvalonEngine:557]-- /Users/zero/Documents/workspace/ExampleSingleServer
[2015-10-22 14:52:41] [INFO ] [com.avalon.component.ComponentRegistryImpl:425]-- Component add componentcom.avalon.io.netty.NettyServer@544fa968
[2015-10-22 14:52:41] [INFO ] [com.avalon.component.ComponentRegistryImpl:425]-- Component add componentcom.avalon.core.AvalonProxy@d35dea7
[2015-10-22 14:52:41] [INFO ] [com.avalon.io.netty.NettyServer:426]-- 初始化Netty 开始
[2015-10-22 14:52:41] [INFO ] [com.avalon.io.netty.NettyServer:458]-- 初始化Netty 线程启动
[2015-10-22 14:52:41] [DEBUG] [io.netty.util.internal.logging.InternalLoggerFactory:71]-- Using SLF4J as the default logging framework
[2015-10-22 14:52:42] [DEBUG] [io.netty.channel.MultithreadEventLoopGroup:76]-- -Dio.netty.eventLoopThreads: 16
[2015-10-22 14:52:42] [DEBUG] [io.netty.util.internal.PlatformDependent0:76]-- java.nio.Buffer.address: available
[2015-10-22 14:52:42] [DEBUG] [io.netty.util.internal.PlatformDependent0:76]-- sun.misc.Unsafe.theUnsafe: available
[2015-10-22 14:52:42] [DEBUG] [io.netty.util.internal.PlatformDependent0:71]-- sun.misc.Unsafe.copyMemory: available
[2015-10-22 14:52:42] [DEBUG] [io.netty.util.internal.PlatformDependent0:76]-- java.nio.Bits.unaligned: true
[2015-10-22 14:52:42] [DEBUG] [io.netty.util.internal.PlatformDependent:76]-- Java version: 8
[2015-10-22 14:52:42] [DEBUG] [io.netty.util.internal.PlatformDependent:76]-- -Dio.netty.noUnsafe: false
[2015-10-22 14:52:42] [DEBUG] [io.netty.util.internal.PlatformDependent:76]-- sun.misc.Unsafe: available
[2015-10-22 14:52:42] [DEBUG] [io.netty.util.internal.PlatformDependent:76]-- -Dio.netty.noJavassist: false
[2015-10-22 14:52:42] [DEBUG] [io.netty.util.internal.PlatformDependent:71]-- Javassist: available
[2015-10-22 14:52:42] [DEBUG] [io.netty.util.internal.PlatformDependent:76]-- -Dio.netty.tmpdir: /var/folders/k1/bfwvf_dd14ggxvb58z56hl6r0000gn/T (java.io.tmpdir)
[2015-10-22 14:52:42] [DEBUG] [io.netty.util.internal.PlatformDependent:76]-- -Dio.netty.bitMode: 64 (sun.arch.data.model)
[2015-10-22 14:52:42] [DEBUG] [io.netty.util.internal.PlatformDependent:76]-- -Dio.netty.noPreferDirect: false
[2015-10-22 14:52:42] [DEBUG] [io.netty.channel.nio.NioEventLoop:76]-- -Dio.netty.noKeySetOptimization: false
[2015-10-22 14:52:42] [DEBUG] [io.netty.channel.nio.NioEventLoop:76]-- -Dio.netty.selectorAutoRebuildThreshold: 512
[2015-10-22 14:52:42] [DEBUG] [io.netty.channel.DefaultChannelId:76]-- -Dio.netty.processId: 7546 (auto-detected)
[2015-10-22 14:52:42] [DEBUG] [io.netty.channel.DefaultChannelId:76]-- -Dio.netty.machineId: 10:40:f3:ff:fe:a9:36:64 (auto-detected)
[2015-10-22 14:52:42] [DEBUG] [io.netty.util.internal.ThreadLocalRandom:71]-- -Dio.netty.initialSeedUniquifier: 0x292c457f9bf1767b (took 12 ms)
[2015-10-22 14:52:42] [DEBUG] [io.netty.buffer.PooledByteBufAllocator:76]-- -Dio.netty.allocator.numHeapArenas: 8
[2015-10-22 14:52:42] [DEBUG] [io.netty.buffer.PooledByteBufAllocator:76]-- -Dio.netty.allocator.numDirectArenas: 8
[2015-10-22 14:52:42] [DEBUG] [io.netty.buffer.PooledByteBufAllocator:76]-- -Dio.netty.allocator.pageSize: 8192
[2015-10-22 14:52:42] [DEBUG] [io.netty.buffer.PooledByteBufAllocator:76]-- -Dio.netty.allocator.maxOrder: 11
[2015-10-22 14:52:42] [DEBUG] [io.netty.buffer.PooledByteBufAllocator:76]-- -Dio.netty.allocator.chunkSize: 16777216
[2015-10-22 14:52:42] [DEBUG] [io.netty.buffer.PooledByteBufAllocator:76]-- -Dio.netty.allocator.tinyCacheSize: 512
[2015-10-22 14:52:42] [DEBUG] [io.netty.buffer.PooledByteBufAllocator:76]-- -Dio.netty.allocator.smallCacheSize: 256
[2015-10-22 14:52:42] [DEBUG] [io.netty.buffer.PooledByteBufAllocator:76]-- -Dio.netty.allocator.normalCacheSize: 64
[2015-10-22 14:52:42] [DEBUG] [io.netty.buffer.PooledByteBufAllocator:76]-- -Dio.netty.allocator.maxCachedBufferCapacity: 32768
[2015-10-22 14:52:42] [DEBUG] [io.netty.buffer.PooledByteBufAllocator:76]-- -Dio.netty.allocator.cacheTrimInterval: 8192
[2015-10-22 14:52:42] [DEBUG] [io.netty.buffer.ByteBufUtil:76]-- -Dio.netty.allocator.type: pooled
[2015-10-22 14:52:42] [DEBUG] [io.netty.buffer.ByteBufUtil:76]-- -Dio.netty.threadLocalDirectBufferSize: 65536
[2015-10-22 14:52:42] [DEBUG] [io.netty.util.NetUtil:86]-- Loopback interface: lo0 (lo0, 0:0:0:0:0:0:0:1)
[2015-10-22 14:52:42] [DEBUG] [io.netty.util.NetUtil:81]-- /proc/sys/net/core/somaxconn: 128 (non-existent)
[2015-10-22 14:52:42] [INFO ] [io.netty.handler.logging.LoggingHandler:101]-- [id: 0x54ab93e4] REGISTERED
[2015-10-22 14:52:42] [INFO ] [io.netty.handler.logging.LoggingHandler:101]-- [id: 0x54ab93e4] BIND: 0.0.0.0/0.0.0.0:12345
[2015-10-22 14:52:42] [INFO ] [io.netty.handler.logging.LoggingHandler:101]-- [id: 0x54ab93e4, /0:0:0:0:0:0:0:0:12345] ACTIVE
[2015-10-22 14:52:43] [INFO ] [com.avalon.component.ComponentRegistryImpl:425]-- Component add componentcom.zero.example.core.ExampleClientExtension@76b224cd
[2015-10-22 14:52:53] [INFO ] [io.netty.handler.logging.LoggingHandler:101]-- [id: 0x54ab93e4, /0:0:0:0:0:0:0:0:12345] RECEIVED: [id: 0x0374a8af, /127.0.0.1:57398 => /127.0.0.1:12345]
[2015-10-22 14:52:53] [DEBUG] [io.netty.util.internal.JavassistTypeParameterMatcherGenerator:76]-- Generated: io.netty.util.internal.__matchers__.com.avalon.util.MessageHeadMatcher
[2015-10-22 14:52:53] [DEBUG] [com.avalon.io.netty.NettyHandler:422]-- 注册
[2015-10-22 14:52:58] [DEBUG] [io.netty.util.ResourceLeakDetector:81]-- -Dio.netty.leakDetectionLevel: simple
[2015-10-22 14:52:58] [DEBUG] [io.netty.util.Recycler:76]-- -Dio.netty.recycler.maxCapacity: 262144
[2015-10-22 14:52:58] [DEBUG] [io.netty.channel.DefaultChannelPipeline:76]-- Discarded inbound message com.avalon.io.MessagePackImpl@29388e7c that reached at the tail of the pipeline. Please check your pipeline configuration.
[2015-10-22 14:53:07] [DEBUG] [io.netty.channel.DefaultChannelPipeline:76]-- Discarded inbound message com.avalon.io.MessagePackImpl@690f9fbb that reached at the tail of the pipeline. Please check your pipeline configuration.
[2015-10-22 14:55:48] [DEBUG] [io.netty.channel.DefaultChannelPipeline:76]-- Discarded inbound message com.avalon.io.MessagePackImpl@10431ff5 that reached at the tail of the pipeline. Please check your pipeline configuration.
[2015-10-22 15:10:36] [INFO ] [com.avalon.core.AvalonEngine:557]-- /Users/zero/Workspaces/MyEclipse 2015 CI/ExampleChatServer2
[2015-10-22 15:10:36] [INFO ] [com.avalon.component.ComponentRegistryImpl:425]-- Component add componentcom.avalon.core.AvalonProxy@4bbfb90a
[2015-10-22 15:10:37] [INFO ] [com.avalon.component.ComponentRegistryImpl:425]-- Component add componentcom.zero.example.core.ExampleClientExtension@a87f8ec
