[2015-10-14 10:40:45] [INFO ] [com.avalon.core.AvalonEngine:207]-- /Users/zero/Documents/workspace/ExampleSingleServer
[2015-10-14 10:40:45] [INFO ] [com.avalon.component.ComponentRegistryImpl:70]-- Component add componentcom.avalon.io.netty.NettyServer@3bd82cf5
[2015-10-14 10:40:45] [INFO ] [com.avalon.component.ComponentRegistryImpl:70]-- Component add componentcom.avalon.core.AvalonProxy@247bddad
[2015-10-14 10:40:45] [INFO ] [com.avalon.io.netty.NettyServer:57]-- 初始化Netty 开始
[2015-10-14 10:40:45] [INFO ] [com.avalon.io.netty.NettyServer:89]-- 初始化Netty 线程启动
[2015-10-14 10:40:45] [DEBUG] [io.netty.util.internal.logging.InternalLoggerFactory:71]-- Using SLF4J as the default logging framework
[2015-10-14 10:40:45] [DEBUG] [io.netty.channel.MultithreadEventLoopGroup:76]-- -Dio.netty.eventLoopThreads: 16
[2015-10-14 10:40:45] [DEBUG] [io.netty.util.internal.PlatformDependent0:76]-- java.nio.Buffer.address: available
[2015-10-14 10:40:45] [DEBUG] [io.netty.util.internal.PlatformDependent0:76]-- sun.misc.Unsafe.theUnsafe: available
[2015-10-14 10:40:45] [DEBUG] [io.netty.util.internal.PlatformDependent0:71]-- sun.misc.Unsafe.copyMemory: available
[2015-10-14 10:40:45] [DEBUG] [io.netty.util.internal.PlatformDependent0:76]-- java.nio.Bits.unaligned: true
[2015-10-14 10:40:45] [DEBUG] [io.netty.util.internal.PlatformDependent:76]-- Java version: 8
[2015-10-14 10:40:45] [DEBUG] [io.netty.util.internal.PlatformDependent:76]-- -Dio.netty.noUnsafe: false
[2015-10-14 10:40:45] [DEBUG] [io.netty.util.internal.PlatformDependent:76]-- sun.misc.Unsafe: available
[2015-10-14 10:40:45] [DEBUG] [io.netty.util.internal.PlatformDependent:76]-- -Dio.netty.noJavassist: false
[2015-10-14 10:40:46] [DEBUG] [io.netty.util.internal.PlatformDependent:71]-- Javassist: available
[2015-10-14 10:40:46] [DEBUG] [io.netty.util.internal.PlatformDependent:76]-- -Dio.netty.tmpdir: /var/folders/k1/bfwvf_dd14ggxvb58z56hl6r0000gn/T (java.io.tmpdir)
[2015-10-14 10:40:46] [DEBUG] [io.netty.util.internal.PlatformDependent:76]-- -Dio.netty.bitMode: 64 (sun.arch.data.model)
[2015-10-14 10:40:46] [DEBUG] [io.netty.util.internal.PlatformDependent:76]-- -Dio.netty.noPreferDirect: false
[2015-10-14 10:40:46] [DEBUG] [io.netty.channel.nio.NioEventLoop:76]-- -Dio.netty.noKeySetOptimization: false
[2015-10-14 10:40:46] [DEBUG] [io.netty.channel.nio.NioEventLoop:76]-- -Dio.netty.selectorAutoRebuildThreshold: 512
[2015-10-14 10:40:46] [DEBUG] [io.netty.channel.DefaultChannelId:76]-- -Dio.netty.processId: 5387 (auto-detected)
[2015-10-14 10:40:46] [DEBUG] [io.netty.channel.DefaultChannelId:76]-- -Dio.netty.machineId: 10:40:f3:ff:fe:a9:36:64 (auto-detected)
[2015-10-14 10:40:46] [DEBUG] [io.netty.util.internal.ThreadLocalRandom:71]-- -Dio.netty.initialSeedUniquifier: 0xdbc2e5be7668f906 (took 18 ms)
[2015-10-14 10:40:46] [DEBUG] [io.netty.buffer.PooledByteBufAllocator:76]-- -Dio.netty.allocator.numHeapArenas: 8
[2015-10-14 10:40:46] [DEBUG] [io.netty.buffer.PooledByteBufAllocator:76]-- -Dio.netty.allocator.numDirectArenas: 8
[2015-10-14 10:40:46] [DEBUG] [io.netty.buffer.PooledByteBufAllocator:76]-- -Dio.netty.allocator.pageSize: 8192
[2015-10-14 10:40:46] [DEBUG] [io.netty.buffer.PooledByteBufAllocator:76]-- -Dio.netty.allocator.maxOrder: 11
[2015-10-14 10:40:46] [DEBUG] [io.netty.buffer.PooledByteBufAllocator:76]-- -Dio.netty.allocator.chunkSize: 16777216
[2015-10-14 10:40:46] [DEBUG] [io.netty.buffer.PooledByteBufAllocator:76]-- -Dio.netty.allocator.tinyCacheSize: 512
[2015-10-14 10:40:46] [DEBUG] [io.netty.buffer.PooledByteBufAllocator:76]-- -Dio.netty.allocator.smallCacheSize: 256
[2015-10-14 10:40:46] [DEBUG] [io.netty.buffer.PooledByteBufAllocator:76]-- -Dio.netty.allocator.normalCacheSize: 64
[2015-10-14 10:40:46] [DEBUG] [io.netty.buffer.PooledByteBufAllocator:76]-- -Dio.netty.allocator.maxCachedBufferCapacity: 32768
[2015-10-14 10:40:46] [DEBUG] [io.netty.buffer.PooledByteBufAllocator:76]-- -Dio.netty.allocator.cacheTrimInterval: 8192
[2015-10-14 10:40:46] [DEBUG] [io.netty.buffer.ByteBufUtil:76]-- -Dio.netty.allocator.type: pooled
[2015-10-14 10:40:46] [DEBUG] [io.netty.buffer.ByteBufUtil:76]-- -Dio.netty.threadLocalDirectBufferSize: 65536
[2015-10-14 10:40:46] [DEBUG] [io.netty.util.NetUtil:86]-- Loopback interface: lo0 (lo0, 0:0:0:0:0:0:0:1)
[2015-10-14 10:40:46] [DEBUG] [io.netty.util.NetUtil:81]-- /proc/sys/net/core/somaxconn: 128 (non-existent)
[2015-10-14 10:40:46] [INFO ] [io.netty.handler.logging.LoggingHandler:101]-- [id: 0x7ce5326a] REGISTERED
[2015-10-14 10:40:46] [INFO ] [io.netty.handler.logging.LoggingHandler:101]-- [id: 0x7ce5326a] BIND: 0.0.0.0/0.0.0.0:12345
[2015-10-14 10:40:46] [INFO ] [io.netty.handler.logging.LoggingHandler:101]-- [id: 0x7ce5326a, /0:0:0:0:0:0:0:0:12345] ACTIVE
[2015-10-14 10:42:17] [INFO ] [io.netty.handler.logging.LoggingHandler:101]-- [id: 0x7ce5326a, /0:0:0:0:0:0:0:0:12345] RECEIVED: [id: 0x6a3502cc, /127.0.0.1:50475 => /127.0.0.1:12345]
[2015-10-14 10:42:17] [DEBUG] [io.netty.util.internal.JavassistTypeParameterMatcherGenerator:76]-- Generated: io.netty.util.internal.__matchers__.com.avalon.util.MessageHeadMatcher
[2015-10-14 10:42:17] [DEBUG] [com.avalon.io.netty.NettyHandler:63]-- 注册
[2015-10-14 10:42:21] [DEBUG] [io.netty.util.ResourceLeakDetector:81]-- -Dio.netty.leakDetectionLevel: simple
[2015-10-14 10:42:21] [DEBUG] [io.netty.util.Recycler:76]-- -Dio.netty.recycler.maxCapacity: 262144
[2015-10-14 10:42:21] [DEBUG] [io.netty.channel.DefaultChannelPipeline:76]-- Discarded inbound message com.avalon.io.MessagePackImpl@27702f62 that reached at the tail of the pipeline. Please check your pipeline configuration.
[2015-10-14 10:42:59] [DEBUG] [io.netty.channel.DefaultChannelPipeline:76]-- Discarded inbound message com.avalon.io.MessagePackImpl@1b4c5502 that reached at the tail of the pipeline. Please check your pipeline configuration.
[2015-10-14 10:44:41] [DEBUG] [io.netty.channel.DefaultChannelPipeline:76]-- Discarded inbound message com.avalon.io.MessagePackImpl@3ce7d3dd that reached at the tail of the pipeline. Please check your pipeline configuration.
[2015-10-14 10:46:40] [INFO ] [com.avalon.core.AvalonEngine:207]-- /Users/zero/Documents/workspace/ExampleSingleServer
[2015-10-14 10:46:40] [INFO ] [com.avalon.component.ComponentRegistryImpl:70]-- Component add componentcom.avalon.io.netty.NettyServer@fa4c865
[2015-10-14 10:46:40] [INFO ] [com.avalon.component.ComponentRegistryImpl:70]-- Component add componentcom.avalon.core.AvalonProxy@544fa968
[2015-10-14 10:46:40] [INFO ] [com.avalon.io.netty.NettyServer:57]-- 初始化Netty 开始
[2015-10-14 10:46:40] [INFO ] [com.avalon.io.netty.NettyServer:89]-- 初始化Netty 线程启动
[2015-10-14 10:46:40] [DEBUG] [io.netty.util.internal.logging.InternalLoggerFactory:71]-- Using SLF4J as the default logging framework
[2015-10-14 10:46:40] [DEBUG] [io.netty.channel.MultithreadEventLoopGroup:76]-- -Dio.netty.eventLoopThreads: 16
[2015-10-14 10:46:40] [DEBUG] [io.netty.util.internal.PlatformDependent0:76]-- java.nio.Buffer.address: available
[2015-10-14 10:46:40] [DEBUG] [io.netty.util.internal.PlatformDependent0:76]-- sun.misc.Unsafe.theUnsafe: available
[2015-10-14 10:46:40] [DEBUG] [io.netty.util.internal.PlatformDependent0:71]-- sun.misc.Unsafe.copyMemory: available
[2015-10-14 10:46:40] [DEBUG] [io.netty.util.internal.PlatformDependent0:76]-- java.nio.Bits.unaligned: true
[2015-10-14 10:46:40] [DEBUG] [io.netty.util.internal.PlatformDependent:76]-- Java version: 8
[2015-10-14 10:46:40] [DEBUG] [io.netty.util.internal.PlatformDependent:76]-- -Dio.netty.noUnsafe: false
[2015-10-14 10:46:40] [DEBUG] [io.netty.util.internal.PlatformDependent:76]-- sun.misc.Unsafe: available
[2015-10-14 10:46:40] [DEBUG] [io.netty.util.internal.PlatformDependent:76]-- -Dio.netty.noJavassist: false
[2015-10-14 10:46:41] [DEBUG] [io.netty.util.internal.PlatformDependent:71]-- Javassist: available
[2015-10-14 10:46:41] [DEBUG] [io.netty.util.internal.PlatformDependent:76]-- -Dio.netty.tmpdir: /var/folders/k1/bfwvf_dd14ggxvb58z56hl6r0000gn/T (java.io.tmpdir)
[2015-10-14 10:46:41] [DEBUG] [io.netty.util.internal.PlatformDependent:76]-- -Dio.netty.bitMode: 64 (sun.arch.data.model)
[2015-10-14 10:46:41] [DEBUG] [io.netty.util.internal.PlatformDependent:76]-- -Dio.netty.noPreferDirect: false
[2015-10-14 10:46:41] [DEBUG] [io.netty.channel.nio.NioEventLoop:76]-- -Dio.netty.noKeySetOptimization: false
[2015-10-14 10:46:41] [DEBUG] [io.netty.channel.nio.NioEventLoop:76]-- -Dio.netty.selectorAutoRebuildThreshold: 512
[2015-10-14 10:46:41] [DEBUG] [io.netty.channel.DefaultChannelId:76]-- -Dio.netty.processId: 6280 (auto-detected)
[2015-10-14 10:46:41] [DEBUG] [io.netty.channel.DefaultChannelId:76]-- -Dio.netty.machineId: 10:40:f3:ff:fe:a9:36:64 (auto-detected)
[2015-10-14 10:46:41] [DEBUG] [io.netty.util.internal.ThreadLocalRandom:71]-- -Dio.netty.initialSeedUniquifier: 0x2c0405a729c075f2 (took 13 ms)
[2015-10-14 10:46:41] [DEBUG] [io.netty.buffer.PooledByteBufAllocator:76]-- -Dio.netty.allocator.numHeapArenas: 8
[2015-10-14 10:46:41] [DEBUG] [io.netty.buffer.PooledByteBufAllocator:76]-- -Dio.netty.allocator.numDirectArenas: 8
[2015-10-14 10:46:41] [DEBUG] [io.netty.buffer.PooledByteBufAllocator:76]-- -Dio.netty.allocator.pageSize: 8192
[2015-10-14 10:46:41] [DEBUG] [io.netty.buffer.PooledByteBufAllocator:76]-- -Dio.netty.allocator.maxOrder: 11
[2015-10-14 10:46:41] [DEBUG] [io.netty.buffer.PooledByteBufAllocator:76]-- -Dio.netty.allocator.chunkSize: 16777216
[2015-10-14 10:46:41] [DEBUG] [io.netty.buffer.PooledByteBufAllocator:76]-- -Dio.netty.allocator.tinyCacheSize: 512
[2015-10-14 10:46:41] [DEBUG] [io.netty.buffer.PooledByteBufAllocator:76]-- -Dio.netty.allocator.smallCacheSize: 256
[2015-10-14 10:46:41] [DEBUG] [io.netty.buffer.PooledByteBufAllocator:76]-- -Dio.netty.allocator.normalCacheSize: 64
[2015-10-14 10:46:41] [DEBUG] [io.netty.buffer.PooledByteBufAllocator:76]-- -Dio.netty.allocator.maxCachedBufferCapacity: 32768
[2015-10-14 10:46:41] [DEBUG] [io.netty.buffer.PooledByteBufAllocator:76]-- -Dio.netty.allocator.cacheTrimInterval: 8192
[2015-10-14 10:46:41] [DEBUG] [io.netty.buffer.ByteBufUtil:76]-- -Dio.netty.allocator.type: pooled
[2015-10-14 10:46:41] [DEBUG] [io.netty.buffer.ByteBufUtil:76]-- -Dio.netty.threadLocalDirectBufferSize: 65536
[2015-10-14 10:46:41] [DEBUG] [io.netty.util.NetUtil:86]-- Loopback interface: lo0 (lo0, 0:0:0:0:0:0:0:1)
[2015-10-14 10:46:41] [DEBUG] [io.netty.util.NetUtil:81]-- /proc/sys/net/core/somaxconn: 128 (non-existent)
[2015-10-14 10:46:41] [INFO ] [io.netty.handler.logging.LoggingHandler:101]-- [id: 0xdbbcfc8e] REGISTERED
[2015-10-14 10:46:41] [INFO ] [io.netty.handler.logging.LoggingHandler:101]-- [id: 0xdbbcfc8e] BIND: 0.0.0.0/0.0.0.0:12345
[2015-10-14 10:46:41] [INFO ] [io.netty.handler.logging.LoggingHandler:101]-- [id: 0xdbbcfc8e, /0:0:0:0:0:0:0:0:12345] ACTIVE
