[2015-11-04 10:56:43] [INFO ] [com.avalon.core.AvalonEngine:557]-- /Users/zero/Workspaces/MyEclipse 2015 CI/ExampleChatServer1
[2015-11-04 10:56:43] [INFO ] [com.avalon.component.ComponentRegistryImpl:425]-- Component add componentcom.avalon.io.netty.NettyServer@77f1baf5
[2015-11-04 10:56:43] [INFO ] [com.avalon.component.ComponentRegistryImpl:425]-- Component add componentcom.avalon.core.AvalonProxy@6c40365c
[2015-11-04 10:56:43] [INFO ] [com.avalon.io.netty.NettyServer:426]-- 初始化Netty 开始
[2015-11-04 10:56:43] [INFO ] [com.avalon.io.netty.NettyServer:458]-- 初始化Netty 线程启动
[2015-11-04 10:56:43] [DEBUG] [io.netty.util.internal.logging.InternalLoggerFactory:71]-- Using SLF4J as the default logging framework
[2015-11-04 10:56:43] [DEBUG] [io.netty.channel.MultithreadEventLoopGroup:76]-- -Dio.netty.eventLoopThreads: 16
[2015-11-04 10:56:43] [DEBUG] [io.netty.util.internal.PlatformDependent0:76]-- java.nio.Buffer.address: available
[2015-11-04 10:56:43] [DEBUG] [io.netty.util.internal.PlatformDependent0:76]-- sun.misc.Unsafe.theUnsafe: available
[2015-11-04 10:56:43] [DEBUG] [io.netty.util.internal.PlatformDependent0:71]-- sun.misc.Unsafe.copyMemory: available
[2015-11-04 10:56:43] [DEBUG] [io.netty.util.internal.PlatformDependent0:76]-- java.nio.Bits.unaligned: true
[2015-11-04 10:56:43] [DEBUG] [io.netty.util.internal.PlatformDependent:76]-- Java version: 8
[2015-11-04 10:56:43] [DEBUG] [io.netty.util.internal.PlatformDependent:76]-- -Dio.netty.noUnsafe: false
[2015-11-04 10:56:43] [DEBUG] [io.netty.util.internal.PlatformDependent:76]-- sun.misc.Unsafe: available
[2015-11-04 10:56:43] [DEBUG] [io.netty.util.internal.PlatformDependent:76]-- -Dio.netty.noJavassist: false
[2015-11-04 10:56:43] [DEBUG] [io.netty.util.internal.PlatformDependent:71]-- Javassist: available
[2015-11-04 10:56:43] [DEBUG] [io.netty.util.internal.PlatformDependent:76]-- -Dio.netty.tmpdir: /var/folders/k1/bfwvf_dd14ggxvb58z56hl6r0000gn/T (java.io.tmpdir)
[2015-11-04 10:56:43] [DEBUG] [io.netty.util.internal.PlatformDependent:76]-- -Dio.netty.bitMode: 64 (sun.arch.data.model)
[2015-11-04 10:56:43] [DEBUG] [io.netty.util.internal.PlatformDependent:76]-- -Dio.netty.noPreferDirect: false
[2015-11-04 10:56:43] [DEBUG] [io.netty.channel.nio.NioEventLoop:76]-- -Dio.netty.noKeySetOptimization: false
[2015-11-04 10:56:43] [DEBUG] [io.netty.channel.nio.NioEventLoop:76]-- -Dio.netty.selectorAutoRebuildThreshold: 512
[2015-11-04 10:56:43] [DEBUG] [io.netty.channel.DefaultChannelId:76]-- -Dio.netty.processId: 672 (auto-detected)
[2015-11-04 10:56:43] [DEBUG] [io.netty.channel.DefaultChannelId:76]-- -Dio.netty.machineId: 10:40:f3:ff:fe:a9:36:64 (auto-detected)
[2015-11-04 10:56:43] [DEBUG] [io.netty.util.internal.ThreadLocalRandom:71]-- -Dio.netty.initialSeedUniquifier: 0xd8c4f36b54e5156a (took 12 ms)
[2015-11-04 10:56:43] [DEBUG] [io.netty.buffer.PooledByteBufAllocator:76]-- -Dio.netty.allocator.numHeapArenas: 8
[2015-11-04 10:56:43] [DEBUG] [io.netty.buffer.PooledByteBufAllocator:76]-- -Dio.netty.allocator.numDirectArenas: 8
[2015-11-04 10:56:43] [DEBUG] [io.netty.buffer.PooledByteBufAllocator:76]-- -Dio.netty.allocator.pageSize: 8192
[2015-11-04 10:56:43] [DEBUG] [io.netty.buffer.PooledByteBufAllocator:76]-- -Dio.netty.allocator.maxOrder: 11
[2015-11-04 10:56:43] [DEBUG] [io.netty.buffer.PooledByteBufAllocator:76]-- -Dio.netty.allocator.chunkSize: 16777216
[2015-11-04 10:56:43] [DEBUG] [io.netty.buffer.PooledByteBufAllocator:76]-- -Dio.netty.allocator.tinyCacheSize: 512
[2015-11-04 10:56:43] [DEBUG] [io.netty.buffer.PooledByteBufAllocator:76]-- -Dio.netty.allocator.smallCacheSize: 256
[2015-11-04 10:56:43] [DEBUG] [io.netty.buffer.PooledByteBufAllocator:76]-- -Dio.netty.allocator.normalCacheSize: 64
[2015-11-04 10:56:43] [DEBUG] [io.netty.buffer.PooledByteBufAllocator:76]-- -Dio.netty.allocator.maxCachedBufferCapacity: 32768
[2015-11-04 10:56:43] [DEBUG] [io.netty.buffer.PooledByteBufAllocator:76]-- -Dio.netty.allocator.cacheTrimInterval: 8192
[2015-11-04 10:56:43] [DEBUG] [io.netty.buffer.ByteBufUtil:76]-- -Dio.netty.allocator.type: pooled
[2015-11-04 10:56:43] [DEBUG] [io.netty.buffer.ByteBufUtil:76]-- -Dio.netty.threadLocalDirectBufferSize: 65536
[2015-11-04 10:56:43] [DEBUG] [io.netty.util.NetUtil:86]-- Loopback interface: lo0 (lo0, 0:0:0:0:0:0:0:1)
[2015-11-04 10:56:43] [DEBUG] [io.netty.util.NetUtil:81]-- /proc/sys/net/core/somaxconn: 128 (non-existent)
[2015-11-04 10:56:43] [INFO ] [io.netty.handler.logging.LoggingHandler:101]-- [id: 0x6f4b2dc6] REGISTERED
[2015-11-04 10:56:43] [INFO ] [io.netty.handler.logging.LoggingHandler:101]-- [id: 0x6f4b2dc6] BIND: 0.0.0.0/0.0.0.0:12345
[2015-11-04 10:56:43] [INFO ] [io.netty.handler.logging.LoggingHandler:101]-- [id: 0x6f4b2dc6, /0:0:0:0:0:0:0:0:12345] ACTIVE
[2015-11-04 10:56:45] [INFO ] [com.avalon.component.ComponentRegistryImpl:425]-- Component add componentcom.zero.example.core.ExampleClientExtension@c446b14
[2015-11-04 11:03:57] [INFO ] [com.avalon.core.AvalonEngine:557]-- /Users/zero/Workspaces/MyEclipse 2015 CI/ExampleChatServer1
[2015-11-04 11:03:57] [INFO ] [com.avalon.component.ComponentRegistryImpl:425]-- Component add componentcom.avalon.io.netty.NettyServer@7d20d0b
[2015-11-04 11:03:57] [INFO ] [com.avalon.component.ComponentRegistryImpl:425]-- Component add componentcom.avalon.core.AvalonProxy@41a2befb
[2015-11-04 11:03:57] [INFO ] [com.avalon.io.netty.NettyServer:426]-- 初始化Netty 开始
[2015-11-04 11:03:57] [INFO ] [com.avalon.io.netty.NettyServer:458]-- 初始化Netty 线程启动
[2015-11-04 11:03:57] [DEBUG] [io.netty.util.internal.logging.InternalLoggerFactory:71]-- Using SLF4J as the default logging framework
[2015-11-04 11:03:57] [DEBUG] [io.netty.channel.MultithreadEventLoopGroup:76]-- -Dio.netty.eventLoopThreads: 16
[2015-11-04 11:03:57] [DEBUG] [io.netty.util.internal.PlatformDependent0:76]-- java.nio.Buffer.address: available
[2015-11-04 11:03:57] [DEBUG] [io.netty.util.internal.PlatformDependent0:76]-- sun.misc.Unsafe.theUnsafe: available
[2015-11-04 11:03:57] [DEBUG] [io.netty.util.internal.PlatformDependent0:71]-- sun.misc.Unsafe.copyMemory: available
[2015-11-04 11:03:57] [DEBUG] [io.netty.util.internal.PlatformDependent0:76]-- java.nio.Bits.unaligned: true
[2015-11-04 11:03:57] [DEBUG] [io.netty.util.internal.PlatformDependent:76]-- Java version: 8
[2015-11-04 11:03:57] [DEBUG] [io.netty.util.internal.PlatformDependent:76]-- -Dio.netty.noUnsafe: false
[2015-11-04 11:03:57] [DEBUG] [io.netty.util.internal.PlatformDependent:76]-- sun.misc.Unsafe: available
[2015-11-04 11:03:57] [DEBUG] [io.netty.util.internal.PlatformDependent:76]-- -Dio.netty.noJavassist: false
[2015-11-04 11:03:57] [DEBUG] [io.netty.util.internal.PlatformDependent:71]-- Javassist: available
[2015-11-04 11:03:57] [DEBUG] [io.netty.util.internal.PlatformDependent:76]-- -Dio.netty.tmpdir: /var/folders/k1/bfwvf_dd14ggxvb58z56hl6r0000gn/T (java.io.tmpdir)
[2015-11-04 11:03:57] [DEBUG] [io.netty.util.internal.PlatformDependent:76]-- -Dio.netty.bitMode: 64 (sun.arch.data.model)
[2015-11-04 11:03:57] [DEBUG] [io.netty.util.internal.PlatformDependent:76]-- -Dio.netty.noPreferDirect: false
[2015-11-04 11:03:57] [DEBUG] [io.netty.channel.nio.NioEventLoop:76]-- -Dio.netty.noKeySetOptimization: false
[2015-11-04 11:03:57] [DEBUG] [io.netty.channel.nio.NioEventLoop:76]-- -Dio.netty.selectorAutoRebuildThreshold: 512
[2015-11-04 11:03:57] [DEBUG] [io.netty.channel.DefaultChannelId:76]-- -Dio.netty.processId: 679 (auto-detected)
[2015-11-04 11:03:57] [DEBUG] [io.netty.channel.DefaultChannelId:76]-- -Dio.netty.machineId: 10:40:f3:ff:fe:a9:36:64 (auto-detected)
[2015-11-04 11:03:57] [DEBUG] [io.netty.util.internal.ThreadLocalRandom:71]-- -Dio.netty.initialSeedUniquifier: 0x2cad30ecfef7a8da (took 13 ms)
[2015-11-04 11:03:58] [DEBUG] [io.netty.buffer.PooledByteBufAllocator:76]-- -Dio.netty.allocator.numHeapArenas: 8
[2015-11-04 11:03:58] [DEBUG] [io.netty.buffer.PooledByteBufAllocator:76]-- -Dio.netty.allocator.numDirectArenas: 8
[2015-11-04 11:03:58] [DEBUG] [io.netty.buffer.PooledByteBufAllocator:76]-- -Dio.netty.allocator.pageSize: 8192
[2015-11-04 11:03:58] [DEBUG] [io.netty.buffer.PooledByteBufAllocator:76]-- -Dio.netty.allocator.maxOrder: 11
[2015-11-04 11:03:58] [DEBUG] [io.netty.buffer.PooledByteBufAllocator:76]-- -Dio.netty.allocator.chunkSize: 16777216
[2015-11-04 11:03:58] [DEBUG] [io.netty.buffer.PooledByteBufAllocator:76]-- -Dio.netty.allocator.tinyCacheSize: 512
[2015-11-04 11:03:58] [DEBUG] [io.netty.buffer.PooledByteBufAllocator:76]-- -Dio.netty.allocator.smallCacheSize: 256
[2015-11-04 11:03:58] [DEBUG] [io.netty.buffer.PooledByteBufAllocator:76]-- -Dio.netty.allocator.normalCacheSize: 64
[2015-11-04 11:03:58] [DEBUG] [io.netty.buffer.PooledByteBufAllocator:76]-- -Dio.netty.allocator.maxCachedBufferCapacity: 32768
[2015-11-04 11:03:58] [DEBUG] [io.netty.buffer.PooledByteBufAllocator:76]-- -Dio.netty.allocator.cacheTrimInterval: 8192
[2015-11-04 11:03:58] [DEBUG] [io.netty.buffer.ByteBufUtil:76]-- -Dio.netty.allocator.type: pooled
[2015-11-04 11:03:58] [DEBUG] [io.netty.buffer.ByteBufUtil:76]-- -Dio.netty.threadLocalDirectBufferSize: 65536
[2015-11-04 11:03:58] [DEBUG] [io.netty.util.NetUtil:86]-- Loopback interface: lo0 (lo0, 0:0:0:0:0:0:0:1)
[2015-11-04 11:03:58] [DEBUG] [io.netty.util.NetUtil:81]-- /proc/sys/net/core/somaxconn: 128 (non-existent)
[2015-11-04 11:03:58] [INFO ] [io.netty.handler.logging.LoggingHandler:101]-- [id: 0x0101d3c8] REGISTERED
[2015-11-04 11:03:58] [INFO ] [io.netty.handler.logging.LoggingHandler:101]-- [id: 0x0101d3c8] BIND: 0.0.0.0/0.0.0.0:12345
[2015-11-04 11:03:58] [INFO ] [io.netty.handler.logging.LoggingHandler:101]-- [id: 0x0101d3c8, /0:0:0:0:0:0:0:0:12345] ACTIVE
[2015-11-04 11:03:58] [INFO ] [com.avalon.component.ComponentRegistryImpl:425]-- Component add componentcom.zero.example.core.ExampleClientExtension@4443ef6f
[2015-11-04 11:04:30] [INFO ] [io.netty.handler.logging.LoggingHandler:101]-- [id: 0x0101d3c8, /0:0:0:0:0:0:0:0:12345] RECEIVED: [id: 0x8bf9449f, /127.0.0.1:50075 => /127.0.0.1:12345]
[2015-11-04 11:04:30] [DEBUG] [io.netty.util.internal.JavassistTypeParameterMatcherGenerator:76]-- Generated: io.netty.util.internal.__matchers__.com.avalon.util.MessageHeadMatcher
[2015-11-04 11:04:30] [DEBUG] [com.avalon.io.netty.NettyHandler:422]-- 注册
[2015-11-04 11:05:37] [INFO ] [com.avalon.core.AvalonEngine:557]-- /Users/zero/Workspaces/MyEclipse 2015 CI/ExampleChatServer1
[2015-11-04 11:05:37] [INFO ] [com.avalon.component.ComponentRegistryImpl:425]-- Component add componentcom.avalon.io.netty.NettyServer@7d20d0b
[2015-11-04 11:05:37] [INFO ] [com.avalon.component.ComponentRegistryImpl:425]-- Component add componentcom.avalon.core.AvalonProxy@41a2befb
[2015-11-04 11:05:37] [INFO ] [com.avalon.io.netty.NettyServer:426]-- 初始化Netty 开始
[2015-11-04 11:05:37] [INFO ] [com.avalon.io.netty.NettyServer:458]-- 初始化Netty 线程启动
[2015-11-04 11:05:37] [DEBUG] [io.netty.util.internal.logging.InternalLoggerFactory:71]-- Using SLF4J as the default logging framework
[2015-11-04 11:05:37] [DEBUG] [io.netty.channel.MultithreadEventLoopGroup:76]-- -Dio.netty.eventLoopThreads: 16
[2015-11-04 11:05:37] [DEBUG] [io.netty.util.internal.PlatformDependent0:76]-- java.nio.Buffer.address: available
[2015-11-04 11:05:37] [DEBUG] [io.netty.util.internal.PlatformDependent0:76]-- sun.misc.Unsafe.theUnsafe: available
[2015-11-04 11:05:37] [DEBUG] [io.netty.util.internal.PlatformDependent0:71]-- sun.misc.Unsafe.copyMemory: available
[2015-11-04 11:05:37] [DEBUG] [io.netty.util.internal.PlatformDependent0:76]-- java.nio.Bits.unaligned: true
[2015-11-04 11:05:37] [DEBUG] [io.netty.util.internal.PlatformDependent:76]-- Java version: 8
[2015-11-04 11:05:37] [DEBUG] [io.netty.util.internal.PlatformDependent:76]-- -Dio.netty.noUnsafe: false
[2015-11-04 11:05:37] [DEBUG] [io.netty.util.internal.PlatformDependent:76]-- sun.misc.Unsafe: available
[2015-11-04 11:05:37] [DEBUG] [io.netty.util.internal.PlatformDependent:76]-- -Dio.netty.noJavassist: false
[2015-11-04 11:05:37] [DEBUG] [io.netty.util.internal.PlatformDependent:71]-- Javassist: available
[2015-11-04 11:05:37] [DEBUG] [io.netty.util.internal.PlatformDependent:76]-- -Dio.netty.tmpdir: /var/folders/k1/bfwvf_dd14ggxvb58z56hl6r0000gn/T (java.io.tmpdir)
[2015-11-04 11:05:37] [DEBUG] [io.netty.util.internal.PlatformDependent:76]-- -Dio.netty.bitMode: 64 (sun.arch.data.model)
[2015-11-04 11:05:37] [DEBUG] [io.netty.util.internal.PlatformDependent:76]-- -Dio.netty.noPreferDirect: false
[2015-11-04 11:05:37] [DEBUG] [io.netty.channel.nio.NioEventLoop:76]-- -Dio.netty.noKeySetOptimization: false
[2015-11-04 11:05:37] [DEBUG] [io.netty.channel.nio.NioEventLoop:76]-- -Dio.netty.selectorAutoRebuildThreshold: 512
[2015-11-04 11:05:38] [DEBUG] [io.netty.channel.DefaultChannelId:76]-- -Dio.netty.processId: 683 (auto-detected)
[2015-11-04 11:05:38] [DEBUG] [io.netty.channel.DefaultChannelId:76]-- -Dio.netty.machineId: 10:40:f3:ff:fe:a9:36:64 (auto-detected)
[2015-11-04 11:05:38] [DEBUG] [io.netty.util.internal.ThreadLocalRandom:71]-- -Dio.netty.initialSeedUniquifier: 0xae40ab800a63faed (took 13 ms)
[2015-11-04 11:05:38] [DEBUG] [io.netty.buffer.PooledByteBufAllocator:76]-- -Dio.netty.allocator.numHeapArenas: 8
[2015-11-04 11:05:38] [DEBUG] [io.netty.buffer.PooledByteBufAllocator:76]-- -Dio.netty.allocator.numDirectArenas: 8
[2015-11-04 11:05:38] [DEBUG] [io.netty.buffer.PooledByteBufAllocator:76]-- -Dio.netty.allocator.pageSize: 8192
[2015-11-04 11:05:38] [DEBUG] [io.netty.buffer.PooledByteBufAllocator:76]-- -Dio.netty.allocator.maxOrder: 11
[2015-11-04 11:05:38] [DEBUG] [io.netty.buffer.PooledByteBufAllocator:76]-- -Dio.netty.allocator.chunkSize: 16777216
[2015-11-04 11:05:38] [DEBUG] [io.netty.buffer.PooledByteBufAllocator:76]-- -Dio.netty.allocator.tinyCacheSize: 512
[2015-11-04 11:05:38] [DEBUG] [io.netty.buffer.PooledByteBufAllocator:76]-- -Dio.netty.allocator.smallCacheSize: 256
[2015-11-04 11:05:38] [DEBUG] [io.netty.buffer.PooledByteBufAllocator:76]-- -Dio.netty.allocator.normalCacheSize: 64
[2015-11-04 11:05:38] [DEBUG] [io.netty.buffer.PooledByteBufAllocator:76]-- -Dio.netty.allocator.maxCachedBufferCapacity: 32768
[2015-11-04 11:05:38] [DEBUG] [io.netty.buffer.PooledByteBufAllocator:76]-- -Dio.netty.allocator.cacheTrimInterval: 8192
[2015-11-04 11:05:38] [DEBUG] [io.netty.buffer.ByteBufUtil:76]-- -Dio.netty.allocator.type: pooled
[2015-11-04 11:05:38] [DEBUG] [io.netty.buffer.ByteBufUtil:76]-- -Dio.netty.threadLocalDirectBufferSize: 65536
[2015-11-04 11:05:38] [DEBUG] [io.netty.util.NetUtil:86]-- Loopback interface: lo0 (lo0, 0:0:0:0:0:0:0:1)
[2015-11-04 11:05:38] [DEBUG] [io.netty.util.NetUtil:81]-- /proc/sys/net/core/somaxconn: 128 (non-existent)
[2015-11-04 11:05:38] [INFO ] [io.netty.handler.logging.LoggingHandler:101]-- [id: 0xb390bb9e] REGISTERED
[2015-11-04 11:05:38] [INFO ] [io.netty.handler.logging.LoggingHandler:101]-- [id: 0xb390bb9e] BIND: 0.0.0.0/0.0.0.0:12345
[2015-11-04 11:05:38] [INFO ] [io.netty.handler.logging.LoggingHandler:101]-- [id: 0xb390bb9e, /0:0:0:0:0:0:0:0:12345] ACTIVE
[2015-11-04 11:05:38] [INFO ] [com.avalon.component.ComponentRegistryImpl:425]-- Component add componentcom.zero.example.core.ExampleClientExtension@2e1792e7
[2015-11-04 11:05:44] [INFO ] [io.netty.handler.logging.LoggingHandler:101]-- [id: 0xb390bb9e, /0:0:0:0:0:0:0:0:12345] RECEIVED: [id: 0x2e6f8383, /127.0.0.1:50094 => /127.0.0.1:12345]
[2015-11-04 11:05:44] [DEBUG] [io.netty.util.internal.JavassistTypeParameterMatcherGenerator:76]-- Generated: io.netty.util.internal.__matchers__.com.avalon.util.MessageHeadMatcher
[2015-11-04 11:05:44] [DEBUG] [com.avalon.io.netty.NettyHandler:422]-- 注册
[2015-11-04 11:05:49] [DEBUG] [io.netty.util.ResourceLeakDetector:81]-- -Dio.netty.leakDetectionLevel: simple
[2015-11-04 11:05:49] [DEBUG] [io.netty.util.Recycler:76]-- -Dio.netty.recycler.maxCapacity: 262144
[2015-11-04 11:05:49] [DEBUG] [io.netty.channel.DefaultChannelPipeline:76]-- Discarded inbound message com.avalon.io.MessagePackImpl@308f78d3 that reached at the tail of the pipeline. Please check your pipeline configuration.
[2015-11-04 11:06:12] [DEBUG] [io.netty.channel.DefaultChannelPipeline:76]-- Discarded inbound message com.avalon.io.MessagePackImpl@55a1a9a5 that reached at the tail of the pipeline. Please check your pipeline configuration.
[2015-11-04 11:06:57] [DEBUG] [com.avalon.io.netty.NettyHandler:402]-- 解除注册
[2015-11-04 11:07:01] [INFO ] [io.netty.handler.logging.LoggingHandler:101]-- [id: 0xb390bb9e, /0:0:0:0:0:0:0:0:12345] RECEIVED: [id: 0x4eb9c231, /127.0.0.1:50098 => /127.0.0.1:12345]
[2015-11-04 11:07:17] [DEBUG] [com.avalon.io.netty.NettyHandler:422]-- 注册
[2015-11-04 11:08:16] [DEBUG] [com.avalon.io.netty.NettyHandler:402]-- 解除注册
[2015-11-04 11:09:01] [INFO ] [com.avalon.core.AvalonEngine:557]-- /Users/zero/Workspaces/MyEclipse 2015 CI/ExampleChatServer1
[2015-11-04 11:09:01] [INFO ] [com.avalon.component.ComponentRegistryImpl:425]-- Component add componentcom.avalon.io.netty.NettyServer@7d20d0b
[2015-11-04 11:09:01] [INFO ] [com.avalon.component.ComponentRegistryImpl:425]-- Component add componentcom.avalon.core.AvalonProxy@41a2befb
[2015-11-04 11:09:01] [INFO ] [com.avalon.io.netty.NettyServer:426]-- 初始化Netty 开始
[2015-11-04 11:09:01] [INFO ] [com.avalon.io.netty.NettyServer:458]-- 初始化Netty 线程启动
[2015-11-04 11:09:01] [DEBUG] [io.netty.util.internal.logging.InternalLoggerFactory:71]-- Using SLF4J as the default logging framework
[2015-11-04 11:09:01] [DEBUG] [io.netty.channel.MultithreadEventLoopGroup:76]-- -Dio.netty.eventLoopThreads: 16
[2015-11-04 11:09:01] [DEBUG] [io.netty.util.internal.PlatformDependent0:76]-- java.nio.Buffer.address: available
[2015-11-04 11:09:01] [DEBUG] [io.netty.util.internal.PlatformDependent0:76]-- sun.misc.Unsafe.theUnsafe: available
[2015-11-04 11:09:01] [DEBUG] [io.netty.util.internal.PlatformDependent0:71]-- sun.misc.Unsafe.copyMemory: available
[2015-11-04 11:09:01] [DEBUG] [io.netty.util.internal.PlatformDependent0:76]-- java.nio.Bits.unaligned: true
[2015-11-04 11:09:01] [DEBUG] [io.netty.util.internal.PlatformDependent:76]-- Java version: 8
[2015-11-04 11:09:01] [DEBUG] [io.netty.util.internal.PlatformDependent:76]-- -Dio.netty.noUnsafe: false
[2015-11-04 11:09:01] [DEBUG] [io.netty.util.internal.PlatformDependent:76]-- sun.misc.Unsafe: available
[2015-11-04 11:09:02] [DEBUG] [io.netty.util.internal.PlatformDependent:76]-- -Dio.netty.noJavassist: false
[2015-11-04 11:09:02] [DEBUG] [io.netty.util.internal.PlatformDependent:71]-- Javassist: available
[2015-11-04 11:09:02] [DEBUG] [io.netty.util.internal.PlatformDependent:76]-- -Dio.netty.tmpdir: /var/folders/k1/bfwvf_dd14ggxvb58z56hl6r0000gn/T (java.io.tmpdir)
[2015-11-04 11:09:02] [DEBUG] [io.netty.util.internal.PlatformDependent:76]-- -Dio.netty.bitMode: 64 (sun.arch.data.model)
[2015-11-04 11:09:02] [DEBUG] [io.netty.util.internal.PlatformDependent:76]-- -Dio.netty.noPreferDirect: false
[2015-11-04 11:09:02] [DEBUG] [io.netty.channel.nio.NioEventLoop:76]-- -Dio.netty.noKeySetOptimization: false
[2015-11-04 11:09:02] [DEBUG] [io.netty.channel.nio.NioEventLoop:76]-- -Dio.netty.selectorAutoRebuildThreshold: 512
[2015-11-04 11:09:02] [DEBUG] [io.netty.channel.DefaultChannelId:76]-- -Dio.netty.processId: 688 (auto-detected)
[2015-11-04 11:09:02] [DEBUG] [io.netty.channel.DefaultChannelId:76]-- -Dio.netty.machineId: 10:40:f3:ff:fe:a9:36:64 (auto-detected)
[2015-11-04 11:09:02] [DEBUG] [io.netty.util.internal.ThreadLocalRandom:71]-- -Dio.netty.initialSeedUniquifier: 0x365ff8f27fd8aa4f (took 15 ms)
[2015-11-04 11:09:02] [DEBUG] [io.netty.buffer.PooledByteBufAllocator:76]-- -Dio.netty.allocator.numHeapArenas: 8
[2015-11-04 11:09:02] [DEBUG] [io.netty.buffer.PooledByteBufAllocator:76]-- -Dio.netty.allocator.numDirectArenas: 8
[2015-11-04 11:09:02] [DEBUG] [io.netty.buffer.PooledByteBufAllocator:76]-- -Dio.netty.allocator.pageSize: 8192
[2015-11-04 11:09:02] [DEBUG] [io.netty.buffer.PooledByteBufAllocator:76]-- -Dio.netty.allocator.maxOrder: 11
[2015-11-04 11:09:02] [DEBUG] [io.netty.buffer.PooledByteBufAllocator:76]-- -Dio.netty.allocator.chunkSize: 16777216
[2015-11-04 11:09:02] [DEBUG] [io.netty.buffer.PooledByteBufAllocator:76]-- -Dio.netty.allocator.tinyCacheSize: 512
[2015-11-04 11:09:02] [DEBUG] [io.netty.buffer.PooledByteBufAllocator:76]-- -Dio.netty.allocator.smallCacheSize: 256
[2015-11-04 11:09:02] [DEBUG] [io.netty.buffer.PooledByteBufAllocator:76]-- -Dio.netty.allocator.normalCacheSize: 64
[2015-11-04 11:09:02] [DEBUG] [io.netty.buffer.PooledByteBufAllocator:76]-- -Dio.netty.allocator.maxCachedBufferCapacity: 32768
[2015-11-04 11:09:02] [DEBUG] [io.netty.buffer.PooledByteBufAllocator:76]-- -Dio.netty.allocator.cacheTrimInterval: 8192
[2015-11-04 11:09:02] [DEBUG] [io.netty.buffer.ByteBufUtil:76]-- -Dio.netty.allocator.type: pooled
[2015-11-04 11:09:02] [DEBUG] [io.netty.buffer.ByteBufUtil:76]-- -Dio.netty.threadLocalDirectBufferSize: 65536
[2015-11-04 11:09:02] [DEBUG] [io.netty.util.NetUtil:86]-- Loopback interface: lo0 (lo0, 0:0:0:0:0:0:0:1)
[2015-11-04 11:09:02] [DEBUG] [io.netty.util.NetUtil:81]-- /proc/sys/net/core/somaxconn: 128 (non-existent)
[2015-11-04 11:09:02] [INFO ] [io.netty.handler.logging.LoggingHandler:101]-- [id: 0x029b67ed] REGISTERED
[2015-11-04 11:09:02] [INFO ] [io.netty.handler.logging.LoggingHandler:101]-- [id: 0x029b67ed] BIND: 0.0.0.0/0.0.0.0:12345
[2015-11-04 11:09:02] [INFO ] [io.netty.handler.logging.LoggingHandler:101]-- [id: 0x029b67ed, /0:0:0:0:0:0:0:0:12345] ACTIVE
[2015-11-04 11:09:03] [INFO ] [com.avalon.component.ComponentRegistryImpl:425]-- Component add componentcom.zero.example.core.ExampleClientExtension@4443ef6f
[2015-11-04 11:09:09] [INFO ] [com.avalon.core.AvalonEngine:557]-- /Users/zero/Workspaces/MyEclipse 2015 CI/ExampleChatServer1
[2015-11-04 11:09:09] [INFO ] [com.avalon.component.ComponentRegistryImpl:425]-- Component add componentcom.avalon.io.netty.NettyServer@7d20d0b
[2015-11-04 11:09:09] [INFO ] [com.avalon.component.ComponentRegistryImpl:425]-- Component add componentcom.avalon.core.AvalonProxy@41a2befb
[2015-11-04 11:09:09] [INFO ] [com.avalon.io.netty.NettyServer:426]-- 初始化Netty 开始
[2015-11-04 11:09:09] [INFO ] [com.avalon.io.netty.NettyServer:458]-- 初始化Netty 线程启动
[2015-11-04 11:09:09] [DEBUG] [io.netty.util.internal.logging.InternalLoggerFactory:71]-- Using SLF4J as the default logging framework
[2015-11-04 11:09:09] [DEBUG] [io.netty.channel.MultithreadEventLoopGroup:76]-- -Dio.netty.eventLoopThreads: 16
[2015-11-04 11:09:09] [DEBUG] [io.netty.util.internal.PlatformDependent0:76]-- java.nio.Buffer.address: available
[2015-11-04 11:09:09] [DEBUG] [io.netty.util.internal.PlatformDependent0:76]-- sun.misc.Unsafe.theUnsafe: available
[2015-11-04 11:09:09] [DEBUG] [io.netty.util.internal.PlatformDependent0:71]-- sun.misc.Unsafe.copyMemory: available
[2015-11-04 11:09:09] [DEBUG] [io.netty.util.internal.PlatformDependent0:76]-- java.nio.Bits.unaligned: true
[2015-11-04 11:09:09] [DEBUG] [io.netty.util.internal.PlatformDependent:76]-- Java version: 8
[2015-11-04 11:09:09] [DEBUG] [io.netty.util.internal.PlatformDependent:76]-- -Dio.netty.noUnsafe: false
[2015-11-04 11:09:09] [DEBUG] [io.netty.util.internal.PlatformDependent:76]-- sun.misc.Unsafe: available
[2015-11-04 11:09:09] [DEBUG] [io.netty.util.internal.PlatformDependent:76]-- -Dio.netty.noJavassist: false
[2015-11-04 11:09:09] [DEBUG] [io.netty.util.internal.PlatformDependent:71]-- Javassist: available
[2015-11-04 11:09:09] [DEBUG] [io.netty.util.internal.PlatformDependent:76]-- -Dio.netty.tmpdir: /var/folders/k1/bfwvf_dd14ggxvb58z56hl6r0000gn/T (java.io.tmpdir)
[2015-11-04 11:09:09] [DEBUG] [io.netty.util.internal.PlatformDependent:76]-- -Dio.netty.bitMode: 64 (sun.arch.data.model)
[2015-11-04 11:09:09] [DEBUG] [io.netty.util.internal.PlatformDependent:76]-- -Dio.netty.noPreferDirect: false
[2015-11-04 11:09:09] [DEBUG] [io.netty.channel.nio.NioEventLoop:76]-- -Dio.netty.noKeySetOptimization: false
[2015-11-04 11:09:09] [DEBUG] [io.netty.channel.nio.NioEventLoop:76]-- -Dio.netty.selectorAutoRebuildThreshold: 512
[2015-11-04 11:09:09] [DEBUG] [io.netty.channel.DefaultChannelId:76]-- -Dio.netty.processId: 689 (auto-detected)
[2015-11-04 11:09:09] [DEBUG] [io.netty.channel.DefaultChannelId:76]-- -Dio.netty.machineId: 10:40:f3:ff:fe:a9:36:64 (auto-detected)
[2015-11-04 11:09:09] [DEBUG] [io.netty.util.internal.ThreadLocalRandom:71]-- -Dio.netty.initialSeedUniquifier: 0x0d75b8f5f39a840e (took 11 ms)
[2015-11-04 11:09:10] [DEBUG] [io.netty.buffer.PooledByteBufAllocator:76]-- -Dio.netty.allocator.numHeapArenas: 8
[2015-11-04 11:09:10] [DEBUG] [io.netty.buffer.PooledByteBufAllocator:76]-- -Dio.netty.allocator.numDirectArenas: 8
[2015-11-04 11:09:10] [DEBUG] [io.netty.buffer.PooledByteBufAllocator:76]-- -Dio.netty.allocator.pageSize: 8192
[2015-11-04 11:09:10] [DEBUG] [io.netty.buffer.PooledByteBufAllocator:76]-- -Dio.netty.allocator.maxOrder: 11
[2015-11-04 11:09:10] [DEBUG] [io.netty.buffer.PooledByteBufAllocator:76]-- -Dio.netty.allocator.chunkSize: 16777216
[2015-11-04 11:09:10] [DEBUG] [io.netty.buffer.PooledByteBufAllocator:76]-- -Dio.netty.allocator.tinyCacheSize: 512
[2015-11-04 11:09:10] [DEBUG] [io.netty.buffer.PooledByteBufAllocator:76]-- -Dio.netty.allocator.smallCacheSize: 256
[2015-11-04 11:09:10] [DEBUG] [io.netty.buffer.PooledByteBufAllocator:76]-- -Dio.netty.allocator.normalCacheSize: 64
[2015-11-04 11:09:10] [DEBUG] [io.netty.buffer.PooledByteBufAllocator:76]-- -Dio.netty.allocator.maxCachedBufferCapacity: 32768
[2015-11-04 11:09:10] [DEBUG] [io.netty.buffer.PooledByteBufAllocator:76]-- -Dio.netty.allocator.cacheTrimInterval: 8192
[2015-11-04 11:09:10] [DEBUG] [io.netty.buffer.ByteBufUtil:76]-- -Dio.netty.allocator.type: pooled
[2015-11-04 11:09:10] [DEBUG] [io.netty.buffer.ByteBufUtil:76]-- -Dio.netty.threadLocalDirectBufferSize: 65536
[2015-11-04 11:09:10] [DEBUG] [io.netty.util.NetUtil:86]-- Loopback interface: lo0 (lo0, 0:0:0:0:0:0:0:1)
[2015-11-04 11:09:10] [DEBUG] [io.netty.util.NetUtil:81]-- /proc/sys/net/core/somaxconn: 128 (non-existent)
[2015-11-04 11:09:10] [INFO ] [io.netty.handler.logging.LoggingHandler:101]-- [id: 0x57cd6d4b] REGISTERED
[2015-11-04 11:09:10] [INFO ] [io.netty.handler.logging.LoggingHandler:101]-- [id: 0x57cd6d4b] BIND: 0.0.0.0/0.0.0.0:12345
[2015-11-04 11:09:10] [INFO ] [io.netty.handler.logging.LoggingHandler:101]-- [id: 0x57cd6d4b] CLOSE
[2015-11-04 11:09:10] [INFO ] [io.netty.handler.logging.LoggingHandler:101]-- [id: 0x57cd6d4b] UNREGISTERED
[2015-11-04 11:09:16] [INFO ] [io.netty.handler.logging.LoggingHandler:101]-- [id: 0x029b67ed, /0:0:0:0:0:0:0:0:12345] RECEIVED: [id: 0x1ab5c745, /127.0.0.1:50112 => /127.0.0.1:12345]
[2015-11-04 11:09:16] [DEBUG] [io.netty.util.internal.JavassistTypeParameterMatcherGenerator:76]-- Generated: io.netty.util.internal.__matchers__.com.avalon.util.MessageHeadMatcher
[2015-11-04 11:09:19] [DEBUG] [com.avalon.io.netty.NettyHandler:422]-- 注册
[2015-11-04 11:09:54] [DEBUG] [io.netty.util.ResourceLeakDetector:81]-- -Dio.netty.leakDetectionLevel: simple
[2015-11-04 11:09:54] [DEBUG] [io.netty.util.Recycler:76]-- -Dio.netty.recycler.maxCapacity: 262144
[2015-11-04 11:09:57] [DEBUG] [io.netty.channel.DefaultChannelPipeline:76]-- Discarded inbound message com.avalon.io.MessagePackImpl@44d71990 that reached at the tail of the pipeline. Please check your pipeline configuration.
[2015-11-04 11:10:45] [DEBUG] [io.netty.channel.DefaultChannelPipeline:76]-- Discarded inbound message com.avalon.io.MessagePackImpl@73d3cbd3 that reached at the tail of the pipeline. Please check your pipeline configuration.
[2015-11-04 11:11:01] [DEBUG] [io.netty.channel.DefaultChannelPipeline:76]-- Discarded inbound message com.avalon.io.MessagePackImpl@3538b31c that reached at the tail of the pipeline. Please check your pipeline configuration.
[2015-11-04 11:11:08] [DEBUG] [com.avalon.io.netty.NettyHandler:402]-- 解除注册
[2015-11-04 16:03:19] [INFO ] [com.avalon.core.AvalonEngine:557]-- /Users/zero/Workspaces/MyEclipse 2015 CI/ExampleChatServer1
[2015-11-04 16:03:19] [INFO ] [com.avalon.component.ComponentRegistryImpl:425]-- Component add componentcom.avalon.core.AvalonProxy@fa4c865
[2015-11-04 16:03:20] [INFO ] [com.avalon.component.ComponentRegistryImpl:425]-- Component add componentcom.zero.example.core.ExampleClientExtension@6f8f8a80
[2015-11-04 16:04:16] [INFO ] [com.avalon.core.AvalonEngine:557]-- /Users/zero/Workspaces/MyEclipse 2015 CI/ExampleChatServer1
[2015-11-04 16:04:16] [INFO ] [com.avalon.component.ComponentRegistryImpl:425]-- Component add componentcom.avalon.core.AvalonProxy@fa4c865
[2015-11-04 16:04:17] [INFO ] [com.avalon.component.ComponentRegistryImpl:425]-- Component add componentcom.zero.example.core.ExampleClientExtension@6f8f8a80
[2015-11-04 16:23:50] [INFO ] [com.avalon.core.AvalonEngine:557]-- /Users/zero/Workspaces/MyEclipse 2015 CI/ExampleChatServer1
[2015-11-04 16:23:50] [INFO ] [com.avalon.component.ComponentRegistryImpl:425]-- Component add componentcom.avalon.core.AvalonProxy@fa4c865
[2015-11-04 16:23:52] [INFO ] [com.avalon.component.ComponentRegistryImpl:425]-- Component add componentcom.zero.example.core.ExampleClientExtension@40021799
[2015-11-04 16:27:11] [INFO ] [com.avalon.core.AvalonEngine:557]-- /Users/zero/Workspaces/MyEclipse 2015 CI/ExampleChatServer1
[2015-11-04 16:27:11] [INFO ] [com.avalon.component.ComponentRegistryImpl:425]-- Component add componentcom.avalon.core.AvalonProxy@fa4c865
[2015-11-04 16:27:12] [INFO ] [com.avalon.component.ComponentRegistryImpl:425]-- Component add componentcom.zero.example.core.ExampleClientExtension@264c5d07
[2015-11-04 16:50:20] [INFO ] [com.avalon.core.AvalonEngine:557]-- /Users/zero/Workspaces/MyEclipse 2015 CI/ExampleChatServer1
[2015-11-04 16:50:21] [INFO ] [com.avalon.component.ComponentRegistryImpl:425]-- Component add componentcom.avalon.core.AvalonProxy@fa4c865
[2015-11-04 16:50:22] [INFO ] [com.avalon.component.ComponentRegistryImpl:425]-- Component add componentcom.zero.example.core.ExampleClientExtension@72805168
[2015-11-04 17:16:12] [INFO ] [com.avalon.core.AvalonEngine:557]-- /Users/zero/Workspaces/MyEclipse 2015 CI/ExampleChatServer1
[2015-11-04 17:16:12] [INFO ] [com.avalon.component.ComponentRegistryImpl:425]-- Component add componentcom.avalon.core.AvalonProxy@fa4c865
[2015-11-04 17:16:14] [INFO ] [com.avalon.component.ComponentRegistryImpl:425]-- Component add componentcom.zero.example.core.ExampleClientExtension@6f8f8a80
