[2015-10-13 14:20:15] [INFO ] [com.avalon.core.AvalonEngine:207]-- /Users/zero/Documents/workspace/ExampleSingleServer
[2015-10-13 14:20:15] [INFO ] [com.avalon.component.ComponentRegistryImpl:70]-- Component add componentcom.avalon.io.netty.NettyServer@3bd82cf5
[2015-10-13 14:20:15] [INFO ] [com.avalon.component.ComponentRegistryImpl:70]-- Component add componentcom.avalon.core.AvalonProxy@247bddad
[2015-10-13 14:20:15] [INFO ] [com.avalon.io.netty.NettyServer:57]-- 初始化Netty 开始
[2015-10-13 14:20:15] [INFO ] [com.avalon.io.netty.NettyServer:89]-- 初始化Netty 线程启动
[2015-10-13 14:20:15] [DEBUG] [io.netty.util.internal.logging.InternalLoggerFactory:71]-- Using SLF4J as the default logging framework
[2015-10-13 14:20:15] [DEBUG] [io.netty.channel.MultithreadEventLoopGroup:76]-- -Dio.netty.eventLoopThreads: 16
[2015-10-13 14:20:15] [DEBUG] [io.netty.util.internal.PlatformDependent0:76]-- java.nio.Buffer.address: available
[2015-10-13 14:20:15] [DEBUG] [io.netty.util.internal.PlatformDependent0:76]-- sun.misc.Unsafe.theUnsafe: available
[2015-10-13 14:20:15] [DEBUG] [io.netty.util.internal.PlatformDependent0:71]-- sun.misc.Unsafe.copyMemory: available
[2015-10-13 14:20:15] [DEBUG] [io.netty.util.internal.PlatformDependent0:76]-- java.nio.Bits.unaligned: true
[2015-10-13 14:20:15] [DEBUG] [io.netty.util.internal.PlatformDependent:76]-- Java version: 8
[2015-10-13 14:20:15] [DEBUG] [io.netty.util.internal.PlatformDependent:76]-- -Dio.netty.noUnsafe: false
[2015-10-13 14:20:15] [DEBUG] [io.netty.util.internal.PlatformDependent:76]-- sun.misc.Unsafe: available
[2015-10-13 14:20:15] [DEBUG] [io.netty.util.internal.PlatformDependent:76]-- -Dio.netty.noJavassist: false
[2015-10-13 14:20:16] [DEBUG] [io.netty.util.internal.PlatformDependent:71]-- Javassist: available
[2015-10-13 14:20:16] [DEBUG] [io.netty.util.internal.PlatformDependent:76]-- -Dio.netty.tmpdir: /var/folders/k1/bfwvf_dd14ggxvb58z56hl6r0000gn/T (java.io.tmpdir)
[2015-10-13 14:20:16] [DEBUG] [io.netty.util.internal.PlatformDependent:76]-- -Dio.netty.bitMode: 64 (sun.arch.data.model)
[2015-10-13 14:20:16] [DEBUG] [io.netty.util.internal.PlatformDependent:76]-- -Dio.netty.noPreferDirect: false
[2015-10-13 14:20:16] [DEBUG] [io.netty.channel.nio.NioEventLoop:76]-- -Dio.netty.noKeySetOptimization: false
[2015-10-13 14:20:16] [DEBUG] [io.netty.channel.nio.NioEventLoop:76]-- -Dio.netty.selectorAutoRebuildThreshold: 512
[2015-10-13 14:20:16] [DEBUG] [io.netty.channel.DefaultChannelId:76]-- -Dio.netty.processId: 1184 (auto-detected)
[2015-10-13 14:20:16] [DEBUG] [io.netty.channel.DefaultChannelId:76]-- -Dio.netty.machineId: 10:40:f3:ff:fe:a9:36:64 (auto-detected)
[2015-10-13 14:20:16] [DEBUG] [io.netty.util.internal.ThreadLocalRandom:71]-- -Dio.netty.initialSeedUniquifier: 0xd3f7288db2564b3b (took 15 ms)
[2015-10-13 14:20:16] [DEBUG] [io.netty.buffer.PooledByteBufAllocator:76]-- -Dio.netty.allocator.numHeapArenas: 8
[2015-10-13 14:20:16] [DEBUG] [io.netty.buffer.PooledByteBufAllocator:76]-- -Dio.netty.allocator.numDirectArenas: 8
[2015-10-13 14:20:16] [DEBUG] [io.netty.buffer.PooledByteBufAllocator:76]-- -Dio.netty.allocator.pageSize: 8192
[2015-10-13 14:20:16] [DEBUG] [io.netty.buffer.PooledByteBufAllocator:76]-- -Dio.netty.allocator.maxOrder: 11
[2015-10-13 14:20:16] [DEBUG] [io.netty.buffer.PooledByteBufAllocator:76]-- -Dio.netty.allocator.chunkSize: 16777216
[2015-10-13 14:20:16] [DEBUG] [io.netty.buffer.PooledByteBufAllocator:76]-- -Dio.netty.allocator.tinyCacheSize: 512
[2015-10-13 14:20:16] [DEBUG] [io.netty.buffer.PooledByteBufAllocator:76]-- -Dio.netty.allocator.smallCacheSize: 256
[2015-10-13 14:20:16] [DEBUG] [io.netty.buffer.PooledByteBufAllocator:76]-- -Dio.netty.allocator.normalCacheSize: 64
[2015-10-13 14:20:16] [DEBUG] [io.netty.buffer.PooledByteBufAllocator:76]-- -Dio.netty.allocator.maxCachedBufferCapacity: 32768
[2015-10-13 14:20:16] [DEBUG] [io.netty.buffer.PooledByteBufAllocator:76]-- -Dio.netty.allocator.cacheTrimInterval: 8192
[2015-10-13 14:20:16] [DEBUG] [io.netty.buffer.ByteBufUtil:76]-- -Dio.netty.allocator.type: pooled
[2015-10-13 14:20:16] [DEBUG] [io.netty.buffer.ByteBufUtil:76]-- -Dio.netty.threadLocalDirectBufferSize: 65536
[2015-10-13 14:20:16] [DEBUG] [io.netty.util.NetUtil:86]-- Loopback interface: lo0 (lo0, 0:0:0:0:0:0:0:1)
[2015-10-13 14:20:16] [DEBUG] [io.netty.util.NetUtil:81]-- /proc/sys/net/core/somaxconn: 128 (non-existent)
[2015-10-13 14:20:16] [INFO ] [io.netty.handler.logging.LoggingHandler:101]-- [id: 0x151c48bf] REGISTERED
[2015-10-13 14:20:16] [INFO ] [io.netty.handler.logging.LoggingHandler:101]-- [id: 0x151c48bf] BIND: 0.0.0.0/0.0.0.0:12345
[2015-10-13 14:20:16] [INFO ] [io.netty.handler.logging.LoggingHandler:101]-- [id: 0x151c48bf, /0:0:0:0:0:0:0:0:12345] ACTIVE
[2015-10-13 14:41:12] [INFO ] [com.avalon.core.AvalonEngine:207]-- /Users/zero/Documents/workspace/ExampleSingleServer
[2015-10-13 14:41:13] [INFO ] [com.avalon.component.ComponentRegistryImpl:70]-- Component add componentcom.avalon.io.netty.NettyServer@67205a84
[2015-10-13 14:41:13] [INFO ] [com.avalon.component.ComponentRegistryImpl:70]-- Component add componentcom.avalon.core.AvalonProxy@2a17b7b6
[2015-10-13 14:41:13] [INFO ] [com.avalon.io.netty.NettyServer:57]-- 初始化Netty 开始
[2015-10-13 14:41:13] [INFO ] [com.avalon.io.netty.NettyServer:89]-- 初始化Netty 线程启动
[2015-10-13 14:41:13] [DEBUG] [io.netty.util.internal.logging.InternalLoggerFactory:71]-- Using SLF4J as the default logging framework
[2015-10-13 14:41:13] [DEBUG] [io.netty.channel.MultithreadEventLoopGroup:76]-- -Dio.netty.eventLoopThreads: 16
[2015-10-13 14:41:13] [DEBUG] [io.netty.util.internal.PlatformDependent0:76]-- java.nio.Buffer.address: available
[2015-10-13 14:41:13] [DEBUG] [io.netty.util.internal.PlatformDependent0:76]-- sun.misc.Unsafe.theUnsafe: available
[2015-10-13 14:41:13] [DEBUG] [io.netty.util.internal.PlatformDependent0:71]-- sun.misc.Unsafe.copyMemory: available
[2015-10-13 14:41:13] [DEBUG] [io.netty.util.internal.PlatformDependent0:76]-- java.nio.Bits.unaligned: true
[2015-10-13 14:41:13] [DEBUG] [io.netty.util.internal.PlatformDependent:76]-- Java version: 8
[2015-10-13 14:41:13] [DEBUG] [io.netty.util.internal.PlatformDependent:76]-- -Dio.netty.noUnsafe: false
[2015-10-13 14:41:13] [DEBUG] [io.netty.util.internal.PlatformDependent:76]-- sun.misc.Unsafe: available
[2015-10-13 14:41:13] [DEBUG] [io.netty.util.internal.PlatformDependent:76]-- -Dio.netty.noJavassist: false
[2015-10-13 14:41:13] [DEBUG] [io.netty.util.internal.PlatformDependent:71]-- Javassist: available
[2015-10-13 14:41:13] [DEBUG] [io.netty.util.internal.PlatformDependent:76]-- -Dio.netty.tmpdir: /var/folders/k1/bfwvf_dd14ggxvb58z56hl6r0000gn/T (java.io.tmpdir)
[2015-10-13 14:41:13] [DEBUG] [io.netty.util.internal.PlatformDependent:76]-- -Dio.netty.bitMode: 64 (sun.arch.data.model)
[2015-10-13 14:41:13] [DEBUG] [io.netty.util.internal.PlatformDependent:76]-- -Dio.netty.noPreferDirect: false
[2015-10-13 14:41:13] [DEBUG] [io.netty.channel.nio.NioEventLoop:76]-- -Dio.netty.noKeySetOptimization: false
[2015-10-13 14:41:13] [DEBUG] [io.netty.channel.nio.NioEventLoop:76]-- -Dio.netty.selectorAutoRebuildThreshold: 512
[2015-10-13 14:41:13] [DEBUG] [io.netty.channel.DefaultChannelId:76]-- -Dio.netty.processId: 1249 (auto-detected)
[2015-10-13 14:41:13] [DEBUG] [io.netty.channel.DefaultChannelId:76]-- -Dio.netty.machineId: 10:40:f3:ff:fe:a9:36:64 (auto-detected)
[2015-10-13 14:41:13] [DEBUG] [io.netty.util.internal.ThreadLocalRandom:71]-- -Dio.netty.initialSeedUniquifier: 0x33bd1039b1cdc48d (took 12 ms)
[2015-10-13 14:41:13] [DEBUG] [io.netty.buffer.PooledByteBufAllocator:76]-- -Dio.netty.allocator.numHeapArenas: 8
[2015-10-13 14:41:13] [DEBUG] [io.netty.buffer.PooledByteBufAllocator:76]-- -Dio.netty.allocator.numDirectArenas: 8
[2015-10-13 14:41:13] [DEBUG] [io.netty.buffer.PooledByteBufAllocator:76]-- -Dio.netty.allocator.pageSize: 8192
[2015-10-13 14:41:13] [DEBUG] [io.netty.buffer.PooledByteBufAllocator:76]-- -Dio.netty.allocator.maxOrder: 11
[2015-10-13 14:41:13] [DEBUG] [io.netty.buffer.PooledByteBufAllocator:76]-- -Dio.netty.allocator.chunkSize: 16777216
[2015-10-13 14:41:13] [DEBUG] [io.netty.buffer.PooledByteBufAllocator:76]-- -Dio.netty.allocator.tinyCacheSize: 512
[2015-10-13 14:41:13] [DEBUG] [io.netty.buffer.PooledByteBufAllocator:76]-- -Dio.netty.allocator.smallCacheSize: 256
[2015-10-13 14:41:13] [DEBUG] [io.netty.buffer.PooledByteBufAllocator:76]-- -Dio.netty.allocator.normalCacheSize: 64
[2015-10-13 14:41:13] [DEBUG] [io.netty.buffer.PooledByteBufAllocator:76]-- -Dio.netty.allocator.maxCachedBufferCapacity: 32768
[2015-10-13 14:41:13] [DEBUG] [io.netty.buffer.PooledByteBufAllocator:76]-- -Dio.netty.allocator.cacheTrimInterval: 8192
[2015-10-13 14:41:13] [DEBUG] [io.netty.buffer.ByteBufUtil:76]-- -Dio.netty.allocator.type: pooled
[2015-10-13 14:41:13] [DEBUG] [io.netty.buffer.ByteBufUtil:76]-- -Dio.netty.threadLocalDirectBufferSize: 65536
[2015-10-13 14:41:13] [DEBUG] [io.netty.util.NetUtil:86]-- Loopback interface: lo0 (lo0, 0:0:0:0:0:0:0:1)
[2015-10-13 14:41:13] [DEBUG] [io.netty.util.NetUtil:81]-- /proc/sys/net/core/somaxconn: 128 (non-existent)
[2015-10-13 14:41:13] [INFO ] [io.netty.handler.logging.LoggingHandler:101]-- [id: 0x48eaff7e] REGISTERED
[2015-10-13 14:41:13] [INFO ] [io.netty.handler.logging.LoggingHandler:101]-- [id: 0x48eaff7e] BIND: 0.0.0.0/0.0.0.0:12345
[2015-10-13 14:41:13] [INFO ] [io.netty.handler.logging.LoggingHandler:101]-- [id: 0x48eaff7e, /0:0:0:0:0:0:0:0:12345] ACTIVE
[2015-10-13 15:17:56] [INFO ] [com.avalon.core.AvalonEngine:207]-- /Users/zero/Documents/workspace/ExampleSingleServer
[2015-10-13 15:17:56] [INFO ] [com.avalon.component.ComponentRegistryImpl:70]-- Component add componentcom.avalon.io.netty.NettyServer@67205a84
[2015-10-13 15:17:56] [INFO ] [com.avalon.component.ComponentRegistryImpl:70]-- Component add componentcom.avalon.core.AvalonProxy@2a17b7b6
[2015-10-13 15:17:56] [INFO ] [com.avalon.io.netty.NettyServer:57]-- 初始化Netty 开始
[2015-10-13 15:17:56] [INFO ] [com.avalon.io.netty.NettyServer:89]-- 初始化Netty 线程启动
[2015-10-13 15:17:56] [DEBUG] [io.netty.util.internal.logging.InternalLoggerFactory:71]-- Using SLF4J as the default logging framework
[2015-10-13 15:17:56] [DEBUG] [io.netty.channel.MultithreadEventLoopGroup:76]-- -Dio.netty.eventLoopThreads: 16
[2015-10-13 15:17:56] [DEBUG] [io.netty.util.internal.PlatformDependent0:76]-- java.nio.Buffer.address: available
[2015-10-13 15:17:56] [DEBUG] [io.netty.util.internal.PlatformDependent0:76]-- sun.misc.Unsafe.theUnsafe: available
[2015-10-13 15:17:56] [DEBUG] [io.netty.util.internal.PlatformDependent0:71]-- sun.misc.Unsafe.copyMemory: available
[2015-10-13 15:17:56] [DEBUG] [io.netty.util.internal.PlatformDependent0:76]-- java.nio.Bits.unaligned: true
[2015-10-13 15:17:56] [DEBUG] [io.netty.util.internal.PlatformDependent:76]-- Java version: 8
[2015-10-13 15:17:56] [DEBUG] [io.netty.util.internal.PlatformDependent:76]-- -Dio.netty.noUnsafe: false
[2015-10-13 15:17:56] [DEBUG] [io.netty.util.internal.PlatformDependent:76]-- sun.misc.Unsafe: available
[2015-10-13 15:17:56] [DEBUG] [io.netty.util.internal.PlatformDependent:76]-- -Dio.netty.noJavassist: false
[2015-10-13 15:17:56] [DEBUG] [io.netty.util.internal.PlatformDependent:71]-- Javassist: available
[2015-10-13 15:17:56] [DEBUG] [io.netty.util.internal.PlatformDependent:76]-- -Dio.netty.tmpdir: /var/folders/k1/bfwvf_dd14ggxvb58z56hl6r0000gn/T (java.io.tmpdir)
[2015-10-13 15:17:56] [DEBUG] [io.netty.util.internal.PlatformDependent:76]-- -Dio.netty.bitMode: 64 (sun.arch.data.model)
[2015-10-13 15:17:56] [DEBUG] [io.netty.util.internal.PlatformDependent:76]-- -Dio.netty.noPreferDirect: false
[2015-10-13 15:17:56] [DEBUG] [io.netty.channel.nio.NioEventLoop:76]-- -Dio.netty.noKeySetOptimization: false
[2015-10-13 15:17:56] [DEBUG] [io.netty.channel.nio.NioEventLoop:76]-- -Dio.netty.selectorAutoRebuildThreshold: 512
[2015-10-13 15:17:56] [DEBUG] [io.netty.channel.DefaultChannelId:76]-- -Dio.netty.processId: 1299 (auto-detected)
[2015-10-13 15:17:56] [DEBUG] [io.netty.channel.DefaultChannelId:76]-- -Dio.netty.machineId: 10:40:f3:ff:fe:a9:36:64 (auto-detected)
[2015-10-13 15:17:56] [DEBUG] [io.netty.util.internal.ThreadLocalRandom:71]-- -Dio.netty.initialSeedUniquifier: 0xb7e47e7f0c611ab4 (took 13 ms)
[2015-10-13 15:17:56] [DEBUG] [io.netty.buffer.PooledByteBufAllocator:76]-- -Dio.netty.allocator.numHeapArenas: 8
[2015-10-13 15:17:56] [DEBUG] [io.netty.buffer.PooledByteBufAllocator:76]-- -Dio.netty.allocator.numDirectArenas: 8
[2015-10-13 15:17:56] [DEBUG] [io.netty.buffer.PooledByteBufAllocator:76]-- -Dio.netty.allocator.pageSize: 8192
[2015-10-13 15:17:56] [DEBUG] [io.netty.buffer.PooledByteBufAllocator:76]-- -Dio.netty.allocator.maxOrder: 11
[2015-10-13 15:17:56] [DEBUG] [io.netty.buffer.PooledByteBufAllocator:76]-- -Dio.netty.allocator.chunkSize: 16777216
[2015-10-13 15:17:56] [DEBUG] [io.netty.buffer.PooledByteBufAllocator:76]-- -Dio.netty.allocator.tinyCacheSize: 512
[2015-10-13 15:17:56] [DEBUG] [io.netty.buffer.PooledByteBufAllocator:76]-- -Dio.netty.allocator.smallCacheSize: 256
[2015-10-13 15:17:56] [DEBUG] [io.netty.buffer.PooledByteBufAllocator:76]-- -Dio.netty.allocator.normalCacheSize: 64
[2015-10-13 15:17:56] [DEBUG] [io.netty.buffer.PooledByteBufAllocator:76]-- -Dio.netty.allocator.maxCachedBufferCapacity: 32768
[2015-10-13 15:17:56] [DEBUG] [io.netty.buffer.PooledByteBufAllocator:76]-- -Dio.netty.allocator.cacheTrimInterval: 8192
[2015-10-13 15:17:56] [DEBUG] [io.netty.buffer.ByteBufUtil:76]-- -Dio.netty.allocator.type: pooled
[2015-10-13 15:17:56] [DEBUG] [io.netty.buffer.ByteBufUtil:76]-- -Dio.netty.threadLocalDirectBufferSize: 65536
[2015-10-13 15:17:56] [DEBUG] [io.netty.util.NetUtil:86]-- Loopback interface: lo0 (lo0, 0:0:0:0:0:0:0:1)
[2015-10-13 15:17:56] [DEBUG] [io.netty.util.NetUtil:81]-- /proc/sys/net/core/somaxconn: 128 (non-existent)
[2015-10-13 15:17:56] [INFO ] [io.netty.handler.logging.LoggingHandler:101]-- [id: 0xed75c51c] REGISTERED
[2015-10-13 15:17:56] [INFO ] [io.netty.handler.logging.LoggingHandler:101]-- [id: 0xed75c51c] BIND: 0.0.0.0/0.0.0.0:12345
[2015-10-13 15:17:56] [INFO ] [io.netty.handler.logging.LoggingHandler:101]-- [id: 0xed75c51c, /0:0:0:0:0:0:0:0:12345] ACTIVE
[2015-10-13 15:18:39] [INFO ] [com.avalon.core.AvalonEngine:207]-- /Users/zero/Documents/workspace/ExampleSingleServer
[2015-10-13 15:18:39] [INFO ] [com.avalon.component.ComponentRegistryImpl:70]-- Component add componentcom.avalon.io.netty.NettyServer@67205a84
[2015-10-13 15:18:39] [INFO ] [com.avalon.component.ComponentRegistryImpl:70]-- Component add componentcom.avalon.core.AvalonProxy@2a17b7b6
[2015-10-13 15:18:39] [INFO ] [com.avalon.io.netty.NettyServer:57]-- 初始化Netty 开始
[2015-10-13 15:18:39] [INFO ] [com.avalon.io.netty.NettyServer:89]-- 初始化Netty 线程启动
[2015-10-13 15:18:39] [DEBUG] [io.netty.util.internal.logging.InternalLoggerFactory:71]-- Using SLF4J as the default logging framework
[2015-10-13 15:18:39] [DEBUG] [io.netty.channel.MultithreadEventLoopGroup:76]-- -Dio.netty.eventLoopThreads: 16
[2015-10-13 15:18:39] [DEBUG] [io.netty.util.internal.PlatformDependent0:76]-- java.nio.Buffer.address: available
[2015-10-13 15:18:39] [DEBUG] [io.netty.util.internal.PlatformDependent0:76]-- sun.misc.Unsafe.theUnsafe: available
[2015-10-13 15:18:39] [DEBUG] [io.netty.util.internal.PlatformDependent0:71]-- sun.misc.Unsafe.copyMemory: available
[2015-10-13 15:18:39] [DEBUG] [io.netty.util.internal.PlatformDependent0:76]-- java.nio.Bits.unaligned: true
[2015-10-13 15:18:39] [DEBUG] [io.netty.util.internal.PlatformDependent:76]-- Java version: 8
[2015-10-13 15:18:39] [DEBUG] [io.netty.util.internal.PlatformDependent:76]-- -Dio.netty.noUnsafe: false
[2015-10-13 15:18:39] [DEBUG] [io.netty.util.internal.PlatformDependent:76]-- sun.misc.Unsafe: available
[2015-10-13 15:18:39] [DEBUG] [io.netty.util.internal.PlatformDependent:76]-- -Dio.netty.noJavassist: false
[2015-10-13 15:18:40] [DEBUG] [io.netty.util.internal.PlatformDependent:71]-- Javassist: available
[2015-10-13 15:18:40] [DEBUG] [io.netty.util.internal.PlatformDependent:76]-- -Dio.netty.tmpdir: /var/folders/k1/bfwvf_dd14ggxvb58z56hl6r0000gn/T (java.io.tmpdir)
[2015-10-13 15:18:40] [DEBUG] [io.netty.util.internal.PlatformDependent:76]-- -Dio.netty.bitMode: 64 (sun.arch.data.model)
[2015-10-13 15:18:40] [DEBUG] [io.netty.util.internal.PlatformDependent:76]-- -Dio.netty.noPreferDirect: false
[2015-10-13 15:18:40] [DEBUG] [io.netty.channel.nio.NioEventLoop:76]-- -Dio.netty.noKeySetOptimization: false
[2015-10-13 15:18:40] [DEBUG] [io.netty.channel.nio.NioEventLoop:76]-- -Dio.netty.selectorAutoRebuildThreshold: 512
[2015-10-13 15:18:40] [DEBUG] [io.netty.channel.DefaultChannelId:76]-- -Dio.netty.processId: 1310 (auto-detected)
[2015-10-13 15:18:40] [DEBUG] [io.netty.channel.DefaultChannelId:76]-- -Dio.netty.machineId: 10:40:f3:ff:fe:a9:36:64 (auto-detected)
[2015-10-13 15:18:40] [DEBUG] [io.netty.util.internal.ThreadLocalRandom:71]-- -Dio.netty.initialSeedUniquifier: 0x7b271b8f6a230cee (took 11 ms)
[2015-10-13 15:18:40] [DEBUG] [io.netty.buffer.PooledByteBufAllocator:76]-- -Dio.netty.allocator.numHeapArenas: 8
[2015-10-13 15:18:40] [DEBUG] [io.netty.buffer.PooledByteBufAllocator:76]-- -Dio.netty.allocator.numDirectArenas: 8
[2015-10-13 15:18:40] [DEBUG] [io.netty.buffer.PooledByteBufAllocator:76]-- -Dio.netty.allocator.pageSize: 8192
[2015-10-13 15:18:40] [DEBUG] [io.netty.buffer.PooledByteBufAllocator:76]-- -Dio.netty.allocator.maxOrder: 11
[2015-10-13 15:18:40] [DEBUG] [io.netty.buffer.PooledByteBufAllocator:76]-- -Dio.netty.allocator.chunkSize: 16777216
[2015-10-13 15:18:40] [DEBUG] [io.netty.buffer.PooledByteBufAllocator:76]-- -Dio.netty.allocator.tinyCacheSize: 512
[2015-10-13 15:18:40] [DEBUG] [io.netty.buffer.PooledByteBufAllocator:76]-- -Dio.netty.allocator.smallCacheSize: 256
[2015-10-13 15:18:40] [DEBUG] [io.netty.buffer.PooledByteBufAllocator:76]-- -Dio.netty.allocator.normalCacheSize: 64
[2015-10-13 15:18:40] [DEBUG] [io.netty.buffer.PooledByteBufAllocator:76]-- -Dio.netty.allocator.maxCachedBufferCapacity: 32768
[2015-10-13 15:18:40] [DEBUG] [io.netty.buffer.PooledByteBufAllocator:76]-- -Dio.netty.allocator.cacheTrimInterval: 8192
[2015-10-13 15:18:40] [DEBUG] [io.netty.buffer.ByteBufUtil:76]-- -Dio.netty.allocator.type: pooled
[2015-10-13 15:18:40] [DEBUG] [io.netty.buffer.ByteBufUtil:76]-- -Dio.netty.threadLocalDirectBufferSize: 65536
[2015-10-13 15:18:40] [DEBUG] [io.netty.util.NetUtil:86]-- Loopback interface: lo0 (lo0, 0:0:0:0:0:0:0:1)
[2015-10-13 15:18:40] [DEBUG] [io.netty.util.NetUtil:81]-- /proc/sys/net/core/somaxconn: 128 (non-existent)
[2015-10-13 15:18:40] [INFO ] [io.netty.handler.logging.LoggingHandler:101]-- [id: 0x4550a2fd] REGISTERED
[2015-10-13 15:18:40] [INFO ] [io.netty.handler.logging.LoggingHandler:101]-- [id: 0x4550a2fd] BIND: 0.0.0.0/0.0.0.0:12345
[2015-10-13 15:18:40] [INFO ] [io.netty.handler.logging.LoggingHandler:101]-- [id: 0x4550a2fd, /0:0:0:0:0:0:0:0:12345] ACTIVE
[2015-10-13 16:03:14] [INFO ] [com.avalon.core.AvalonEngine:207]-- /Users/zero/Documents/workspace/ExampleSingleServer
[2015-10-13 16:03:14] [INFO ] [com.avalon.component.ComponentRegistryImpl:70]-- Component add componentcom.avalon.io.netty.NettyServer@67205a84
[2015-10-13 16:03:14] [INFO ] [com.avalon.component.ComponentRegistryImpl:70]-- Component add componentcom.avalon.core.AvalonProxy@2a17b7b6
[2015-10-13 16:03:14] [INFO ] [com.avalon.io.netty.NettyServer:57]-- 初始化Netty 开始
[2015-10-13 16:03:14] [INFO ] [com.avalon.io.netty.NettyServer:89]-- 初始化Netty 线程启动
[2015-10-13 16:03:14] [DEBUG] [io.netty.util.internal.logging.InternalLoggerFactory:71]-- Using SLF4J as the default logging framework
[2015-10-13 16:03:14] [DEBUG] [io.netty.channel.MultithreadEventLoopGroup:76]-- -Dio.netty.eventLoopThreads: 16
[2015-10-13 16:03:15] [DEBUG] [io.netty.util.internal.PlatformDependent0:76]-- java.nio.Buffer.address: available
[2015-10-13 16:03:15] [DEBUG] [io.netty.util.internal.PlatformDependent0:76]-- sun.misc.Unsafe.theUnsafe: available
[2015-10-13 16:03:15] [DEBUG] [io.netty.util.internal.PlatformDependent0:71]-- sun.misc.Unsafe.copyMemory: available
[2015-10-13 16:03:15] [DEBUG] [io.netty.util.internal.PlatformDependent0:76]-- java.nio.Bits.unaligned: true
[2015-10-13 16:03:15] [DEBUG] [io.netty.util.internal.PlatformDependent:76]-- Java version: 8
[2015-10-13 16:03:15] [DEBUG] [io.netty.util.internal.PlatformDependent:76]-- -Dio.netty.noUnsafe: false
[2015-10-13 16:03:15] [DEBUG] [io.netty.util.internal.PlatformDependent:76]-- sun.misc.Unsafe: available
[2015-10-13 16:03:15] [DEBUG] [io.netty.util.internal.PlatformDependent:76]-- -Dio.netty.noJavassist: false
[2015-10-13 16:03:15] [DEBUG] [io.netty.util.internal.PlatformDependent:71]-- Javassist: available
[2015-10-13 16:03:15] [DEBUG] [io.netty.util.internal.PlatformDependent:76]-- -Dio.netty.tmpdir: /var/folders/k1/bfwvf_dd14ggxvb58z56hl6r0000gn/T (java.io.tmpdir)
[2015-10-13 16:03:15] [DEBUG] [io.netty.util.internal.PlatformDependent:76]-- -Dio.netty.bitMode: 64 (sun.arch.data.model)
[2015-10-13 16:03:15] [DEBUG] [io.netty.util.internal.PlatformDependent:76]-- -Dio.netty.noPreferDirect: false
[2015-10-13 16:03:15] [DEBUG] [io.netty.channel.nio.NioEventLoop:76]-- -Dio.netty.noKeySetOptimization: false
[2015-10-13 16:03:15] [DEBUG] [io.netty.channel.nio.NioEventLoop:76]-- -Dio.netty.selectorAutoRebuildThreshold: 512
[2015-10-13 16:03:15] [DEBUG] [io.netty.channel.DefaultChannelId:76]-- -Dio.netty.processId: 1563 (auto-detected)
[2015-10-13 16:03:15] [DEBUG] [io.netty.channel.DefaultChannelId:76]-- -Dio.netty.machineId: 10:40:f3:ff:fe:a9:36:64 (auto-detected)
[2015-10-13 16:03:15] [DEBUG] [io.netty.util.internal.ThreadLocalRandom:71]-- -Dio.netty.initialSeedUniquifier: 0x7dee23be505303d0 (took 11 ms)
[2015-10-13 16:03:15] [DEBUG] [io.netty.buffer.PooledByteBufAllocator:76]-- -Dio.netty.allocator.numHeapArenas: 8
[2015-10-13 16:03:15] [DEBUG] [io.netty.buffer.PooledByteBufAllocator:76]-- -Dio.netty.allocator.numDirectArenas: 8
[2015-10-13 16:03:15] [DEBUG] [io.netty.buffer.PooledByteBufAllocator:76]-- -Dio.netty.allocator.pageSize: 8192
[2015-10-13 16:03:15] [DEBUG] [io.netty.buffer.PooledByteBufAllocator:76]-- -Dio.netty.allocator.maxOrder: 11
[2015-10-13 16:03:15] [DEBUG] [io.netty.buffer.PooledByteBufAllocator:76]-- -Dio.netty.allocator.chunkSize: 16777216
[2015-10-13 16:03:15] [DEBUG] [io.netty.buffer.PooledByteBufAllocator:76]-- -Dio.netty.allocator.tinyCacheSize: 512
[2015-10-13 16:03:15] [DEBUG] [io.netty.buffer.PooledByteBufAllocator:76]-- -Dio.netty.allocator.smallCacheSize: 256
[2015-10-13 16:03:15] [DEBUG] [io.netty.buffer.PooledByteBufAllocator:76]-- -Dio.netty.allocator.normalCacheSize: 64
[2015-10-13 16:03:15] [DEBUG] [io.netty.buffer.PooledByteBufAllocator:76]-- -Dio.netty.allocator.maxCachedBufferCapacity: 32768
[2015-10-13 16:03:15] [DEBUG] [io.netty.buffer.PooledByteBufAllocator:76]-- -Dio.netty.allocator.cacheTrimInterval: 8192
[2015-10-13 16:03:15] [DEBUG] [io.netty.buffer.ByteBufUtil:76]-- -Dio.netty.allocator.type: pooled
[2015-10-13 16:03:15] [DEBUG] [io.netty.buffer.ByteBufUtil:76]-- -Dio.netty.threadLocalDirectBufferSize: 65536
[2015-10-13 16:03:15] [DEBUG] [io.netty.util.NetUtil:86]-- Loopback interface: lo0 (lo0, 0:0:0:0:0:0:0:1)
[2015-10-13 16:03:15] [DEBUG] [io.netty.util.NetUtil:81]-- /proc/sys/net/core/somaxconn: 128 (non-existent)
[2015-10-13 16:03:15] [INFO ] [io.netty.handler.logging.LoggingHandler:101]-- [id: 0x0a6ad492] REGISTERED
[2015-10-13 16:03:15] [INFO ] [io.netty.handler.logging.LoggingHandler:101]-- [id: 0x0a6ad492] BIND: 0.0.0.0/0.0.0.0:12345
[2015-10-13 16:03:15] [INFO ] [io.netty.handler.logging.LoggingHandler:101]-- [id: 0x0a6ad492, /0:0:0:0:0:0:0:0:12345] ACTIVE
[2015-10-13 16:23:57] [INFO ] [com.avalon.core.AvalonEngine:207]-- /Users/zero/Documents/workspace/ExampleSingleServer
[2015-10-13 16:23:57] [INFO ] [com.avalon.component.ComponentRegistryImpl:70]-- Component add componentcom.avalon.io.netty.NettyServer@67205a84
[2015-10-13 16:23:57] [INFO ] [com.avalon.component.ComponentRegistryImpl:70]-- Component add componentcom.avalon.core.AvalonProxy@2a17b7b6
[2015-10-13 16:23:57] [INFO ] [com.avalon.io.netty.NettyServer:57]-- 初始化Netty 开始
[2015-10-13 16:23:57] [INFO ] [com.avalon.io.netty.NettyServer:89]-- 初始化Netty 线程启动
[2015-10-13 16:23:57] [DEBUG] [io.netty.util.internal.logging.InternalLoggerFactory:71]-- Using SLF4J as the default logging framework
[2015-10-13 16:23:57] [DEBUG] [io.netty.channel.MultithreadEventLoopGroup:76]-- -Dio.netty.eventLoopThreads: 16
[2015-10-13 16:23:57] [DEBUG] [io.netty.util.internal.PlatformDependent0:76]-- java.nio.Buffer.address: available
[2015-10-13 16:23:57] [DEBUG] [io.netty.util.internal.PlatformDependent0:76]-- sun.misc.Unsafe.theUnsafe: available
[2015-10-13 16:23:57] [DEBUG] [io.netty.util.internal.PlatformDependent0:71]-- sun.misc.Unsafe.copyMemory: available
[2015-10-13 16:23:57] [DEBUG] [io.netty.util.internal.PlatformDependent0:76]-- java.nio.Bits.unaligned: true
[2015-10-13 16:23:57] [DEBUG] [io.netty.util.internal.PlatformDependent:76]-- Java version: 8
[2015-10-13 16:23:57] [DEBUG] [io.netty.util.internal.PlatformDependent:76]-- -Dio.netty.noUnsafe: false
[2015-10-13 16:23:57] [DEBUG] [io.netty.util.internal.PlatformDependent:76]-- sun.misc.Unsafe: available
[2015-10-13 16:23:57] [DEBUG] [io.netty.util.internal.PlatformDependent:76]-- -Dio.netty.noJavassist: false
[2015-10-13 16:23:58] [DEBUG] [io.netty.util.internal.PlatformDependent:71]-- Javassist: available
[2015-10-13 16:23:58] [DEBUG] [io.netty.util.internal.PlatformDependent:76]-- -Dio.netty.tmpdir: /var/folders/k1/bfwvf_dd14ggxvb58z56hl6r0000gn/T (java.io.tmpdir)
[2015-10-13 16:23:58] [DEBUG] [io.netty.util.internal.PlatformDependent:76]-- -Dio.netty.bitMode: 64 (sun.arch.data.model)
[2015-10-13 16:23:58] [DEBUG] [io.netty.util.internal.PlatformDependent:76]-- -Dio.netty.noPreferDirect: false
[2015-10-13 16:23:58] [DEBUG] [io.netty.channel.nio.NioEventLoop:76]-- -Dio.netty.noKeySetOptimization: false
[2015-10-13 16:23:58] [DEBUG] [io.netty.channel.nio.NioEventLoop:76]-- -Dio.netty.selectorAutoRebuildThreshold: 512
[2015-10-13 16:23:58] [DEBUG] [io.netty.channel.DefaultChannelId:76]-- -Dio.netty.processId: 1601 (auto-detected)
[2015-10-13 16:23:58] [DEBUG] [io.netty.channel.DefaultChannelId:76]-- -Dio.netty.machineId: 10:40:f3:ff:fe:a9:36:64 (auto-detected)
[2015-10-13 16:23:58] [DEBUG] [io.netty.util.internal.ThreadLocalRandom:71]-- -Dio.netty.initialSeedUniquifier: 0xa2ae65d19629782d (took 9 ms)
[2015-10-13 16:23:58] [DEBUG] [io.netty.buffer.PooledByteBufAllocator:76]-- -Dio.netty.allocator.numHeapArenas: 8
[2015-10-13 16:23:58] [DEBUG] [io.netty.buffer.PooledByteBufAllocator:76]-- -Dio.netty.allocator.numDirectArenas: 8
[2015-10-13 16:23:58] [DEBUG] [io.netty.buffer.PooledByteBufAllocator:76]-- -Dio.netty.allocator.pageSize: 8192
[2015-10-13 16:23:58] [DEBUG] [io.netty.buffer.PooledByteBufAllocator:76]-- -Dio.netty.allocator.maxOrder: 11
[2015-10-13 16:23:58] [DEBUG] [io.netty.buffer.PooledByteBufAllocator:76]-- -Dio.netty.allocator.chunkSize: 16777216
[2015-10-13 16:23:58] [DEBUG] [io.netty.buffer.PooledByteBufAllocator:76]-- -Dio.netty.allocator.tinyCacheSize: 512
[2015-10-13 16:23:58] [DEBUG] [io.netty.buffer.PooledByteBufAllocator:76]-- -Dio.netty.allocator.smallCacheSize: 256
[2015-10-13 16:23:58] [DEBUG] [io.netty.buffer.PooledByteBufAllocator:76]-- -Dio.netty.allocator.normalCacheSize: 64
[2015-10-13 16:23:58] [DEBUG] [io.netty.buffer.PooledByteBufAllocator:76]-- -Dio.netty.allocator.maxCachedBufferCapacity: 32768
[2015-10-13 16:23:58] [DEBUG] [io.netty.buffer.PooledByteBufAllocator:76]-- -Dio.netty.allocator.cacheTrimInterval: 8192
[2015-10-13 16:23:58] [DEBUG] [io.netty.buffer.ByteBufUtil:76]-- -Dio.netty.allocator.type: pooled
[2015-10-13 16:23:58] [DEBUG] [io.netty.buffer.ByteBufUtil:76]-- -Dio.netty.threadLocalDirectBufferSize: 65536
[2015-10-13 16:23:58] [DEBUG] [io.netty.util.NetUtil:86]-- Loopback interface: lo0 (lo0, 0:0:0:0:0:0:0:1)
[2015-10-13 16:23:58] [DEBUG] [io.netty.util.NetUtil:81]-- /proc/sys/net/core/somaxconn: 128 (non-existent)
[2015-10-13 16:23:58] [INFO ] [io.netty.handler.logging.LoggingHandler:101]-- [id: 0xce835a16] REGISTERED
[2015-10-13 16:23:58] [INFO ] [io.netty.handler.logging.LoggingHandler:101]-- [id: 0xce835a16] BIND: 0.0.0.0/0.0.0.0:12345
[2015-10-13 16:23:58] [INFO ] [io.netty.handler.logging.LoggingHandler:101]-- [id: 0xce835a16, /0:0:0:0:0:0:0:0:12345] ACTIVE
